2025-05-20 08:13:01,114 [DEBUG  ] RoonArtFrame: Adding libdir to path: /mnt/dietpi_userdata/roon-album-art-display/libs [[<module>]]
2025-05-20 08:13:01,123 [INFO   ] RoonArtFrame: Configuration loaded [[load_config]]
2025-05-20 08:13:01,123 [DEBUG  ] RoonArtFrame: Importing epd13in3E [[<module>]]
2025-05-20 08:13:01,227 [DEBUG  ] RoonArtFrame: Finished importing epd13in3E [[<module>]]
2025-05-20 08:13:01,228 [DEBUG  ] epd13in3E   : EPD init... [[Init]]
2025-05-20 08:13:01,380 [DEBUG  ] epd13in3E   : e-Paper busy H checking at EPD init [[ReadBusyH]]
2025-05-20 08:13:01,381 [DEBUG  ] epd13in3E   : e-Paper busy H released at EPD init [[ReadBusyH]]
2025-05-20 08:13:01,383 [DEBUG  ] RoonArtFrame: Created viewer [[<module>]]
2025-05-20 08:13:01,384 [INFO   ] RoonArtFrame: Starting Roon Album Art Display [[__init__]]
2025-05-20 08:13:01,385 [INFO   ] RoonArtFrame: Allowed zone names: [] [[__init__]]
2025-05-20 08:13:01,385 [INFO   ] RoonArtFrame: Forbidden zone names: [] [[__init__]]
2025-05-20 08:13:01,387 [INFO   ] RoonArtFrame: Token file path: /root/.roon_album_display_token.txt [[__init__]]
2025-05-20 08:13:01,392 [INFO   ] RoonArtFrame: Connecting to Roon before starting display... [[__init__]]
2025-05-20 08:13:01,393 [INFO   ] RoonArtFrame: No existing auth token found, will need to authorize in Roon [[connect_to_roon]]
2025-05-20 08:13:01,393 [INFO   ] RoonArtFrame: No existing auth token found, will need to authorize in Roon [[discover_and_connect]]
2025-05-20 08:13:01,393 [INFO   ] RoonArtFrame: Starting Roon server discovery... [[discover_and_connect]]
2025-05-20 08:13:06,403 [INFO   ] RoonArtFrame: Waiting for Roon servers to be discovered... [[discover_and_connect]]
2025-05-20 08:13:12,413 [INFO   ] RoonArtFrame: Waiting for Roon servers to be discovered... [[discover_and_connect]]
2025-05-20 08:13:18,420 [INFO   ] RoonArtFrame: Waiting for Roon servers to be discovered... [[discover_and_connect]]
2025-05-20 08:13:24,427 [INFO   ] RoonArtFrame: Waiting for Roon servers to be discovered... [[discover_and_connect]]
2025-05-20 08:13:30,435 [INFO   ] RoonArtFrame: Waiting for Roon servers to be discovered... [[discover_and_connect]]
2025-05-20 08:13:36,442 [INFO   ] RoonArtFrame: Waiting for Roon servers to be discovered... [[discover_and_connect]]
2025-05-20 08:13:42,447 [INFO   ] RoonArtFrame: Waiting for Roon servers to be discovered... [[discover_and_connect]]
