2025-05-20 12:17:12,554 [INFO   ] RoonArtFrame: Configuration loaded [[load_config]]
2025-05-20 12:17:12,780 [INFO   ] RoonArtFrame: Starting Roon Album Art Display [[__init__]]
2025-05-20 12:17:12,781 [INFO   ] RoonArtFrame: Allowed zone names: [] [[__init__]]
2025-05-20 12:17:12,782 [INFO   ] RoonArtFrame: Forbidden zone names: [] [[__init__]]
2025-05-20 12:17:12,783 [INFO   ] RoonArtFrame: Token file path: /root/.roon_album_display_token.txt [[__init__]]
2025-05-20 12:17:12,787 [INFO   ] RoonArtFrame: Connecting to Roon before starting display... [[__init__]]
2025-05-20 12:17:12,789 [INFO   ] RoonArtFrame: Found existing auth token [[connect_to_roon]]
2025-05-20 12:17:12,790 [INFO   ] RoonArtFrame: Trying direct connection to saved server at 192.168.1.56:9330 [[connect_to_roon]]
2025-05-20 12:17:12,903 [INFO   ] websocket   : Websocket connected [[info]]
2025-05-20 12:17:12,994 [INFO   ] RoonArtFrame: Successfully connected to saved server! [[connect_to_roon]]
2025-05-20 12:17:12,995 [INFO   ] RoonArtFrame: Registering for state callbacks... [[subscribe_to_events]]
2025-05-20 12:17:12,995 [INFO   ] RoonArtFrame: Registering state callback... [[subscribe_to_events]]
2025-05-20 12:17:12,995 [INFO   ] RoonArtFrame: Successfully registered for state callbacks [[subscribe_to_events]]
2025-05-20 12:17:12,996 [INFO   ] RoonArtFrame: Event loop started [[event_loop]]
2025-05-20 12:17:28,193 [INFO   ] RoonArtFrame: New track detected with image key: dd2e880fcd0ea3e122acfcee1c6806ed [[process_now_playing]]
2025-05-20 12:17:28,193 [INFO   ] RoonArtFrame: Now Playing: Blue Jeans - Lana Del Rey / Daniel Law Heath / Dan Heath - Born To Die [[process_now_playing]]
2025-05-20 12:17:28,194 [INFO   ] RoonArtFrame: Fetching album art from: http://192.168.1.56:9330/api/image/dd2e880fcd0ea3e122acfcee1c6806ed?scale=fit&width=1200&height=1200 [[fetch_and_display_album_art]]
2025-05-20 12:17:30,894 [INFO   ] RoonArtFrame: Successfully saved album art to /mnt/dietpi_userdata/album_art/album_art_dd2e880fcd0ea3e122acfcee1c6806ed.jpg [[fetch_and_display_album_art]]
2025-05-20 12:17:31,030 [INFO   ] RoonArtFrame: Starting sending image to display for Blue Jeans [[display_image]]
2025-05-20 12:17:57,846 [INFO   ] RoonArtFrame: Finished sending image to display for Blue Jeans [[display_image]]
