2025-05-20 14:24:34,002 [DEBUG  ] RoonArtFrame: Adding libdir to path: /mnt/dietpi_userdata/roon-album-art-display/libs [[<module>]]
2025-05-20 14:24:34,011 [INFO   ] RoonArtFrame: Configuration loaded [[load_config]]
2025-05-20 14:24:34,012 [DEBUG  ] RoonArtFrame: Importing epd13in3E [[<module>]]
2025-05-20 14:24:34,110 [DEBUG  ] RoonArtFrame: Finished importing epd13in3E [[<module>]]
2025-05-20 14:24:34,111 [DEBUG  ] epd13in3E   : EPD init... [[Init]]
2025-05-20 14:24:34,263 [DEBUG  ] epd13in3E   : e-Paper busy H checking at EPD init [[ReadBusyH]]
2025-05-20 14:24:34,264 [DEBUG  ] epd13in3E   : e-Paper busy H released at EPD init [[ReadBusyH]]
2025-05-20 14:24:34,267 [DEBUG  ] RoonArtFrame: Created viewer [[<module>]]
2025-05-20 14:24:34,268 [INFO   ] RoonArtFrame: Starting Roon Album Art Display [[__init__]]
2025-05-20 14:24:34,268 [INFO   ] RoonArtFrame: Allowed zone names: ["System Output"] [[__init__]]
2025-05-20 14:24:34,269 [INFO   ] RoonArtFrame: Forbidden zone names: ["comma", "separated", "list of zone names"] [[__init__]]
2025-05-20 14:24:34,271 [INFO   ] RoonArtFrame: Token file path: /root/.roon_album_display_token.txt [[__init__]]
2025-05-20 14:24:34,273 [INFO   ] RoonArtFrame: Connecting to Roon before starting display... [[__init__]]
2025-05-20 14:24:34,274 [INFO   ] RoonArtFrame: Found existing auth token [[connect_to_roon]]
2025-05-20 14:24:34,276 [INFO   ] RoonArtFrame: Trying direct connection to saved server at 192.168.1.56:9330 [[connect_to_roon]]
2025-05-20 14:24:34,295 [INFO   ] websocket   : Websocket connected [[info]]
2025-05-20 14:24:34,383 [INFO   ] RoonArtFrame: Successfully connected to saved server! [[connect_to_roon]]
2025-05-20 14:24:34,384 [DEBUG  ] RoonArtFrame: Zones data: {'1601e4d6660c81a5eed2399191df1a3d21b4': {'zone_id': '1601e4d6660c81a5eed2399191df1a3d21b4', 'display_name': 'System Output', 'outputs': [{'output_id': '1701e4d6660c81a5eed2399191df1a3d21b4', 'zone_id': '1601e4d6660c81a5eed2399191df1a3d21b4', 'can_group_with_output_ids': ['1701e4d6660c81a5eed2399191df1a3d21b4', '1701691e6c42e8d6350d991167d5e7310ebc', '1701d5f349f82317a80e9f61d872074e87db'], 'display_name': 'System Output', 'volume': {'type': 'number', 'min': 0, 'max': 100, 'value': 8, 'step': 1, 'is_muted': False, 'hard_limit_min': 0, 'hard_limit_max': 100, 'soft_limit': 100}, 'source_controls': [{'control_key': '1', 'display_name': 'System Output', 'supports_standby': False, 'status': 'indeterminate'}]}], 'state': 'playing', 'is_next_allowed': True, 'is_previous_allowed': True, 'is_pause_allowed': True, 'is_play_allowed': False, 'is_seek_allowed': True, 'queue_items_remaining': 1, 'queue_time_remaining': 79, 'settings': {'loop': 'disabled', 'shuffle': False, 'auto_radio': True}, 'now_playing': {'seek_position': 134, 'length': 213, 'one_line': {'line1': 'Zombieboy - Lady Gaga'}, 'two_line': {'line1': 'Zombieboy', 'line2': 'Lady Gaga'}, 'three_line': {'line1': 'Zombieboy', 'line2': 'Lady Gaga', 'line3': 'MAYHEM'}, 'image_key': 'f97edc3a0ea1e92d0007ca5f468defa3', 'artist_image_keys': ['a469c108a02e6dd1e95fc42711c678c0']}}, '1601d5f349f82317a80e9f61d872074e87db': {'zone_id': '1601d5f349f82317a80e9f61d872074e87db', 'display_name': 'Simple Audio Listen', 'outputs': [{'output_id': '1701d5f349f82317a80e9f61d872074e87db', 'zone_id': '1601d5f349f82317a80e9f61d872074e87db', 'can_group_with_output_ids': ['1701e4d6660c81a5eed2399191df1a3d21b4', '1701691e6c42e8d6350d991167d5e7310ebc', '1701d5f349f82317a80e9f61d872074e87db'], 'display_name': 'Simple Audio Listen', 'volume': {'type': 'number', 'min': 0, 'max': 100, 'value': 100, 'step': 1, 'is_muted': False, 'hard_limit_min': 0, 'hard_limit_max': 100, 'soft_limit': 100}, 'source_controls': [{'control_key': '1', 'display_name': 'Simple Audio Listen', 'supports_standby': False, 'status': 'indeterminate'}]}], 'state': 'paused', 'is_next_allowed': True, 'is_previous_allowed': True, 'is_pause_allowed': False, 'is_play_allowed': True, 'is_seek_allowed': True, 'queue_items_remaining': 1, 'queue_time_remaining': 256, 'settings': {'loop': 'disabled', 'shuffle': False, 'auto_radio': True}, 'now_playing': {'seek_position': 4, 'length': 260, 'one_line': {'line1': 'Boom Boom - John Lee Hooker / Jimmie Vaughan'}, 'two_line': {'line1': 'Boom Boom', 'line2': 'John Lee Hooker / Jimmie Vaughan'}, 'three_line': {'line1': 'Boom Boom', 'line2': 'John Lee Hooker / Jimmie Vaughan', 'line3': 'The Best Of Friends'}, 'image_key': '944ee689470fe085fc821eec1305157c', 'artist_image_keys': ['0c37cb5d856daa3a74d9928d66c7c53f', '63a11229ab1235924b1bf36d2ef01b47']}}, '1601691e6c42e8d6350d991167d5e7310ebc': {'zone_id': '1601691e6c42e8d6350d991167d5e7310ebc', 'display_name': '284KMB-HDR', 'outputs': [{'output_id': '1701691e6c42e8d6350d991167d5e7310ebc', 'zone_id': '1601691e6c42e8d6350d991167d5e7310ebc', 'can_group_with_output_ids': ['1701e4d6660c81a5eed2399191df1a3d21b4', '1701691e6c42e8d6350d991167d5e7310ebc', '1701d5f349f82317a80e9f61d872074e87db'], 'display_name': '284KMB-HDR', 'volume': {'type': 'number', 'min': 0, 'max': 100, 'value': 100, 'step': 1, 'is_muted': False, 'hard_limit_min': 0, 'hard_limit_max': 100, 'soft_limit': 100}, 'source_controls': [{'control_key': '1', 'display_name': '284KMB-HDR', 'supports_standby': False, 'status': 'indeterminate'}]}], 'state': 'stopped', 'is_next_allowed': True, 'is_previous_allowed': True, 'is_pause_allowed': False, 'is_play_allowed': True, 'is_seek_allowed': False, 'queue_items_remaining': 9, 'queue_time_remaining': 1795, 'settings': {'loop': 'disabled', 'shuffle': False, 'auto_radio': True}, 'now_playing': {'seek_position': None, 'length': 206, 'one_line': {'line1': 'The Thing Is - The Tubs'}, 'two_line': {'line1': 'The Thing Is', 'line2': 'The Tubs'}, 'three_line': {'line1': 'The Thing Is', 'line2': 'The Tubs', 'line3': 'Cotton Crown'}, 'image_key': 'cbffa5cde961c4521aa779c813e057d8'}}} [[connect_to_roon]]
2025-05-20 14:24:34,385 [DEBUG  ] RoonArtFrame: Processing zone 1601e4d6660c81a5eed2399191df1a3d21b4, data keys: dict_keys(['zone_id', 'display_name', 'outputs', 'state', 'is_next_allowed', 'is_previous_allowed', 'is_pause_allowed', 'is_play_allowed', 'is_seek_allowed', 'queue_items_remaining', 'queue_time_remaining', 'settings', 'now_playing']) [[process_zone_data]]
2025-05-20 14:24:34,385 [DEBUG  ] RoonArtFrame: Now playing keys: dict_keys(['seek_position', 'length', 'one_line', 'two_line', 'three_line', 'image_key', 'artist_image_keys']) [[process_now_playing]]
2025-05-20 14:24:34,386 [DEBUG  ] RoonArtFrame: Update contains the same image as is currently displayed [[process_now_playing]]
2025-05-20 14:24:34,386 [INFO   ] RoonArtFrame: Registering for state callbacks... [[subscribe_to_events]]
2025-05-20 14:24:34,387 [INFO   ] RoonArtFrame: Registering state callback... [[subscribe_to_events]]
2025-05-20 14:24:34,387 [INFO   ] RoonArtFrame: Successfully registered for state callbacks [[subscribe_to_events]]
2025-05-20 14:24:34,389 [INFO   ] RoonArtFrame: Event loop started [[event_loop]]
2025-05-20 14:24:49,947 [DEBUG  ] RoonArtFrame: Processing zones_changed event [[zone_event_callback]]
2025-05-20 14:24:49,948 [DEBUG  ] RoonArtFrame: Processing zone 1601e4d6660c81a5eed2399191df1a3d21b4, data keys: dict_keys(['zone_id', 'display_name', 'outputs', 'state', 'is_next_allowed', 'is_previous_allowed', 'is_pause_allowed', 'is_play_allowed', 'is_seek_allowed', 'queue_items_remaining', 'queue_time_remaining', 'settings', 'now_playing', 'seek_position']) [[process_zone_data]]
2025-05-20 14:24:49,949 [DEBUG  ] RoonArtFrame: Now playing keys: dict_keys(['seek_position', 'length', 'one_line', 'two_line', 'three_line', 'image_key', 'artist_image_keys']) [[process_now_playing]]
2025-05-20 14:24:49,950 [INFO   ] RoonArtFrame: New track detected with image key: b484d49befd922ff7e0e17ee25584ce7 [[process_now_playing]]
2025-05-20 14:24:49,950 [INFO   ] RoonArtFrame: Now Playing: River Lea - Adele - 25 [[process_now_playing]]
2025-05-20 14:24:49,953 [INFO   ] RoonArtFrame: Fetching album art from: http://192.168.1.56:9330/api/image/b484d49befd922ff7e0e17ee25584ce7?scale=fit&width=1200&height=1200 [[fetch_and_display_album_art]]
2025-05-20 14:24:49,971 [DEBUG  ] urllib3.connectionpool: Starting new HTTP connection (1): 192.168.1.56:9330 [[_new_conn]]
2025-05-20 14:24:51,189 [DEBUG  ] urllib3.connectionpool: http://192.168.1.56:9330 "GET /api/image/b484d49befd922ff7e0e17ee25584ce7?scale=fit&width=1200&height=1200 HTTP/1.1" 200 387793 [[_make_request]]
2025-05-20 14:24:51,193 [DEBUG  ] RoonArtFrame: Image successfully downloaded [[download_image]]
2025-05-20 14:24:51,626 [INFO   ] RoonArtFrame: Successfully saved album art to /mnt/dietpi_userdata/album_art/album_art_b484d49befd922ff7e0e17ee25584ce7.jpg [[fetch_and_display_album_art]]
2025-05-20 14:24:51,634 [DEBUG  ] RoonArtFrame: Updating viewer [[fetch_and_display_album_art]]
2025-05-20 14:24:51,635 [INFO   ] RoonArtFrame: Setting should_stop for River Lea [[update]]
2025-05-20 14:24:51,635 [DEBUG  ] RoonArtFrame: Starting to process image position [[process_image_position]]
2025-05-20 14:24:51,696 [DEBUG  ] RoonArtFrame: Resizing [[process_image_position]]
2025-05-20 14:24:51,718 [DEBUG  ] RoonArtFrame: Padding [[pad_image_to_size]]
2025-05-20 14:24:51,719 [DEBUG  ] RoonArtFrame: Starting creating new image [[pad_image_to_size]]
2025-05-20 14:24:51,758 [DEBUG  ] RoonArtFrame: Finished creating new image [[pad_image_to_size]]
2025-05-20 14:24:51,759 [DEBUG  ] RoonArtFrame: Starting pasting images together [[pad_image_to_size]]
2025-05-20 14:24:51,767 [DEBUG  ] RoonArtFrame: Finished pasting images together [[pad_image_to_size]]
2025-05-20 14:24:51,768 [DEBUG  ] RoonArtFrame: Checking previous update thread for River Lea [[update]]
2025-05-20 14:24:51,768 [DEBUG  ] RoonArtFrame: Creating new update thread for River Lea [[update]]
2025-05-20 14:24:51,770 [DEBUG  ] RoonArtFrame: Starting sending image to display for River Lea [[display_image]]
2025-05-20 14:24:51,776 [DEBUG  ] RoonArtFrame: Processing zones_changed event [[zone_event_callback]]
2025-05-20 14:24:51,777 [DEBUG  ] RoonArtFrame: Processing zone 1601e4d6660c81a5eed2399191df1a3d21b4, data keys: dict_keys(['zone_id', 'display_name', 'outputs', 'state', 'is_next_allowed', 'is_previous_allowed', 'is_pause_allowed', 'is_play_allowed', 'is_seek_allowed', 'queue_items_remaining', 'queue_time_remaining', 'settings', 'now_playing', 'seek_position']) [[process_zone_data]]
2025-05-20 14:24:51,777 [DEBUG  ] RoonArtFrame: Now playing keys: dict_keys(['seek_position', 'length', 'one_line', 'two_line', 'three_line', 'image_key', 'artist_image_keys']) [[process_now_playing]]
2025-05-20 14:24:51,778 [DEBUG  ] RoonArtFrame: Ignoring duplicate event {'seek_position': None, 'length': 225, 'one_line': {'line1': 'River Lea - Adele'}, 'two_line': {'line1': 'River Lea', 'line2': 'Adele'}, 'three_line': {'line1': 'River Lea', 'line2': 'Adele', 'line3': '25'}, 'image_key': 'b484d49befd922ff7e0e17ee25584ce7', 'artist_image_keys': ['b1793d53e692bd86a65aa1dd88f6dd56']} [[process_now_playing]]
2025-05-20 14:24:54,303 [DEBUG  ] websocket   : Sending ping [[debug]]
2025-05-20 14:24:54,580 [DEBUG  ] epd13in3E   : Sending data 1 for River Lea [[display]]
2025-05-20 14:24:56,885 [DEBUG  ] epd13in3E   : Sending data 2 for River Lea [[display]]
2025-05-20 14:24:58,523 [WARNING] epd13in3E   : POWER IS False [[updateDisplay]]
2025-05-20 14:24:58,523 [DEBUG  ] epd13in3E   : Write power on starting for River Lea [[writePower]]
2025-05-20 14:24:58,523 [DEBUG  ] epd13in3E   : e-Paper busy H checking at [[updateDisplay]] for River Lea [[ReadBusyH]]
2025-05-20 14:24:58,524 [DEBUG  ] epd13in3E   : e-Paper busy H released at [[updateDisplay]] for River Lea [[ReadBusyH]]
2025-05-20 14:24:58,574 [DEBUG  ] epd13in3E   : Write DRF for River Lea [[writeDRF]]
2025-05-20 14:24:58,575 [DEBUG  ] epd13in3E   : e-Paper busy H checking at Write DRF River Lea [[ReadBusyH]]
2025-05-20 14:24:58,575 [DEBUG  ] epd13in3E   : e-Paper busy H released at Write DRF River Lea [[ReadBusyH]]
2025-05-20 14:24:58,575 [DEBUG  ] epd13in3E   : Write power off starting for River Lea [[writePower]]
2025-05-20 14:24:58,576 [DEBUG  ] epd13in3E   : e-Paper busy H checking at [[updateDisplay]] for River Lea [[ReadBusyH]]
2025-05-20 14:24:58,576 [DEBUG  ] epd13in3E   : e-Paper busy H released at [[updateDisplay]] for River Lea [[ReadBusyH]]
2025-05-20 14:24:58,577 [DEBUG  ] epd13in3E   : Write to display complete for River Lea [[updateDisplay]]
2025-05-20 14:24:58,586 [INFO   ] RoonArtFrame: Finished sending image to display for River Lea [[display_image]]
2025-05-20 14:25:04,315 [DEBUG  ] websocket   : Sending ping [[debug]]
