2025-05-20 14:34:46,379 [DEBUG  ] RoonArtFrame: Adding libdir to path: /mnt/dietpi_userdata/roon-album-art-display/libs [[<module>]]
2025-05-20 14:34:46,385 [INFO   ] RoonArtFrame: Configuration loaded [[load_config]]
2025-05-20 14:34:46,386 [DEBUG  ] RoonArtFrame: Importing epd13in3E [[<module>]]
2025-05-20 14:34:46,428 [DEBUG  ] RoonArtFrame: Finished importing epd13in3E [[<module>]]
2025-05-20 14:34:46,429 [INFO   ] epd13in3E   : Setting should_stop False for __init__ [[shouldStop]]
2025-05-20 14:34:46,429 [DEBUG  ] epd13in3E   : EPD init... [[Init]]
2025-05-20 14:34:46,581 [DEBUG  ] epd13in3E   : e-Paper busy H checking at EPD init [[ReadBusyH]]
2025-05-20 14:34:46,582 [DEBUG  ] epd13in3E   : e-Paper busy H released at EPD init [[ReadBusyH]]
2025-05-20 14:34:46,585 [DEBUG  ] RoonArtFrame: Created viewer [[<module>]]
2025-05-20 14:34:46,585 [INFO   ] RoonArtFrame: Starting Roon Album Art Display [[__init__]]
2025-05-20 14:34:46,586 [INFO   ] RoonArtFrame: Allowed zone names: ["System Output"] [[__init__]]
2025-05-20 14:34:46,586 [INFO   ] RoonArtFrame: Forbidden zone names: ["comma", "separated", "list of zone names"] [[__init__]]
2025-05-20 14:34:46,588 [INFO   ] RoonArtFrame: Token file path: /root/.roon_album_display_token.txt [[__init__]]
2025-05-20 14:34:46,589 [INFO   ] RoonArtFrame: Connecting to Roon before starting display... [[__init__]]
2025-05-20 14:34:46,590 [INFO   ] RoonArtFrame: Found existing auth token [[connect_to_roon]]
2025-05-20 14:34:46,591 [INFO   ] RoonArtFrame: Trying direct connection to saved server at 192.168.1.56:9330 [[connect_to_roon]]
2025-05-20 14:34:46,610 [INFO   ] websocket   : Websocket connected [[info]]
2025-05-20 14:34:46,645 [INFO   ] RoonArtFrame: Successfully connected to saved server! [[connect_to_roon]]
2025-05-20 14:34:46,646 [DEBUG  ] RoonArtFrame: Zones data: {'1601e4d6660c81a5eed2399191df1a3d21b4': {'zone_id': '1601e4d6660c81a5eed2399191df1a3d21b4', 'display_name': 'System Output', 'outputs': [{'output_id': '1701e4d6660c81a5eed2399191df1a3d21b4', 'zone_id': '1601e4d6660c81a5eed2399191df1a3d21b4', 'can_group_with_output_ids': ['1701e4d6660c81a5eed2399191df1a3d21b4', '1701691e6c42e8d6350d991167d5e7310ebc', '1701d5f349f82317a80e9f61d872074e87db'], 'display_name': 'System Output', 'volume': {'type': 'number', 'min': 0, 'max': 100, 'value': 8, 'step': 1, 'is_muted': False, 'hard_limit_min': 0, 'hard_limit_max': 100, 'soft_limit': 100}, 'source_controls': [{'control_key': '1', 'display_name': 'System Output', 'supports_standby': False, 'status': 'indeterminate'}]}], 'state': 'playing', 'is_next_allowed': True, 'is_previous_allowed': True, 'is_pause_allowed': True, 'is_play_allowed': False, 'is_seek_allowed': True, 'queue_items_remaining': 1, 'queue_time_remaining': 202, 'settings': {'loop': 'disabled', 'shuffle': False, 'auto_radio': True}, 'now_playing': {'seek_position': 57, 'length': 259, 'one_line': {'line1': 'Photograph - Ed Sheeran'}, 'two_line': {'line1': 'Photograph', 'line2': 'Ed Sheeran'}, 'three_line': {'line1': 'Photograph', 'line2': 'Ed Sheeran', 'line3': 'x (Wembley Edition)'}, 'image_key': '29e14112bdd438e9a7d5167901430042', 'artist_image_keys': ['0ec26619786e2adf02b8c1fa5436c8c5']}}, '1601d5f349f82317a80e9f61d872074e87db': {'zone_id': '1601d5f349f82317a80e9f61d872074e87db', 'display_name': 'Simple Audio Listen', 'outputs': [{'output_id': '1701d5f349f82317a80e9f61d872074e87db', 'zone_id': '1601d5f349f82317a80e9f61d872074e87db', 'can_group_with_output_ids': ['1701e4d6660c81a5eed2399191df1a3d21b4', '1701691e6c42e8d6350d991167d5e7310ebc', '1701d5f349f82317a80e9f61d872074e87db'], 'display_name': 'Simple Audio Listen', 'volume': {'type': 'number', 'min': 0, 'max': 100, 'value': 100, 'step': 1, 'is_muted': False, 'hard_limit_min': 0, 'hard_limit_max': 100, 'soft_limit': 100}, 'source_controls': [{'control_key': '1', 'display_name': 'Simple Audio Listen', 'supports_standby': False, 'status': 'indeterminate'}]}], 'state': 'paused', 'is_next_allowed': True, 'is_previous_allowed': True, 'is_pause_allowed': False, 'is_play_allowed': True, 'is_seek_allowed': True, 'queue_items_remaining': 1, 'queue_time_remaining': 256, 'settings': {'loop': 'disabled', 'shuffle': False, 'auto_radio': True}, 'now_playing': {'seek_position': 4, 'length': 260, 'one_line': {'line1': 'Boom Boom - John Lee Hooker / Jimmie Vaughan'}, 'two_line': {'line1': 'Boom Boom', 'line2': 'John Lee Hooker / Jimmie Vaughan'}, 'three_line': {'line1': 'Boom Boom', 'line2': 'John Lee Hooker / Jimmie Vaughan', 'line3': 'The Best Of Friends'}, 'image_key': '944ee689470fe085fc821eec1305157c', 'artist_image_keys': ['0c37cb5d856daa3a74d9928d66c7c53f', '63a11229ab1235924b1bf36d2ef01b47']}}, '1601691e6c42e8d6350d991167d5e7310ebc': {'zone_id': '1601691e6c42e8d6350d991167d5e7310ebc', 'display_name': '284KMB-HDR', 'outputs': [{'output_id': '1701691e6c42e8d6350d991167d5e7310ebc', 'zone_id': '1601691e6c42e8d6350d991167d5e7310ebc', 'can_group_with_output_ids': ['1701e4d6660c81a5eed2399191df1a3d21b4', '1701691e6c42e8d6350d991167d5e7310ebc', '1701d5f349f82317a80e9f61d872074e87db'], 'display_name': '284KMB-HDR', 'volume': {'type': 'number', 'min': 0, 'max': 100, 'value': 100, 'step': 1, 'is_muted': False, 'hard_limit_min': 0, 'hard_limit_max': 100, 'soft_limit': 100}, 'source_controls': [{'control_key': '1', 'display_name': '284KMB-HDR', 'supports_standby': False, 'status': 'indeterminate'}]}], 'state': 'stopped', 'is_next_allowed': True, 'is_previous_allowed': True, 'is_pause_allowed': False, 'is_play_allowed': True, 'is_seek_allowed': False, 'queue_items_remaining': 9, 'queue_time_remaining': 1795, 'settings': {'loop': 'disabled', 'shuffle': False, 'auto_radio': True}, 'now_playing': {'seek_position': None, 'length': 206, 'one_line': {'line1': 'The Thing Is - The Tubs'}, 'two_line': {'line1': 'The Thing Is', 'line2': 'The Tubs'}, 'three_line': {'line1': 'The Thing Is', 'line2': 'The Tubs', 'line3': 'Cotton Crown'}, 'image_key': 'cbffa5cde961c4521aa779c813e057d8'}}} [[connect_to_roon]]
2025-05-20 14:34:46,646 [DEBUG  ] RoonArtFrame: Processing zone 1601e4d6660c81a5eed2399191df1a3d21b4, data keys: dict_keys(['zone_id', 'display_name', 'outputs', 'state', 'is_next_allowed', 'is_previous_allowed', 'is_pause_allowed', 'is_play_allowed', 'is_seek_allowed', 'queue_items_remaining', 'queue_time_remaining', 'settings', 'now_playing']) [[process_zone_data]]
2025-05-20 14:34:46,647 [DEBUG  ] RoonArtFrame: Now playing keys: dict_keys(['seek_position', 'length', 'one_line', 'two_line', 'three_line', 'image_key', 'artist_image_keys']) [[process_now_playing]]
2025-05-20 14:34:46,647 [DEBUG  ] RoonArtFrame: Update contains the same image as is currently displayed [[process_now_playing]]
2025-05-20 14:34:46,648 [INFO   ] RoonArtFrame: Registering for state callbacks... [[subscribe_to_events]]
2025-05-20 14:34:46,648 [INFO   ] RoonArtFrame: Registering state callback... [[subscribe_to_events]]
2025-05-20 14:34:46,649 [INFO   ] RoonArtFrame: Successfully registered for state callbacks [[subscribe_to_events]]
2025-05-20 14:34:46,650 [INFO   ] RoonArtFrame: Event loop started [[event_loop]]
2025-05-20 14:34:56,772 [DEBUG  ] RoonArtFrame: Processing zones_changed event [[zone_event_callback]]
2025-05-20 14:34:56,772 [DEBUG  ] RoonArtFrame: Processing zone 1601e4d6660c81a5eed2399191df1a3d21b4, data keys: dict_keys(['zone_id', 'display_name', 'outputs', 'state', 'is_next_allowed', 'is_previous_allowed', 'is_pause_allowed', 'is_play_allowed', 'is_seek_allowed', 'queue_items_remaining', 'queue_time_remaining', 'settings', 'now_playing', 'seek_position']) [[process_zone_data]]
2025-05-20 14:34:56,773 [DEBUG  ] RoonArtFrame: Now playing keys: dict_keys(['seek_position', 'length', 'one_line', 'two_line', 'three_line', 'image_key', 'artist_image_keys']) [[process_now_playing]]
2025-05-20 14:34:56,773 [INFO   ] RoonArtFrame: New track detected with image key: 1ef1bebbc55de0e7132121d1d628dfa8 [[process_now_playing]]
2025-05-20 14:34:56,774 [INFO   ] RoonArtFrame: Now Playing: ONE WORLD - Coldplay - Moon Music [[process_now_playing]]
2025-05-20 14:34:56,776 [DEBUG  ] RoonArtFrame: File already exists at /mnt/dietpi_userdata/album_art/album_art_1ef1bebbc55de0e7132121d1d628dfa8.jpg [[fetch_and_display_album_art]]
2025-05-20 14:34:56,779 [DEBUG  ] RoonArtFrame: Updating viewer [[fetch_and_display_album_art]]
2025-05-20 14:34:56,861 [DEBUG  ] RoonArtFrame: Starting to process image position [[process_image_position]]
2025-05-20 14:34:56,999 [DEBUG  ] RoonArtFrame: Resizing [[process_image_position]]
2025-05-20 14:34:57,024 [DEBUG  ] RoonArtFrame: Padding [[pad_image_to_size]]
2025-05-20 14:34:57,025 [DEBUG  ] RoonArtFrame: Starting creating new image [[pad_image_to_size]]
2025-05-20 14:34:57,062 [DEBUG  ] RoonArtFrame: Finished creating new image [[pad_image_to_size]]
2025-05-20 14:34:57,062 [DEBUG  ] RoonArtFrame: Starting pasting images together [[pad_image_to_size]]
2025-05-20 14:34:57,070 [DEBUG  ] RoonArtFrame: Finished pasting images together [[pad_image_to_size]]
2025-05-20 14:34:57,076 [DEBUG  ] RoonArtFrame: Checking previous update thread for ONE WORLD [[update]]
2025-05-20 14:34:57,076 [DEBUG  ] RoonArtFrame: Creating new update thread for ONE WORLD [[update]]
2025-05-20 14:34:57,078 [DEBUG  ] RoonArtFrame: Starting sending image to display for ONE WORLD [[display_image]]
2025-05-20 14:34:57,079 [INFO   ] epd13in3E   : Setting should_stop False for display_image [[shouldStop]]
2025-05-20 14:34:57,329 [DEBUG  ] RoonArtFrame: Processing zones_changed event [[zone_event_callback]]
2025-05-20 14:34:57,330 [DEBUG  ] RoonArtFrame: Processing zone 1601e4d6660c81a5eed2399191df1a3d21b4, data keys: dict_keys(['zone_id', 'display_name', 'outputs', 'state', 'is_next_allowed', 'is_previous_allowed', 'is_pause_allowed', 'is_play_allowed', 'is_seek_allowed', 'queue_items_remaining', 'queue_time_remaining', 'settings', 'now_playing', 'seek_position']) [[process_zone_data]]
2025-05-20 14:34:57,331 [DEBUG  ] RoonArtFrame: Now playing keys: dict_keys(['seek_position', 'length', 'one_line', 'two_line', 'three_line', 'image_key', 'artist_image_keys']) [[process_now_playing]]
2025-05-20 14:34:57,331 [DEBUG  ] RoonArtFrame: Update contains the same image as is currently displayed [[process_now_playing]]
2025-05-20 14:34:59,464 [DEBUG  ] epd13in3E   : Sending data 1 for ONE WORLD [[display]]
2025-05-20 14:35:01,105 [DEBUG  ] epd13in3E   : Sending data 2 for ONE WORLD [[display]]
2025-05-20 14:35:02,747 [WARNING] epd13in3E   : POWER IS False [[updateDisplay]]
2025-05-20 14:35:02,748 [DEBUG  ] epd13in3E   : Write power on starting for ONE WORLD [[writePower]]
2025-05-20 14:35:02,748 [DEBUG  ] epd13in3E   : e-Paper busy H checking at [[updateDisplay]] for ONE WORLD [[ReadBusyH]]
2025-05-20 14:35:02,748 [DEBUG  ] epd13in3E   : e-Paper busy H released at [[updateDisplay]] for ONE WORLD [[ReadBusyH]]
2025-05-20 14:35:02,799 [DEBUG  ] epd13in3E   : Write DRF for ONE WORLD [[writeDRF]]
2025-05-20 14:35:02,799 [DEBUG  ] epd13in3E   : e-Paper busy H checking at Write DRF ONE WORLD [[ReadBusyH]]
2025-05-20 14:35:02,800 [DEBUG  ] epd13in3E   : e-Paper busy H released at Write DRF ONE WORLD [[ReadBusyH]]
2025-05-20 14:35:02,800 [DEBUG  ] epd13in3E   : Write power off starting for ONE WORLD [[writePower]]
2025-05-20 14:35:02,800 [DEBUG  ] epd13in3E   : e-Paper busy H checking at [[updateDisplay]] for ONE WORLD [[ReadBusyH]]
2025-05-20 14:35:02,801 [DEBUG  ] epd13in3E   : e-Paper busy H released at [[updateDisplay]] for ONE WORLD [[ReadBusyH]]
2025-05-20 14:35:02,801 [DEBUG  ] epd13in3E   : Write to display complete for ONE WORLD [[updateDisplay]]
2025-05-20 14:35:02,810 [INFO   ] epd13in3E   : Setting should_stop False for display_image [[shouldStop]]
2025-05-20 14:35:02,811 [INFO   ] RoonArtFrame: Finished sending image to display for ONE WORLD [[display_image]]
2025-05-20 14:35:06,612 [DEBUG  ] websocket   : Sending ping [[debug]]
2025-05-20 14:35:16,614 [DEBUG  ] websocket   : Sending ping [[debug]]
2025-05-20 14:35:26,615 [DEBUG  ] websocket   : Sending ping [[debug]]
