2025-05-20 14:35:48,693 [DEBUG  ] RoonArtFrame: Adding libdir to path: /mnt/dietpi_userdata/roon-album-art-display/libs [[<module>]]
2025-05-20 14:35:48,700 [INFO   ] RoonArtFrame: Configuration loaded [[load_config]]
2025-05-20 14:35:48,700 [DEBUG  ] RoonArtFrame: Importing epd13in3E [[<module>]]
2025-05-20 14:35:48,767 [DEBUG  ] epd13in3E   : Exiting early [[EarlyExit]]
2025-05-20 14:35:48,768 [DEBUG  ] RoonArtFrame: Finished importing epd13in3E [[<module>]]
2025-05-20 14:35:48,770 [DEBUG  ] epd13in3E   : EPD init... [[Init]]
2025-05-20 14:35:48,923 [DEBUG  ] epd13in3E   : e-Paper busy H checking at EPD init [[ReadBusyH]]
2025-05-20 14:35:48,924 [DEBUG  ] epd13in3E   : e-Paper busy H released at EPD init [[ReadBusyH]]
2025-05-20 14:35:48,926 [DEBUG  ] RoonArtFrame: Created viewer [[<module>]]
2025-05-20 14:35:48,928 [INFO   ] RoonArtFrame: Starting Roon Album Art Display [[__init__]]
2025-05-20 14:35:48,929 [INFO   ] RoonArtFrame: Allowed zone names: [] [[__init__]]
2025-05-20 14:35:48,930 [INFO   ] RoonArtFrame: Forbidden zone names: [] [[__init__]]
2025-05-20 14:35:48,931 [INFO   ] RoonArtFrame: Token file path: /root/.roon_album_display_token.txt [[__init__]]
2025-05-20 14:35:48,933 [INFO   ] RoonArtFrame: Connecting to Roon before starting display... [[__init__]]
2025-05-20 14:35:48,934 [INFO   ] RoonArtFrame: No existing auth token found, will need to authorize in Roon [[connect_to_roon]]
2025-05-20 14:35:48,935 [INFO   ] RoonArtFrame: Discovery: no existing auth token found, will need to authorize in Roon [[discover_and_connect]]
2025-05-20 14:35:48,935 [INFO   ] RoonArtFrame: Starting Roon server discovery... [[discover_and_connect]]
2025-05-20 14:35:53,943 [INFO   ] RoonArtFrame: Waiting for Roon servers to be discovered... [[discover_and_connect]]
2025-05-20 14:35:59,948 [INFO   ] RoonArtFrame: Waiting for Roon servers to be discovered... [[discover_and_connect]]
2025-05-20 14:36:05,955 [INFO   ] RoonArtFrame: Waiting for Roon servers to be discovered... [[discover_and_connect]]
2025-05-20 14:36:11,963 [INFO   ] RoonArtFrame: Waiting for Roon servers to be discovered... [[discover_and_connect]]
2025-05-20 14:36:17,970 [INFO   ] RoonArtFrame: Waiting for Roon servers to be discovered... [[discover_and_connect]]
2025-05-20 14:36:23,977 [INFO   ] RoonArtFrame: Waiting for Roon servers to be discovered... [[discover_and_connect]]
2025-05-20 14:36:29,985 [INFO   ] RoonArtFrame: Waiting for Roon servers to be discovered... [[discover_and_connect]]
2025-05-20 14:36:35,992 [INFO   ] RoonArtFrame: Waiting for Roon servers to be discovered... [[discover_and_connect]]
2025-05-20 14:36:41,999 [INFO   ] RoonArtFrame: Waiting for Roon servers to be discovered... [[discover_and_connect]]
2025-05-20 14:36:48,006 [INFO   ] RoonArtFrame: Waiting for Roon servers to be discovered... [[discover_and_connect]]
2025-05-20 14:36:54,014 [INFO   ] RoonArtFrame: Waiting for Roon servers to be discovered... [[discover_and_connect]]
2025-05-20 14:37:00,021 [INFO   ] RoonArtFrame: Waiting for Roon servers to be discovered... [[discover_and_connect]]
2025-05-20 14:37:06,028 [INFO   ] RoonArtFrame: Waiting for Roon servers to be discovered... [[discover_and_connect]]
2025-05-20 14:37:12,035 [INFO   ] RoonArtFrame: Waiting for Roon servers to be discovered... [[discover_and_connect]]
2025-05-20 14:37:18,042 [INFO   ] RoonArtFrame: Waiting for Roon servers to be discovered... [[discover_and_connect]]
2025-05-20 14:37:24,050 [INFO   ] RoonArtFrame: Waiting for Roon servers to be discovered... [[discover_and_connect]]
2025-05-20 14:37:30,057 [INFO   ] RoonArtFrame: Waiting for Roon servers to be discovered... [[discover_and_connect]]
2025-05-20 14:37:36,064 [INFO   ] RoonArtFrame: Waiting for Roon servers to be discovered... [[discover_and_connect]]
2025-05-20 14:37:42,071 [INFO   ] RoonArtFrame: Waiting for Roon servers to be discovered... [[discover_and_connect]]
2025-05-20 14:37:48,078 [INFO   ] RoonArtFrame: Waiting for Roon servers to be discovered... [[discover_and_connect]]
