2025-06-05 22:17:33,774 [DEBUG  ] RoonArtFrame: Adding libdir to path: /mnt/dietpi_userdata/roon-album-art-display/libs [[<module>]]
2025-06-05 22:17:33,782 [INFO   ] RoonArtFrame: Configuration loaded [[load_config]]
2025-06-05 22:17:33,783 [DEBUG  ] RoonArtFrame: Importing epd13in3E [[<module>]]
2025-06-05 22:17:33,878 [DEBUG  ] epd13in3E   : Exiting early [[EarlyExit]]
2025-06-05 22:17:33,879 [DEBUG  ] RoonArtFrame: Finished importing epd13in3E [[<module>]]
2025-06-05 22:17:33,880 [DEBUG  ] epd13in3E   : EPD init... [[Init]]
2025-06-05 22:17:34,032 [DEBUG  ] epd13in3E   : e-Paper busy H checking at EPD init [[ReadBusyH]]
2025-06-05 22:17:34,032 [DEBUG  ] epd13in3E   : e-Paper busy H released at EPD init [[ReadBusyH]]
2025-06-05 22:17:34,034 [DEBUG  ] RoonArtFrame: Created viewer [[<module>]]
2025-06-05 22:17:34,035 [INFO   ] RoonArtFrame: Starting Roon Album Art Display [[__init__]]
2025-06-05 22:17:34,035 [INFO   ] RoonArtFrame: Allowed zone names: ["System Output", "Sonos"] [[__init__]]
2025-06-05 22:17:34,036 [INFO   ] RoonArtFrame: Forbidden zone names: ["comma", "separated", "list of zone names"] [[__init__]]
2025-06-05 22:17:34,037 [INFO   ] RoonArtFrame: Token file path: /root/.roon_album_display_token.txt [[__init__]]
2025-06-05 22:17:34,044 [INFO   ] RoonArtFrame: Connecting to Roon before starting display... [[__init__]]
2025-06-05 22:17:34,045 [INFO   ] RoonArtFrame: Found existing auth token [[connect_to_roon]]
2025-06-05 22:17:34,046 [INFO   ] RoonArtFrame: Trying direct connection to saved server at 192.168.1.128:9330 [[connect_to_roon]]
2025-06-05 22:17:34,068 [INFO   ] websocket   : Websocket connected [[info]]
2025-06-05 22:17:34,151 [INFO   ] RoonArtFrame: Successfully connected to saved server! [[connect_to_roon]]
2025-06-05 22:17:34,153 [DEBUG  ] RoonArtFrame: Zones data: {'1601c3b912966d7fbcea2040b0606bad86ea': {'zone_id': '1601c3b912966d7fbcea2040b0606bad86ea', 'display_name': 'KEF LS50w', 'outputs': [{'output_id': '1701c3b912966d7fbcea2040b0606bad86ea', 'zone_id': '1601c3b912966d7fbcea2040b0606bad86ea', 'can_group_with_output_ids': [], 'display_name': 'KEF LS50w', 'volume': {'type': 'number', 'min': 0, 'max': 100, 'value': 38, 'step': 1, 'is_muted': False, 'hard_limit_min': 0, 'hard_limit_max': 100, 'soft_limit': 100}, 'source_controls': [{'control_key': '1', 'display_name': 'LS50w (LS50 Wireless)', 'supports_standby': False, 'status': 'indeterminate'}]}], 'state': 'paused', 'is_next_allowed': True, 'is_previous_allowed': True, 'is_pause_allowed': False, 'is_play_allowed': True, 'is_seek_allowed': True, 'queue_items_remaining': 12, 'queue_time_remaining': 2235, 'settings': {'loop': 'disabled', 'shuffle': False, 'auto_radio': True}, 'now_playing': {'seek_position': 68, 'length': 180, 'one_line': {'line1': 'R.A.V.E.A.S.A.P - Gardna'}, 'two_line': {'line1': 'R.A.V.E.A.S.A.P', 'line2': 'Gardna'}, 'three_line': {'line1': 'R.A.V.E.A.S.A.P', 'line2': 'Gardna', 'line3': 'Time & Space'}, 'image_key': '464f79cc230e482c8970d116d20b69b1'}}, '1601b2e4dfbef815ffaae4029e67a160485f': {'zone_id': '1601b2e4dfbef815ffaae4029e67a160485f', 'display_name': 'KEF LSX', 'outputs': [{'output_id': '1701b2e4dfbef815ffaae4029e67a160485f', 'zone_id': '1601b2e4dfbef815ffaae4029e67a160485f', 'can_group_with_output_ids': [], 'display_name': 'KEF LSX', 'volume': {'type': 'number', 'min': 0, 'max': 100, 'value': 0, 'step': 1, 'is_muted': False, 'hard_limit_min': 0, 'hard_limit_max': 100, 'soft_limit': 100}, 'source_controls': [{'control_key': '1', 'display_name': 'LSX (KEF LSX)', 'supports_standby': True, 'status': 'indeterminate'}]}], 'state': 'paused', 'is_next_allowed': True, 'is_previous_allowed': True, 'is_pause_allowed': False, 'is_play_allowed': True, 'is_seek_allowed': True, 'queue_items_remaining': 13, 'queue_time_remaining': 3037, 'settings': {'loop': 'disabled', 'shuffle': False, 'auto_radio': False}, 'now_playing': {'seek_position': 49, 'length': 223, 'one_line': {'line1': 'Music Club - Chase & Status'}, 'two_line': {'line1': 'Music Club', 'line2': 'Chase & Status'}, 'three_line': {'line1': 'Music Club', 'line2': 'Chase & Status', 'line3': 'More Than Alot'}, 'image_key': 'ecc5bd6e1373e525f1698d57acabc30f', 'artist_image_keys': ['e9240db784c00d88b4a211e77c5702e9']}}, '160115a2925db2f233703b5ff9cac08b0436': {'zone_id': '160115a2925db2f233703b5ff9cac08b0436', 'display_name': 'Sonos', 'outputs': [{'output_id': '170115a2925db2f233703b5ff9cac08b0436', 'zone_id': '160115a2925db2f233703b5ff9cac08b0436', 'can_group_with_output_ids': ['170115a2925db2f233703b5ff9cac08b0436'], 'display_name': 'Sonos', 'volume': {'type': 'number', 'min': 0, 'max': 100, 'value': 35, 'step': 1, 'is_muted': False, 'hard_limit_min': 0, 'hard_limit_max': 100, 'soft_limit': 100}, 'source_controls': [{'control_key': '1', 'display_name': 'Move 2 (MOVE 2)', 'supports_standby': False, 'status': 'indeterminate'}]}], 'state': 'paused', 'is_next_allowed': True, 'is_previous_allowed': True, 'is_pause_allowed': False, 'is_play_allowed': True, 'is_seek_allowed': True, 'queue_items_remaining': 14, 'queue_time_remaining': 2592, 'settings': {'loop': 'disabled', 'shuffle': False, 'auto_radio': True}, 'now_playing': {'seek_position': 62, 'length': 161, 'one_line': {'line1': 'The Sequel - Gardna'}, 'two_line': {'line1': 'The Sequel', 'line2': 'Gardna'}, 'three_line': {'line1': 'The Sequel', 'line2': 'Gardna', 'line3': 'Time & Space'}, 'image_key': '464f79cc230e482c8970d116d20b69b1'}}, '160191caeb528ff6b5e90ccbb1e03405e1c3': {'zone_id': '160191caeb528ff6b5e90ccbb1e03405e1c3', 'display_name': 'Lounge TV', 'outputs': [{'output_id': '170191caeb528ff6b5e90ccbb1e03405e1c3', 'zone_id': '160191caeb528ff6b5e90ccbb1e03405e1c3', 'can_group_with_output_ids': [], 'display_name': 'Lounge TV', 'source_controls': [{'control_key': '1', 'display_name': 'Chromecast', 'supports_standby': False, 'status': 'indeterminate'}]}], 'state': 'paused', 'is_next_allowed': True, 'is_previous_allowed': True, 'is_pause_allowed': False, 'is_play_allowed': True, 'is_seek_allowed': True, 'queue_items_remaining': 1, 'queue_time_remaining': 297, 'settings': {'loop': 'disabled', 'shuffle': False, 'auto_radio': True}, 'now_playing': {'seek_position': 19, 'length': 316, 'one_line': {'line1': 'All Res - GoGo Penguin / Chris Illingworth / Rob Turner / Nick Blacka'}, 'two_line': {'line1': 'All Res', 'line2': 'GoGo Penguin / Chris Illingworth / Rob Turner / Nick Blacka'}, 'three_line': {'line1': 'All Res', 'line2': 'GoGo Penguin / Chris Illingworth / Rob Turner / Nick Blacka', 'line3': 'Man Made Object'}, 'image_key': 'da12b82b702a5af394f6a7f9d3c1d167', 'artist_image_keys': ['1ac0bae118fc596866807ecc74ae1f20']}}, '1601c4b6e5ab95fe9dcb8fcdddab3e4bfbf5': {'zone_id': '1601c4b6e5ab95fe9dcb8fcdddab3e4bfbf5', 'display_name': 'Kitchen', 'outputs': [{'output_id': '1701c4b6e5ab95fe9dcb8fcdddab3e4bfbf5', 'zone_id': '1601c4b6e5ab95fe9dcb8fcdddab3e4bfbf5', 'can_group_with_output_ids': [], 'display_name': 'Kitchen', 'volume': {'type': 'number', 'min': 0, 'max': 100, 'value': 34, 'step': 1, 'is_muted': False, 'hard_limit_min': 0, 'hard_limit_max': 100, 'soft_limit': 100}, 'source_controls': [{'control_key': '1', 'display_name': 'Google Cast Group', 'supports_standby': False, 'status': 'indeterminate'}]}], 'state': 'paused', 'is_next_allowed': True, 'is_previous_allowed': True, 'is_pause_allowed': False, 'is_play_allowed': True, 'is_seek_allowed': True, 'queue_items_remaining': 21, 'queue_time_remaining': 4311, 'settings': {'loop': 'disabled', 'shuffle': False, 'auto_radio': True}, 'now_playing': {'seek_position': 1, 'length': 173, 'one_line': {'line1': 'Dumpweed (Live/1999) - blink‐182'}, 'two_line': {'line1': 'Dumpweed (Live/1999)', 'line2': 'blink‐182'}, 'three_line': {'line1': 'Dumpweed (Live/1999)', 'line2': 'blink‐182', 'line3': 'The Mark, Tom And Travis Show (The Enema Strikes Back!) (Live)'}, 'image_key': 'b674ca84de94370c52deb513d489c172', 'artist_image_keys': ['def319bd475447a51a346ca3e76d208b']}}, '1601881aa39791e74e829de6dc08a755e364': {'zone_id': '1601881aa39791e74e829de6dc08a755e364', 'display_name': 'Dining Room', 'outputs': [{'output_id': '1701881aa39791e74e829de6dc08a755e364', 'zone_id': '1601881aa39791e74e829de6dc08a755e364', 'can_group_with_output_ids': [], 'display_name': 'Dining Room', 'volume': {'type': 'number', 'min': 0, 'max': 100, 'value': 40, 'step': 1, 'is_muted': False, 'hard_limit_min': 0, 'hard_limit_max': 100, 'soft_limit': 100}, 'source_controls': [{'control_key': '1', 'display_name': 'C4A', 'supports_standby': False, 'status': 'indeterminate'}]}], 'state': 'paused', 'is_next_allowed': True, 'is_previous_allowed': True, 'is_pause_allowed': False, 'is_play_allowed': True, 'is_seek_allowed': True, 'queue_items_remaining': 6, 'queue_time_remaining': 2055, 'settings': {'loop': 'loop', 'shuffle': False, 'auto_radio': True}, 'now_playing': {'seek_position': 3, 'length': 233, 'one_line': {'line1': 'METEORA (feat. Max the Sax) - '}, 'two_line': {'line1': 'METEORA (feat. Max the Sax)', 'line2': ''}, 'three_line': {'line1': 'METEORA (feat. Max the Sax)', 'line2': '', 'line3': 'METEORA (feat. Max the Sax)'}, 'image_key': '3d3fd9dbc3466b9aaf8b38cfb90aefa4'}}, '1601bb5695ac608cd06dfba1a573f86dbaa2': {'zone_id': '1601bb5695ac608cd06dfba1a573f86dbaa2', 'display_name': 'Kitchen', 'outputs': [{'output_id': '1701bb5695ac608cd06dfba1a573f86dbaa2', 'zone_id': '1601bb5695ac608cd06dfba1a573f86dbaa2', 'can_group_with_output_ids': [], 'display_name': 'Kitchen', 'volume': {'type': 'number', 'min': 0, 'max': 100, 'value': 34, 'step': 1, 'is_muted': False, 'hard_limit_min': 0, 'hard_limit_max': 100, 'soft_limit': 100}, 'source_controls': [{'control_key': '1', 'display_name': 'Google Cast Group', 'supports_standby': False, 'status': 'indeterminate'}]}], 'state': 'paused', 'is_next_allowed': True, 'is_previous_allowed': True, 'is_pause_allowed': False, 'is_play_allowed': True, 'is_seek_allowed': True, 'queue_items_remaining': 2, 'queue_time_remaining': 275, 'settings': {'loop': 'disabled', 'shuffle': False, 'auto_radio': True}, 'now_playing': {'seek_position': 177, 'length': 245, 'one_line': {'line1': 'Landmark - Poldoore'}, 'two_line': {'line1': 'Landmark', 'line2': 'Poldoore'}, 'three_line': {'line1': 'Landmark', 'line2': 'Poldoore', 'line3': 'Chroma Dream'}, 'image_key': '296f2f7e54bf2c3507eb61ab8fdace63', 'artist_image_keys': ['167950ff1cad19b50fb1cab00bcafbae']}}, '1601865576b5c22c4057aa6a8bb7285e5972': {'zone_id': '1601865576b5c22c4057aa6a8bb7285e5972', 'display_name': 'PC', 'outputs': [{'output_id': '1701865576b5c22c4057aa6a8bb7285e5972', 'zone_id': '1601865576b5c22c4057aa6a8bb7285e5972', 'can_group_with_output_ids': ['1701865576b5c22c4057aa6a8bb7285e5972'], 'display_name': 'PC', 'volume': {'type': 'number', 'min': 0, 'max': 100, 'value': 100, 'step': 1, 'is_muted': False, 'hard_limit_min': 0, 'hard_limit_max': 100, 'soft_limit': 100}, 'source_controls': [{'control_key': '1', 'display_name': 'System Output', 'supports_standby': False, 'status': 'indeterminate'}]}], 'state': 'paused', 'is_next_allowed': True, 'is_previous_allowed': True, 'is_pause_allowed': False, 'is_play_allowed': True, 'is_seek_allowed': True, 'queue_items_remaining': 1, 'queue_time_remaining': 173, 'settings': {'loop': 'disabled', 'shuffle': False, 'auto_radio': True}, 'now_playing': {'seek_position': 15, 'length': 188, 'one_line': {'line1': 'CASTLE RAVE - PERCEVAL'}, 'two_line': {'line1': 'CASTLE RAVE', 'line2': 'PERCEVAL'}, 'three_line': {'line1': 'CASTLE RAVE', 'line2': 'PERCEVAL', 'line3': 'CASTLE RAVE'}, 'image_key': '8ba17a242cb0702ad12d152d84c9184c'}}} [[connect_to_roon]]
2025-06-05 22:17:34,154 [DEBUG  ] RoonArtFrame: Processing zone 1601c3b912966d7fbcea2040b0606bad86ea, data keys: dict_keys(['zone_id', 'display_name', 'outputs', 'state', 'is_next_allowed', 'is_previous_allowed', 'is_pause_allowed', 'is_play_allowed', 'is_seek_allowed', 'queue_items_remaining', 'queue_time_remaining', 'settings', 'now_playing']) [[process_zone_data]]
2025-06-05 22:17:34,154 [DEBUG  ] RoonArtFrame: Received event from zone KEF LS50w but it is not in the allowed list [[process_zone_data]]
2025-06-05 22:17:34,155 [DEBUG  ] RoonArtFrame: Processing zone 1601b2e4dfbef815ffaae4029e67a160485f, data keys: dict_keys(['zone_id', 'display_name', 'outputs', 'state', 'is_next_allowed', 'is_previous_allowed', 'is_pause_allowed', 'is_play_allowed', 'is_seek_allowed', 'queue_items_remaining', 'queue_time_remaining', 'settings', 'now_playing']) [[process_zone_data]]
2025-06-05 22:17:34,155 [DEBUG  ] RoonArtFrame: Received event from zone KEF LSX but it is not in the allowed list [[process_zone_data]]
2025-06-05 22:17:34,155 [DEBUG  ] RoonArtFrame: Processing zone 160115a2925db2f233703b5ff9cac08b0436, data keys: dict_keys(['zone_id', 'display_name', 'outputs', 'state', 'is_next_allowed', 'is_previous_allowed', 'is_pause_allowed', 'is_play_allowed', 'is_seek_allowed', 'queue_items_remaining', 'queue_time_remaining', 'settings', 'now_playing']) [[process_zone_data]]
2025-06-05 22:17:34,156 [DEBUG  ] RoonArtFrame: Now playing keys: dict_keys(['seek_position', 'length', 'one_line', 'two_line', 'three_line', 'image_key']) [[process_now_playing]]
2025-06-05 22:17:34,156 [INFO   ] RoonArtFrame: New track detected with image key: 464f79cc230e482c8970d116d20b69b1 [[process_now_playing]]
2025-06-05 22:17:34,156 [INFO   ] RoonArtFrame: Now Playing: The Sequel - Gardna - Time & Space [[process_now_playing]]
2025-06-05 22:17:34,158 [INFO   ] RoonArtFrame: Fetching album art from: http://192.168.1.128:9330/api/image/464f79cc230e482c8970d116d20b69b1?scale=fit&width=1200&height=1200 [[fetch_and_display_album_art]]
2025-06-05 22:17:34,181 [DEBUG  ] urllib3.connectionpool: Starting new HTTP connection (1): 192.168.1.128:9330 [[_new_conn]]
2025-06-08 09:59:59,326 [DEBUG  ] urllib3.connectionpool: http://192.168.1.128:9330 "GET /api/image/464f79cc230e482c8970d116d20b69b1?scale=fit&width=1200&height=1200 HTTP/1.1" 200 278045 [[_make_request]]
2025-06-08 09:59:59,328 [DEBUG  ] RoonArtFrame: Image successfully downloaded [[download_image]]
2025-06-08 09:59:59,727 [INFO   ] RoonArtFrame: Successfully saved album art to /mnt/dietpi_userdata/album_art/album_art_464f79cc230e482c8970d116d20b69b1.jpg [[fetch_and_display_album_art]]
2025-06-08 09:59:59,727 [DEBUG  ] RoonArtFrame: Updating viewer [[fetch_and_display_album_art]]
2025-06-08 09:59:59,728 [DEBUG  ] RoonArtFrame: Starting to process image position [[process_image_position]]
2025-06-08 09:59:59,783 [DEBUG  ] RoonArtFrame: Resizing [[process_image_position]]
2025-06-08 09:59:59,803 [DEBUG  ] RoonArtFrame: Padding [[pad_image_to_size]]
2025-06-08 09:59:59,804 [DEBUG  ] RoonArtFrame: Starting creating new image [[pad_image_to_size]]
2025-06-08 09:59:59,836 [DEBUG  ] RoonArtFrame: Finished creating new image [[pad_image_to_size]]
2025-06-08 09:59:59,837 [DEBUG  ] RoonArtFrame: Starting pasting images together [[pad_image_to_size]]
2025-06-08 09:59:59,844 [DEBUG  ] RoonArtFrame: Finished pasting images together [[pad_image_to_size]]
2025-06-08 09:59:59,848 [DEBUG  ] RoonArtFrame: Checking previous update thread for The Sequel [[update]]
2025-06-08 09:59:59,849 [DEBUG  ] RoonArtFrame: Creating new update thread for The Sequel [[update]]
2025-06-08 09:59:59,850 [DEBUG  ] RoonArtFrame: Starting sending image to display for The Sequel [[display_image]]
2025-06-08 09:59:59,854 [INFO   ] RoonArtFrame: Registering for state callbacks... [[subscribe_to_events]]
2025-06-08 09:59:59,855 [INFO   ] RoonArtFrame: Registering state callback... [[subscribe_to_events]]
2025-06-08 09:59:59,856 [INFO   ] RoonArtFrame: Successfully registered for state callbacks [[subscribe_to_events]]
2025-06-08 09:59:59,858 [INFO   ] RoonArtFrame: Event loop started [[event_loop]]
2025-06-08 10:00:01,800 [DEBUG  ] epd13in3E   : e-Paper busy H checking at Starting [[display_image]] The Sequel [[ReadBusyH]]
2025-06-08 10:00:01,801 [DEBUG  ] epd13in3E   : e-Paper busy H released at Starting [[display_image]] The Sequel [[ReadBusyH]]
2025-06-08 10:00:01,801 [DEBUG  ] epd13in3E   : Sending data 1 for The Sequel [[display]]
2025-06-08 10:00:03,441 [DEBUG  ] epd13in3E   : Sending data 2 for The Sequel [[display]]
2025-06-08 10:00:05,190 [DEBUG  ] epd13in3E   : POWER ON = False [[updateDisplay]]
2025-06-08 10:00:05,191 [DEBUG  ] epd13in3E   : Write power on starting for The Sequel [[writePower]]
2025-06-08 10:00:05,191 [DEBUG  ] epd13in3E   : e-Paper busy H checking at [[updateDisplay]] for The Sequel [[ReadBusyH]]
2025-06-08 10:00:05,192 [DEBUG  ] epd13in3E   : e-Paper busy H released at [[updateDisplay]] for The Sequel [[ReadBusyH]]
2025-06-08 10:00:05,242 [DEBUG  ] epd13in3E   : Write DRF for The Sequel [[writeDRF]]
2025-06-08 10:00:05,243 [DEBUG  ] epd13in3E   : e-Paper busy H checking at Write DRF The Sequel [[ReadBusyH]]
2025-06-08 10:00:05,243 [DEBUG  ] epd13in3E   : e-Paper busy H released at Write DRF The Sequel [[ReadBusyH]]
2025-06-08 10:00:05,243 [DEBUG  ] epd13in3E   : Write power off starting for The Sequel [[writePower]]
2025-06-08 10:00:05,244 [DEBUG  ] epd13in3E   : e-Paper busy H checking at [[updateDisplay]] for The Sequel [[ReadBusyH]]
2025-06-08 10:00:05,244 [DEBUG  ] epd13in3E   : e-Paper busy H released at [[updateDisplay]] for The Sequel [[ReadBusyH]]
2025-06-08 10:00:05,244 [DEBUG  ] epd13in3E   : Write to display complete for The Sequel [[updateDisplay]]
2025-06-08 10:00:05,253 [INFO   ] RoonArtFrame: Finished sending image to display for The Sequel [[display_image]]
2025-06-08 10:00:18,215 [DEBUG  ] websocket   : Sending ping [[debug]]
2025-06-08 10:00:25,755 [DEBUG  ] RoonArtFrame: Processing zones_changed event [[zone_event_callback]]
2025-06-08 10:00:25,756 [DEBUG  ] RoonArtFrame: Processing zone 16019268b080cc971aa1ab2ff76c1a3ebbe1, data keys: dict_keys(['zone_id', 'display_name', 'outputs', 'state', 'is_next_allowed', 'is_previous_allowed', 'is_pause_allowed', 'is_play_allowed', 'is_seek_allowed', 'queue_items_remaining', 'queue_time_remaining', 'settings']) [[process_zone_data]]
2025-06-08 10:00:25,757 [DEBUG  ] RoonArtFrame: Received event from zone Fold but it is not in the allowed list [[process_zone_data]]
2025-06-08 10:00:28,216 [DEBUG  ] websocket   : Sending ping [[debug]]
2025-06-08 10:00:30,296 [DEBUG  ] RoonArtFrame: Processing zones_changed event [[zone_event_callback]]
2025-06-08 10:00:30,296 [DEBUG  ] RoonArtFrame: Processing zone 160115a2925db2f233703b5ff9cac08b0436, data keys: dict_keys(['zone_id', 'display_name', 'outputs', 'state', 'is_next_allowed', 'is_previous_allowed', 'is_pause_allowed', 'is_play_allowed', 'is_seek_allowed', 'queue_items_remaining', 'queue_time_remaining', 'settings', 'now_playing', 'seek_position']) [[process_zone_data]]
2025-06-08 10:00:30,296 [DEBUG  ] RoonArtFrame: Now playing keys: dict_keys(['seek_position', 'length', 'one_line', 'two_line', 'three_line', 'image_key']) [[process_now_playing]]
2025-06-08 10:00:30,297 [INFO   ] RoonArtFrame: New track detected with image key: db4a3dbafe7f469deeae9ba5d9cf3974 [[process_now_playing]]
2025-06-08 10:00:30,297 [INFO   ] RoonArtFrame: Now Playing: Time to Move (Intro) - Gardna - Time To Move [[process_now_playing]]
2025-06-08 10:00:30,298 [INFO   ] RoonArtFrame: Fetching album art from: http://192.168.1.128:9330/api/image/db4a3dbafe7f469deeae9ba5d9cf3974?scale=fit&width=1200&height=1200 [[fetch_and_display_album_art]]
2025-06-08 10:00:30,305 [DEBUG  ] urllib3.connectionpool: Starting new HTTP connection (1): 192.168.1.128:9330 [[_new_conn]]
2025-06-08 10:00:31,082 [DEBUG  ] urllib3.connectionpool: http://192.168.1.128:9330 "GET /api/image/db4a3dbafe7f469deeae9ba5d9cf3974?scale=fit&width=1200&height=1200 HTTP/1.1" 200 534656 [[_make_request]]
2025-06-08 10:00:31,084 [DEBUG  ] RoonArtFrame: Image successfully downloaded [[download_image]]
2025-06-08 10:00:32,371 [INFO   ] RoonArtFrame: Successfully saved album art to /mnt/dietpi_userdata/album_art/album_art_db4a3dbafe7f469deeae9ba5d9cf3974.jpg [[fetch_and_display_album_art]]
2025-06-08 10:00:32,371 [DEBUG  ] RoonArtFrame: Updating viewer [[fetch_and_display_album_art]]
2025-06-08 10:00:32,372 [INFO   ] RoonArtFrame: Setting should_stop triggered by Time to Move (Intro) [[update]]
2025-06-08 10:00:32,372 [DEBUG  ] RoonArtFrame: Starting to process image position [[process_image_position]]
2025-06-08 10:00:32,405 [DEBUG  ] RoonArtFrame: Resizing [[process_image_position]]
2025-06-08 10:00:32,420 [DEBUG  ] RoonArtFrame: Padding [[pad_image_to_size]]
2025-06-08 10:00:32,421 [DEBUG  ] RoonArtFrame: Starting creating new image [[pad_image_to_size]]
2025-06-08 10:00:32,442 [DEBUG  ] RoonArtFrame: Finished creating new image [[pad_image_to_size]]
2025-06-08 10:00:32,443 [DEBUG  ] RoonArtFrame: Starting pasting images together [[pad_image_to_size]]
2025-06-08 10:00:32,448 [DEBUG  ] RoonArtFrame: Finished pasting images together [[pad_image_to_size]]
2025-06-08 10:00:32,449 [DEBUG  ] RoonArtFrame: Checking previous update thread for Time to Move (Intro) [[update]]
2025-06-08 10:00:32,449 [DEBUG  ] RoonArtFrame: Creating new update thread for Time to Move (Intro) [[update]]
2025-06-08 10:00:32,450 [DEBUG  ] RoonArtFrame: Starting sending image to display for Time to Move (Intro) [[display_image]]
2025-06-08 10:00:32,452 [DEBUG  ] RoonArtFrame: Processing zones_changed event [[zone_event_callback]]
2025-06-08 10:00:32,452 [DEBUG  ] RoonArtFrame: Processing zone 160115a2925db2f233703b5ff9cac08b0436, data keys: dict_keys(['zone_id', 'display_name', 'outputs', 'state', 'is_next_allowed', 'is_previous_allowed', 'is_pause_allowed', 'is_play_allowed', 'is_seek_allowed', 'queue_items_remaining', 'queue_time_remaining', 'settings', 'now_playing', 'seek_position']) [[process_zone_data]]
2025-06-08 10:00:32,453 [DEBUG  ] RoonArtFrame: Now playing keys: dict_keys(['seek_position', 'length', 'one_line', 'two_line', 'three_line', 'image_key']) [[process_now_playing]]
2025-06-08 10:00:32,454 [DEBUG  ] RoonArtFrame: Ignoring duplicate event {'seek_position': None, 'length': 52, 'one_line': {'line1': 'Time to Move (Intro) - Gardna'}, 'two_line': {'line1': 'Time to Move (Intro)', 'line2': 'Gardna'}, 'three_line': {'line1': 'Time to Move (Intro)', 'line2': 'Gardna', 'line3': 'Time To Move'}, 'image_key': 'db4a3dbafe7f469deeae9ba5d9cf3974'} [[process_now_playing]]
2025-06-08 10:00:34,079 [DEBUG  ] epd13in3E   : e-Paper busy H checking at Starting [[display_image]] Time to Move (Intro) [[ReadBusyH]]
2025-06-08 10:00:34,079 [DEBUG  ] epd13in3E   : e-Paper busy H released at Starting [[display_image]] Time to Move (Intro) [[ReadBusyH]]
2025-06-08 10:00:34,079 [DEBUG  ] epd13in3E   : Sending data 1 for Time to Move (Intro) [[display]]
2025-06-08 10:00:34,080 [INFO   ] epd13in3E   : Returning early from [[display]] due to should_stop for 1 Time to Move (Intro) [[returnFunc]]
2025-06-08 10:00:34,092 [INFO   ] RoonArtFrame: Finished sending image to display for Time to Move (Intro) [[display_image]]
2025-06-08 10:00:38,218 [DEBUG  ] websocket   : Sending ping [[debug]]
2025-06-08 10:00:40,125 [DEBUG  ] RoonArtFrame: Processing zones_changed event [[zone_event_callback]]
2025-06-08 10:00:40,126 [DEBUG  ] RoonArtFrame: Processing zone 160115a2925db2f233703b5ff9cac08b0436, data keys: dict_keys(['zone_id', 'display_name', 'outputs', 'state', 'is_next_allowed', 'is_previous_allowed', 'is_pause_allowed', 'is_play_allowed', 'is_seek_allowed', 'queue_items_remaining', 'queue_time_remaining', 'settings', 'now_playing', 'seek_position']) [[process_zone_data]]
2025-06-08 10:00:40,127 [DEBUG  ] RoonArtFrame: Now playing keys: dict_keys(['seek_position', 'length', 'one_line', 'two_line', 'three_line', 'image_key']) [[process_now_playing]]
2025-06-08 10:00:40,127 [DEBUG  ] RoonArtFrame: Update contains the same image as is currently displayed [[process_now_playing]]
2025-06-08 10:00:40,663 [DEBUG  ] RoonArtFrame: Processing zones_changed event [[zone_event_callback]]
2025-06-08 10:00:40,663 [DEBUG  ] RoonArtFrame: Processing zone 160115a2925db2f233703b5ff9cac08b0436, data keys: dict_keys(['zone_id', 'display_name', 'outputs', 'state', 'is_next_allowed', 'is_previous_allowed', 'is_pause_allowed', 'is_play_allowed', 'is_seek_allowed', 'queue_items_remaining', 'queue_time_remaining', 'settings', 'now_playing', 'seek_position']) [[process_zone_data]]
2025-06-08 10:00:40,664 [DEBUG  ] RoonArtFrame: Now playing keys: dict_keys(['seek_position', 'length', 'one_line', 'two_line', 'three_line', 'image_key']) [[process_now_playing]]
2025-06-08 10:00:40,664 [DEBUG  ] RoonArtFrame: Update contains the same image as is currently displayed [[process_now_playing]]
2025-06-08 10:00:41,125 [DEBUG  ] RoonArtFrame: Processing zones_changed event [[zone_event_callback]]
2025-06-08 10:00:41,126 [DEBUG  ] RoonArtFrame: Processing zone 160115a2925db2f233703b5ff9cac08b0436, data keys: dict_keys(['zone_id', 'display_name', 'outputs', 'state', 'is_next_allowed', 'is_previous_allowed', 'is_pause_allowed', 'is_play_allowed', 'is_seek_allowed', 'queue_items_remaining', 'queue_time_remaining', 'settings', 'now_playing', 'seek_position']) [[process_zone_data]]
2025-06-08 10:00:41,126 [DEBUG  ] RoonArtFrame: Now playing keys: dict_keys(['seek_position', 'length', 'one_line', 'two_line', 'three_line', 'image_key']) [[process_now_playing]]
2025-06-08 10:00:41,126 [DEBUG  ] RoonArtFrame: Ignoring duplicate event {'seek_position': 9, 'length': 52, 'one_line': {'line1': 'Time to Move (Intro) - Gardna'}, 'two_line': {'line1': 'Time to Move (Intro)', 'line2': 'Gardna'}, 'three_line': {'line1': 'Time to Move (Intro)', 'line2': 'Gardna', 'line3': 'Time To Move'}, 'image_key': 'db4a3dbafe7f469deeae9ba5d9cf3974'} [[process_now_playing]]
2025-06-08 10:00:41,661 [DEBUG  ] RoonArtFrame: Processing zones_changed event [[zone_event_callback]]
2025-06-08 10:00:41,661 [DEBUG  ] RoonArtFrame: Processing zone 160115a2925db2f233703b5ff9cac08b0436, data keys: dict_keys(['zone_id', 'display_name', 'outputs', 'state', 'is_next_allowed', 'is_previous_allowed', 'is_pause_allowed', 'is_play_allowed', 'is_seek_allowed', 'queue_items_remaining', 'queue_time_remaining', 'settings', 'now_playing', 'seek_position']) [[process_zone_data]]
2025-06-08 10:00:41,662 [DEBUG  ] RoonArtFrame: Now playing keys: dict_keys(['seek_position', 'length', 'one_line', 'two_line', 'three_line', 'image_key']) [[process_now_playing]]
2025-06-08 10:00:41,662 [DEBUG  ] RoonArtFrame: Update contains the same image as is currently displayed [[process_now_playing]]
2025-06-08 10:00:42,155 [DEBUG  ] RoonArtFrame: Processing zones_changed event [[zone_event_callback]]
2025-06-08 10:00:42,155 [DEBUG  ] RoonArtFrame: Processing zone 160115a2925db2f233703b5ff9cac08b0436, data keys: dict_keys(['zone_id', 'display_name', 'outputs', 'state', 'is_next_allowed', 'is_previous_allowed', 'is_pause_allowed', 'is_play_allowed', 'is_seek_allowed', 'queue_items_remaining', 'queue_time_remaining', 'settings', 'now_playing', 'seek_position']) [[process_zone_data]]
2025-06-08 10:00:42,156 [DEBUG  ] RoonArtFrame: Now playing keys: dict_keys(['seek_position', 'length', 'one_line', 'two_line', 'three_line', 'image_key']) [[process_now_playing]]
2025-06-08 10:00:42,156 [DEBUG  ] RoonArtFrame: Ignoring duplicate event {'seek_position': 10, 'length': 52, 'one_line': {'line1': 'Time to Move (Intro) - Gardna'}, 'two_line': {'line1': 'Time to Move (Intro)', 'line2': 'Gardna'}, 'three_line': {'line1': 'Time to Move (Intro)', 'line2': 'Gardna', 'line3': 'Time To Move'}, 'image_key': 'db4a3dbafe7f469deeae9ba5d9cf3974'} [[process_now_playing]]
2025-06-08 10:00:42,660 [DEBUG  ] RoonArtFrame: Processing zones_changed event [[zone_event_callback]]
2025-06-08 10:00:42,661 [DEBUG  ] RoonArtFrame: Processing zone 160115a2925db2f233703b5ff9cac08b0436, data keys: dict_keys(['zone_id', 'display_name', 'outputs', 'state', 'is_next_allowed', 'is_previous_allowed', 'is_pause_allowed', 'is_play_allowed', 'is_seek_allowed', 'queue_items_remaining', 'queue_time_remaining', 'settings', 'now_playing', 'seek_position']) [[process_zone_data]]
2025-06-08 10:00:42,662 [DEBUG  ] RoonArtFrame: Now playing keys: dict_keys(['seek_position', 'length', 'one_line', 'two_line', 'three_line', 'image_key']) [[process_now_playing]]
2025-06-08 10:00:42,662 [DEBUG  ] RoonArtFrame: Update contains the same image as is currently displayed [[process_now_playing]]
2025-06-08 10:00:43,155 [DEBUG  ] RoonArtFrame: Processing zones_changed event [[zone_event_callback]]
2025-06-08 10:00:43,156 [DEBUG  ] RoonArtFrame: Processing zone 160115a2925db2f233703b5ff9cac08b0436, data keys: dict_keys(['zone_id', 'display_name', 'outputs', 'state', 'is_next_allowed', 'is_previous_allowed', 'is_pause_allowed', 'is_play_allowed', 'is_seek_allowed', 'queue_items_remaining', 'queue_time_remaining', 'settings', 'now_playing', 'seek_position']) [[process_zone_data]]
2025-06-08 10:00:43,157 [DEBUG  ] RoonArtFrame: Now playing keys: dict_keys(['seek_position', 'length', 'one_line', 'two_line', 'three_line', 'image_key']) [[process_now_playing]]
2025-06-08 10:00:43,158 [DEBUG  ] RoonArtFrame: Ignoring duplicate event {'seek_position': 11, 'length': 52, 'one_line': {'line1': 'Time to Move (Intro) - Gardna'}, 'two_line': {'line1': 'Time to Move (Intro)', 'line2': 'Gardna'}, 'three_line': {'line1': 'Time to Move (Intro)', 'line2': 'Gardna', 'line3': 'Time To Move'}, 'image_key': 'db4a3dbafe7f469deeae9ba5d9cf3974'} [[process_now_playing]]
2025-06-08 10:00:43,661 [DEBUG  ] RoonArtFrame: Processing zones_changed event [[zone_event_callback]]
2025-06-08 10:00:43,662 [DEBUG  ] RoonArtFrame: Processing zone 160115a2925db2f233703b5ff9cac08b0436, data keys: dict_keys(['zone_id', 'display_name', 'outputs', 'state', 'is_next_allowed', 'is_previous_allowed', 'is_pause_allowed', 'is_play_allowed', 'is_seek_allowed', 'queue_items_remaining', 'queue_time_remaining', 'settings', 'now_playing', 'seek_position']) [[process_zone_data]]
2025-06-08 10:00:43,663 [DEBUG  ] RoonArtFrame: Now playing keys: dict_keys(['seek_position', 'length', 'one_line', 'two_line', 'three_line', 'image_key']) [[process_now_playing]]
2025-06-08 10:00:43,663 [DEBUG  ] RoonArtFrame: Update contains the same image as is currently displayed [[process_now_playing]]
2025-06-08 10:00:48,219 [DEBUG  ] websocket   : Sending ping [[debug]]
2025-06-08 10:00:58,222 [DEBUG  ] websocket   : Sending ping [[debug]]
2025-06-08 10:01:08,224 [DEBUG  ] websocket   : Sending ping [[debug]]
2025-06-08 10:01:18,225 [DEBUG  ] websocket   : Sending ping [[debug]]
2025-06-08 10:01:23,580 [DEBUG  ] RoonArtFrame: Processing zones_changed event [[zone_event_callback]]
2025-06-08 10:01:23,581 [DEBUG  ] RoonArtFrame: Processing zone 160115a2925db2f233703b5ff9cac08b0436, data keys: dict_keys(['zone_id', 'display_name', 'outputs', 'state', 'is_next_allowed', 'is_previous_allowed', 'is_pause_allowed', 'is_play_allowed', 'is_seek_allowed', 'queue_items_remaining', 'queue_time_remaining', 'settings', 'now_playing', 'seek_position']) [[process_zone_data]]
2025-06-08 10:01:23,581 [DEBUG  ] RoonArtFrame: Now playing keys: dict_keys(['seek_position', 'length', 'one_line', 'two_line', 'three_line', 'image_key']) [[process_now_playing]]
2025-06-08 10:01:23,582 [DEBUG  ] RoonArtFrame: Update contains the same image as is currently displayed [[process_now_playing]]
2025-06-08 10:01:28,226 [DEBUG  ] websocket   : Sending ping [[debug]]
2025-06-08 10:01:38,227 [DEBUG  ] websocket   : Sending ping [[debug]]
2025-06-08 10:01:48,229 [DEBUG  ] websocket   : Sending ping [[debug]]
2025-06-08 10:01:58,230 [DEBUG  ] websocket   : Sending ping [[debug]]
2025-06-08 10:02:08,232 [DEBUG  ] websocket   : Sending ping [[debug]]
