2025-05-20 14:47:29,491 [DEBUG  ] RoonArtFrame: Adding libdir to path: /mnt/dietpi_userdata/roon-album-art-display/libs [[<module>]]
2025-05-20 14:47:29,496 [INFO   ] RoonArtFrame: Configuration loaded [[load_config]]
2025-05-20 14:47:29,497 [DEBUG  ] RoonArtFrame: Importing epd13in3E [[<module>]]
2025-05-20 14:47:29,561 [DEBUG  ] RoonArtFrame: Finished importing epd13in3E [[<module>]]
2025-05-20 14:47:29,562 [INFO   ] epd13in3E   : Setting should_stop False for __init__ [[shouldStop]]
2025-05-20 14:47:29,563 [DEBUG  ] epd13in3E   : EPD init... [[Init]]
2025-05-20 14:47:29,716 [DEBUG  ] RoonArtFrame: Created viewer [[<module>]]
2025-05-20 14:47:29,716 [INFO   ] RoonArtFrame: Starting Roon Album Art Display [[__init__]]
2025-05-20 14:47:29,717 [INFO   ] RoonArtFrame: Allowed zone names: ["System Output"] [[__init__]]
2025-05-20 14:47:29,717 [INFO   ] RoonArtFrame: Forbidden zone names: ["comma", "separated", "list of zone names"] [[__init__]]
2025-05-20 14:47:29,718 [INFO   ] RoonArtFrame: Token file path: /root/.roon_album_display_token.txt [[__init__]]
2025-05-20 14:47:29,720 [INFO   ] RoonArtFrame: Connecting to Roon before starting display... [[__init__]]
2025-05-20 14:47:29,721 [INFO   ] RoonArtFrame: Found existing auth token [[connect_to_roon]]
2025-05-20 14:47:29,721 [INFO   ] RoonArtFrame: Trying direct connection to saved server at 192.168.1.56:9330 [[connect_to_roon]]
2025-05-20 14:47:29,738 [INFO   ] websocket   : Websocket connected [[info]]
2025-05-20 14:47:29,775 [INFO   ] RoonArtFrame: Successfully connected to saved server! [[connect_to_roon]]
2025-05-20 14:47:29,776 [DEBUG  ] RoonArtFrame: Zones data: {'1601e4d6660c81a5eed2399191df1a3d21b4': {'zone_id': '1601e4d6660c81a5eed2399191df1a3d21b4', 'display_name': 'System Output', 'outputs': [{'output_id': '1701e4d6660c81a5eed2399191df1a3d21b4', 'zone_id': '1601e4d6660c81a5eed2399191df1a3d21b4', 'can_group_with_output_ids': ['1701e4d6660c81a5eed2399191df1a3d21b4', '1701691e6c42e8d6350d991167d5e7310ebc', '1701d5f349f82317a80e9f61d872074e87db'], 'display_name': 'System Output', 'volume': {'type': 'number', 'min': 0, 'max': 100, 'value': 8, 'step': 1, 'is_muted': False, 'hard_limit_min': 0, 'hard_limit_max': 100, 'soft_limit': 100}, 'source_controls': [{'control_key': '1', 'display_name': 'System Output', 'supports_standby': False, 'status': 'indeterminate'}]}], 'state': 'playing', 'is_next_allowed': True, 'is_previous_allowed': True, 'is_pause_allowed': True, 'is_play_allowed': False, 'is_seek_allowed': True, 'queue_items_remaining': 1, 'queue_time_remaining': 133, 'settings': {'loop': 'disabled', 'shuffle': False, 'auto_radio': True}, 'now_playing': {'seek_position': 121, 'length': 254, 'one_line': {'line1': "Wanna Be Startin' Somethin' (2008 with Akon) (with Akon) (Thriller 25th Anniversary Remix) - Michael Jackson / Akon / Mark “Exit” Goodchild"}, 'two_line': {'line1': "Wanna Be Startin' Somethin' (2008 with Akon) (with Akon) (Thriller 25th Anniversary Remix)", 'line2': 'Michael Jackson / Akon / Mark “Exit” Goodchild'}, 'three_line': {'line1': "Wanna Be Startin' Somethin' (2008 with Akon) (with Akon) (Thriller 25th Anniversary Remix)", 'line2': 'Michael Jackson / Akon / Mark “Exit” Goodchild', 'line3': 'Thriller 40'}, 'image_key': '9c709abe2a250d0b9c532932d2ea8e22', 'artist_image_keys': ['7d28bbef6a244e0987cb129fb3189cd3', '2567c4da31819893e8b998b3baebdf58', '0734e1afd0430717f75bd9d6d9e4418a']}}, '1601691e6c42e8d6350d991167d5e7310ebc': {'zone_id': '1601691e6c42e8d6350d991167d5e7310ebc', 'display_name': '284KMB-HDR', 'outputs': [{'output_id': '1701691e6c42e8d6350d991167d5e7310ebc', 'zone_id': '1601691e6c42e8d6350d991167d5e7310ebc', 'can_group_with_output_ids': ['1701e4d6660c81a5eed2399191df1a3d21b4', '1701691e6c42e8d6350d991167d5e7310ebc', '1701d5f349f82317a80e9f61d872074e87db'], 'display_name': '284KMB-HDR', 'volume': {'type': 'number', 'min': 0, 'max': 100, 'value': 100, 'step': 1, 'is_muted': False, 'hard_limit_min': 0, 'hard_limit_max': 100, 'soft_limit': 100}, 'source_controls': [{'control_key': '1', 'display_name': '284KMB-HDR', 'supports_standby': False, 'status': 'indeterminate'}]}], 'state': 'stopped', 'is_next_allowed': True, 'is_previous_allowed': True, 'is_pause_allowed': False, 'is_play_allowed': True, 'is_seek_allowed': False, 'queue_items_remaining': 9, 'queue_time_remaining': 1795, 'settings': {'loop': 'disabled', 'shuffle': False, 'auto_radio': True}, 'now_playing': {'seek_position': None, 'length': 206, 'one_line': {'line1': 'The Thing Is - The Tubs'}, 'two_line': {'line1': 'The Thing Is', 'line2': 'The Tubs'}, 'three_line': {'line1': 'The Thing Is', 'line2': 'The Tubs', 'line3': 'Cotton Crown'}, 'image_key': 'cbffa5cde961c4521aa779c813e057d8'}}, '1601d5f349f82317a80e9f61d872074e87db': {'zone_id': '1601d5f349f82317a80e9f61d872074e87db', 'display_name': 'Simple Audio Listen', 'outputs': [{'output_id': '1701d5f349f82317a80e9f61d872074e87db', 'zone_id': '1601d5f349f82317a80e9f61d872074e87db', 'can_group_with_output_ids': ['1701e4d6660c81a5eed2399191df1a3d21b4', '1701691e6c42e8d6350d991167d5e7310ebc', '1701d5f349f82317a80e9f61d872074e87db'], 'display_name': 'Simple Audio Listen', 'volume': {'type': 'number', 'min': 0, 'max': 100, 'value': 100, 'step': 1, 'is_muted': False, 'hard_limit_min': 0, 'hard_limit_max': 100, 'soft_limit': 100}, 'source_controls': [{'control_key': '1', 'display_name': 'Simple Audio Listen', 'supports_standby': False, 'status': 'indeterminate'}]}], 'state': 'paused', 'is_next_allowed': True, 'is_previous_allowed': True, 'is_pause_allowed': False, 'is_play_allowed': True, 'is_seek_allowed': True, 'queue_items_remaining': 1, 'queue_time_remaining': 256, 'settings': {'loop': 'disabled', 'shuffle': False, 'auto_radio': True}, 'now_playing': {'seek_position': 4, 'length': 260, 'one_line': {'line1': 'Boom Boom - John Lee Hooker / Jimmie Vaughan'}, 'two_line': {'line1': 'Boom Boom', 'line2': 'John Lee Hooker / Jimmie Vaughan'}, 'three_line': {'line1': 'Boom Boom', 'line2': 'John Lee Hooker / Jimmie Vaughan', 'line3': 'The Best Of Friends'}, 'image_key': '944ee689470fe085fc821eec1305157c', 'artist_image_keys': ['0c37cb5d856daa3a74d9928d66c7c53f', '63a11229ab1235924b1bf36d2ef01b47']}}} [[connect_to_roon]]
2025-05-20 14:47:29,777 [DEBUG  ] RoonArtFrame: Processing zone 1601e4d6660c81a5eed2399191df1a3d21b4, data keys: dict_keys(['zone_id', 'display_name', 'outputs', 'state', 'is_next_allowed', 'is_previous_allowed', 'is_pause_allowed', 'is_play_allowed', 'is_seek_allowed', 'queue_items_remaining', 'queue_time_remaining', 'settings', 'now_playing']) [[process_zone_data]]
2025-05-20 14:47:29,778 [DEBUG  ] RoonArtFrame: Now playing keys: dict_keys(['seek_position', 'length', 'one_line', 'two_line', 'three_line', 'image_key', 'artist_image_keys']) [[process_now_playing]]
2025-05-20 14:47:29,779 [DEBUG  ] RoonArtFrame: Update contains the same image as is currently displayed [[process_now_playing]]
2025-05-20 14:47:29,779 [INFO   ] RoonArtFrame: Registering for state callbacks... [[subscribe_to_events]]
2025-05-20 14:47:29,780 [INFO   ] RoonArtFrame: Registering state callback... [[subscribe_to_events]]
2025-05-20 14:47:29,780 [INFO   ] RoonArtFrame: Successfully registered for state callbacks [[subscribe_to_events]]
2025-05-20 14:47:29,782 [INFO   ] RoonArtFrame: Event loop started [[event_loop]]
2025-05-20 14:47:41,269 [DEBUG  ] RoonArtFrame: Processing zones_changed event [[zone_event_callback]]
2025-05-20 14:47:41,270 [DEBUG  ] RoonArtFrame: Processing zone 1601e4d6660c81a5eed2399191df1a3d21b4, data keys: dict_keys(['zone_id', 'display_name', 'outputs', 'state', 'is_next_allowed', 'is_previous_allowed', 'is_pause_allowed', 'is_play_allowed', 'is_seek_allowed', 'queue_items_remaining', 'queue_time_remaining', 'settings', 'now_playing', 'seek_position']) [[process_zone_data]]
2025-05-20 14:47:41,270 [DEBUG  ] RoonArtFrame: Now playing keys: dict_keys(['seek_position', 'length', 'one_line', 'two_line', 'three_line', 'image_key', 'artist_image_keys']) [[process_now_playing]]
2025-05-20 14:47:41,271 [INFO   ] RoonArtFrame: New track detected with image key: 8589ceabb090cb4dd8c6cfa8214b20df [[process_now_playing]]
2025-05-20 14:47:41,271 [INFO   ] RoonArtFrame: Now Playing: After All - Elton John / Charlie Puth - The Lockdown Sessions (Christmas Edition) [[process_now_playing]]
2025-05-20 14:47:41,272 [INFO   ] RoonArtFrame: Fetching album art from: http://192.168.1.56:9330/api/image/8589ceabb090cb4dd8c6cfa8214b20df?scale=fit&width=1200&height=1200 [[fetch_and_display_album_art]]
2025-05-20 14:47:41,291 [DEBUG  ] urllib3.connectionpool: Starting new HTTP connection (1): 192.168.1.56:9330 [[_new_conn]]
2025-05-20 14:47:42,185 [DEBUG  ] urllib3.connectionpool: http://192.168.1.56:9330 "GET /api/image/8589ceabb090cb4dd8c6cfa8214b20df?scale=fit&width=1200&height=1200 HTTP/1.1" 200 550067 [[_make_request]]
2025-05-20 14:47:42,188 [DEBUG  ] RoonArtFrame: Image successfully downloaded [[download_image]]
2025-05-20 14:47:42,783 [INFO   ] RoonArtFrame: Successfully saved album art to /mnt/dietpi_userdata/album_art/album_art_8589ceabb090cb4dd8c6cfa8214b20df.jpg [[fetch_and_display_album_art]]
2025-05-20 14:47:42,797 [DEBUG  ] RoonArtFrame: Updating viewer [[fetch_and_display_album_art]]
2025-05-20 14:47:42,797 [DEBUG  ] RoonArtFrame: Starting to process image position [[process_image_position]]
2025-05-20 14:47:42,859 [DEBUG  ] RoonArtFrame: Resizing [[process_image_position]]
2025-05-20 14:47:42,881 [DEBUG  ] RoonArtFrame: Padding [[pad_image_to_size]]
2025-05-20 14:47:42,882 [DEBUG  ] RoonArtFrame: Starting creating new image [[pad_image_to_size]]
2025-05-20 14:47:42,920 [DEBUG  ] RoonArtFrame: Finished creating new image [[pad_image_to_size]]
2025-05-20 14:47:42,921 [DEBUG  ] RoonArtFrame: Starting pasting images together [[pad_image_to_size]]
2025-05-20 14:47:42,928 [DEBUG  ] RoonArtFrame: Finished pasting images together [[pad_image_to_size]]
2025-05-20 14:47:42,928 [DEBUG  ] RoonArtFrame: Checking previous update thread for After All [[update]]
2025-05-20 14:47:42,929 [DEBUG  ] RoonArtFrame: Creating new update thread for After All [[update]]
2025-05-20 14:47:42,932 [DEBUG  ] RoonArtFrame: Starting sending image to display for After All [[display_image]]
2025-05-20 14:47:42,935 [INFO   ] epd13in3E   : Setting should_stop False for display_image [[shouldStop]]
2025-05-20 14:47:42,937 [DEBUG  ] RoonArtFrame: Processing zones_changed event [[zone_event_callback]]
2025-05-20 14:47:42,939 [DEBUG  ] RoonArtFrame: Processing zone 1601e4d6660c81a5eed2399191df1a3d21b4, data keys: dict_keys(['zone_id', 'display_name', 'outputs', 'state', 'is_next_allowed', 'is_previous_allowed', 'is_pause_allowed', 'is_play_allowed', 'is_seek_allowed', 'queue_items_remaining', 'queue_time_remaining', 'settings', 'now_playing', 'seek_position']) [[process_zone_data]]
2025-05-20 14:47:42,941 [DEBUG  ] RoonArtFrame: Now playing keys: dict_keys(['seek_position', 'length', 'one_line', 'two_line', 'three_line', 'image_key', 'artist_image_keys']) [[process_now_playing]]
2025-05-20 14:47:42,942 [DEBUG  ] RoonArtFrame: Update contains the same image as is currently displayed [[process_now_playing]]
2025-05-20 14:47:49,195 [DEBUG  ] epd13in3E   : POWER IS False [[updateDisplay]]
2025-05-20 14:47:49,195 [DEBUG  ] epd13in3E   : Write power on starting for After All [[writePower]]
2025-05-20 14:47:49,246 [DEBUG  ] epd13in3E   : Write DRF for After All [[writeDRF]]
2025-05-20 14:47:49,246 [DEBUG  ] epd13in3E   : Write power off starting for After All [[writePower]]
2025-05-20 14:47:49,246 [DEBUG  ] epd13in3E   : Write to display complete for After All [[updateDisplay]]
2025-05-20 14:47:49,255 [INFO   ] epd13in3E   : Setting should_stop False for display_image [[shouldStop]]
2025-05-20 14:47:49,256 [INFO   ] RoonArtFrame: Finished sending image to display for After All [[display_image]]
2025-05-20 14:47:49,740 [DEBUG  ] websocket   : Sending ping [[debug]]
2025-05-20 14:47:59,741 [DEBUG  ] websocket   : Sending ping [[debug]]
2025-05-20 14:48:09,742 [DEBUG  ] websocket   : Sending ping [[debug]]
2025-05-20 14:48:19,744 [DEBUG  ] websocket   : Sending ping [[debug]]
