2025-05-20 14:54:32,783 [DEBUG  ] RoonArtFrame: Adding libdir to path: /mnt/dietpi_userdata/roon-album-art-display/libs [[<module>]]
2025-05-20 14:54:32,791 [INFO   ] RoonArtFrame: Configuration loaded [[load_config]]
2025-05-20 14:54:32,792 [DEBUG  ] RoonArtFrame: Importing epd13in3E [[<module>]]
2025-05-20 14:54:32,891 [DEBUG  ] RoonArtFrame: Finished importing epd13in3E [[<module>]]
2025-05-20 14:54:32,892 [INFO   ] epd13in3E   : Setting should_stop False for __init__ [[shouldStop]]
2025-05-20 14:54:32,893 [DEBUG  ] epd13in3E   : EPD init... [[Init]]
2025-05-20 14:54:33,047 [DEBUG  ] RoonArtFrame: Created viewer [[<module>]]
2025-05-20 14:54:33,048 [INFO   ] RoonArtFrame: Starting Roon Album Art Display [[__init__]]
2025-05-20 14:54:33,050 [INFO   ] RoonArtFrame: Allowed zone names: ["System Output"] [[__init__]]
2025-05-20 14:54:33,051 [INFO   ] RoonArtFrame: Forbidden zone names: ["comma", "separated", "list of zone names"] [[__init__]]
2025-05-20 14:54:33,053 [INFO   ] RoonArtFrame: Token file path: /root/.roon_album_display_token.txt [[__init__]]
2025-05-20 14:54:33,055 [INFO   ] RoonArtFrame: Connecting to Roon before starting display... [[__init__]]
2025-05-20 14:54:33,057 [INFO   ] RoonArtFrame: Found existing auth token [[connect_to_roon]]
2025-05-20 14:54:33,059 [INFO   ] RoonArtFrame: Trying direct connection to saved server at 192.168.1.56:9330 [[connect_to_roon]]
2025-05-20 14:54:33,080 [INFO   ] websocket   : Websocket connected [[info]]
2025-05-20 14:54:33,216 [INFO   ] RoonArtFrame: Successfully connected to saved server! [[connect_to_roon]]
2025-05-20 14:54:33,217 [DEBUG  ] RoonArtFrame: Zones data: {'1601e4d6660c81a5eed2399191df1a3d21b4': {'zone_id': '1601e4d6660c81a5eed2399191df1a3d21b4', 'display_name': 'System Output', 'outputs': [{'output_id': '1701e4d6660c81a5eed2399191df1a3d21b4', 'zone_id': '1601e4d6660c81a5eed2399191df1a3d21b4', 'can_group_with_output_ids': ['1701e4d6660c81a5eed2399191df1a3d21b4', '1701691e6c42e8d6350d991167d5e7310ebc', '1701d5f349f82317a80e9f61d872074e87db'], 'display_name': 'System Output', 'volume': {'type': 'number', 'min': 0, 'max': 100, 'value': 8, 'step': 1, 'is_muted': False, 'hard_limit_min': 0, 'hard_limit_max': 100, 'soft_limit': 100}, 'source_controls': [{'control_key': '1', 'display_name': 'System Output', 'supports_standby': False, 'status': 'indeterminate'}]}], 'state': 'playing', 'is_next_allowed': True, 'is_previous_allowed': True, 'is_pause_allowed': True, 'is_play_allowed': False, 'is_seek_allowed': True, 'queue_items_remaining': 1, 'queue_time_remaining': 206, 'settings': {'loop': 'disabled', 'shuffle': False, 'auto_radio': True}, 'now_playing': {'seek_position': 27, 'length': 233, 'one_line': {'line1': "TEXAS HOLD 'EM - Beyoncé"}, 'two_line': {'line1': "TEXAS HOLD 'EM", 'line2': 'Beyoncé'}, 'three_line': {'line1': "TEXAS HOLD 'EM", 'line2': 'Beyoncé', 'line3': 'COWBOY CARTER'}, 'image_key': '9ed5cae65bc5c1fdd3c14f4c702943c5', 'artist_image_keys': ['a97c29ea8321bfd02645539a20606061']}}, '1601691e6c42e8d6350d991167d5e7310ebc': {'zone_id': '1601691e6c42e8d6350d991167d5e7310ebc', 'display_name': '284KMB-HDR', 'outputs': [{'output_id': '1701691e6c42e8d6350d991167d5e7310ebc', 'zone_id': '1601691e6c42e8d6350d991167d5e7310ebc', 'can_group_with_output_ids': ['1701e4d6660c81a5eed2399191df1a3d21b4', '1701691e6c42e8d6350d991167d5e7310ebc', '1701d5f349f82317a80e9f61d872074e87db'], 'display_name': '284KMB-HDR', 'volume': {'type': 'number', 'min': 0, 'max': 100, 'value': 100, 'step': 1, 'is_muted': False, 'hard_limit_min': 0, 'hard_limit_max': 100, 'soft_limit': 100}, 'source_controls': [{'control_key': '1', 'display_name': '284KMB-HDR', 'supports_standby': False, 'status': 'indeterminate'}]}], 'state': 'stopped', 'is_next_allowed': True, 'is_previous_allowed': True, 'is_pause_allowed': False, 'is_play_allowed': True, 'is_seek_allowed': False, 'queue_items_remaining': 9, 'queue_time_remaining': 1795, 'settings': {'loop': 'disabled', 'shuffle': False, 'auto_radio': True}, 'now_playing': {'seek_position': None, 'length': 206, 'one_line': {'line1': 'The Thing Is - The Tubs'}, 'two_line': {'line1': 'The Thing Is', 'line2': 'The Tubs'}, 'three_line': {'line1': 'The Thing Is', 'line2': 'The Tubs', 'line3': 'Cotton Crown'}, 'image_key': 'cbffa5cde961c4521aa779c813e057d8'}}, '1601d5f349f82317a80e9f61d872074e87db': {'zone_id': '1601d5f349f82317a80e9f61d872074e87db', 'display_name': 'Simple Audio Listen', 'outputs': [{'output_id': '1701d5f349f82317a80e9f61d872074e87db', 'zone_id': '1601d5f349f82317a80e9f61d872074e87db', 'can_group_with_output_ids': ['1701e4d6660c81a5eed2399191df1a3d21b4', '1701691e6c42e8d6350d991167d5e7310ebc', '1701d5f349f82317a80e9f61d872074e87db'], 'display_name': 'Simple Audio Listen', 'volume': {'type': 'number', 'min': 0, 'max': 100, 'value': 100, 'step': 1, 'is_muted': False, 'hard_limit_min': 0, 'hard_limit_max': 100, 'soft_limit': 100}, 'source_controls': [{'control_key': '1', 'display_name': 'Simple Audio Listen', 'supports_standby': False, 'status': 'indeterminate'}]}], 'state': 'paused', 'is_next_allowed': True, 'is_previous_allowed': True, 'is_pause_allowed': False, 'is_play_allowed': True, 'is_seek_allowed': True, 'queue_items_remaining': 1, 'queue_time_remaining': 256, 'settings': {'loop': 'disabled', 'shuffle': False, 'auto_radio': True}, 'now_playing': {'seek_position': 4, 'length': 260, 'one_line': {'line1': 'Boom Boom - John Lee Hooker / Jimmie Vaughan'}, 'two_line': {'line1': 'Boom Boom', 'line2': 'John Lee Hooker / Jimmie Vaughan'}, 'three_line': {'line1': 'Boom Boom', 'line2': 'John Lee Hooker / Jimmie Vaughan', 'line3': 'The Best Of Friends'}, 'image_key': '944ee689470fe085fc821eec1305157c', 'artist_image_keys': ['0c37cb5d856daa3a74d9928d66c7c53f', '63a11229ab1235924b1bf36d2ef01b47']}}} [[connect_to_roon]]
2025-05-20 14:54:33,218 [DEBUG  ] RoonArtFrame: Processing zone 1601e4d6660c81a5eed2399191df1a3d21b4, data keys: dict_keys(['zone_id', 'display_name', 'outputs', 'state', 'is_next_allowed', 'is_previous_allowed', 'is_pause_allowed', 'is_play_allowed', 'is_seek_allowed', 'queue_items_remaining', 'queue_time_remaining', 'settings', 'now_playing']) [[process_zone_data]]
2025-05-20 14:54:33,219 [DEBUG  ] RoonArtFrame: Now playing keys: dict_keys(['seek_position', 'length', 'one_line', 'two_line', 'three_line', 'image_key', 'artist_image_keys']) [[process_now_playing]]
2025-05-20 14:54:33,219 [INFO   ] RoonArtFrame: New track detected with image key: 9ed5cae65bc5c1fdd3c14f4c702943c5 [[process_now_playing]]
2025-05-20 14:54:33,220 [INFO   ] RoonArtFrame: Now Playing: TEXAS HOLD 'EM - Beyoncé - COWBOY CARTER [[process_now_playing]]
2025-05-20 14:54:33,222 [INFO   ] RoonArtFrame: Fetching album art from: http://192.168.1.56:9330/api/image/9ed5cae65bc5c1fdd3c14f4c702943c5?scale=fit&width=1200&height=1200 [[fetch_and_display_album_art]]
2025-05-20 14:54:33,239 [DEBUG  ] urllib3.connectionpool: Starting new HTTP connection (1): 192.168.1.56:9330 [[_new_conn]]
2025-05-20 14:54:33,763 [DEBUG  ] urllib3.connectionpool: http://192.168.1.56:9330 "GET /api/image/9ed5cae65bc5c1fdd3c14f4c702943c5?scale=fit&width=1200&height=1200 HTTP/1.1" 200 264955 [[_make_request]]
2025-05-20 14:54:33,766 [DEBUG  ] RoonArtFrame: Image successfully downloaded [[download_image]]
2025-05-20 14:54:34,351 [INFO   ] RoonArtFrame: Successfully saved album art to /mnt/dietpi_userdata/album_art/album_art_9ed5cae65bc5c1fdd3c14f4c702943c5.jpg [[fetch_and_display_album_art]]
2025-05-20 14:54:34,359 [DEBUG  ] RoonArtFrame: Updating viewer [[fetch_and_display_album_art]]
2025-05-20 14:54:34,360 [DEBUG  ] RoonArtFrame: Starting to process image position [[process_image_position]]
2025-05-20 14:54:34,422 [DEBUG  ] RoonArtFrame: Resizing [[process_image_position]]
2025-05-20 14:54:34,445 [DEBUG  ] RoonArtFrame: Padding [[pad_image_to_size]]
2025-05-20 14:54:34,445 [DEBUG  ] RoonArtFrame: Starting creating new image [[pad_image_to_size]]
2025-05-20 14:54:34,483 [DEBUG  ] RoonArtFrame: Finished creating new image [[pad_image_to_size]]
2025-05-20 14:54:34,484 [DEBUG  ] RoonArtFrame: Starting pasting images together [[pad_image_to_size]]
2025-05-20 14:54:34,491 [DEBUG  ] RoonArtFrame: Finished pasting images together [[pad_image_to_size]]
2025-05-20 14:54:34,497 [DEBUG  ] RoonArtFrame: Checking previous update thread for TEXAS HOLD 'EM [[update]]
2025-05-20 14:54:34,498 [DEBUG  ] RoonArtFrame: Creating new update thread for TEXAS HOLD 'EM [[update]]
2025-05-20 14:54:34,500 [DEBUG  ] RoonArtFrame: Starting sending image to display for TEXAS HOLD 'EM [[display_image]]
2025-05-20 14:54:34,500 [INFO   ] epd13in3E   : Setting should_stop False for display_image [[shouldStop]]
2025-05-20 14:54:34,506 [INFO   ] RoonArtFrame: Registering for state callbacks... [[subscribe_to_events]]
2025-05-20 14:54:34,507 [INFO   ] RoonArtFrame: Registering state callback... [[subscribe_to_events]]
2025-05-20 14:54:34,507 [INFO   ] RoonArtFrame: Successfully registered for state callbacks [[subscribe_to_events]]
2025-05-20 14:54:34,513 [INFO   ] RoonArtFrame: Event loop started [[event_loop]]
2025-05-20 14:54:39,488 [DEBUG  ] epd13in3E   : POWER IS False [[updateDisplay]]
2025-05-20 14:54:39,488 [DEBUG  ] epd13in3E   : Write power on starting for TEXAS HOLD 'EM [[writePower]]
2025-05-20 14:54:39,539 [DEBUG  ] epd13in3E   : Write DRF for TEXAS HOLD 'EM [[writeDRF]]
2025-05-20 14:54:39,539 [DEBUG  ] epd13in3E   : Write power off starting for TEXAS HOLD 'EM [[writePower]]
2025-05-20 14:54:39,540 [DEBUG  ] epd13in3E   : Write to display complete for TEXAS HOLD 'EM [[updateDisplay]]
2025-05-20 14:54:39,541 [DEBUG  ] epd13in3E   : Display complete YAY [[display]]
2025-05-20 14:54:39,550 [INFO   ] epd13in3E   : Setting should_stop False for display_image [[shouldStop]]
2025-05-20 14:54:39,550 [INFO   ] RoonArtFrame: Finished sending image to display for TEXAS HOLD 'EM [[display_image]]
2025-05-20 14:54:53,083 [DEBUG  ] websocket   : Sending ping [[debug]]
2025-05-20 14:55:03,084 [DEBUG  ] websocket   : Sending ping [[debug]]
