2025-05-20 15:17:30,248 [DEBUG  ] RoonArtFrame: Adding libdir to path: /mnt/dietpi_userdata/roon-album-art-display/libs [[<module>]]
2025-05-20 15:17:30,254 [INFO   ] RoonArtFrame: Configuration loaded [[load_config]]
2025-05-20 15:17:30,255 [DEBUG  ] RoonArtFrame: Importing epd13in3E [[<module>]]
2025-05-20 15:17:30,329 [DEBUG  ] epd13in3E   : Exiting early [[EarlyExit]]
2025-05-20 15:17:30,330 [DEBUG  ] RoonArtFrame: Finished importing epd13in3E [[<module>]]
2025-05-20 15:17:30,331 [DEBUG  ] epd13in3E   : EPD init... [[Init]]
2025-05-20 15:17:30,482 [DEBUG  ] epd13in3E   : e-Paper busy H checking at EPD init [[ReadBusyH]]
2025-05-20 15:17:30,483 [DEBUG  ] epd13in3E   : e-Paper busy H released at EPD init [[ReadBusyH]]
2025-05-20 15:17:30,484 [DEBUG  ] RoonArtFrame: Created viewer [[<module>]]
2025-05-20 15:17:30,485 [INFO   ] RoonArtFrame: Starting Roon Album Art Display [[__init__]]
2025-05-20 15:17:30,485 [INFO   ] RoonArtFrame: Allowed zone names: ["System Output"] [[__init__]]
2025-05-20 15:17:30,486 [INFO   ] RoonArtFrame: Forbidden zone names: ["comma", "separated", "list of zone names"] [[__init__]]
2025-05-20 15:17:30,487 [INFO   ] RoonArtFrame: Token file path: /root/.roon_album_display_token.txt [[__init__]]
2025-05-20 15:17:30,492 [INFO   ] RoonArtFrame: Connecting to Roon before starting display... [[__init__]]
2025-05-20 15:17:30,493 [INFO   ] RoonArtFrame: Found existing auth token [[connect_to_roon]]
2025-05-20 15:17:30,494 [INFO   ] RoonArtFrame: Trying direct connection to saved server at 192.168.1.56:9330 [[connect_to_roon]]
2025-05-20 15:17:30,596 [INFO   ] websocket   : Websocket connected [[info]]
2025-05-20 15:17:30,648 [INFO   ] RoonArtFrame: Successfully connected to saved server! [[connect_to_roon]]
2025-05-20 15:17:30,649 [DEBUG  ] RoonArtFrame: Zones data: {'1601e4d6660c81a5eed2399191df1a3d21b4': {'zone_id': '1601e4d6660c81a5eed2399191df1a3d21b4', 'display_name': 'System Output', 'outputs': [{'output_id': '1701e4d6660c81a5eed2399191df1a3d21b4', 'zone_id': '1601e4d6660c81a5eed2399191df1a3d21b4', 'can_group_with_output_ids': ['1701e4d6660c81a5eed2399191df1a3d21b4', '1701691e6c42e8d6350d991167d5e7310ebc', '1701d5f349f82317a80e9f61d872074e87db'], 'display_name': 'System Output', 'volume': {'type': 'number', 'min': 0, 'max': 100, 'value': 10, 'step': 1, 'is_muted': False, 'hard_limit_min': 0, 'hard_limit_max': 100, 'soft_limit': 100}, 'source_controls': [{'control_key': '1', 'display_name': 'System Output', 'supports_standby': False, 'status': 'indeterminate'}]}], 'state': 'playing', 'is_next_allowed': True, 'is_previous_allowed': True, 'is_pause_allowed': True, 'is_play_allowed': False, 'is_seek_allowed': True, 'queue_items_remaining': 1, 'queue_time_remaining': 6, 'settings': {'loop': 'disabled', 'shuffle': False, 'auto_radio': True}, 'now_playing': {'seek_position': 189, 'length': 195, 'one_line': {'line1': 'Prelude No. 1 - The Tao of Groove'}, 'two_line': {'line1': 'Prelude No. 1', 'line2': 'The Tao of Groove'}, 'three_line': {'line1': 'Prelude No. 1', 'line2': 'The Tao of Groove', 'line3': 'Fresh Goods'}, 'image_key': '9fb1a59d900f06afd8b22cabe524e601'}}, '1601691e6c42e8d6350d991167d5e7310ebc': {'zone_id': '1601691e6c42e8d6350d991167d5e7310ebc', 'display_name': '284KMB-HDR', 'outputs': [{'output_id': '1701691e6c42e8d6350d991167d5e7310ebc', 'zone_id': '1601691e6c42e8d6350d991167d5e7310ebc', 'can_group_with_output_ids': ['1701e4d6660c81a5eed2399191df1a3d21b4', '1701691e6c42e8d6350d991167d5e7310ebc', '1701d5f349f82317a80e9f61d872074e87db'], 'display_name': '284KMB-HDR', 'volume': {'type': 'number', 'min': 0, 'max': 100, 'value': 100, 'step': 1, 'is_muted': False, 'hard_limit_min': 0, 'hard_limit_max': 100, 'soft_limit': 100}, 'source_controls': [{'control_key': '1', 'display_name': '284KMB-HDR', 'supports_standby': False, 'status': 'indeterminate'}]}], 'state': 'stopped', 'is_next_allowed': True, 'is_previous_allowed': True, 'is_pause_allowed': False, 'is_play_allowed': True, 'is_seek_allowed': False, 'queue_items_remaining': 9, 'queue_time_remaining': 1795, 'settings': {'loop': 'disabled', 'shuffle': False, 'auto_radio': True}, 'now_playing': {'seek_position': None, 'length': 206, 'one_line': {'line1': 'The Thing Is - The Tubs'}, 'two_line': {'line1': 'The Thing Is', 'line2': 'The Tubs'}, 'three_line': {'line1': 'The Thing Is', 'line2': 'The Tubs', 'line3': 'Cotton Crown'}, 'image_key': 'cbffa5cde961c4521aa779c813e057d8'}}, '1601d5f349f82317a80e9f61d872074e87db': {'zone_id': '1601d5f349f82317a80e9f61d872074e87db', 'display_name': 'Simple Audio Listen', 'outputs': [{'output_id': '1701d5f349f82317a80e9f61d872074e87db', 'zone_id': '1601d5f349f82317a80e9f61d872074e87db', 'can_group_with_output_ids': ['1701e4d6660c81a5eed2399191df1a3d21b4', '1701691e6c42e8d6350d991167d5e7310ebc', '1701d5f349f82317a80e9f61d872074e87db'], 'display_name': 'Simple Audio Listen', 'volume': {'type': 'number', 'min': 0, 'max': 100, 'value': 100, 'step': 1, 'is_muted': False, 'hard_limit_min': 0, 'hard_limit_max': 100, 'soft_limit': 100}, 'source_controls': [{'control_key': '1', 'display_name': 'Simple Audio Listen', 'supports_standby': False, 'status': 'indeterminate'}]}], 'state': 'paused', 'is_next_allowed': True, 'is_previous_allowed': True, 'is_pause_allowed': False, 'is_play_allowed': True, 'is_seek_allowed': True, 'queue_items_remaining': 1, 'queue_time_remaining': 256, 'settings': {'loop': 'disabled', 'shuffle': False, 'auto_radio': True}, 'now_playing': {'seek_position': 4, 'length': 260, 'one_line': {'line1': 'Boom Boom - John Lee Hooker / Jimmie Vaughan'}, 'two_line': {'line1': 'Boom Boom', 'line2': 'John Lee Hooker / Jimmie Vaughan'}, 'three_line': {'line1': 'Boom Boom', 'line2': 'John Lee Hooker / Jimmie Vaughan', 'line3': 'The Best Of Friends'}, 'image_key': '944ee689470fe085fc821eec1305157c', 'artist_image_keys': ['0c37cb5d856daa3a74d9928d66c7c53f', '63a11229ab1235924b1bf36d2ef01b47']}}} [[connect_to_roon]]
2025-05-20 15:17:30,650 [DEBUG  ] RoonArtFrame: Processing zone 1601e4d6660c81a5eed2399191df1a3d21b4, data keys: dict_keys(['zone_id', 'display_name', 'outputs', 'state', 'is_next_allowed', 'is_previous_allowed', 'is_pause_allowed', 'is_play_allowed', 'is_seek_allowed', 'queue_items_remaining', 'queue_time_remaining', 'settings', 'now_playing']) [[process_zone_data]]
2025-05-20 15:17:30,650 [DEBUG  ] RoonArtFrame: Now playing keys: dict_keys(['seek_position', 'length', 'one_line', 'two_line', 'three_line', 'image_key']) [[process_now_playing]]
2025-05-20 15:17:30,651 [DEBUG  ] RoonArtFrame: Update contains the same image as is currently displayed [[process_now_playing]]
2025-05-20 15:17:30,651 [DEBUG  ] RoonArtFrame: Processing zone 1601691e6c42e8d6350d991167d5e7310ebc, data keys: dict_keys(['zone_id', 'display_name', 'outputs', 'state', 'is_next_allowed', 'is_previous_allowed', 'is_pause_allowed', 'is_play_allowed', 'is_seek_allowed', 'queue_items_remaining', 'queue_time_remaining', 'settings', 'now_playing']) [[process_zone_data]]
2025-05-20 15:17:30,651 [DEBUG  ] RoonArtFrame: Received event from zone 284KMB-HDR but it is not in the allowed list [[process_zone_data]]
2025-05-20 15:17:30,652 [DEBUG  ] RoonArtFrame: Processing zone 1601d5f349f82317a80e9f61d872074e87db, data keys: dict_keys(['zone_id', 'display_name', 'outputs', 'state', 'is_next_allowed', 'is_previous_allowed', 'is_pause_allowed', 'is_play_allowed', 'is_seek_allowed', 'queue_items_remaining', 'queue_time_remaining', 'settings', 'now_playing']) [[process_zone_data]]
2025-05-20 15:17:30,652 [DEBUG  ] RoonArtFrame: Received event from zone Simple Audio Listen but it is not in the allowed list [[process_zone_data]]
2025-05-20 15:17:30,652 [INFO   ] RoonArtFrame: Registering for state callbacks... [[subscribe_to_events]]
2025-05-20 15:17:30,652 [INFO   ] RoonArtFrame: Registering state callback... [[subscribe_to_events]]
2025-05-20 15:17:30,653 [INFO   ] RoonArtFrame: Successfully registered for state callbacks [[subscribe_to_events]]
2025-05-20 15:17:30,654 [INFO   ] RoonArtFrame: Event loop started [[event_loop]]
2025-05-20 15:17:36,454 [DEBUG  ] RoonArtFrame: Processing zones_changed event [[zone_event_callback]]
2025-05-20 15:17:36,455 [DEBUG  ] RoonArtFrame: Processing zone 1601e4d6660c81a5eed2399191df1a3d21b4, data keys: dict_keys(['zone_id', 'display_name', 'outputs', 'state', 'is_next_allowed', 'is_previous_allowed', 'is_pause_allowed', 'is_play_allowed', 'is_seek_allowed', 'queue_items_remaining', 'queue_time_remaining', 'settings', 'now_playing', 'seek_position']) [[process_zone_data]]
2025-05-20 15:17:36,455 [DEBUG  ] RoonArtFrame: Now playing keys: dict_keys(['seek_position', 'length', 'one_line', 'two_line', 'three_line', 'image_key', 'artist_image_keys']) [[process_now_playing]]
2025-05-20 15:17:36,455 [INFO   ] RoonArtFrame: New track detected with image key: ebbeadaf2e568da0d0eb329b4776c592 [[process_now_playing]]
2025-05-20 15:17:36,455 [INFO   ] RoonArtFrame: Now Playing: Wendorlan (Original Mix) - Squarepusher - Dostrotime [[process_now_playing]]
2025-05-20 15:17:36,456 [INFO   ] RoonArtFrame: Fetching album art from: http://192.168.1.56:9330/api/image/ebbeadaf2e568da0d0eb329b4776c592?scale=fit&width=1200&height=1200 [[fetch_and_display_album_art]]
2025-05-20 15:17:36,479 [DEBUG  ] urllib3.connectionpool: Starting new HTTP connection (1): 192.168.1.56:9330 [[_new_conn]]
2025-05-20 15:17:37,231 [DEBUG  ] urllib3.connectionpool: http://192.168.1.56:9330 "GET /api/image/ebbeadaf2e568da0d0eb329b4776c592?scale=fit&width=1200&height=1200 HTTP/1.1" 200 97609 [[_make_request]]
2025-05-20 15:17:37,236 [DEBUG  ] RoonArtFrame: Image successfully downloaded [[download_image]]
2025-05-20 15:17:37,571 [INFO   ] RoonArtFrame: Successfully saved album art to /mnt/dietpi_userdata/album_art/album_art_ebbeadaf2e568da0d0eb329b4776c592.jpg [[fetch_and_display_album_art]]
2025-05-20 15:17:37,572 [DEBUG  ] RoonArtFrame: Updating viewer [[fetch_and_display_album_art]]
2025-05-20 15:17:37,572 [DEBUG  ] RoonArtFrame: Starting to process image position [[process_image_position]]
2025-05-20 15:17:37,634 [DEBUG  ] RoonArtFrame: Resizing [[process_image_position]]
2025-05-20 15:17:37,655 [DEBUG  ] RoonArtFrame: Padding [[pad_image_to_size]]
2025-05-20 15:17:37,656 [DEBUG  ] RoonArtFrame: Starting creating new image [[pad_image_to_size]]
2025-05-20 15:17:37,693 [DEBUG  ] RoonArtFrame: Finished creating new image [[pad_image_to_size]]
2025-05-20 15:17:37,694 [DEBUG  ] RoonArtFrame: Starting pasting images together [[pad_image_to_size]]
2025-05-20 15:17:37,701 [DEBUG  ] RoonArtFrame: Finished pasting images together [[pad_image_to_size]]
2025-05-20 15:17:37,701 [DEBUG  ] RoonArtFrame: Checking previous update thread for Wendorlan (Original Mix) [[update]]
2025-05-20 15:17:37,701 [DEBUG  ] RoonArtFrame: Creating new update thread for Wendorlan (Original Mix) [[update]]
2025-05-20 15:17:37,703 [DEBUG  ] RoonArtFrame: Starting sending image to display for Wendorlan (Original Mix) [[display_image]]
2025-05-20 15:17:37,708 [DEBUG  ] RoonArtFrame: Processing zones_changed event [[zone_event_callback]]
2025-05-20 15:17:37,709 [DEBUG  ] RoonArtFrame: Processing zone 1601e4d6660c81a5eed2399191df1a3d21b4, data keys: dict_keys(['zone_id', 'display_name', 'outputs', 'state', 'is_next_allowed', 'is_previous_allowed', 'is_pause_allowed', 'is_play_allowed', 'is_seek_allowed', 'queue_items_remaining', 'queue_time_remaining', 'settings', 'now_playing', 'seek_position']) [[process_zone_data]]
2025-05-20 15:17:37,710 [DEBUG  ] RoonArtFrame: Now playing keys: dict_keys(['seek_position', 'length', 'one_line', 'two_line', 'three_line', 'image_key', 'artist_image_keys']) [[process_now_playing]]
2025-05-20 15:17:37,711 [DEBUG  ] RoonArtFrame: Ignoring duplicate event {'seek_position': None, 'length': 379, 'one_line': {'line1': 'Wendorlan (Original Mix) - Squarepusher'}, 'two_line': {'line1': 'Wendorlan (Original Mix)', 'line2': 'Squarepusher'}, 'three_line': {'line1': 'Wendorlan (Original Mix)', 'line2': 'Squarepusher', 'line3': 'Dostrotime'}, 'image_key': 'ebbeadaf2e568da0d0eb329b4776c592', 'artist_image_keys': ['f73c66cfed83836ef5a47353a9f56cd8']} [[process_now_playing]]
2025-05-20 15:17:40,332 [DEBUG  ] epd13in3E   : e-Paper busy H checking at Starting [[display_image]] Wendorlan (Original Mix) [[ReadBusyH]]
2025-05-20 15:17:40,333 [DEBUG  ] epd13in3E   : e-Paper busy H released at Starting [[display_image]] Wendorlan (Original Mix) [[ReadBusyH]]
2025-05-20 15:17:40,333 [DEBUG  ] epd13in3E   : Sending data 1 for Wendorlan (Original Mix) [[display]]
2025-05-20 15:17:43,041 [DEBUG  ] epd13in3E   : Sending data 2 for Wendorlan (Original Mix) [[display]]
2025-05-20 15:17:44,853 [DEBUG  ] epd13in3E   : POWER ON = False [[updateDisplay]]
2025-05-20 15:17:44,853 [DEBUG  ] epd13in3E   : Write power on starting for Wendorlan (Original Mix) [[writePower]]
2025-05-20 15:17:44,853 [DEBUG  ] epd13in3E   : e-Paper busy H checking at [[updateDisplay]] for Wendorlan (Original Mix) [[ReadBusyH]]
2025-05-20 15:17:45,154 [DEBUG  ] epd13in3E   : e-Paper busy H released at [[updateDisplay]] for Wendorlan (Original Mix) [[ReadBusyH]]
2025-05-20 15:17:45,205 [DEBUG  ] epd13in3E   : Write DRF for Wendorlan (Original Mix) [[writeDRF]]
2025-05-20 15:17:45,205 [DEBUG  ] epd13in3E   : e-Paper busy H checking at Write DRF Wendorlan (Original Mix) [[ReadBusyH]]
2025-05-20 15:17:50,601 [DEBUG  ] websocket   : Sending ping [[debug]]
2025-05-20 15:18:00,603 [DEBUG  ] websocket   : Sending ping [[debug]]
2025-05-20 15:18:04,326 [DEBUG  ] epd13in3E   : e-Paper busy H released at Write DRF Wendorlan (Original Mix) [[ReadBusyH]]
2025-05-20 15:18:04,327 [DEBUG  ] epd13in3E   : Write power off starting for Wendorlan (Original Mix) [[writePower]]
2025-05-20 15:18:04,327 [DEBUG  ] epd13in3E   : e-Paper busy H checking at [[updateDisplay]] for Wendorlan (Original Mix) [[ReadBusyH]]
2025-05-20 15:18:04,428 [DEBUG  ] epd13in3E   : e-Paper busy H released at [[updateDisplay]] for Wendorlan (Original Mix) [[ReadBusyH]]
2025-05-20 15:18:04,428 [DEBUG  ] epd13in3E   : Write to display complete for Wendorlan (Original Mix) [[updateDisplay]]
2025-05-20 15:18:04,443 [INFO   ] RoonArtFrame: Finished sending image to display for Wendorlan (Original Mix) [[display_image]]
2025-05-20 15:18:10,604 [DEBUG  ] websocket   : Sending ping [[debug]]
