2025-05-21 19:14:22,577 [DEBUG  ] RoonArtFrame: Adding libdir to path: /mnt/dietpi_userdata/roon-album-art-display/libs [[<module>]]
2025-05-21 19:14:22,583 [INFO   ] RoonArtFrame: Configuration loaded [[load_config]]
2025-05-21 19:14:22,584 [DEBUG  ] RoonArtFrame: Importing epd13in3E [[<module>]]
2025-05-21 19:14:22,659 [DEBUG  ] epd13in3E   : Exiting early [[EarlyExit]]
2025-05-21 19:14:22,660 [DEBUG  ] RoonArtFrame: Finished importing epd13in3E [[<module>]]
2025-05-21 19:14:22,661 [DEBUG  ] epd13in3E   : EPD init... [[Init]]
2025-05-21 19:14:22,813 [DEBUG  ] epd13in3E   : e-Paper busy H checking at EPD init [[ReadBusyH]]
2025-05-21 19:14:22,813 [DEBUG  ] epd13in3E   : e-Paper busy H released at EPD init [[ReadBusyH]]
2025-05-21 19:14:22,815 [DEBUG  ] RoonArtFrame: Created viewer [[<module>]]
2025-05-21 19:14:22,815 [INFO   ] RoonArtFrame: Starting Roon Album Art Display [[__init__]]
2025-05-21 19:14:22,816 [INFO   ] RoonArtFrame: Allowed zone names: ["System Output", "Sonos"] [[__init__]]
2025-05-21 19:14:22,816 [INFO   ] RoonArtFrame: Forbidden zone names: ["comma", "separated", "list of zone names"] [[__init__]]
2025-05-21 19:14:22,817 [INFO   ] RoonArtFrame: Token file path: /root/.roon_album_display_token.txt [[__init__]]
2025-05-21 19:14:22,822 [INFO   ] RoonArtFrame: Connecting to Roon before starting display... [[__init__]]
2025-05-21 19:14:22,823 [INFO   ] RoonArtFrame: No existing auth token found, will need to authorize in Roon [[connect_to_roon]]
2025-05-21 19:14:22,823 [INFO   ] RoonArtFrame: Discovery: no existing auth token found, will need to authorize in Roon [[discover_and_connect]]
2025-05-21 19:14:22,823 [INFO   ] RoonArtFrame: Starting Roon server discovery... [[discover_and_connect]]
2025-05-21 19:14:27,948 [INFO   ] RoonArtFrame: Found 4 Roon server(s) [[discover_and_connect]]
2025-05-21 19:14:27,948 [DEBUG  ] RoonArtFrame: Shutting down discovery [[discover_and_connect]]
2025-05-21 19:14:27,948 [INFO   ] RoonArtFrame: Connecting to first Roon server found at 192.168.1.128:9330 [[discover_and_connect]]
2025-05-21 19:14:27,953 [INFO   ] RoonArtFrame: Waiting for authorization in Roon... [[discover_and_connect]]
2025-05-21 19:14:27,954 [INFO   ] RoonArtFrame: Please approve this extension in the Roon app... [[discover_and_connect]]
2025-05-21 19:14:27,974 [INFO   ] websocket   : Websocket connected [[info]]
2025-05-21 19:14:27,976 [INFO   ] roonapi     : The application should be approved within Roon's settings. [[_socket_connected]]
2025-05-21 19:14:29,954 [INFO   ] RoonArtFrame: Please approve this extension in the Roon app... [[discover_and_connect]]
2025-05-21 19:14:31,955 [INFO   ] RoonArtFrame: Please approve this extension in the Roon app... [[discover_and_connect]]
2025-05-21 19:14:33,956 [INFO   ] RoonArtFrame: Please approve this extension in the Roon app... [[discover_and_connect]]
2025-05-21 19:14:35,957 [INFO   ] RoonArtFrame: Please approve this extension in the Roon app... [[discover_and_connect]]
2025-05-21 19:14:37,958 [INFO   ] RoonArtFrame: Authorization successful, token saved for future connections [[discover_and_connect]]
2025-05-21 19:14:37,960 [INFO   ] RoonArtFrame: Saved server details (192.168.1.128:9330) to config for future use [[save_server_to_config]]
2025-05-21 19:14:37,961 [INFO   ] RoonArtFrame: Connected to Roon server! [[discover_and_connect]]
2025-05-21 19:14:37,962 [DEBUG  ] RoonArtFrame: Processing zone 1601c3b912966d7fbcea2040b0606bad86ea, data keys: dict_keys(['zone_id', 'display_name', 'outputs', 'state', 'is_next_allowed', 'is_previous_allowed', 'is_pause_allowed', 'is_play_allowed', 'is_seek_allowed', 'queue_items_remaining', 'queue_time_remaining', 'settings', 'now_playing']) [[process_zone_data]]
2025-05-21 19:14:37,962 [DEBUG  ] RoonArtFrame: Received event from zone KEF LS50w but it is not in the allowed list [[process_zone_data]]
2025-05-21 19:14:37,963 [DEBUG  ] RoonArtFrame: Processing zone 1601b2e4dfbef815ffaae4029e67a160485f, data keys: dict_keys(['zone_id', 'display_name', 'outputs', 'state', 'is_next_allowed', 'is_previous_allowed', 'is_pause_allowed', 'is_play_allowed', 'is_seek_allowed', 'queue_items_remaining', 'queue_time_remaining', 'settings', 'now_playing']) [[process_zone_data]]
2025-05-21 19:14:37,964 [DEBUG  ] RoonArtFrame: Received event from zone KEF LSX but it is not in the allowed list [[process_zone_data]]
2025-05-21 19:14:37,964 [DEBUG  ] RoonArtFrame: Processing zone 160115a2925db2f233703b5ff9cac08b0436, data keys: dict_keys(['zone_id', 'display_name', 'outputs', 'state', 'is_next_allowed', 'is_previous_allowed', 'is_pause_allowed', 'is_play_allowed', 'is_seek_allowed', 'queue_items_remaining', 'queue_time_remaining', 'settings', 'now_playing']) [[process_zone_data]]
2025-05-21 19:14:37,965 [DEBUG  ] RoonArtFrame: Now playing keys: dict_keys(['seek_position', 'length', 'one_line', 'two_line', 'three_line', 'image_key', 'artist_image_keys']) [[process_now_playing]]
2025-05-21 19:14:37,966 [INFO   ] RoonArtFrame: New track detected with image key: 72805d6b40a719b1d9faa9e5aad154a0 [[process_now_playing]]
2025-05-21 19:14:37,966 [INFO   ] RoonArtFrame: Now Playing: Remember - DC Breaks - Different Breed [[process_now_playing]]
2025-05-21 19:14:37,968 [INFO   ] RoonArtFrame: Fetching album art from: http://192.168.1.128:9330/api/image/72805d6b40a719b1d9faa9e5aad154a0?scale=fit&width=1200&height=1200 [[fetch_and_display_album_art]]
2025-05-21 19:14:37,993 [DEBUG  ] urllib3.connectionpool: Starting new HTTP connection (1): 192.168.1.128:9330 [[_new_conn]]
2025-05-21 19:14:38,618 [DEBUG  ] urllib3.connectionpool: http://192.168.1.128:9330 "GET /api/image/72805d6b40a719b1d9faa9e5aad154a0?scale=fit&width=1200&height=1200 HTTP/1.1" 200 332747 [[_make_request]]
2025-05-21 19:14:38,620 [DEBUG  ] RoonArtFrame: Image successfully downloaded [[download_image]]
2025-05-21 19:14:39,013 [INFO   ] RoonArtFrame: Successfully saved album art to /mnt/dietpi_userdata/album_art/album_art_72805d6b40a719b1d9faa9e5aad154a0.jpg [[fetch_and_display_album_art]]
2025-05-21 19:14:39,014 [DEBUG  ] RoonArtFrame: Updating viewer [[fetch_and_display_album_art]]
2025-05-21 19:14:39,014 [DEBUG  ] RoonArtFrame: Starting to process image position [[process_image_position]]
2025-05-21 19:14:39,076 [DEBUG  ] RoonArtFrame: Resizing [[process_image_position]]
2025-05-21 19:14:39,098 [DEBUG  ] RoonArtFrame: Padding [[pad_image_to_size]]
2025-05-21 19:14:39,099 [DEBUG  ] RoonArtFrame: Starting creating new image [[pad_image_to_size]]
2025-05-21 19:14:39,136 [DEBUG  ] RoonArtFrame: Finished creating new image [[pad_image_to_size]]
2025-05-21 19:14:39,137 [DEBUG  ] RoonArtFrame: Starting pasting images together [[pad_image_to_size]]
2025-05-21 19:14:39,144 [DEBUG  ] RoonArtFrame: Finished pasting images together [[pad_image_to_size]]
2025-05-21 19:14:39,149 [DEBUG  ] RoonArtFrame: Checking previous update thread for Remember [[update]]
2025-05-21 19:14:39,150 [DEBUG  ] RoonArtFrame: Creating new update thread for Remember [[update]]
2025-05-21 19:14:39,151 [DEBUG  ] RoonArtFrame: Starting sending image to display for Remember [[display_image]]
2025-05-21 19:14:39,155 [INFO   ] RoonArtFrame: Registering for state callbacks... [[subscribe_to_events]]
2025-05-21 19:14:39,158 [INFO   ] RoonArtFrame: Registering state callback... [[subscribe_to_events]]
2025-05-21 19:14:39,159 [INFO   ] RoonArtFrame: Successfully registered for state callbacks [[subscribe_to_events]]
2025-05-21 19:14:39,161 [INFO   ] RoonArtFrame: Event loop started [[event_loop]]
2025-05-21 19:14:41,899 [DEBUG  ] epd13in3E   : e-Paper busy H checking at Starting [[display_image]] Remember [[ReadBusyH]]
2025-05-21 19:14:41,900 [DEBUG  ] epd13in3E   : e-Paper busy H released at Starting [[display_image]] Remember [[ReadBusyH]]
2025-05-21 19:14:41,901 [DEBUG  ] epd13in3E   : Sending data 1 for Remember [[display]]
2025-05-21 19:14:44,628 [DEBUG  ] epd13in3E   : Sending data 2 for Remember [[display]]
2025-05-21 19:14:46,522 [DEBUG  ] epd13in3E   : POWER ON = False [[updateDisplay]]
2025-05-21 19:14:46,522 [DEBUG  ] epd13in3E   : Write power on starting for Remember [[writePower]]
2025-05-21 19:14:46,522 [DEBUG  ] epd13in3E   : e-Paper busy H checking at [[updateDisplay]] for Remember [[ReadBusyH]]
2025-05-21 19:14:46,823 [DEBUG  ] epd13in3E   : e-Paper busy H released at [[updateDisplay]] for Remember [[ReadBusyH]]
2025-05-21 19:14:46,874 [DEBUG  ] epd13in3E   : Write DRF for Remember [[writeDRF]]
2025-05-21 19:14:46,874 [DEBUG  ] epd13in3E   : e-Paper busy H checking at Write DRF Remember [[ReadBusyH]]
2025-05-21 19:14:47,979 [DEBUG  ] websocket   : Sending ping [[debug]]
2025-05-21 19:15:08,483 [DEBUG  ] websocket   : Sending ping [[debug]]
2025-05-21 19:15:16,399 [DEBUG  ] epd13in3E   : e-Paper busy H released at Write DRF Remember [[ReadBusyH]]
2025-05-21 19:15:16,400 [DEBUG  ] epd13in3E   : Write power off starting for Remember [[writePower]]
2025-05-21 19:15:16,400 [DEBUG  ] epd13in3E   : e-Paper busy H checking at [[updateDisplay]] for Remember [[ReadBusyH]]
2025-05-21 19:15:16,500 [DEBUG  ] epd13in3E   : e-Paper busy H released at [[updateDisplay]] for Remember [[ReadBusyH]]
2025-05-21 19:15:16,501 [DEBUG  ] epd13in3E   : Write to display complete for Remember [[updateDisplay]]
2025-05-21 19:15:16,509 [INFO   ] RoonArtFrame: Finished sending image to display for Remember [[display_image]]
2025-05-21 19:15:18,484 [DEBUG  ] websocket   : Sending ping [[debug]]
2025-05-21 19:15:28,486 [DEBUG  ] websocket   : Sending ping [[debug]]
2025-05-21 19:15:38,487 [DEBUG  ] websocket   : Sending ping [[debug]]
2025-05-21 19:15:48,488 [DEBUG  ] websocket   : Sending ping [[debug]]
2025-05-21 19:15:51,435 [DEBUG  ] RoonArtFrame: Processing zones_changed event [[zone_event_callback]]
2025-05-21 19:15:51,436 [DEBUG  ] RoonArtFrame: Processing zone 160115a2925db2f233703b5ff9cac08b0436, data keys: dict_keys(['zone_id', 'display_name', 'outputs', 'state', 'is_next_allowed', 'is_previous_allowed', 'is_pause_allowed', 'is_play_allowed', 'is_seek_allowed', 'queue_items_remaining', 'queue_time_remaining', 'settings', 'now_playing', 'seek_position']) [[process_zone_data]]
2025-05-21 19:15:51,436 [DEBUG  ] RoonArtFrame: Now playing keys: dict_keys(['seek_position', 'length', 'one_line', 'two_line', 'three_line', 'image_key', 'artist_image_keys']) [[process_now_playing]]
2025-05-21 19:15:51,437 [DEBUG  ] RoonArtFrame: Update contains the same image as is currently displayed [[process_now_playing]]
2025-05-21 19:15:51,939 [DEBUG  ] RoonArtFrame: Processing zones_changed event [[zone_event_callback]]
2025-05-21 19:15:51,940 [DEBUG  ] RoonArtFrame: Processing zone 160115a2925db2f233703b5ff9cac08b0436, data keys: dict_keys(['zone_id', 'display_name', 'outputs', 'state', 'is_next_allowed', 'is_previous_allowed', 'is_pause_allowed', 'is_play_allowed', 'is_seek_allowed', 'queue_items_remaining', 'queue_time_remaining', 'settings', 'now_playing', 'seek_position']) [[process_zone_data]]
2025-05-21 19:15:51,941 [DEBUG  ] RoonArtFrame: Now playing keys: dict_keys(['seek_position', 'length', 'one_line', 'two_line', 'three_line', 'image_key', 'artist_image_keys']) [[process_now_playing]]
2025-05-21 19:15:51,942 [DEBUG  ] RoonArtFrame: Ignoring duplicate event {'seek_position': None, 'length': 294, 'one_line': {'line1': 'Organism - DC Breaks'}, 'two_line': {'line1': 'Organism', 'line2': 'DC Breaks'}, 'three_line': {'line1': 'Organism', 'line2': 'DC Breaks', 'line3': 'Different Breed'}, 'image_key': '72805d6b40a719b1d9faa9e5aad154a0', 'artist_image_keys': ['83407a468c46be87afd16bf69720579b']} [[process_now_playing]]
2025-05-21 19:15:52,986 [DEBUG  ] RoonArtFrame: Processing zones_changed event [[zone_event_callback]]
2025-05-21 19:15:52,987 [DEBUG  ] RoonArtFrame: Processing zone 160115a2925db2f233703b5ff9cac08b0436, data keys: dict_keys(['zone_id', 'display_name', 'outputs', 'state', 'is_next_allowed', 'is_previous_allowed', 'is_pause_allowed', 'is_play_allowed', 'is_seek_allowed', 'queue_items_remaining', 'queue_time_remaining', 'settings', 'now_playing', 'seek_position']) [[process_zone_data]]
2025-05-21 19:15:52,987 [DEBUG  ] RoonArtFrame: Now playing keys: dict_keys(['seek_position', 'length', 'one_line', 'two_line', 'three_line', 'image_key', 'artist_image_keys']) [[process_now_playing]]
2025-05-21 19:15:52,988 [INFO   ] RoonArtFrame: New track detected with image key: 4bb27e11a33beba7eac71cfc8923b587 [[process_now_playing]]
2025-05-21 19:15:52,989 [INFO   ] RoonArtFrame: Now Playing: Everybody - DC Breaks - Everybody [[process_now_playing]]
2025-05-21 19:15:52,990 [INFO   ] RoonArtFrame: Fetching album art from: http://192.168.1.128:9330/api/image/4bb27e11a33beba7eac71cfc8923b587?scale=fit&width=1200&height=1200 [[fetch_and_display_album_art]]
2025-05-21 19:15:53,000 [DEBUG  ] urllib3.connectionpool: Starting new HTTP connection (1): 192.168.1.128:9330 [[_new_conn]]
2025-05-21 19:15:53,769 [DEBUG  ] urllib3.connectionpool: http://192.168.1.128:9330 "GET /api/image/4bb27e11a33beba7eac71cfc8923b587?scale=fit&width=1200&height=1200 HTTP/1.1" 200 464433 [[_make_request]]
2025-05-21 19:15:53,772 [DEBUG  ] RoonArtFrame: Image successfully downloaded [[download_image]]
2025-05-21 19:15:54,067 [INFO   ] RoonArtFrame: Successfully saved album art to /mnt/dietpi_userdata/album_art/album_art_4bb27e11a33beba7eac71cfc8923b587.jpg [[fetch_and_display_album_art]]
2025-05-21 19:15:54,067 [DEBUG  ] RoonArtFrame: Updating viewer [[fetch_and_display_album_art]]
2025-05-21 19:15:54,068 [INFO   ] RoonArtFrame: Setting should_stop triggered by Everybody [[update]]
2025-05-21 19:15:54,068 [DEBUG  ] RoonArtFrame: Starting to process image position [[process_image_position]]
2025-05-21 19:15:54,111 [DEBUG  ] RoonArtFrame: Resizing [[process_image_position]]
2025-05-21 19:15:54,131 [DEBUG  ] RoonArtFrame: Padding [[pad_image_to_size]]
2025-05-21 19:15:54,132 [DEBUG  ] RoonArtFrame: Starting creating new image [[pad_image_to_size]]
2025-05-21 19:15:54,162 [DEBUG  ] RoonArtFrame: Finished creating new image [[pad_image_to_size]]
2025-05-21 19:15:54,163 [DEBUG  ] RoonArtFrame: Starting pasting images together [[pad_image_to_size]]
2025-05-21 19:15:54,169 [DEBUG  ] RoonArtFrame: Finished pasting images together [[pad_image_to_size]]
2025-05-21 19:15:54,170 [DEBUG  ] RoonArtFrame: Checking previous update thread for Everybody [[update]]
2025-05-21 19:15:54,170 [DEBUG  ] RoonArtFrame: Creating new update thread for Everybody [[update]]
2025-05-21 19:15:54,171 [DEBUG  ] RoonArtFrame: Starting sending image to display for Everybody [[display_image]]
2025-05-21 19:15:54,173 [DEBUG  ] RoonArtFrame: Processing zones_changed event [[zone_event_callback]]
2025-05-21 19:15:54,174 [DEBUG  ] RoonArtFrame: Processing zone 160115a2925db2f233703b5ff9cac08b0436, data keys: dict_keys(['zone_id', 'display_name', 'outputs', 'state', 'is_next_allowed', 'is_previous_allowed', 'is_pause_allowed', 'is_play_allowed', 'is_seek_allowed', 'queue_items_remaining', 'queue_time_remaining', 'settings', 'now_playing', 'seek_position']) [[process_zone_data]]
2025-05-21 19:15:54,175 [DEBUG  ] RoonArtFrame: Now playing keys: dict_keys(['seek_position', 'length', 'one_line', 'two_line', 'three_line', 'image_key', 'artist_image_keys']) [[process_now_playing]]
2025-05-21 19:15:54,176 [DEBUG  ] RoonArtFrame: Ignoring duplicate event {'seek_position': None, 'length': 193, 'one_line': {'line1': 'Everybody - DC Breaks'}, 'two_line': {'line1': 'Everybody', 'line2': 'DC Breaks'}, 'three_line': {'line1': 'Everybody', 'line2': 'DC Breaks', 'line3': 'Everybody'}, 'image_key': '4bb27e11a33beba7eac71cfc8923b587', 'artist_image_keys': ['83407a468c46be87afd16bf69720579b']} [[process_now_playing]]
2025-05-21 19:15:56,525 [DEBUG  ] epd13in3E   : e-Paper busy H checking at Starting [[display_image]] Everybody [[ReadBusyH]]
2025-05-21 19:15:56,526 [DEBUG  ] epd13in3E   : e-Paper busy H released at Starting [[display_image]] Everybody [[ReadBusyH]]
2025-05-21 19:15:56,526 [DEBUG  ] epd13in3E   : Sending data 1 for Everybody [[display]]
2025-05-21 19:15:56,527 [INFO   ] epd13in3E   : Returning early from [[display]] due to should_stop for 1 Everybody [[returnFunc]]
2025-05-21 19:15:56,545 [INFO   ] RoonArtFrame: Finished sending image to display for Everybody [[display_image]]
2025-05-21 19:15:58,490 [DEBUG  ] websocket   : Sending ping [[debug]]
2025-05-21 19:16:08,491 [DEBUG  ] websocket   : Sending ping [[debug]]
2025-05-21 19:16:15,934 [DEBUG  ] RoonArtFrame: Processing zones_changed event [[zone_event_callback]]
2025-05-21 19:16:15,935 [DEBUG  ] RoonArtFrame: Processing zone 160115a2925db2f233703b5ff9cac08b0436, data keys: dict_keys(['zone_id', 'display_name', 'outputs', 'state', 'is_next_allowed', 'is_previous_allowed', 'is_pause_allowed', 'is_play_allowed', 'is_seek_allowed', 'queue_items_remaining', 'queue_time_remaining', 'settings', 'now_playing', 'seek_position']) [[process_zone_data]]
2025-05-21 19:16:15,936 [DEBUG  ] RoonArtFrame: Now playing keys: dict_keys(['seek_position', 'length', 'one_line', 'two_line', 'three_line', 'image_key', 'artist_image_keys']) [[process_now_playing]]
2025-05-21 19:16:15,936 [INFO   ] RoonArtFrame: New track detected with image key: 5bec0785d54d92fe460893bef3d50132 [[process_now_playing]]
2025-05-21 19:16:15,937 [INFO   ] RoonArtFrame: Now Playing: All the Jingle Ladies - jobii - A Merry Lofi Christmas [[process_now_playing]]
2025-05-21 19:16:15,939 [INFO   ] RoonArtFrame: Fetching album art from: http://192.168.1.128:9330/api/image/5bec0785d54d92fe460893bef3d50132?scale=fit&width=1200&height=1200 [[fetch_and_display_album_art]]
2025-05-21 19:16:15,948 [DEBUG  ] urllib3.connectionpool: Starting new HTTP connection (1): 192.168.1.128:9330 [[_new_conn]]
2025-05-21 19:16:16,670 [DEBUG  ] urllib3.connectionpool: http://192.168.1.128:9330 "GET /api/image/5bec0785d54d92fe460893bef3d50132?scale=fit&width=1200&height=1200 HTTP/1.1" 200 991632 [[_make_request]]
2025-05-21 19:16:16,673 [DEBUG  ] RoonArtFrame: Image successfully downloaded [[download_image]]
2025-05-21 19:16:17,108 [INFO   ] RoonArtFrame: Successfully saved album art to /mnt/dietpi_userdata/album_art/album_art_5bec0785d54d92fe460893bef3d50132.jpg [[fetch_and_display_album_art]]
2025-05-21 19:16:17,108 [DEBUG  ] RoonArtFrame: Updating viewer [[fetch_and_display_album_art]]
2025-05-21 19:16:17,109 [INFO   ] RoonArtFrame: Setting should_stop triggered by All the Jingle Ladies [[update]]
2025-05-21 19:16:17,109 [DEBUG  ] RoonArtFrame: Starting to process image position [[process_image_position]]
2025-05-21 19:16:17,159 [DEBUG  ] RoonArtFrame: Resizing [[process_image_position]]
2025-05-21 19:16:17,181 [DEBUG  ] RoonArtFrame: Padding [[pad_image_to_size]]
2025-05-21 19:16:17,182 [DEBUG  ] RoonArtFrame: Starting creating new image [[pad_image_to_size]]
2025-05-21 19:16:17,217 [DEBUG  ] RoonArtFrame: Finished creating new image [[pad_image_to_size]]
2025-05-21 19:16:17,217 [DEBUG  ] RoonArtFrame: Starting pasting images together [[pad_image_to_size]]
2025-05-21 19:16:17,225 [DEBUG  ] RoonArtFrame: Finished pasting images together [[pad_image_to_size]]
2025-05-21 19:16:17,225 [DEBUG  ] RoonArtFrame: Checking previous update thread for All the Jingle Ladies [[update]]
2025-05-21 19:16:17,226 [DEBUG  ] RoonArtFrame: Creating new update thread for All the Jingle Ladies [[update]]
2025-05-21 19:16:17,227 [DEBUG  ] RoonArtFrame: Starting sending image to display for All the Jingle Ladies [[display_image]]
2025-05-21 19:16:17,228 [DEBUG  ] RoonArtFrame: Processing zones_changed event [[zone_event_callback]]
2025-05-21 19:16:17,231 [DEBUG  ] RoonArtFrame: Processing zone 160115a2925db2f233703b5ff9cac08b0436, data keys: dict_keys(['zone_id', 'display_name', 'outputs', 'state', 'is_next_allowed', 'is_previous_allowed', 'is_pause_allowed', 'is_play_allowed', 'is_seek_allowed', 'queue_items_remaining', 'queue_time_remaining', 'settings', 'now_playing', 'seek_position']) [[process_zone_data]]
2025-05-21 19:16:17,232 [DEBUG  ] RoonArtFrame: Now playing keys: dict_keys(['seek_position', 'length', 'one_line', 'two_line', 'three_line', 'image_key', 'artist_image_keys']) [[process_now_playing]]
2025-05-21 19:16:17,233 [DEBUG  ] RoonArtFrame: Ignoring duplicate event {'seek_position': None, 'length': 154, 'one_line': {'line1': 'All the Jingle Ladies - jobii'}, 'two_line': {'line1': 'All the Jingle Ladies', 'line2': 'jobii'}, 'three_line': {'line1': 'All the Jingle Ladies', 'line2': 'jobii', 'line3': 'A Merry Lofi Christmas'}, 'image_key': '5bec0785d54d92fe460893bef3d50132', 'artist_image_keys': ['e97493c5dd97ce5b99e516e747ece727', '89ae5c27da74a98c1e7d64e4acceefb5']} [[process_now_playing]]
2025-05-21 19:16:18,498 [DEBUG  ] websocket   : Sending ping [[debug]]
2025-05-21 19:16:19,921 [DEBUG  ] epd13in3E   : e-Paper busy H checking at Starting [[display_image]] All the Jingle Ladies [[ReadBusyH]]
2025-05-21 19:16:19,922 [DEBUG  ] epd13in3E   : e-Paper busy H released at Starting [[display_image]] All the Jingle Ladies [[ReadBusyH]]
2025-05-21 19:16:19,923 [DEBUG  ] epd13in3E   : Sending data 1 for All the Jingle Ladies [[display]]
2025-05-21 19:16:19,923 [INFO   ] epd13in3E   : Returning early from [[display]] due to should_stop for 1 All the Jingle Ladies [[returnFunc]]
2025-05-21 19:16:19,945 [INFO   ] RoonArtFrame: Finished sending image to display for All the Jingle Ladies [[display_image]]
2025-05-21 19:16:28,512 [DEBUG  ] websocket   : Sending ping [[debug]]
2025-05-21 19:16:38,514 [DEBUG  ] websocket   : Sending ping [[debug]]
2025-05-21 19:16:48,515 [DEBUG  ] websocket   : Sending ping [[debug]]
2025-05-21 19:16:58,517 [DEBUG  ] websocket   : Sending ping [[debug]]
2025-05-21 19:17:08,518 [DEBUG  ] websocket   : Sending ping [[debug]]
2025-05-21 19:17:18,519 [DEBUG  ] websocket   : Sending ping [[debug]]
2025-05-21 19:17:28,521 [DEBUG  ] websocket   : Sending ping [[debug]]
2025-05-21 19:17:36,316 [DEBUG  ] RoonArtFrame: Processing zones_changed event [[zone_event_callback]]
2025-05-21 19:17:36,316 [DEBUG  ] RoonArtFrame: Processing zone 160115a2925db2f233703b5ff9cac08b0436, data keys: dict_keys(['zone_id', 'display_name', 'outputs', 'state', 'is_next_allowed', 'is_previous_allowed', 'is_pause_allowed', 'is_play_allowed', 'is_seek_allowed', 'queue_items_remaining', 'queue_time_remaining', 'settings', 'now_playing', 'seek_position']) [[process_zone_data]]
2025-05-21 19:17:36,317 [DEBUG  ] RoonArtFrame: Now playing keys: dict_keys(['seek_position', 'length', 'one_line', 'two_line', 'three_line', 'image_key', 'artist_image_keys']) [[process_now_playing]]
2025-05-21 19:17:36,317 [INFO   ] RoonArtFrame: New track detected with image key: 7f67bc7288186c3b4ec05d8c5e0c92e2 [[process_now_playing]]
2025-05-21 19:17:36,318 [INFO   ] RoonArtFrame: Now Playing: That Time of the Year - Sarah, the !llstrumentalist - That Time of the Year [[process_now_playing]]
2025-05-21 19:17:36,319 [INFO   ] RoonArtFrame: Fetching album art from: http://192.168.1.128:9330/api/image/7f67bc7288186c3b4ec05d8c5e0c92e2?scale=fit&width=1200&height=1200 [[fetch_and_display_album_art]]
2025-05-21 19:17:36,328 [DEBUG  ] urllib3.connectionpool: Starting new HTTP connection (1): 192.168.1.128:9330 [[_new_conn]]
2025-05-21 19:17:37,059 [DEBUG  ] urllib3.connectionpool: http://192.168.1.128:9330 "GET /api/image/7f67bc7288186c3b4ec05d8c5e0c92e2?scale=fit&width=1200&height=1200 HTTP/1.1" 200 460025 [[_make_request]]
2025-05-21 19:17:37,062 [DEBUG  ] RoonArtFrame: Image successfully downloaded [[download_image]]
2025-05-21 19:17:38,522 [DEBUG  ] websocket   : Sending ping [[debug]]
2025-05-21 19:17:38,771 [INFO   ] RoonArtFrame: Successfully saved album art to /mnt/dietpi_userdata/album_art/album_art_7f67bc7288186c3b4ec05d8c5e0c92e2.jpg [[fetch_and_display_album_art]]
2025-05-21 19:17:38,772 [DEBUG  ] RoonArtFrame: Updating viewer [[fetch_and_display_album_art]]
2025-05-21 19:17:38,772 [INFO   ] RoonArtFrame: Setting should_stop triggered by That Time of the Year [[update]]
2025-05-21 19:17:38,773 [DEBUG  ] RoonArtFrame: Starting to process image position [[process_image_position]]
2025-05-21 19:17:38,821 [DEBUG  ] RoonArtFrame: Resizing [[process_image_position]]
2025-05-21 19:17:38,842 [DEBUG  ] RoonArtFrame: Padding [[pad_image_to_size]]
2025-05-21 19:17:38,843 [DEBUG  ] RoonArtFrame: Starting creating new image [[pad_image_to_size]]
2025-05-21 19:17:38,878 [DEBUG  ] RoonArtFrame: Finished creating new image [[pad_image_to_size]]
2025-05-21 19:17:38,878 [DEBUG  ] RoonArtFrame: Starting pasting images together [[pad_image_to_size]]
2025-05-21 19:17:38,885 [DEBUG  ] RoonArtFrame: Finished pasting images together [[pad_image_to_size]]
2025-05-21 19:17:38,886 [DEBUG  ] RoonArtFrame: Checking previous update thread for That Time of the Year [[update]]
2025-05-21 19:17:38,886 [DEBUG  ] RoonArtFrame: Creating new update thread for That Time of the Year [[update]]
2025-05-21 19:17:38,887 [DEBUG  ] RoonArtFrame: Starting sending image to display for That Time of the Year [[display_image]]
2025-05-21 19:17:38,890 [DEBUG  ] RoonArtFrame: Processing zones_changed event [[zone_event_callback]]
2025-05-21 19:17:38,891 [DEBUG  ] RoonArtFrame: Processing zone 160115a2925db2f233703b5ff9cac08b0436, data keys: dict_keys(['zone_id', 'display_name', 'outputs', 'state', 'is_next_allowed', 'is_previous_allowed', 'is_pause_allowed', 'is_play_allowed', 'is_seek_allowed', 'queue_items_remaining', 'queue_time_remaining', 'settings', 'now_playing', 'seek_position']) [[process_zone_data]]
2025-05-21 19:17:38,892 [DEBUG  ] RoonArtFrame: Now playing keys: dict_keys(['seek_position', 'length', 'one_line', 'two_line', 'three_line', 'image_key', 'artist_image_keys']) [[process_now_playing]]
2025-05-21 19:17:38,893 [DEBUG  ] RoonArtFrame: Ignoring duplicate event {'seek_position': None, 'length': 149, 'one_line': {'line1': 'That Time of the Year - Sarah, the !llstrumentalist'}, 'two_line': {'line1': 'That Time of the Year', 'line2': 'Sarah, the !llstrumentalist'}, 'three_line': {'line1': 'That Time of the Year', 'line2': 'Sarah, the !llstrumentalist', 'line3': 'That Time of the Year'}, 'image_key': '7f67bc7288186c3b4ec05d8c5e0c92e2', 'artist_image_keys': ['2628d3eef5f25bf7229f8d0bc7294ed4']} [[process_now_playing]]
2025-05-21 19:17:41,063 [DEBUG  ] epd13in3E   : e-Paper busy H checking at Starting [[display_image]] That Time of the Year [[ReadBusyH]]
2025-05-21 19:17:41,063 [DEBUG  ] epd13in3E   : e-Paper busy H released at Starting [[display_image]] That Time of the Year [[ReadBusyH]]
2025-05-21 19:17:41,063 [DEBUG  ] epd13in3E   : Sending data 1 for That Time of the Year [[display]]
2025-05-21 19:17:41,064 [INFO   ] epd13in3E   : Returning early from [[display]] due to should_stop for 1 That Time of the Year [[returnFunc]]
2025-05-21 19:17:41,077 [INFO   ] RoonArtFrame: Finished sending image to display for That Time of the Year [[display_image]]
2025-05-21 19:17:48,523 [DEBUG  ] websocket   : Sending ping [[debug]]
2025-05-21 19:17:58,525 [DEBUG  ] websocket   : Sending ping [[debug]]
2025-05-21 19:18:08,526 [DEBUG  ] websocket   : Sending ping [[debug]]
2025-05-21 19:18:18,527 [DEBUG  ] websocket   : Sending ping [[debug]]
2025-05-21 19:18:28,529 [DEBUG  ] websocket   : Sending ping [[debug]]
2025-05-21 19:18:37,797 [DEBUG  ] RoonArtFrame: Processing zones_changed event [[zone_event_callback]]
2025-05-21 19:18:37,797 [DEBUG  ] RoonArtFrame: Processing zone 160115a2925db2f233703b5ff9cac08b0436, data keys: dict_keys(['zone_id', 'display_name', 'outputs', 'state', 'is_next_allowed', 'is_previous_allowed', 'is_pause_allowed', 'is_play_allowed', 'is_seek_allowed', 'queue_items_remaining', 'queue_time_remaining', 'settings', 'now_playing', 'seek_position']) [[process_zone_data]]
2025-05-21 19:18:37,798 [DEBUG  ] RoonArtFrame: Now playing keys: dict_keys(['seek_position', 'length', 'one_line', 'two_line', 'three_line', 'image_key']) [[process_now_playing]]
2025-05-21 19:18:37,798 [INFO   ] RoonArtFrame: New track detected with image key: 47e4fd904a67571ca4ebaacd20c4a4a7 [[process_now_playing]]
2025-05-21 19:18:37,798 [INFO   ] RoonArtFrame: Now Playing: Two Days before the Day after Christmas - Yomoti - Two Days before the Day after Christmas [[process_now_playing]]
2025-05-21 19:18:37,799 [INFO   ] RoonArtFrame: Fetching album art from: http://192.168.1.128:9330/api/image/47e4fd904a67571ca4ebaacd20c4a4a7?scale=fit&width=1200&height=1200 [[fetch_and_display_album_art]]
2025-05-21 19:18:37,805 [DEBUG  ] urllib3.connectionpool: Starting new HTTP connection (1): 192.168.1.128:9330 [[_new_conn]]
2025-05-21 19:18:38,530 [DEBUG  ] websocket   : Sending ping [[debug]]
2025-05-21 19:18:38,789 [DEBUG  ] urllib3.connectionpool: http://192.168.1.128:9330 "GET /api/image/47e4fd904a67571ca4ebaacd20c4a4a7?scale=fit&width=1200&height=1200 HTTP/1.1" 200 596740 [[_make_request]]
2025-05-21 19:18:38,791 [DEBUG  ] RoonArtFrame: Image successfully downloaded [[download_image]]
2025-05-21 19:18:39,166 [INFO   ] RoonArtFrame: Successfully saved album art to /mnt/dietpi_userdata/album_art/album_art_47e4fd904a67571ca4ebaacd20c4a4a7.jpg [[fetch_and_display_album_art]]
2025-05-21 19:18:39,166 [DEBUG  ] RoonArtFrame: Updating viewer [[fetch_and_display_album_art]]
2025-05-21 19:18:39,167 [INFO   ] RoonArtFrame: Setting should_stop triggered by Two Days before the Day after Christmas [[update]]
2025-05-21 19:18:39,167 [DEBUG  ] RoonArtFrame: Starting to process image position [[process_image_position]]
2025-05-21 19:18:39,201 [DEBUG  ] RoonArtFrame: Resizing [[process_image_position]]
2025-05-21 19:18:39,217 [DEBUG  ] RoonArtFrame: Padding [[pad_image_to_size]]
2025-05-21 19:18:39,217 [DEBUG  ] RoonArtFrame: Starting creating new image [[pad_image_to_size]]
2025-05-21 19:18:39,239 [DEBUG  ] RoonArtFrame: Finished creating new image [[pad_image_to_size]]
2025-05-21 19:18:39,239 [DEBUG  ] RoonArtFrame: Starting pasting images together [[pad_image_to_size]]
2025-05-21 19:18:39,245 [DEBUG  ] RoonArtFrame: Finished pasting images together [[pad_image_to_size]]
2025-05-21 19:18:39,245 [DEBUG  ] RoonArtFrame: Checking previous update thread for Two Days before the Day after Christmas [[update]]
2025-05-21 19:18:39,246 [DEBUG  ] RoonArtFrame: Creating new update thread for Two Days before the Day after Christmas [[update]]
2025-05-21 19:18:39,247 [DEBUG  ] RoonArtFrame: Starting sending image to display for Two Days before the Day after Christmas [[display_image]]
2025-05-21 19:18:39,249 [DEBUG  ] RoonArtFrame: Processing zones_changed event [[zone_event_callback]]
2025-05-21 19:18:39,249 [DEBUG  ] RoonArtFrame: Processing zone 160115a2925db2f233703b5ff9cac08b0436, data keys: dict_keys(['zone_id', 'display_name', 'outputs', 'state', 'is_next_allowed', 'is_previous_allowed', 'is_pause_allowed', 'is_play_allowed', 'is_seek_allowed', 'queue_items_remaining', 'queue_time_remaining', 'settings', 'now_playing', 'seek_position']) [[process_zone_data]]
2025-05-21 19:18:39,250 [DEBUG  ] RoonArtFrame: Now playing keys: dict_keys(['seek_position', 'length', 'one_line', 'two_line', 'three_line', 'image_key']) [[process_now_playing]]
2025-05-21 19:18:39,250 [DEBUG  ] RoonArtFrame: Update contains the same image as is currently displayed [[process_now_playing]]
2025-05-21 19:18:40,887 [DEBUG  ] epd13in3E   : e-Paper busy H checking at Starting [[display_image]] Two Days before the Day after Christmas [[ReadBusyH]]
2025-05-21 19:18:40,887 [DEBUG  ] epd13in3E   : e-Paper busy H released at Starting [[display_image]] Two Days before the Day after Christmas [[ReadBusyH]]
2025-05-21 19:18:40,887 [DEBUG  ] epd13in3E   : Sending data 1 for Two Days before the Day after Christmas [[display]]
2025-05-21 19:18:40,888 [INFO   ] epd13in3E   : Returning early from [[display]] due to should_stop for 1 Two Days before the Day after Christmas [[returnFunc]]
2025-05-21 19:18:40,900 [INFO   ] RoonArtFrame: Finished sending image to display for Two Days before the Day after Christmas [[display_image]]
2025-05-21 19:18:48,531 [DEBUG  ] websocket   : Sending ping [[debug]]
2025-05-21 19:18:58,533 [DEBUG  ] websocket   : Sending ping [[debug]]
2025-05-21 19:19:08,534 [DEBUG  ] websocket   : Sending ping [[debug]]
2025-05-21 19:19:18,536 [DEBUG  ] websocket   : Sending ping [[debug]]
