2025-05-21 19:17:16,509 [DEBUG  ] RoonArtFrame: Adding libdir to path: /mnt/dietpi_userdata/roon-album-art-display/libs [[<module>]]
2025-05-21 19:17:16,516 [INFO   ] RoonArtFrame: Configuration loaded [[load_config]]
2025-05-21 19:17:16,517 [DEBUG  ] RoonArtFrame: Importing epd13in3E [[<module>]]
2025-05-21 19:17:16,592 [DEBUG  ] epd13in3E   : Exiting early [[EarlyExit]]
2025-05-21 19:17:16,593 [DEBUG  ] RoonArtFrame: Finished importing epd13in3E [[<module>]]
2025-05-21 19:17:16,593 [DEBUG  ] epd13in3E   : EPD init... [[Init]]
2025-05-21 19:17:16,745 [DEBUG  ] epd13in3E   : e-Paper busy H checking at EPD init [[ReadBusyH]]
2025-05-21 19:17:16,746 [DEBUG  ] epd13in3E   : e-Paper busy H released at EPD init [[ReadBusyH]]
2025-05-21 19:17:16,747 [DEBUG  ] RoonArtFrame: Created viewer [[<module>]]
2025-05-21 19:17:16,747 [INFO   ] RoonArtFrame: Starting Roon Album Art Display [[__init__]]
2025-05-21 19:17:16,748 [INFO   ] RoonArtFrame: Allowed zone names: ["System Output", "Sonos"] [[__init__]]
2025-05-21 19:17:16,748 [INFO   ] RoonArtFrame: Forbidden zone names: ["comma", "separated", "list of zone names"] [[__init__]]
2025-05-21 19:17:16,749 [INFO   ] RoonArtFrame: Token file path: /root/.roon_album_display_token.txt [[__init__]]
2025-05-21 19:17:16,754 [INFO   ] RoonArtFrame: Connecting to Roon before starting display... [[__init__]]
2025-05-21 19:17:16,755 [INFO   ] RoonArtFrame: Found existing auth token [[connect_to_roon]]
2025-05-21 19:17:16,756 [INFO   ] RoonArtFrame: Trying direct connection to saved server at 192.168.1.128:9330 [[connect_to_roon]]
2025-05-21 19:17:16,774 [INFO   ] websocket   : Websocket connected [[info]]
2025-05-21 19:17:16,809 [INFO   ] RoonArtFrame: Successfully connected to saved server! [[connect_to_roon]]
2025-05-21 19:17:16,811 [DEBUG  ] RoonArtFrame: Zones data: {'1601c3b912966d7fbcea2040b0606bad86ea': {'zone_id': '1601c3b912966d7fbcea2040b0606bad86ea', 'display_name': 'KEF LS50w', 'outputs': [{'output_id': '1701c3b912966d7fbcea2040b0606bad86ea', 'zone_id': '1601c3b912966d7fbcea2040b0606bad86ea', 'can_group_with_output_ids': [], 'display_name': 'KEF LS50w', 'volume': {'type': 'number', 'min': 0, 'max': 100, 'value': 33, 'step': 1, 'is_muted': False, 'hard_limit_min': 0, 'hard_limit_max': 100, 'soft_limit': 100}, 'source_controls': [{'control_key': '1', 'display_name': 'LS50w (LS50 Wireless)', 'supports_standby': False, 'status': 'indeterminate'}]}], 'state': 'paused', 'is_next_allowed': True, 'is_previous_allowed': True, 'is_pause_allowed': False, 'is_play_allowed': True, 'is_seek_allowed': True, 'queue_items_remaining': 10, 'queue_time_remaining': 3512, 'settings': {'loop': 'disabled', 'shuffle': False, 'auto_radio': True}, 'now_playing': {'seek_position': 221, 'length': 315, 'one_line': {'line1': 'Tijuana - Grouch'}, 'two_line': {'line1': 'Tijuana', 'line2': 'Grouch'}, 'three_line': {'line1': 'Tijuana', 'line2': 'Grouch', 'line3': 'Metamorph'}, 'image_key': '62edef4552b764fb38935ee2118abd4f', 'artist_image_keys': ['cd23ff770e36795f71283c1c161ae7dd']}}, '1601b2e4dfbef815ffaae4029e67a160485f': {'zone_id': '1601b2e4dfbef815ffaae4029e67a160485f', 'display_name': 'KEF LSX', 'outputs': [{'output_id': '1701b2e4dfbef815ffaae4029e67a160485f', 'zone_id': '1601b2e4dfbef815ffaae4029e67a160485f', 'can_group_with_output_ids': [], 'display_name': 'KEF LSX', 'volume': {'type': 'number', 'min': 0, 'max': 100, 'value': 78, 'step': 1, 'is_muted': False, 'hard_limit_min': 0, 'hard_limit_max': 100, 'soft_limit': 100}, 'source_controls': [{'control_key': '1', 'display_name': 'LSX (KEF LSX)', 'supports_standby': True, 'status': 'indeterminate'}]}], 'state': 'paused', 'is_next_allowed': True, 'is_previous_allowed': True, 'is_pause_allowed': False, 'is_play_allowed': True, 'is_seek_allowed': True, 'queue_items_remaining': 13, 'queue_time_remaining': 3037, 'settings': {'loop': 'disabled', 'shuffle': False, 'auto_radio': False}, 'now_playing': {'seek_position': 49, 'length': 223, 'one_line': {'line1': 'Music Club - Chase & Status'}, 'two_line': {'line1': 'Music Club', 'line2': 'Chase & Status'}, 'three_line': {'line1': 'Music Club', 'line2': 'Chase & Status', 'line3': 'More Than Alot'}, 'image_key': 'ecc5bd6e1373e525f1698d57acabc30f', 'artist_image_keys': ['e9240db784c00d88b4a211e77c5702e9']}}, '160115a2925db2f233703b5ff9cac08b0436': {'zone_id': '160115a2925db2f233703b5ff9cac08b0436', 'display_name': 'Sonos', 'outputs': [{'output_id': '170115a2925db2f233703b5ff9cac08b0436', 'zone_id': '160115a2925db2f233703b5ff9cac08b0436', 'can_group_with_output_ids': ['170115a2925db2f233703b5ff9cac08b0436'], 'display_name': 'Sonos', 'volume': {'type': 'number', 'min': 0, 'max': 100, 'value': 20, 'step': 1, 'is_muted': False, 'hard_limit_min': 0, 'hard_limit_max': 100, 'soft_limit': 100}, 'source_controls': [{'control_key': '1', 'display_name': 'Move 2 (MOVE 2)', 'supports_standby': False, 'status': 'indeterminate'}]}], 'state': 'playing', 'is_next_allowed': True, 'is_previous_allowed': True, 'is_pause_allowed': True, 'is_play_allowed': False, 'is_seek_allowed': True, 'queue_items_remaining': 64, 'queue_time_remaining': 7706, 'settings': {'loop': 'disabled', 'shuffle': False, 'auto_radio': True}, 'now_playing': {'seek_position': 79, 'length': 144, 'one_line': {'line1': 'Two Days before the Day after Christmas - Yomoti'}, 'two_line': {'line1': 'Two Days before the Day after Christmas', 'line2': 'Yomoti'}, 'three_line': {'line1': 'Two Days before the Day after Christmas', 'line2': 'Yomoti', 'line3': 'Two Days before the Day after Christmas'}, 'image_key': '47e4fd904a67571ca4ebaacd20c4a4a7'}}, '160191caeb528ff6b5e90ccbb1e03405e1c3': {'zone_id': '160191caeb528ff6b5e90ccbb1e03405e1c3', 'display_name': 'Lounge TV', 'outputs': [{'output_id': '170191caeb528ff6b5e90ccbb1e03405e1c3', 'zone_id': '160191caeb528ff6b5e90ccbb1e03405e1c3', 'can_group_with_output_ids': [], 'display_name': 'Lounge TV', 'source_controls': [{'control_key': '1', 'display_name': 'Chromecast', 'supports_standby': False, 'status': 'indeterminate'}]}], 'state': 'paused', 'is_next_allowed': True, 'is_previous_allowed': True, 'is_pause_allowed': False, 'is_play_allowed': True, 'is_seek_allowed': True, 'queue_items_remaining': 1, 'queue_time_remaining': 297, 'settings': {'loop': 'disabled', 'shuffle': False, 'auto_radio': True}, 'now_playing': {'seek_position': 19, 'length': 316, 'one_line': {'line1': 'All Res - GoGo Penguin / Chris Illingworth / Rob Turner / Nick Blacka'}, 'two_line': {'line1': 'All Res', 'line2': 'GoGo Penguin / Chris Illingworth / Rob Turner / Nick Blacka'}, 'three_line': {'line1': 'All Res', 'line2': 'GoGo Penguin / Chris Illingworth / Rob Turner / Nick Blacka', 'line3': 'Man Made Object'}, 'image_key': 'da12b82b702a5af394f6a7f9d3c1d167', 'artist_image_keys': ['1ac0bae118fc596866807ecc74ae1f20']}}, '1601d5937baba8ee6f785565f6ac4e181d6f': {'zone_id': '1601d5937baba8ee6f785565f6ac4e181d6f', 'display_name': 'Bedroom', 'outputs': [{'output_id': '1701d5937baba8ee6f785565f6ac4e181d6f', 'zone_id': '1601d5937baba8ee6f785565f6ac4e181d6f', 'can_group_with_output_ids': [], 'display_name': 'Bedroom', 'volume': {'type': 'number', 'min': 0, 'max': 100, 'value': 56, 'step': 1, 'is_muted': False, 'hard_limit_min': 0, 'hard_limit_max': 100, 'soft_limit': 100}, 'source_controls': [{'control_key': '1', 'display_name': 'Chromecast Audio', 'supports_standby': False, 'status': 'indeterminate'}]}], 'state': 'paused', 'is_next_allowed': True, 'is_previous_allowed': True, 'is_pause_allowed': False, 'is_play_allowed': True, 'is_seek_allowed': True, 'queue_items_remaining': 2, 'queue_time_remaining': 363, 'settings': {'loop': 'disabled', 'shuffle': False, 'auto_radio': True}, 'now_playing': {'seek_position': 87, 'length': 232, 'one_line': {'line1': 'Silver Seed - Rumpistol'}, 'two_line': {'line1': 'Silver Seed', 'line2': 'Rumpistol'}, 'three_line': {'line1': 'Silver Seed', 'line2': 'Rumpistol', 'line3': 'Nebula'}, 'image_key': 'd94b3801b55a8d847b637ed0ae027e6e', 'artist_image_keys': ['ae86426fccc0bd9c314d620d8bea8919']}}, '1601c4b6e5ab95fe9dcb8fcdddab3e4bfbf5': {'zone_id': '1601c4b6e5ab95fe9dcb8fcdddab3e4bfbf5', 'display_name': 'Kitchen', 'outputs': [{'output_id': '1701c4b6e5ab95fe9dcb8fcdddab3e4bfbf5', 'zone_id': '1601c4b6e5ab95fe9dcb8fcdddab3e4bfbf5', 'can_group_with_output_ids': [], 'display_name': 'Kitchen', 'volume': {'type': 'number', 'min': 0, 'max': 100, 'value': 40, 'step': 1, 'is_muted': False, 'hard_limit_min': 0, 'hard_limit_max': 100, 'soft_limit': 100}, 'source_controls': [{'control_key': '1', 'display_name': 'Google Cast Group', 'supports_standby': False, 'status': 'indeterminate'}]}], 'state': 'paused', 'is_next_allowed': True, 'is_previous_allowed': True, 'is_pause_allowed': False, 'is_play_allowed': True, 'is_seek_allowed': True, 'queue_items_remaining': 21, 'queue_time_remaining': 4311, 'settings': {'loop': 'disabled', 'shuffle': False, 'auto_radio': True}, 'now_playing': {'seek_position': 1, 'length': 173, 'one_line': {'line1': 'Dumpweed (Live/1999) - blink‐182'}, 'two_line': {'line1': 'Dumpweed (Live/1999)', 'line2': 'blink‐182'}, 'three_line': {'line1': 'Dumpweed (Live/1999)', 'line2': 'blink‐182', 'line3': 'The Mark, Tom And Travis Show (The Enema Strikes Back!) (Live)'}, 'image_key': 'b674ca84de94370c52deb513d489c172', 'artist_image_keys': ['def319bd475447a51a346ca3e76d208b']}}, '1601881aa39791e74e829de6dc08a755e364': {'zone_id': '1601881aa39791e74e829de6dc08a755e364', 'display_name': 'Dining Room', 'outputs': [{'output_id': '1701881aa39791e74e829de6dc08a755e364', 'zone_id': '1601881aa39791e74e829de6dc08a755e364', 'can_group_with_output_ids': [], 'display_name': 'Dining Room', 'volume': {'type': 'number', 'min': 0, 'max': 100, 'value': 40, 'step': 1, 'is_muted': False, 'hard_limit_min': 0, 'hard_limit_max': 100, 'soft_limit': 100}, 'source_controls': [{'control_key': '1', 'display_name': 'C4A', 'supports_standby': False, 'status': 'indeterminate'}]}], 'state': 'paused', 'is_next_allowed': True, 'is_previous_allowed': True, 'is_pause_allowed': False, 'is_play_allowed': True, 'is_seek_allowed': True, 'queue_items_remaining': 6, 'queue_time_remaining': 2055, 'settings': {'loop': 'loop', 'shuffle': False, 'auto_radio': True}, 'now_playing': {'seek_position': 3, 'length': 233, 'one_line': {'line1': 'METEORA (feat. Max the Sax) - '}, 'two_line': {'line1': 'METEORA (feat. Max the Sax)', 'line2': ''}, 'three_line': {'line1': 'METEORA (feat. Max the Sax)', 'line2': '', 'line3': 'METEORA (feat. Max the Sax)'}, 'image_key': '3d3fd9dbc3466b9aaf8b38cfb90aefa4'}}, '16019268b080cc971aa1ab2ff76c1a3ebbe1': {'zone_id': '16019268b080cc971aa1ab2ff76c1a3ebbe1', 'display_name': 'Fold', 'outputs': [{'output_id': '17019268b080cc971aa1ab2ff76c1a3ebbe1', 'zone_id': '16019268b080cc971aa1ab2ff76c1a3ebbe1', 'can_group_with_output_ids': [], 'display_name': 'Fold', 'volume': {'type': 'number', 'min': 0, 'max': 15, 'value': 0, 'step': 1, 'is_muted': False, 'hard_limit_min': 0, 'hard_limit_max': 15, 'soft_limit': 15}, 'source_controls': [{'control_key': '1', 'display_name': 'Default Output', 'supports_standby': False, 'status': 'indeterminate'}]}], 'state': 'paused', 'is_next_allowed': True, 'is_previous_allowed': True, 'is_pause_allowed': False, 'is_play_allowed': True, 'is_seek_allowed': True, 'queue_items_remaining': 12, 'queue_time_remaining': 2555, 'settings': {'loop': 'disabled', 'shuffle': False, 'auto_radio': True}, 'now_playing': {'seek_position': 33, 'length': 222, 'one_line': {'line1': 'Right Side Of The Bed - Atreyu'}, 'two_line': {'line1': 'Right Side Of The Bed', 'line2': 'Atreyu'}, 'three_line': {'line1': 'Right Side Of The Bed', 'line2': 'Atreyu', 'line3': 'The Curse (Deluxe Edition)'}, 'image_key': '574c3f8bd173127fbb1e2faca8dc932f', 'artist_image_keys': ['270a31aec3da2ad365b62a8f1b718df4']}}} [[connect_to_roon]]
2025-05-21 19:17:16,811 [DEBUG  ] RoonArtFrame: Processing zone 1601c3b912966d7fbcea2040b0606bad86ea, data keys: dict_keys(['zone_id', 'display_name', 'outputs', 'state', 'is_next_allowed', 'is_previous_allowed', 'is_pause_allowed', 'is_play_allowed', 'is_seek_allowed', 'queue_items_remaining', 'queue_time_remaining', 'settings', 'now_playing']) [[process_zone_data]]
2025-05-21 19:17:16,812 [DEBUG  ] RoonArtFrame: Received event from zone KEF LS50w but it is not in the allowed list [[process_zone_data]]
2025-05-21 19:17:16,812 [DEBUG  ] RoonArtFrame: Processing zone 1601b2e4dfbef815ffaae4029e67a160485f, data keys: dict_keys(['zone_id', 'display_name', 'outputs', 'state', 'is_next_allowed', 'is_previous_allowed', 'is_pause_allowed', 'is_play_allowed', 'is_seek_allowed', 'queue_items_remaining', 'queue_time_remaining', 'settings', 'now_playing']) [[process_zone_data]]
2025-05-21 19:17:16,812 [DEBUG  ] RoonArtFrame: Received event from zone KEF LSX but it is not in the allowed list [[process_zone_data]]
2025-05-21 19:17:16,813 [DEBUG  ] RoonArtFrame: Processing zone 160115a2925db2f233703b5ff9cac08b0436, data keys: dict_keys(['zone_id', 'display_name', 'outputs', 'state', 'is_next_allowed', 'is_previous_allowed', 'is_pause_allowed', 'is_play_allowed', 'is_seek_allowed', 'queue_items_remaining', 'queue_time_remaining', 'settings', 'now_playing']) [[process_zone_data]]
2025-05-21 19:17:16,813 [DEBUG  ] RoonArtFrame: Now playing keys: dict_keys(['seek_position', 'length', 'one_line', 'two_line', 'three_line', 'image_key']) [[process_now_playing]]
2025-05-21 19:17:16,813 [DEBUG  ] RoonArtFrame: Update contains the same image as is currently displayed [[process_now_playing]]
2025-05-21 19:17:16,813 [DEBUG  ] RoonArtFrame: Processing zone 160191caeb528ff6b5e90ccbb1e03405e1c3, data keys: dict_keys(['zone_id', 'display_name', 'outputs', 'state', 'is_next_allowed', 'is_previous_allowed', 'is_pause_allowed', 'is_play_allowed', 'is_seek_allowed', 'queue_items_remaining', 'queue_time_remaining', 'settings', 'now_playing']) [[process_zone_data]]
2025-05-21 19:17:16,813 [DEBUG  ] RoonArtFrame: Received event from zone Lounge TV but it is not in the allowed list [[process_zone_data]]
2025-05-21 19:17:16,814 [DEBUG  ] RoonArtFrame: Processing zone 1601d5937baba8ee6f785565f6ac4e181d6f, data keys: dict_keys(['zone_id', 'display_name', 'outputs', 'state', 'is_next_allowed', 'is_previous_allowed', 'is_pause_allowed', 'is_play_allowed', 'is_seek_allowed', 'queue_items_remaining', 'queue_time_remaining', 'settings', 'now_playing']) [[process_zone_data]]
2025-05-21 19:17:16,814 [DEBUG  ] RoonArtFrame: Received event from zone Bedroom but it is not in the allowed list [[process_zone_data]]
2025-05-21 19:17:16,814 [DEBUG  ] RoonArtFrame: Processing zone 1601c4b6e5ab95fe9dcb8fcdddab3e4bfbf5, data keys: dict_keys(['zone_id', 'display_name', 'outputs', 'state', 'is_next_allowed', 'is_previous_allowed', 'is_pause_allowed', 'is_play_allowed', 'is_seek_allowed', 'queue_items_remaining', 'queue_time_remaining', 'settings', 'now_playing']) [[process_zone_data]]
2025-05-21 19:17:16,814 [DEBUG  ] RoonArtFrame: Received event from zone Kitchen but it is not in the allowed list [[process_zone_data]]
2025-05-21 19:17:16,814 [DEBUG  ] RoonArtFrame: Processing zone 1601881aa39791e74e829de6dc08a755e364, data keys: dict_keys(['zone_id', 'display_name', 'outputs', 'state', 'is_next_allowed', 'is_previous_allowed', 'is_pause_allowed', 'is_play_allowed', 'is_seek_allowed', 'queue_items_remaining', 'queue_time_remaining', 'settings', 'now_playing']) [[process_zone_data]]
2025-05-21 19:17:16,815 [DEBUG  ] RoonArtFrame: Received event from zone Dining Room but it is not in the allowed list [[process_zone_data]]
2025-05-21 19:17:16,815 [DEBUG  ] RoonArtFrame: Processing zone 16019268b080cc971aa1ab2ff76c1a3ebbe1, data keys: dict_keys(['zone_id', 'display_name', 'outputs', 'state', 'is_next_allowed', 'is_previous_allowed', 'is_pause_allowed', 'is_play_allowed', 'is_seek_allowed', 'queue_items_remaining', 'queue_time_remaining', 'settings', 'now_playing']) [[process_zone_data]]
2025-05-21 19:17:16,815 [DEBUG  ] RoonArtFrame: Received event from zone Fold but it is not in the allowed list [[process_zone_data]]
2025-05-21 19:17:16,815 [INFO   ] RoonArtFrame: Registering for state callbacks... [[subscribe_to_events]]
2025-05-21 19:17:16,815 [INFO   ] RoonArtFrame: Registering state callback... [[subscribe_to_events]]
2025-05-21 19:17:16,816 [INFO   ] RoonArtFrame: Successfully registered for state callbacks [[subscribe_to_events]]
2025-05-21 19:17:16,817 [INFO   ] RoonArtFrame: Event loop started [[event_loop]]
2025-05-21 19:20:17,860 [DEBUG  ] websocket   : Sending ping [[debug]]
2025-05-21 19:20:27,862 [DEBUG  ] websocket   : Sending ping [[debug]]
2025-05-21 19:20:37,863 [DEBUG  ] websocket   : Sending ping [[debug]]
2025-05-21 19:20:47,864 [DEBUG  ] websocket   : Sending ping [[debug]]
2025-05-21 19:20:57,866 [DEBUG  ] websocket   : Sending ping [[debug]]
2025-05-21 19:21:01,904 [DEBUG  ] RoonArtFrame: Processing zones_changed event [[zone_event_callback]]
2025-05-21 19:21:01,905 [DEBUG  ] RoonArtFrame: Processing zone 160115a2925db2f233703b5ff9cac08b0436, data keys: dict_keys(['zone_id', 'display_name', 'outputs', 'state', 'is_next_allowed', 'is_previous_allowed', 'is_pause_allowed', 'is_play_allowed', 'is_seek_allowed', 'queue_items_remaining', 'queue_time_remaining', 'settings', 'now_playing', 'seek_position']) [[process_zone_data]]
2025-05-21 19:21:01,905 [DEBUG  ] RoonArtFrame: Now playing keys: dict_keys(['seek_position', 'length', 'one_line', 'two_line', 'three_line', 'image_key']) [[process_now_playing]]
2025-05-21 19:21:01,906 [INFO   ] RoonArtFrame: New track detected with image key: 2e7c878c9d23ec4860a36d118e482e30 [[process_now_playing]]
2025-05-21 19:21:01,906 [INFO   ] RoonArtFrame: Now Playing: Dreaming of a White XMAS - D’Andy - Dreaming of a White XMAS [[process_now_playing]]
2025-05-21 19:21:01,907 [INFO   ] RoonArtFrame: Fetching album art from: http://192.168.1.128:9330/api/image/2e7c878c9d23ec4860a36d118e482e30?scale=fit&width=1200&height=1200 [[fetch_and_display_album_art]]
2025-05-21 19:21:01,929 [DEBUG  ] urllib3.connectionpool: Starting new HTTP connection (1): 192.168.1.128:9330 [[_new_conn]]
2025-05-21 19:21:02,802 [DEBUG  ] urllib3.connectionpool: http://192.168.1.128:9330 "GET /api/image/2e7c878c9d23ec4860a36d118e482e30?scale=fit&width=1200&height=1200 HTTP/1.1" 200 261429 [[_make_request]]
2025-05-21 19:21:02,808 [DEBUG  ] RoonArtFrame: Image successfully downloaded [[download_image]]
2025-05-21 19:21:03,250 [INFO   ] RoonArtFrame: Successfully saved album art to /mnt/dietpi_userdata/album_art/album_art_2e7c878c9d23ec4860a36d118e482e30.jpg [[fetch_and_display_album_art]]
2025-05-21 19:21:03,252 [DEBUG  ] RoonArtFrame: Updating viewer [[fetch_and_display_album_art]]
2025-05-21 19:21:03,253 [DEBUG  ] RoonArtFrame: Starting to process image position [[process_image_position]]
2025-05-21 19:21:03,316 [DEBUG  ] RoonArtFrame: Resizing [[process_image_position]]
2025-05-21 19:21:03,338 [DEBUG  ] RoonArtFrame: Padding [[pad_image_to_size]]
2025-05-21 19:21:03,339 [DEBUG  ] RoonArtFrame: Starting creating new image [[pad_image_to_size]]
2025-05-21 19:21:03,377 [DEBUG  ] RoonArtFrame: Finished creating new image [[pad_image_to_size]]
2025-05-21 19:21:03,378 [DEBUG  ] RoonArtFrame: Starting pasting images together [[pad_image_to_size]]
2025-05-21 19:21:03,385 [DEBUG  ] RoonArtFrame: Finished pasting images together [[pad_image_to_size]]
2025-05-21 19:21:03,385 [DEBUG  ] RoonArtFrame: Checking previous update thread for Dreaming of a White XMAS [[update]]
2025-05-21 19:21:03,385 [DEBUG  ] RoonArtFrame: Creating new update thread for Dreaming of a White XMAS [[update]]
2025-05-21 19:21:03,387 [DEBUG  ] RoonArtFrame: Starting sending image to display for Dreaming of a White XMAS [[display_image]]
2025-05-21 19:21:05,978 [DEBUG  ] epd13in3E   : e-Paper busy H checking at Starting [[display_image]] Dreaming of a White XMAS [[ReadBusyH]]
2025-05-21 19:21:05,978 [DEBUG  ] epd13in3E   : e-Paper busy H released at Starting [[display_image]] Dreaming of a White XMAS [[ReadBusyH]]
2025-05-21 19:21:05,978 [DEBUG  ] epd13in3E   : Sending data 1 for Dreaming of a White XMAS [[display]]
2025-05-21 19:21:07,622 [DEBUG  ] epd13in3E   : Sending data 2 for Dreaming of a White XMAS [[display]]
2025-05-21 19:21:07,867 [DEBUG  ] websocket   : Sending ping [[debug]]
2025-05-21 19:21:09,265 [DEBUG  ] epd13in3E   : POWER ON = False [[updateDisplay]]
2025-05-21 19:21:09,265 [DEBUG  ] epd13in3E   : Write power on starting for Dreaming of a White XMAS [[writePower]]
2025-05-21 19:21:09,266 [DEBUG  ] epd13in3E   : e-Paper busy H checking at [[updateDisplay]] for Dreaming of a White XMAS [[ReadBusyH]]
2025-05-21 19:21:09,266 [DEBUG  ] epd13in3E   : e-Paper busy H released at [[updateDisplay]] for Dreaming of a White XMAS [[ReadBusyH]]
2025-05-21 19:21:09,317 [DEBUG  ] epd13in3E   : Write DRF for Dreaming of a White XMAS [[writeDRF]]
2025-05-21 19:21:09,317 [DEBUG  ] epd13in3E   : e-Paper busy H checking at Write DRF Dreaming of a White XMAS [[ReadBusyH]]
2025-05-21 19:21:09,318 [DEBUG  ] epd13in3E   : e-Paper busy H released at Write DRF Dreaming of a White XMAS [[ReadBusyH]]
2025-05-21 19:21:09,318 [DEBUG  ] epd13in3E   : Write power off starting for Dreaming of a White XMAS [[writePower]]
2025-05-21 19:21:09,318 [DEBUG  ] epd13in3E   : e-Paper busy H checking at [[updateDisplay]] for Dreaming of a White XMAS [[ReadBusyH]]
2025-05-21 19:21:09,319 [DEBUG  ] epd13in3E   : e-Paper busy H released at [[updateDisplay]] for Dreaming of a White XMAS [[ReadBusyH]]
2025-05-21 19:21:09,319 [DEBUG  ] epd13in3E   : Write to display complete for Dreaming of a White XMAS [[updateDisplay]]
2025-05-21 19:21:09,328 [INFO   ] RoonArtFrame: Finished sending image to display for Dreaming of a White XMAS [[display_image]]
2025-05-21 19:21:17,868 [DEBUG  ] websocket   : Sending ping [[debug]]
2025-05-21 19:21:27,870 [DEBUG  ] websocket   : Sending ping [[debug]]
2025-05-21 19:21:37,871 [DEBUG  ] websocket   : Sending ping [[debug]]
2025-05-21 19:21:47,873 [DEBUG  ] websocket   : Sending ping [[debug]]
2025-05-21 19:21:57,874 [DEBUG  ] websocket   : Sending ping [[debug]]
2025-05-21 19:22:07,876 [DEBUG  ] websocket   : Sending ping [[debug]]
2025-05-21 19:22:17,877 [DEBUG  ] websocket   : Sending ping [[debug]]
2025-05-21 19:22:27,879 [DEBUG  ] websocket   : Sending ping [[debug]]
2025-05-21 19:22:37,880 [DEBUG  ] websocket   : Sending ping [[debug]]
2025-05-21 19:22:47,882 [DEBUG  ] websocket   : Sending ping [[debug]]
2025-05-21 19:22:47,919 [DEBUG  ] RoonArtFrame: Processing zones_changed event [[zone_event_callback]]
2025-05-21 19:22:47,920 [DEBUG  ] RoonArtFrame: Processing zone 160115a2925db2f233703b5ff9cac08b0436, data keys: dict_keys(['zone_id', 'display_name', 'outputs', 'state', 'is_next_allowed', 'is_previous_allowed', 'is_pause_allowed', 'is_play_allowed', 'is_seek_allowed', 'queue_items_remaining', 'queue_time_remaining', 'settings', 'now_playing', 'seek_position']) [[process_zone_data]]
2025-05-21 19:22:47,921 [DEBUG  ] RoonArtFrame: Now playing keys: dict_keys(['seek_position', 'length', 'one_line', 'two_line', 'three_line', 'image_key']) [[process_now_playing]]
2025-05-21 19:22:47,922 [INFO   ] RoonArtFrame: New track detected with image key: 7aa3af37201a9429a5fe892b07882cfc [[process_now_playing]]
2025-05-21 19:22:47,922 [INFO   ] RoonArtFrame: Now Playing: Mistletoe Wonder - Cameron Williams - Lofi Girl - Christmas 2023 [[process_now_playing]]
2025-05-21 19:22:47,924 [INFO   ] RoonArtFrame: Fetching album art from: http://192.168.1.128:9330/api/image/7aa3af37201a9429a5fe892b07882cfc?scale=fit&width=1200&height=1200 [[fetch_and_display_album_art]]
2025-05-21 19:22:47,936 [DEBUG  ] urllib3.connectionpool: Starting new HTTP connection (1): 192.168.1.128:9330 [[_new_conn]]
2025-05-21 19:22:48,545 [DEBUG  ] urllib3.connectionpool: http://192.168.1.128:9330 "GET /api/image/7aa3af37201a9429a5fe892b07882cfc?scale=fit&width=1200&height=1200 HTTP/1.1" 200 285779 [[_make_request]]
2025-05-21 19:22:48,549 [DEBUG  ] RoonArtFrame: Image successfully downloaded [[download_image]]
2025-05-21 19:22:48,775 [INFO   ] RoonArtFrame: Successfully saved album art to /mnt/dietpi_userdata/album_art/album_art_7aa3af37201a9429a5fe892b07882cfc.jpg [[fetch_and_display_album_art]]
2025-05-21 19:22:48,775 [DEBUG  ] RoonArtFrame: Updating viewer [[fetch_and_display_album_art]]
2025-05-21 19:22:48,776 [INFO   ] RoonArtFrame: Setting should_stop triggered by Mistletoe Wonder [[update]]
2025-05-21 19:22:48,776 [DEBUG  ] RoonArtFrame: Starting to process image position [[process_image_position]]
2025-05-21 19:22:48,827 [DEBUG  ] RoonArtFrame: Resizing [[process_image_position]]
2025-05-21 19:22:48,850 [DEBUG  ] RoonArtFrame: Padding [[pad_image_to_size]]
2025-05-21 19:22:48,851 [DEBUG  ] RoonArtFrame: Starting creating new image [[pad_image_to_size]]
2025-05-21 19:22:48,886 [DEBUG  ] RoonArtFrame: Finished creating new image [[pad_image_to_size]]
2025-05-21 19:22:48,886 [DEBUG  ] RoonArtFrame: Starting pasting images together [[pad_image_to_size]]
2025-05-21 19:22:48,895 [DEBUG  ] RoonArtFrame: Finished pasting images together [[pad_image_to_size]]
2025-05-21 19:22:48,895 [DEBUG  ] RoonArtFrame: Checking previous update thread for Mistletoe Wonder [[update]]
2025-05-21 19:22:48,896 [DEBUG  ] RoonArtFrame: Creating new update thread for Mistletoe Wonder [[update]]
2025-05-21 19:22:48,898 [DEBUG  ] RoonArtFrame: Starting sending image to display for Mistletoe Wonder [[display_image]]
2025-05-21 19:22:48,901 [DEBUG  ] RoonArtFrame: Processing zones_changed event [[zone_event_callback]]
2025-05-21 19:22:48,902 [DEBUG  ] RoonArtFrame: Processing zone 160115a2925db2f233703b5ff9cac08b0436, data keys: dict_keys(['zone_id', 'display_name', 'outputs', 'state', 'is_next_allowed', 'is_previous_allowed', 'is_pause_allowed', 'is_play_allowed', 'is_seek_allowed', 'queue_items_remaining', 'queue_time_remaining', 'settings', 'now_playing', 'seek_position']) [[process_zone_data]]
2025-05-21 19:22:48,903 [DEBUG  ] RoonArtFrame: Now playing keys: dict_keys(['seek_position', 'length', 'one_line', 'two_line', 'three_line', 'image_key']) [[process_now_playing]]
2025-05-21 19:22:48,905 [DEBUG  ] RoonArtFrame: Update contains the same image as is currently displayed [[process_now_playing]]
2025-05-21 19:22:50,896 [DEBUG  ] epd13in3E   : e-Paper busy H checking at Starting [[display_image]] Mistletoe Wonder [[ReadBusyH]]
2025-05-21 19:22:50,897 [DEBUG  ] epd13in3E   : e-Paper busy H released at Starting [[display_image]] Mistletoe Wonder [[ReadBusyH]]
2025-05-21 19:22:50,897 [DEBUG  ] epd13in3E   : Sending data 1 for Mistletoe Wonder [[display]]
2025-05-21 19:22:50,897 [INFO   ] epd13in3E   : Returning early from [[display]] due to should_stop for 1 Mistletoe Wonder [[returnFunc]]
2025-05-21 19:22:50,911 [INFO   ] RoonArtFrame: Finished sending image to display for Mistletoe Wonder [[display_image]]
2025-05-21 19:22:57,883 [DEBUG  ] websocket   : Sending ping [[debug]]
2025-05-21 19:23:07,884 [DEBUG  ] websocket   : Sending ping [[debug]]
2025-05-21 19:23:17,886 [DEBUG  ] websocket   : Sending ping [[debug]]
2025-05-21 19:23:27,887 [DEBUG  ] websocket   : Sending ping [[debug]]
2025-05-21 19:23:37,889 [DEBUG  ] websocket   : Sending ping [[debug]]
2025-05-21 19:23:47,890 [DEBUG  ] websocket   : Sending ping [[debug]]
2025-05-21 19:23:53,438 [DEBUG  ] RoonArtFrame: Processing zones_changed event [[zone_event_callback]]
2025-05-21 19:23:53,439 [DEBUG  ] RoonArtFrame: Processing zone 160115a2925db2f233703b5ff9cac08b0436, data keys: dict_keys(['zone_id', 'display_name', 'outputs', 'state', 'is_next_allowed', 'is_previous_allowed', 'is_pause_allowed', 'is_play_allowed', 'is_seek_allowed', 'queue_items_remaining', 'queue_time_remaining', 'settings', 'now_playing', 'seek_position']) [[process_zone_data]]
2025-05-21 19:23:53,439 [DEBUG  ] RoonArtFrame: Now playing keys: dict_keys(['seek_position', 'length', 'one_line', 'two_line', 'three_line', 'image_key']) [[process_now_playing]]
2025-05-21 19:23:53,440 [INFO   ] RoonArtFrame: New track detected with image key: 20a7932bdfe3a28740407387244b5687 [[process_now_playing]]
2025-05-21 19:23:53,441 [INFO   ] RoonArtFrame: Now Playing: Santa Claus Is Coming To Town - Sleepy Titan - Santa Claus Is Coming To Town [[process_now_playing]]
2025-05-21 19:23:53,444 [INFO   ] RoonArtFrame: Fetching album art from: http://192.168.1.128:9330/api/image/20a7932bdfe3a28740407387244b5687?scale=fit&width=1200&height=1200 [[fetch_and_display_album_art]]
2025-05-21 19:23:53,454 [DEBUG  ] urllib3.connectionpool: Starting new HTTP connection (1): 192.168.1.128:9330 [[_new_conn]]
2025-05-21 19:23:54,148 [DEBUG  ] urllib3.connectionpool: http://192.168.1.128:9330 "GET /api/image/20a7932bdfe3a28740407387244b5687?scale=fit&width=1200&height=1200 HTTP/1.1" 200 706786 [[_make_request]]
2025-05-21 19:23:54,152 [DEBUG  ] RoonArtFrame: Image successfully downloaded [[download_image]]
2025-05-21 19:23:54,545 [INFO   ] RoonArtFrame: Successfully saved album art to /mnt/dietpi_userdata/album_art/album_art_20a7932bdfe3a28740407387244b5687.jpg [[fetch_and_display_album_art]]
2025-05-21 19:23:54,546 [DEBUG  ] RoonArtFrame: Updating viewer [[fetch_and_display_album_art]]
2025-05-21 19:23:54,546 [INFO   ] RoonArtFrame: Setting should_stop triggered by Santa Claus Is Coming To Town [[update]]
2025-05-21 19:23:54,547 [DEBUG  ] RoonArtFrame: Starting to process image position [[process_image_position]]
2025-05-21 19:23:54,597 [DEBUG  ] RoonArtFrame: Resizing [[process_image_position]]
2025-05-21 19:23:54,619 [DEBUG  ] RoonArtFrame: Padding [[pad_image_to_size]]
2025-05-21 19:23:54,620 [DEBUG  ] RoonArtFrame: Starting creating new image [[pad_image_to_size]]
2025-05-21 19:23:54,655 [DEBUG  ] RoonArtFrame: Finished creating new image [[pad_image_to_size]]
2025-05-21 19:23:54,655 [DEBUG  ] RoonArtFrame: Starting pasting images together [[pad_image_to_size]]
2025-05-21 19:23:54,664 [DEBUG  ] RoonArtFrame: Finished pasting images together [[pad_image_to_size]]
2025-05-21 19:23:54,664 [DEBUG  ] RoonArtFrame: Checking previous update thread for Santa Claus Is Coming To Town [[update]]
2025-05-21 19:23:54,665 [DEBUG  ] RoonArtFrame: Creating new update thread for Santa Claus Is Coming To Town [[update]]
2025-05-21 19:23:54,667 [DEBUG  ] RoonArtFrame: Starting sending image to display for Santa Claus Is Coming To Town [[display_image]]
2025-05-21 19:23:54,672 [DEBUG  ] RoonArtFrame: Processing zones_changed event [[zone_event_callback]]
2025-05-21 19:23:54,674 [DEBUG  ] RoonArtFrame: Processing zone 160115a2925db2f233703b5ff9cac08b0436, data keys: dict_keys(['zone_id', 'display_name', 'outputs', 'state', 'is_next_allowed', 'is_previous_allowed', 'is_pause_allowed', 'is_play_allowed', 'is_seek_allowed', 'queue_items_remaining', 'queue_time_remaining', 'settings', 'now_playing', 'seek_position']) [[process_zone_data]]
2025-05-21 19:23:54,675 [DEBUG  ] RoonArtFrame: Now playing keys: dict_keys(['seek_position', 'length', 'one_line', 'two_line', 'three_line', 'image_key']) [[process_now_playing]]
2025-05-21 19:23:54,677 [DEBUG  ] RoonArtFrame: Update contains the same image as is currently displayed [[process_now_playing]]
2025-05-21 19:23:57,415 [DEBUG  ] epd13in3E   : e-Paper busy H checking at Starting [[display_image]] Santa Claus Is Coming To Town [[ReadBusyH]]
2025-05-21 19:23:57,415 [DEBUG  ] epd13in3E   : e-Paper busy H released at Starting [[display_image]] Santa Claus Is Coming To Town [[ReadBusyH]]
2025-05-21 19:23:57,416 [DEBUG  ] epd13in3E   : Sending data 1 for Santa Claus Is Coming To Town [[display]]
2025-05-21 19:23:57,416 [INFO   ] epd13in3E   : Returning early from [[display]] due to should_stop for 1 Santa Claus Is Coming To Town [[returnFunc]]
2025-05-21 19:23:57,438 [INFO   ] RoonArtFrame: Finished sending image to display for Santa Claus Is Coming To Town [[display_image]]
2025-05-21 19:23:57,891 [DEBUG  ] websocket   : Sending ping [[debug]]
2025-05-21 19:24:07,893 [DEBUG  ] websocket   : Sending ping [[debug]]
2025-05-21 19:24:09,517 [DEBUG  ] RoonArtFrame: Processing zones_changed event [[zone_event_callback]]
2025-05-21 19:24:09,517 [DEBUG  ] RoonArtFrame: Processing zone 160115a2925db2f233703b5ff9cac08b0436, data keys: dict_keys(['zone_id', 'display_name', 'outputs', 'state', 'is_next_allowed', 'is_previous_allowed', 'is_pause_allowed', 'is_play_allowed', 'is_seek_allowed', 'queue_items_remaining', 'queue_time_remaining', 'settings', 'now_playing', 'seek_position']) [[process_zone_data]]
2025-05-21 19:24:09,518 [DEBUG  ] RoonArtFrame: Now playing keys: dict_keys(['seek_position', 'length', 'one_line', 'two_line', 'three_line', 'image_key', 'artist_image_keys']) [[process_now_playing]]
2025-05-21 19:24:09,520 [INFO   ] RoonArtFrame: New track detected with image key: 58f71c25c92bf4af22ee22043736c6d3 [[process_now_playing]]
2025-05-21 19:24:09,521 [INFO   ] RoonArtFrame: Now Playing: Merry Little Thing - Guustavv - Merry Little Thing [[process_now_playing]]
2025-05-21 19:24:09,524 [INFO   ] RoonArtFrame: Fetching album art from: http://192.168.1.128:9330/api/image/58f71c25c92bf4af22ee22043736c6d3?scale=fit&width=1200&height=1200 [[fetch_and_display_album_art]]
2025-05-21 19:24:09,534 [DEBUG  ] urllib3.connectionpool: Starting new HTTP connection (1): 192.168.1.128:9330 [[_new_conn]]
2025-05-21 19:24:10,256 [DEBUG  ] urllib3.connectionpool: http://192.168.1.128:9330 "GET /api/image/58f71c25c92bf4af22ee22043736c6d3?scale=fit&width=1200&height=1200 HTTP/1.1" 200 601228 [[_make_request]]
2025-05-21 19:24:10,260 [DEBUG  ] RoonArtFrame: Image successfully downloaded [[download_image]]
2025-05-21 19:24:10,623 [INFO   ] RoonArtFrame: Successfully saved album art to /mnt/dietpi_userdata/album_art/album_art_58f71c25c92bf4af22ee22043736c6d3.jpg [[fetch_and_display_album_art]]
2025-05-21 19:24:10,623 [DEBUG  ] RoonArtFrame: Updating viewer [[fetch_and_display_album_art]]
2025-05-21 19:24:10,625 [INFO   ] RoonArtFrame: Setting should_stop triggered by Merry Little Thing [[update]]
2025-05-21 19:24:10,626 [DEBUG  ] RoonArtFrame: Starting to process image position [[process_image_position]]
2025-05-21 19:24:10,672 [DEBUG  ] RoonArtFrame: Resizing [[process_image_position]]
2025-05-21 19:24:10,692 [DEBUG  ] RoonArtFrame: Padding [[pad_image_to_size]]
2025-05-21 19:24:10,693 [DEBUG  ] RoonArtFrame: Starting creating new image [[pad_image_to_size]]
2025-05-21 19:24:10,723 [DEBUG  ] RoonArtFrame: Finished creating new image [[pad_image_to_size]]
2025-05-21 19:24:10,724 [DEBUG  ] RoonArtFrame: Starting pasting images together [[pad_image_to_size]]
2025-05-21 19:24:10,732 [DEBUG  ] RoonArtFrame: Finished pasting images together [[pad_image_to_size]]
2025-05-21 19:24:10,732 [DEBUG  ] RoonArtFrame: Checking previous update thread for Merry Little Thing [[update]]
2025-05-21 19:24:10,732 [DEBUG  ] RoonArtFrame: Creating new update thread for Merry Little Thing [[update]]
2025-05-21 19:24:10,734 [DEBUG  ] RoonArtFrame: Starting sending image to display for Merry Little Thing [[display_image]]
2025-05-21 19:24:10,738 [DEBUG  ] RoonArtFrame: Processing zones_changed event [[zone_event_callback]]
2025-05-21 19:24:10,739 [DEBUG  ] RoonArtFrame: Processing zone 160115a2925db2f233703b5ff9cac08b0436, data keys: dict_keys(['zone_id', 'display_name', 'outputs', 'state', 'is_next_allowed', 'is_previous_allowed', 'is_pause_allowed', 'is_play_allowed', 'is_seek_allowed', 'queue_items_remaining', 'queue_time_remaining', 'settings', 'now_playing', 'seek_position']) [[process_zone_data]]
2025-05-21 19:24:10,740 [DEBUG  ] RoonArtFrame: Now playing keys: dict_keys(['seek_position', 'length', 'one_line', 'two_line', 'three_line', 'image_key', 'artist_image_keys']) [[process_now_playing]]
2025-05-21 19:24:10,741 [DEBUG  ] RoonArtFrame: Update contains the same image as is currently displayed [[process_now_playing]]
2025-05-21 19:24:13,120 [DEBUG  ] epd13in3E   : e-Paper busy H checking at Starting [[display_image]] Merry Little Thing [[ReadBusyH]]
2025-05-21 19:24:13,123 [DEBUG  ] epd13in3E   : e-Paper busy H released at Starting [[display_image]] Merry Little Thing [[ReadBusyH]]
2025-05-21 19:24:13,123 [DEBUG  ] epd13in3E   : Sending data 1 for Merry Little Thing [[display]]
2025-05-21 19:24:13,124 [INFO   ] epd13in3E   : Returning early from [[display]] due to should_stop for 1 Merry Little Thing [[returnFunc]]
2025-05-21 19:24:13,142 [INFO   ] RoonArtFrame: Finished sending image to display for Merry Little Thing [[display_image]]
2025-05-21 19:24:17,895 [DEBUG  ] websocket   : Sending ping [[debug]]
2025-05-21 19:24:27,896 [DEBUG  ] websocket   : Sending ping [[debug]]
2025-05-21 19:24:37,897 [DEBUG  ] websocket   : Sending ping [[debug]]
2025-05-21 19:24:47,899 [DEBUG  ] websocket   : Sending ping [[debug]]
2025-05-21 19:24:57,900 [DEBUG  ] websocket   : Sending ping [[debug]]
2025-05-21 19:25:07,603 [DEBUG  ] RoonArtFrame: Processing zones_changed event [[zone_event_callback]]
2025-05-21 19:25:07,604 [DEBUG  ] RoonArtFrame: Processing zone 1601865576b5c22c4057aa6a8bb7285e5972, data keys: dict_keys(['zone_id', 'display_name', 'outputs', 'state', 'is_next_allowed', 'is_previous_allowed', 'is_pause_allowed', 'is_play_allowed', 'is_seek_allowed', 'queue_items_remaining', 'queue_time_remaining', 'settings', 'now_playing']) [[process_zone_data]]
2025-05-21 19:25:07,604 [DEBUG  ] RoonArtFrame: Received event from zone PC but it is not in the allowed list [[process_zone_data]]
2025-05-21 19:25:07,901 [DEBUG  ] websocket   : Sending ping [[debug]]
2025-05-21 19:25:17,902 [DEBUG  ] websocket   : Sending ping [[debug]]
2025-05-21 19:25:27,904 [DEBUG  ] websocket   : Sending ping [[debug]]
2025-05-21 19:25:37,905 [DEBUG  ] websocket   : Sending ping [[debug]]
2025-05-21 19:25:47,907 [DEBUG  ] websocket   : Sending ping [[debug]]
2025-05-21 19:25:57,908 [DEBUG  ] websocket   : Sending ping [[debug]]
2025-05-21 19:26:07,909 [DEBUG  ] websocket   : Sending ping [[debug]]
2025-05-21 19:26:17,911 [DEBUG  ] websocket   : Sending ping [[debug]]
2025-05-21 19:26:27,914 [DEBUG  ] websocket   : Sending ping [[debug]]
2025-05-21 19:26:37,916 [DEBUG  ] websocket   : Sending ping [[debug]]
2025-05-21 19:26:47,917 [DEBUG  ] websocket   : Sending ping [[debug]]
2025-05-21 19:26:57,919 [DEBUG  ] websocket   : Sending ping [[debug]]
2025-05-21 19:26:59,371 [DEBUG  ] RoonArtFrame: Processing zones_changed event [[zone_event_callback]]
2025-05-21 19:26:59,372 [DEBUG  ] RoonArtFrame: Processing zone 160115a2925db2f233703b5ff9cac08b0436, data keys: dict_keys(['zone_id', 'display_name', 'outputs', 'state', 'is_next_allowed', 'is_previous_allowed', 'is_pause_allowed', 'is_play_allowed', 'is_seek_allowed', 'queue_items_remaining', 'queue_time_remaining', 'settings', 'now_playing', 'seek_position']) [[process_zone_data]]
2025-05-21 19:26:59,372 [DEBUG  ] RoonArtFrame: Now playing keys: dict_keys(['seek_position', 'length', 'one_line', 'two_line', 'three_line', 'image_key']) [[process_now_playing]]
2025-05-21 19:26:59,373 [INFO   ] RoonArtFrame: New track detected with image key: 0658a964bc968fe4494ff9e3c729a725 [[process_now_playing]]
2025-05-21 19:26:59,373 [INFO   ] RoonArtFrame: Now Playing: Ill Be Home for Christmas - kavv - Christmas Blues [[process_now_playing]]
2025-05-21 19:26:59,374 [INFO   ] RoonArtFrame: Fetching album art from: http://192.168.1.128:9330/api/image/0658a964bc968fe4494ff9e3c729a725?scale=fit&width=1200&height=1200 [[fetch_and_display_album_art]]
2025-05-21 19:26:59,383 [DEBUG  ] urllib3.connectionpool: Starting new HTTP connection (1): 192.168.1.128:9330 [[_new_conn]]
2025-05-21 19:27:00,050 [DEBUG  ] urllib3.connectionpool: http://192.168.1.128:9330 "GET /api/image/0658a964bc968fe4494ff9e3c729a725?scale=fit&width=1200&height=1200 HTTP/1.1" 200 75755 [[_make_request]]
2025-05-21 19:27:00,053 [DEBUG  ] RoonArtFrame: Image successfully downloaded [[download_image]]
2025-05-21 19:27:00,216 [INFO   ] RoonArtFrame: Successfully saved album art to /mnt/dietpi_userdata/album_art/album_art_0658a964bc968fe4494ff9e3c729a725.jpg [[fetch_and_display_album_art]]
2025-05-21 19:27:00,217 [DEBUG  ] RoonArtFrame: Updating viewer [[fetch_and_display_album_art]]
2025-05-21 19:27:00,217 [INFO   ] RoonArtFrame: Setting should_stop triggered by Ill Be Home for Christmas [[update]]
2025-05-21 19:27:00,217 [DEBUG  ] RoonArtFrame: Starting to process image position [[process_image_position]]
2025-05-21 19:27:00,261 [DEBUG  ] RoonArtFrame: Resizing [[process_image_position]]
2025-05-21 19:27:00,281 [DEBUG  ] RoonArtFrame: Padding [[pad_image_to_size]]
2025-05-21 19:27:00,282 [DEBUG  ] RoonArtFrame: Starting creating new image [[pad_image_to_size]]
2025-05-21 19:27:00,311 [DEBUG  ] RoonArtFrame: Finished creating new image [[pad_image_to_size]]
2025-05-21 19:27:00,312 [DEBUG  ] RoonArtFrame: Starting pasting images together [[pad_image_to_size]]
2025-05-21 19:27:00,319 [DEBUG  ] RoonArtFrame: Finished pasting images together [[pad_image_to_size]]
2025-05-21 19:27:00,319 [DEBUG  ] RoonArtFrame: Checking previous update thread for Ill Be Home for Christmas [[update]]
2025-05-21 19:27:00,319 [DEBUG  ] RoonArtFrame: Creating new update thread for Ill Be Home for Christmas [[update]]
2025-05-21 19:27:00,321 [DEBUG  ] RoonArtFrame: Starting sending image to display for Ill Be Home for Christmas [[display_image]]
2025-05-21 19:27:00,323 [DEBUG  ] RoonArtFrame: Processing zones_changed event [[zone_event_callback]]
2025-05-21 19:27:00,324 [DEBUG  ] RoonArtFrame: Processing zone 160115a2925db2f233703b5ff9cac08b0436, data keys: dict_keys(['zone_id', 'display_name', 'outputs', 'state', 'is_next_allowed', 'is_previous_allowed', 'is_pause_allowed', 'is_play_allowed', 'is_seek_allowed', 'queue_items_remaining', 'queue_time_remaining', 'settings', 'now_playing', 'seek_position']) [[process_zone_data]]
2025-05-21 19:27:00,325 [DEBUG  ] RoonArtFrame: Now playing keys: dict_keys(['seek_position', 'length', 'one_line', 'two_line', 'three_line', 'image_key']) [[process_now_playing]]
2025-05-21 19:27:00,325 [DEBUG  ] RoonArtFrame: Ignoring duplicate event {'seek_position': None, 'length': 83, 'one_line': {'line1': 'Ill Be Home for Christmas - kavv'}, 'two_line': {'line1': 'Ill Be Home for Christmas', 'line2': 'kavv'}, 'three_line': {'line1': 'Ill Be Home for Christmas', 'line2': 'kavv', 'line3': 'Christmas Blues'}, 'image_key': '0658a964bc968fe4494ff9e3c729a725'} [[process_now_playing]]
2025-05-21 19:27:02,693 [DEBUG  ] epd13in3E   : e-Paper busy H checking at Starting [[display_image]] Ill Be Home for Christmas [[ReadBusyH]]
2025-05-21 19:27:02,694 [DEBUG  ] epd13in3E   : e-Paper busy H released at Starting [[display_image]] Ill Be Home for Christmas [[ReadBusyH]]
2025-05-21 19:27:02,694 [DEBUG  ] epd13in3E   : Sending data 1 for Ill Be Home for Christmas [[display]]
2025-05-21 19:27:02,694 [INFO   ] epd13in3E   : Returning early from [[display]] due to should_stop for 1 Ill Be Home for Christmas [[returnFunc]]
2025-05-21 19:27:02,713 [INFO   ] RoonArtFrame: Finished sending image to display for Ill Be Home for Christmas [[display_image]]
