2025-05-20 14:26:27,099 [DEBUG  ] RoonArtFrame: Adding libdir to path: /mnt/dietpi_userdata/roon-album-art-display/libs [[<module>]]
2025-05-20 14:26:27,107 [INFO   ] RoonArtFrame: Configuration loaded [[load_config]]
2025-05-20 14:26:27,108 [DEBUG  ] RoonArtFrame: Importing epd13in3E [[<module>]]
2025-05-20 14:26:27,173 [DEBUG  ] RoonArtFrame: Finished importing epd13in3E [[<module>]]
2025-05-20 14:26:27,174 [DEBUG  ] epd13in3E   : EPD init... [[Init]]
2025-05-20 14:26:27,326 [DEBUG  ] epd13in3E   : e-Paper busy H checking at EPD init [[ReadBusyH]]
2025-05-20 14:26:27,327 [DEBUG  ] epd13in3E   : e-Paper busy H released at EPD init [[ReadBusyH]]
2025-05-20 14:26:27,331 [DEBUG  ] RoonArtFrame: Created viewer [[<module>]]
2025-05-20 14:26:27,332 [INFO   ] RoonArtFrame: Starting Roon Album Art Display [[__init__]]
2025-05-20 14:26:27,333 [INFO   ] RoonArtFrame: Allowed zone names: ["System Output"] [[__init__]]
2025-05-20 14:26:27,333 [INFO   ] RoonArtFrame: Forbidden zone names: ["comma", "separated", "list of zone names"] [[__init__]]
2025-05-20 14:26:27,335 [INFO   ] RoonArtFrame: Token file path: /root/.roon_album_display_token.txt [[__init__]]
2025-05-20 14:26:27,337 [INFO   ] RoonArtFrame: Connecting to Roon before starting display... [[__init__]]
2025-05-20 14:26:27,338 [INFO   ] RoonArtFrame: Found existing auth token [[connect_to_roon]]
2025-05-20 14:26:27,339 [INFO   ] RoonArtFrame: Trying direct connection to saved server at 192.168.1.56:9330 [[connect_to_roon]]
2025-05-20 14:26:27,408 [INFO   ] websocket   : Websocket connected [[info]]
2025-05-20 14:26:27,445 [INFO   ] RoonArtFrame: Successfully connected to saved server! [[connect_to_roon]]
2025-05-20 14:26:27,446 [DEBUG  ] RoonArtFrame: Zones data: {'1601e4d6660c81a5eed2399191df1a3d21b4': {'zone_id': '1601e4d6660c81a5eed2399191df1a3d21b4', 'display_name': 'System Output', 'outputs': [{'output_id': '1701e4d6660c81a5eed2399191df1a3d21b4', 'zone_id': '1601e4d6660c81a5eed2399191df1a3d21b4', 'can_group_with_output_ids': ['1701e4d6660c81a5eed2399191df1a3d21b4', '1701691e6c42e8d6350d991167d5e7310ebc', '1701d5f349f82317a80e9f61d872074e87db'], 'display_name': 'System Output', 'volume': {'type': 'number', 'min': 0, 'max': 100, 'value': 8, 'step': 1, 'is_muted': False, 'hard_limit_min': 0, 'hard_limit_max': 100, 'soft_limit': 100}, 'source_controls': [{'control_key': '1', 'display_name': 'System Output', 'supports_standby': False, 'status': 'indeterminate'}]}], 'state': 'playing', 'is_next_allowed': True, 'is_previous_allowed': True, 'is_pause_allowed': True, 'is_play_allowed': False, 'is_seek_allowed': True, 'queue_items_remaining': 1, 'queue_time_remaining': 129, 'settings': {'loop': 'disabled', 'shuffle': False, 'auto_radio': True}, 'now_playing': {'seek_position': 96, 'length': 225, 'one_line': {'line1': 'River Lea - Adele'}, 'two_line': {'line1': 'River Lea', 'line2': 'Adele'}, 'three_line': {'line1': 'River Lea', 'line2': 'Adele', 'line3': '25'}, 'image_key': 'b484d49befd922ff7e0e17ee25584ce7', 'artist_image_keys': ['b1793d53e692bd86a65aa1dd88f6dd56']}}, '1601d5f349f82317a80e9f61d872074e87db': {'zone_id': '1601d5f349f82317a80e9f61d872074e87db', 'display_name': 'Simple Audio Listen', 'outputs': [{'output_id': '1701d5f349f82317a80e9f61d872074e87db', 'zone_id': '1601d5f349f82317a80e9f61d872074e87db', 'can_group_with_output_ids': ['1701e4d6660c81a5eed2399191df1a3d21b4', '1701691e6c42e8d6350d991167d5e7310ebc', '1701d5f349f82317a80e9f61d872074e87db'], 'display_name': 'Simple Audio Listen', 'volume': {'type': 'number', 'min': 0, 'max': 100, 'value': 100, 'step': 1, 'is_muted': False, 'hard_limit_min': 0, 'hard_limit_max': 100, 'soft_limit': 100}, 'source_controls': [{'control_key': '1', 'display_name': 'Simple Audio Listen', 'supports_standby': False, 'status': 'indeterminate'}]}], 'state': 'paused', 'is_next_allowed': True, 'is_previous_allowed': True, 'is_pause_allowed': False, 'is_play_allowed': True, 'is_seek_allowed': True, 'queue_items_remaining': 1, 'queue_time_remaining': 256, 'settings': {'loop': 'disabled', 'shuffle': False, 'auto_radio': True}, 'now_playing': {'seek_position': 4, 'length': 260, 'one_line': {'line1': 'Boom Boom - John Lee Hooker / Jimmie Vaughan'}, 'two_line': {'line1': 'Boom Boom', 'line2': 'John Lee Hooker / Jimmie Vaughan'}, 'three_line': {'line1': 'Boom Boom', 'line2': 'John Lee Hooker / Jimmie Vaughan', 'line3': 'The Best Of Friends'}, 'image_key': '944ee689470fe085fc821eec1305157c', 'artist_image_keys': ['0c37cb5d856daa3a74d9928d66c7c53f', '63a11229ab1235924b1bf36d2ef01b47']}}, '1601691e6c42e8d6350d991167d5e7310ebc': {'zone_id': '1601691e6c42e8d6350d991167d5e7310ebc', 'display_name': '284KMB-HDR', 'outputs': [{'output_id': '1701691e6c42e8d6350d991167d5e7310ebc', 'zone_id': '1601691e6c42e8d6350d991167d5e7310ebc', 'can_group_with_output_ids': ['1701e4d6660c81a5eed2399191df1a3d21b4', '1701691e6c42e8d6350d991167d5e7310ebc', '1701d5f349f82317a80e9f61d872074e87db'], 'display_name': '284KMB-HDR', 'volume': {'type': 'number', 'min': 0, 'max': 100, 'value': 100, 'step': 1, 'is_muted': False, 'hard_limit_min': 0, 'hard_limit_max': 100, 'soft_limit': 100}, 'source_controls': [{'control_key': '1', 'display_name': '284KMB-HDR', 'supports_standby': False, 'status': 'indeterminate'}]}], 'state': 'stopped', 'is_next_allowed': True, 'is_previous_allowed': True, 'is_pause_allowed': False, 'is_play_allowed': True, 'is_seek_allowed': False, 'queue_items_remaining': 9, 'queue_time_remaining': 1795, 'settings': {'loop': 'disabled', 'shuffle': False, 'auto_radio': True}, 'now_playing': {'seek_position': None, 'length': 206, 'one_line': {'line1': 'The Thing Is - The Tubs'}, 'two_line': {'line1': 'The Thing Is', 'line2': 'The Tubs'}, 'three_line': {'line1': 'The Thing Is', 'line2': 'The Tubs', 'line3': 'Cotton Crown'}, 'image_key': 'cbffa5cde961c4521aa779c813e057d8'}}} [[connect_to_roon]]
2025-05-20 14:26:27,447 [DEBUG  ] RoonArtFrame: Processing zone 1601e4d6660c81a5eed2399191df1a3d21b4, data keys: dict_keys(['zone_id', 'display_name', 'outputs', 'state', 'is_next_allowed', 'is_previous_allowed', 'is_pause_allowed', 'is_play_allowed', 'is_seek_allowed', 'queue_items_remaining', 'queue_time_remaining', 'settings', 'now_playing']) [[process_zone_data]]
2025-05-20 14:26:27,448 [DEBUG  ] RoonArtFrame: Now playing keys: dict_keys(['seek_position', 'length', 'one_line', 'two_line', 'three_line', 'image_key', 'artist_image_keys']) [[process_now_playing]]
2025-05-20 14:26:27,448 [DEBUG  ] RoonArtFrame: Update contains the same image as is currently displayed [[process_now_playing]]
2025-05-20 14:26:27,449 [INFO   ] RoonArtFrame: Registering for state callbacks... [[subscribe_to_events]]
2025-05-20 14:26:27,450 [INFO   ] RoonArtFrame: Registering state callback... [[subscribe_to_events]]
2025-05-20 14:26:27,450 [INFO   ] RoonArtFrame: Successfully registered for state callbacks [[subscribe_to_events]]
2025-05-20 14:26:27,453 [INFO   ] RoonArtFrame: Event loop started [[event_loop]]
2025-05-20 14:26:47,410 [DEBUG  ] websocket   : Sending ping [[debug]]
2025-05-20 14:26:57,412 [DEBUG  ] websocket   : Sending ping [[debug]]
2025-05-20 14:27:07,413 [DEBUG  ] websocket   : Sending ping [[debug]]
2025-05-20 14:27:14,074 [DEBUG  ] RoonArtFrame: Processing zones_changed event [[zone_event_callback]]
2025-05-20 14:27:14,075 [DEBUG  ] RoonArtFrame: Processing zone 1601e4d6660c81a5eed2399191df1a3d21b4, data keys: dict_keys(['zone_id', 'display_name', 'outputs', 'state', 'is_next_allowed', 'is_previous_allowed', 'is_pause_allowed', 'is_play_allowed', 'is_seek_allowed', 'queue_items_remaining', 'queue_time_remaining', 'settings', 'now_playing', 'seek_position']) [[process_zone_data]]
2025-05-20 14:27:14,076 [DEBUG  ] RoonArtFrame: Now playing keys: dict_keys(['seek_position', 'length', 'one_line', 'two_line', 'three_line', 'image_key', 'artist_image_keys']) [[process_now_playing]]
2025-05-20 14:27:14,076 [INFO   ] RoonArtFrame: New track detected with image key: 007d871ab7e0e0801b6e2b59dce336aa [[process_now_playing]]
2025-05-20 14:27:14,078 [INFO   ] RoonArtFrame: Now Playing: goodbye - Billie Eilish - WHEN WE ALL FALL ASLEEP, WHERE DO WE GO? [[process_now_playing]]
2025-05-20 14:27:14,079 [DEBUG  ] RoonArtFrame: File already exists at /mnt/dietpi_userdata/album_art/album_art_007d871ab7e0e0801b6e2b59dce336aa.jpg [[fetch_and_display_album_art]]
2025-05-20 14:27:14,083 [DEBUG  ] RoonArtFrame: Updating viewer [[fetch_and_display_album_art]]
2025-05-20 14:27:14,165 [INFO   ] RoonArtFrame: Setting should_stop for goodbye [[update]]
2025-05-20 14:27:14,166 [DEBUG  ] RoonArtFrame: Starting to process image position [[process_image_position]]
2025-05-20 14:27:14,298 [DEBUG  ] RoonArtFrame: Resizing [[process_image_position]]
2025-05-20 14:27:14,323 [DEBUG  ] RoonArtFrame: Padding [[pad_image_to_size]]
2025-05-20 14:27:14,323 [DEBUG  ] RoonArtFrame: Starting creating new image [[pad_image_to_size]]
2025-05-20 14:27:14,361 [DEBUG  ] RoonArtFrame: Finished creating new image [[pad_image_to_size]]
2025-05-20 14:27:14,362 [DEBUG  ] RoonArtFrame: Starting pasting images together [[pad_image_to_size]]
2025-05-20 14:27:14,369 [DEBUG  ] RoonArtFrame: Finished pasting images together [[pad_image_to_size]]
2025-05-20 14:27:14,374 [DEBUG  ] RoonArtFrame: Checking previous update thread for goodbye [[update]]
2025-05-20 14:27:14,375 [DEBUG  ] RoonArtFrame: Creating new update thread for goodbye [[update]]
2025-05-20 14:27:14,377 [DEBUG  ] RoonArtFrame: Starting sending image to display for goodbye [[display_image]]
2025-05-20 14:27:14,606 [DEBUG  ] RoonArtFrame: Processing zones_changed event [[zone_event_callback]]
2025-05-20 14:27:14,606 [DEBUG  ] RoonArtFrame: Processing zone 1601e4d6660c81a5eed2399191df1a3d21b4, data keys: dict_keys(['zone_id', 'display_name', 'outputs', 'state', 'is_next_allowed', 'is_previous_allowed', 'is_pause_allowed', 'is_play_allowed', 'is_seek_allowed', 'queue_items_remaining', 'queue_time_remaining', 'settings', 'now_playing', 'seek_position']) [[process_zone_data]]
2025-05-20 14:27:14,607 [DEBUG  ] RoonArtFrame: Now playing keys: dict_keys(['seek_position', 'length', 'one_line', 'two_line', 'three_line', 'image_key', 'artist_image_keys']) [[process_now_playing]]
2025-05-20 14:27:14,607 [DEBUG  ] RoonArtFrame: Ignoring duplicate event {'seek_position': None, 'length': 119, 'one_line': {'line1': 'goodbye - Billie Eilish'}, 'two_line': {'line1': 'goodbye', 'line2': 'Billie Eilish'}, 'three_line': {'line1': 'goodbye', 'line2': 'Billie Eilish', 'line3': 'WHEN WE ALL FALL ASLEEP, WHERE DO WE GO?'}, 'image_key': '007d871ab7e0e0801b6e2b59dce336aa', 'artist_image_keys': ['3f416236c8463b0db55cf02601281568']} [[process_now_playing]]
2025-05-20 14:27:17,137 [DEBUG  ] epd13in3E   : Sending data 1 for goodbye [[display]]
2025-05-20 14:27:17,415 [DEBUG  ] websocket   : Sending ping [[debug]]
2025-05-20 14:27:19,753 [DEBUG  ] epd13in3E   : Sending data 2 for goodbye [[display]]
2025-05-20 14:27:21,379 [WARNING] epd13in3E   : POWER IS False [[updateDisplay]]
2025-05-20 14:27:21,379 [DEBUG  ] epd13in3E   : Write power on starting for goodbye [[writePower]]
2025-05-20 14:27:21,380 [DEBUG  ] epd13in3E   : e-Paper busy H checking at [[updateDisplay]] for goodbye [[ReadBusyH]]
2025-05-20 14:27:21,380 [DEBUG  ] epd13in3E   : e-Paper busy H released at [[updateDisplay]] for goodbye [[ReadBusyH]]
2025-05-20 14:27:21,431 [DEBUG  ] epd13in3E   : Write DRF for goodbye [[writeDRF]]
2025-05-20 14:27:21,432 [DEBUG  ] epd13in3E   : e-Paper busy H checking at Write DRF goodbye [[ReadBusyH]]
2025-05-20 14:27:21,432 [DEBUG  ] epd13in3E   : e-Paper busy H released at Write DRF goodbye [[ReadBusyH]]
2025-05-20 14:27:21,433 [DEBUG  ] epd13in3E   : Write power off starting for goodbye [[writePower]]
2025-05-20 14:27:21,434 [DEBUG  ] epd13in3E   : e-Paper busy H checking at [[updateDisplay]] for goodbye [[ReadBusyH]]
2025-05-20 14:27:21,435 [DEBUG  ] epd13in3E   : e-Paper busy H released at [[updateDisplay]] for goodbye [[ReadBusyH]]
2025-05-20 14:27:21,435 [DEBUG  ] epd13in3E   : Write to display complete for goodbye [[updateDisplay]]
2025-05-20 14:27:21,445 [INFO   ] RoonArtFrame: Finished sending image to display for goodbye [[display_image]]
2025-05-20 14:27:27,416 [DEBUG  ] websocket   : Sending ping [[debug]]
