2025-05-22 19:17:15,946 [DEBUG  ] RoonArtFrame: Adding libdir to path: /mnt/dietpi_userdata/roon-album-art-display/libs [[<module>]]
2025-05-22 19:17:15,954 [INFO   ] RoonArtFrame: Configuration loaded [[load_config]]
2025-05-22 19:17:15,955 [DEBUG  ] RoonArtFrame: Importing epd13in3E [[<module>]]
2025-05-22 19:17:16,029 [DEBUG  ] epd13in3E   : Exiting early [[EarlyExit]]
2025-05-22 19:17:16,030 [DEBUG  ] RoonArtFrame: Finished importing epd13in3E [[<module>]]
2025-05-22 19:17:16,031 [DEBUG  ] epd13in3E   : EPD init... [[Init]]
2025-05-22 19:17:16,182 [DEBUG  ] epd13in3E   : e-Paper busy H checking at EPD init [[ReadBusyH]]
2025-05-22 19:17:16,183 [DEBUG  ] epd13in3E   : e-Paper busy H released at EPD init [[ReadBusyH]]
2025-05-22 19:17:16,184 [DEBUG  ] RoonArtFrame: Created viewer [[<module>]]
2025-05-22 19:17:16,185 [INFO   ] RoonArtFrame: Starting Roon Album Art Display [[__init__]]
2025-05-22 19:17:16,185 [INFO   ] RoonArtFrame: Allowed zone names: ["System Output", "Sonos"] [[__init__]]
2025-05-22 19:17:16,185 [INFO   ] RoonArtFrame: Forbidden zone names: ["comma", "separated", "list of zone names"] [[__init__]]
2025-05-22 19:17:16,186 [INFO   ] RoonArtFrame: Token file path: /root/.roon_album_display_token.txt [[__init__]]
2025-05-22 19:17:16,189 [INFO   ] RoonArtFrame: Connecting to Roon before starting display... [[__init__]]
2025-05-22 19:17:16,190 [INFO   ] RoonArtFrame: Found existing auth token [[connect_to_roon]]
2025-05-22 19:17:16,191 [INFO   ] RoonArtFrame: Trying direct connection to saved server at 192.168.1.128:9330 [[connect_to_roon]]
2025-05-22 19:17:16,215 [INFO   ] websocket   : Websocket connected [[info]]
2025-05-22 19:17:16,295 [INFO   ] RoonArtFrame: Successfully connected to saved server! [[connect_to_roon]]
2025-05-22 19:17:16,297 [DEBUG  ] RoonArtFrame: Zones data: {'1601c3b912966d7fbcea2040b0606bad86ea': {'zone_id': '1601c3b912966d7fbcea2040b0606bad86ea', 'display_name': 'KEF LS50w', 'outputs': [{'output_id': '1701c3b912966d7fbcea2040b0606bad86ea', 'zone_id': '1601c3b912966d7fbcea2040b0606bad86ea', 'can_group_with_output_ids': [], 'display_name': 'KEF LS50w', 'volume': {'type': 'number', 'min': 0, 'max': 100, 'value': 33, 'step': 1, 'is_muted': False, 'hard_limit_min': 0, 'hard_limit_max': 100, 'soft_limit': 100}, 'source_controls': [{'control_key': '1', 'display_name': 'LS50w (LS50 Wireless)', 'supports_standby': False, 'status': 'indeterminate'}]}], 'state': 'paused', 'is_next_allowed': True, 'is_previous_allowed': True, 'is_pause_allowed': False, 'is_play_allowed': True, 'is_seek_allowed': True, 'queue_items_remaining': 10, 'queue_time_remaining': 3512, 'settings': {'loop': 'disabled', 'shuffle': False, 'auto_radio': True}, 'now_playing': {'seek_position': 221, 'length': 315, 'one_line': {'line1': 'Tijuana - Grouch'}, 'two_line': {'line1': 'Tijuana', 'line2': 'Grouch'}, 'three_line': {'line1': 'Tijuana', 'line2': 'Grouch', 'line3': 'Metamorph'}, 'image_key': '62edef4552b764fb38935ee2118abd4f', 'artist_image_keys': ['cd23ff770e36795f71283c1c161ae7dd']}}, '1601b2e4dfbef815ffaae4029e67a160485f': {'zone_id': '1601b2e4dfbef815ffaae4029e67a160485f', 'display_name': 'KEF LSX', 'outputs': [{'output_id': '1701b2e4dfbef815ffaae4029e67a160485f', 'zone_id': '1601b2e4dfbef815ffaae4029e67a160485f', 'can_group_with_output_ids': [], 'display_name': 'KEF LSX', 'volume': {'type': 'number', 'min': 0, 'max': 100, 'value': 78, 'step': 1, 'is_muted': False, 'hard_limit_min': 0, 'hard_limit_max': 100, 'soft_limit': 100}, 'source_controls': [{'control_key': '1', 'display_name': 'LSX (KEF LSX)', 'supports_standby': True, 'status': 'indeterminate'}]}], 'state': 'paused', 'is_next_allowed': True, 'is_previous_allowed': True, 'is_pause_allowed': False, 'is_play_allowed': True, 'is_seek_allowed': True, 'queue_items_remaining': 13, 'queue_time_remaining': 3037, 'settings': {'loop': 'disabled', 'shuffle': False, 'auto_radio': False}, 'now_playing': {'seek_position': 49, 'length': 223, 'one_line': {'line1': 'Music Club - Chase & Status'}, 'two_line': {'line1': 'Music Club', 'line2': 'Chase & Status'}, 'three_line': {'line1': 'Music Club', 'line2': 'Chase & Status', 'line3': 'More Than Alot'}, 'image_key': 'ecc5bd6e1373e525f1698d57acabc30f', 'artist_image_keys': ['e9240db784c00d88b4a211e77c5702e9']}}, '160115a2925db2f233703b5ff9cac08b0436': {'zone_id': '160115a2925db2f233703b5ff9cac08b0436', 'display_name': 'Sonos', 'outputs': [{'output_id': '170115a2925db2f233703b5ff9cac08b0436', 'zone_id': '160115a2925db2f233703b5ff9cac08b0436', 'can_group_with_output_ids': ['170115a2925db2f233703b5ff9cac08b0436'], 'display_name': 'Sonos', 'volume': {'type': 'number', 'min': 0, 'max': 100, 'value': 0, 'step': 1, 'is_muted': False, 'hard_limit_min': 0, 'hard_limit_max': 100, 'soft_limit': 100}, 'source_controls': [{'control_key': '1', 'display_name': 'Move 2 (MOVE 2)', 'supports_standby': False, 'status': 'indeterminate'}]}], 'state': 'paused', 'is_next_allowed': True, 'is_previous_allowed': True, 'is_pause_allowed': False, 'is_play_allowed': True, 'is_seek_allowed': True, 'queue_items_remaining': 1, 'queue_time_remaining': 189, 'settings': {'loop': 'disabled', 'shuffle': False, 'auto_radio': True}, 'now_playing': {'seek_position': 80, 'length': 269, 'one_line': {'line1': 'Discotheque - Culture Shock'}, 'two_line': {'line1': 'Discotheque', 'line2': 'Culture Shock'}, 'three_line': {'line1': 'Discotheque', 'line2': 'Culture Shock', 'line3': 'Sequel'}, 'image_key': 'deca04a29c444c834bed70214b8630dc', 'artist_image_keys': ['10eb317b1e3b21322545de9b1ca23338']}}, '1601d5937baba8ee6f785565f6ac4e181d6f': {'zone_id': '1601d5937baba8ee6f785565f6ac4e181d6f', 'display_name': 'Bedroom', 'outputs': [{'output_id': '1701d5937baba8ee6f785565f6ac4e181d6f', 'zone_id': '1601d5937baba8ee6f785565f6ac4e181d6f', 'can_group_with_output_ids': [], 'display_name': 'Bedroom', 'volume': {'type': 'number', 'min': 0, 'max': 100, 'value': 56, 'step': 1, 'is_muted': False, 'hard_limit_min': 0, 'hard_limit_max': 100, 'soft_limit': 100}, 'source_controls': [{'control_key': '1', 'display_name': 'Chromecast Audio', 'supports_standby': False, 'status': 'indeterminate'}]}], 'state': 'paused', 'is_next_allowed': True, 'is_previous_allowed': True, 'is_pause_allowed': False, 'is_play_allowed': True, 'is_seek_allowed': True, 'queue_items_remaining': 2, 'queue_time_remaining': 363, 'settings': {'loop': 'disabled', 'shuffle': False, 'auto_radio': True}, 'now_playing': {'seek_position': 87, 'length': 232, 'one_line': {'line1': 'Silver Seed - Rumpistol'}, 'two_line': {'line1': 'Silver Seed', 'line2': 'Rumpistol'}, 'three_line': {'line1': 'Silver Seed', 'line2': 'Rumpistol', 'line3': 'Nebula'}, 'image_key': 'd94b3801b55a8d847b637ed0ae027e6e', 'artist_image_keys': ['ae86426fccc0bd9c314d620d8bea8919']}}, '160191caeb528ff6b5e90ccbb1e03405e1c3': {'zone_id': '160191caeb528ff6b5e90ccbb1e03405e1c3', 'display_name': 'Lounge TV', 'outputs': [{'output_id': '170191caeb528ff6b5e90ccbb1e03405e1c3', 'zone_id': '160191caeb528ff6b5e90ccbb1e03405e1c3', 'can_group_with_output_ids': [], 'display_name': 'Lounge TV', 'source_controls': [{'control_key': '1', 'display_name': 'Chromecast', 'supports_standby': False, 'status': 'indeterminate'}]}], 'state': 'paused', 'is_next_allowed': True, 'is_previous_allowed': True, 'is_pause_allowed': False, 'is_play_allowed': True, 'is_seek_allowed': True, 'queue_items_remaining': 1, 'queue_time_remaining': 297, 'settings': {'loop': 'disabled', 'shuffle': False, 'auto_radio': True}, 'now_playing': {'seek_position': 19, 'length': 316, 'one_line': {'line1': 'All Res - GoGo Penguin / Chris Illingworth / Rob Turner / Nick Blacka'}, 'two_line': {'line1': 'All Res', 'line2': 'GoGo Penguin / Chris Illingworth / Rob Turner / Nick Blacka'}, 'three_line': {'line1': 'All Res', 'line2': 'GoGo Penguin / Chris Illingworth / Rob Turner / Nick Blacka', 'line3': 'Man Made Object'}, 'image_key': 'da12b82b702a5af394f6a7f9d3c1d167', 'artist_image_keys': ['1ac0bae118fc596866807ecc74ae1f20']}}, '1601bb5695ac608cd06dfba1a573f86dbaa2': {'zone_id': '1601bb5695ac608cd06dfba1a573f86dbaa2', 'display_name': 'Kitchen', 'outputs': [{'output_id': '1701bb5695ac608cd06dfba1a573f86dbaa2', 'zone_id': '1601bb5695ac608cd06dfba1a573f86dbaa2', 'can_group_with_output_ids': [], 'display_name': 'Kitchen', 'volume': {'type': 'number', 'min': 0, 'max': 100, 'value': 40, 'step': 1, 'is_muted': False, 'hard_limit_min': 0, 'hard_limit_max': 100, 'soft_limit': 100}, 'source_controls': [{'control_key': '1', 'display_name': 'Google Cast Group', 'supports_standby': False, 'status': 'indeterminate'}]}], 'state': 'paused', 'is_next_allowed': True, 'is_previous_allowed': True, 'is_pause_allowed': False, 'is_play_allowed': True, 'is_seek_allowed': True, 'queue_items_remaining': 4, 'queue_time_remaining': 896, 'settings': {'loop': 'disabled', 'shuffle': False, 'auto_radio': True}, 'now_playing': {'seek_position': 194, 'length': 244, 'one_line': {'line1': 'Bach Cumbia - Joachim Horsley'}, 'two_line': {'line1': 'Bach Cumbia', 'line2': 'Joachim Horsley'}, 'three_line': {'line1': 'Bach Cumbia', 'line2': 'Joachim Horsley', 'line3': 'Afro Bach'}, 'image_key': '56c750e4441d85c56819c5c724ee7a7e', 'artist_image_keys': ['f73292556a12c0ddbe3fcc377b7228ca']}}, '1601865576b5c22c4057aa6a8bb7285e5972': {'zone_id': '1601865576b5c22c4057aa6a8bb7285e5972', 'display_name': 'PC', 'outputs': [{'output_id': '1701865576b5c22c4057aa6a8bb7285e5972', 'zone_id': '1601865576b5c22c4057aa6a8bb7285e5972', 'can_group_with_output_ids': ['1701865576b5c22c4057aa6a8bb7285e5972'], 'display_name': 'PC', 'volume': {'type': 'number', 'min': 0, 'max': 100, 'value': 100, 'step': 1, 'is_muted': False, 'hard_limit_min': 0, 'hard_limit_max': 100, 'soft_limit': 100}, 'source_controls': [{'control_key': '1', 'display_name': 'System Output', 'supports_standby': False, 'status': 'indeterminate'}]}], 'state': 'paused', 'is_next_allowed': True, 'is_previous_allowed': True, 'is_pause_allowed': False, 'is_play_allowed': True, 'is_seek_allowed': True, 'queue_items_remaining': 12, 'queue_time_remaining': 2219, 'settings': {'loop': 'disabled', 'shuffle': False, 'auto_radio': True}, 'now_playing': {'seek_position': 100, 'length': 221, 'one_line': {'line1': 'The Catalyst - Amaranthe'}, 'two_line': {'line1': 'The Catalyst', 'line2': 'Amaranthe'}, 'three_line': {'line1': 'The Catalyst', 'line2': 'Amaranthe', 'line3': 'The Catalyst'}, 'image_key': '2078140b5de45c27f91644c146b7be16', 'artist_image_keys': ['80816425cfc865e72102364ba754d838']}}, '1601881aa39791e74e829de6dc08a755e364': {'zone_id': '1601881aa39791e74e829de6dc08a755e364', 'display_name': 'Dining Room', 'outputs': [{'output_id': '1701881aa39791e74e829de6dc08a755e364', 'zone_id': '1601881aa39791e74e829de6dc08a755e364', 'can_group_with_output_ids': [], 'display_name': 'Dining Room', 'volume': {'type': 'number', 'min': 0, 'max': 100, 'value': 40, 'step': 1, 'is_muted': False, 'hard_limit_min': 0, 'hard_limit_max': 100, 'soft_limit': 100}, 'source_controls': [{'control_key': '1', 'display_name': 'C4A', 'supports_standby': False, 'status': 'indeterminate'}]}], 'state': 'paused', 'is_next_allowed': True, 'is_previous_allowed': True, 'is_pause_allowed': False, 'is_play_allowed': True, 'is_seek_allowed': True, 'queue_items_remaining': 6, 'queue_time_remaining': 2055, 'settings': {'loop': 'loop', 'shuffle': False, 'auto_radio': True}, 'now_playing': {'seek_position': 3, 'length': 233, 'one_line': {'line1': 'METEORA (feat. Max the Sax) - '}, 'two_line': {'line1': 'METEORA (feat. Max the Sax)', 'line2': ''}, 'three_line': {'line1': 'METEORA (feat. Max the Sax)', 'line2': '', 'line3': 'METEORA (feat. Max the Sax)'}, 'image_key': '3d3fd9dbc3466b9aaf8b38cfb90aefa4'}}, '16019268b080cc971aa1ab2ff76c1a3ebbe1': {'zone_id': '16019268b080cc971aa1ab2ff76c1a3ebbe1', 'display_name': 'Fold', 'outputs': [{'output_id': '17019268b080cc971aa1ab2ff76c1a3ebbe1', 'zone_id': '16019268b080cc971aa1ab2ff76c1a3ebbe1', 'can_group_with_output_ids': [], 'display_name': 'Fold', 'volume': {'type': 'number', 'min': 0, 'max': 15, 'value': 0, 'step': 1, 'is_muted': False, 'hard_limit_min': 0, 'hard_limit_max': 15, 'soft_limit': 15}, 'source_controls': [{'control_key': '1', 'display_name': 'Default Output', 'supports_standby': False, 'status': 'indeterminate'}]}], 'state': 'paused', 'is_next_allowed': True, 'is_previous_allowed': True, 'is_pause_allowed': False, 'is_play_allowed': True, 'is_seek_allowed': True, 'queue_items_remaining': 12, 'queue_time_remaining': 2555, 'settings': {'loop': 'disabled', 'shuffle': False, 'auto_radio': True}, 'now_playing': {'seek_position': 33, 'length': 222, 'one_line': {'line1': 'Right Side Of The Bed - Atreyu'}, 'two_line': {'line1': 'Right Side Of The Bed', 'line2': 'Atreyu'}, 'three_line': {'line1': 'Right Side Of The Bed', 'line2': 'Atreyu', 'line3': 'The Curse (Deluxe Edition)'}, 'image_key': '574c3f8bd173127fbb1e2faca8dc932f', 'artist_image_keys': ['270a31aec3da2ad365b62a8f1b718df4']}}} [[connect_to_roon]]
2025-05-22 19:17:16,297 [DEBUG  ] RoonArtFrame: Processing zone 1601c3b912966d7fbcea2040b0606bad86ea, data keys: dict_keys(['zone_id', 'display_name', 'outputs', 'state', 'is_next_allowed', 'is_previous_allowed', 'is_pause_allowed', 'is_play_allowed', 'is_seek_allowed', 'queue_items_remaining', 'queue_time_remaining', 'settings', 'now_playing']) [[process_zone_data]]
2025-05-22 19:17:16,297 [DEBUG  ] RoonArtFrame: Received event from zone KEF LS50w but it is not in the allowed list [[process_zone_data]]
2025-05-22 19:17:16,298 [DEBUG  ] RoonArtFrame: Processing zone 1601b2e4dfbef815ffaae4029e67a160485f, data keys: dict_keys(['zone_id', 'display_name', 'outputs', 'state', 'is_next_allowed', 'is_previous_allowed', 'is_pause_allowed', 'is_play_allowed', 'is_seek_allowed', 'queue_items_remaining', 'queue_time_remaining', 'settings', 'now_playing']) [[process_zone_data]]
2025-05-22 19:17:16,298 [DEBUG  ] RoonArtFrame: Received event from zone KEF LSX but it is not in the allowed list [[process_zone_data]]
2025-05-22 19:17:16,298 [DEBUG  ] RoonArtFrame: Processing zone 160115a2925db2f233703b5ff9cac08b0436, data keys: dict_keys(['zone_id', 'display_name', 'outputs', 'state', 'is_next_allowed', 'is_previous_allowed', 'is_pause_allowed', 'is_play_allowed', 'is_seek_allowed', 'queue_items_remaining', 'queue_time_remaining', 'settings', 'now_playing']) [[process_zone_data]]
2025-05-22 19:17:16,298 [DEBUG  ] RoonArtFrame: Now playing keys: dict_keys(['seek_position', 'length', 'one_line', 'two_line', 'three_line', 'image_key', 'artist_image_keys']) [[process_now_playing]]
2025-05-22 19:17:16,299 [DEBUG  ] RoonArtFrame: Update contains the same image as is currently displayed [[process_now_playing]]
2025-05-22 19:17:16,299 [DEBUG  ] RoonArtFrame: Processing zone 1601d5937baba8ee6f785565f6ac4e181d6f, data keys: dict_keys(['zone_id', 'display_name', 'outputs', 'state', 'is_next_allowed', 'is_previous_allowed', 'is_pause_allowed', 'is_play_allowed', 'is_seek_allowed', 'queue_items_remaining', 'queue_time_remaining', 'settings', 'now_playing']) [[process_zone_data]]
2025-05-22 19:17:16,299 [DEBUG  ] RoonArtFrame: Received event from zone Bedroom but it is not in the allowed list [[process_zone_data]]
2025-05-22 19:17:16,299 [DEBUG  ] RoonArtFrame: Processing zone 160191caeb528ff6b5e90ccbb1e03405e1c3, data keys: dict_keys(['zone_id', 'display_name', 'outputs', 'state', 'is_next_allowed', 'is_previous_allowed', 'is_pause_allowed', 'is_play_allowed', 'is_seek_allowed', 'queue_items_remaining', 'queue_time_remaining', 'settings', 'now_playing']) [[process_zone_data]]
2025-05-22 19:17:16,299 [DEBUG  ] RoonArtFrame: Received event from zone Lounge TV but it is not in the allowed list [[process_zone_data]]
2025-05-22 19:17:16,300 [DEBUG  ] RoonArtFrame: Processing zone 1601bb5695ac608cd06dfba1a573f86dbaa2, data keys: dict_keys(['zone_id', 'display_name', 'outputs', 'state', 'is_next_allowed', 'is_previous_allowed', 'is_pause_allowed', 'is_play_allowed', 'is_seek_allowed', 'queue_items_remaining', 'queue_time_remaining', 'settings', 'now_playing']) [[process_zone_data]]
2025-05-22 19:17:16,300 [DEBUG  ] RoonArtFrame: Received event from zone Kitchen but it is not in the allowed list [[process_zone_data]]
2025-05-22 19:17:16,300 [DEBUG  ] RoonArtFrame: Processing zone 1601865576b5c22c4057aa6a8bb7285e5972, data keys: dict_keys(['zone_id', 'display_name', 'outputs', 'state', 'is_next_allowed', 'is_previous_allowed', 'is_pause_allowed', 'is_play_allowed', 'is_seek_allowed', 'queue_items_remaining', 'queue_time_remaining', 'settings', 'now_playing']) [[process_zone_data]]
2025-05-22 19:17:16,300 [DEBUG  ] RoonArtFrame: Received event from zone PC but it is not in the allowed list [[process_zone_data]]
2025-05-22 19:17:16,300 [DEBUG  ] RoonArtFrame: Processing zone 1601881aa39791e74e829de6dc08a755e364, data keys: dict_keys(['zone_id', 'display_name', 'outputs', 'state', 'is_next_allowed', 'is_previous_allowed', 'is_pause_allowed', 'is_play_allowed', 'is_seek_allowed', 'queue_items_remaining', 'queue_time_remaining', 'settings', 'now_playing']) [[process_zone_data]]
2025-05-22 19:17:16,301 [DEBUG  ] RoonArtFrame: Received event from zone Dining Room but it is not in the allowed list [[process_zone_data]]
2025-05-22 19:17:16,301 [DEBUG  ] RoonArtFrame: Processing zone 16019268b080cc971aa1ab2ff76c1a3ebbe1, data keys: dict_keys(['zone_id', 'display_name', 'outputs', 'state', 'is_next_allowed', 'is_previous_allowed', 'is_pause_allowed', 'is_play_allowed', 'is_seek_allowed', 'queue_items_remaining', 'queue_time_remaining', 'settings', 'now_playing']) [[process_zone_data]]
2025-05-22 19:17:16,301 [DEBUG  ] RoonArtFrame: Received event from zone Fold but it is not in the allowed list [[process_zone_data]]
2025-05-22 19:17:16,301 [INFO   ] RoonArtFrame: Registering for state callbacks... [[subscribe_to_events]]
2025-05-22 19:17:16,301 [INFO   ] RoonArtFrame: Registering state callback... [[subscribe_to_events]]
2025-05-22 19:17:16,302 [INFO   ] RoonArtFrame: Successfully registered for state callbacks [[subscribe_to_events]]
2025-05-22 19:17:16,303 [INFO   ] RoonArtFrame: Event loop started [[event_loop]]
2025-05-22 19:17:22,405 [DEBUG  ] RoonArtFrame: Processing zones_changed event [[zone_event_callback]]
2025-05-22 19:17:22,406 [DEBUG  ] RoonArtFrame: Processing zone 160115a2925db2f233703b5ff9cac08b0436, data keys: dict_keys(['zone_id', 'display_name', 'outputs', 'state', 'is_next_allowed', 'is_previous_allowed', 'is_pause_allowed', 'is_play_allowed', 'is_seek_allowed', 'queue_items_remaining', 'queue_time_remaining', 'settings', 'now_playing', 'seek_position']) [[process_zone_data]]
2025-05-22 19:17:22,406 [DEBUG  ] RoonArtFrame: Now playing keys: dict_keys(['seek_position', 'length', 'one_line', 'two_line', 'three_line', 'image_key', 'artist_image_keys']) [[process_now_playing]]
2025-05-22 19:17:22,406 [DEBUG  ] RoonArtFrame: Update contains the same image as is currently displayed [[process_now_playing]]
2025-05-22 19:17:23,639 [DEBUG  ] RoonArtFrame: Processing zones_changed event [[zone_event_callback]]
2025-05-22 19:17:23,639 [DEBUG  ] RoonArtFrame: Processing zone 160115a2925db2f233703b5ff9cac08b0436, data keys: dict_keys(['zone_id', 'display_name', 'outputs', 'state', 'is_next_allowed', 'is_previous_allowed', 'is_pause_allowed', 'is_play_allowed', 'is_seek_allowed', 'queue_items_remaining', 'queue_time_remaining', 'settings', 'now_playing', 'seek_position']) [[process_zone_data]]
2025-05-22 19:17:23,640 [DEBUG  ] RoonArtFrame: Now playing keys: dict_keys(['seek_position', 'length', 'one_line', 'two_line', 'three_line', 'image_key', 'artist_image_keys']) [[process_now_playing]]
2025-05-22 19:17:23,640 [INFO   ] RoonArtFrame: New track detected with image key: 40a701f1a1c5fec5bed375268702d972 [[process_now_playing]]
2025-05-22 19:17:23,640 [INFO   ] RoonArtFrame: Now Playing: All The Same - Nubiyan Twist / Ria Moran / Nick Richards / Luke Wynter / Tom Excell / Finn Booth - Find Your Flame [[process_now_playing]]
2025-05-22 19:17:23,642 [INFO   ] RoonArtFrame: Fetching album art from: http://192.168.1.128:9330/api/image/40a701f1a1c5fec5bed375268702d972?scale=fit&width=1200&height=1200 [[fetch_and_display_album_art]]
2025-05-22 19:17:23,667 [DEBUG  ] urllib3.connectionpool: Starting new HTTP connection (1): 192.168.1.128:9330 [[_new_conn]]
2025-05-22 19:17:24,547 [DEBUG  ] urllib3.connectionpool: http://192.168.1.128:9330 "GET /api/image/40a701f1a1c5fec5bed375268702d972?scale=fit&width=1200&height=1200 HTTP/1.1" 200 866185 [[_make_request]]
2025-05-22 19:17:24,550 [DEBUG  ] RoonArtFrame: Image successfully downloaded [[download_image]]
2025-05-22 19:17:25,148 [INFO   ] RoonArtFrame: Successfully saved album art to /mnt/dietpi_userdata/album_art/album_art_40a701f1a1c5fec5bed375268702d972.jpg [[fetch_and_display_album_art]]
2025-05-22 19:17:25,149 [DEBUG  ] RoonArtFrame: Updating viewer [[fetch_and_display_album_art]]
2025-05-22 19:17:25,149 [DEBUG  ] RoonArtFrame: Starting to process image position [[process_image_position]]
2025-05-22 19:17:25,203 [DEBUG  ] RoonArtFrame: Resizing [[process_image_position]]
2025-05-22 19:17:25,223 [DEBUG  ] RoonArtFrame: Padding [[pad_image_to_size]]
2025-05-22 19:17:25,223 [DEBUG  ] RoonArtFrame: Starting creating new image [[pad_image_to_size]]
2025-05-22 19:17:25,256 [DEBUG  ] RoonArtFrame: Finished creating new image [[pad_image_to_size]]
2025-05-22 19:17:25,256 [DEBUG  ] RoonArtFrame: Starting pasting images together [[pad_image_to_size]]
2025-05-22 19:17:25,263 [DEBUG  ] RoonArtFrame: Finished pasting images together [[pad_image_to_size]]
2025-05-22 19:17:25,263 [DEBUG  ] RoonArtFrame: Checking previous update thread for All The Same [[update]]
2025-05-22 19:17:25,263 [DEBUG  ] RoonArtFrame: Creating new update thread for All The Same [[update]]
2025-05-22 19:17:25,265 [DEBUG  ] RoonArtFrame: Starting sending image to display for All The Same [[display_image]]
2025-05-22 19:17:25,270 [DEBUG  ] RoonArtFrame: Processing zones_changed event [[zone_event_callback]]
2025-05-22 19:17:25,271 [DEBUG  ] RoonArtFrame: Processing zone 160115a2925db2f233703b5ff9cac08b0436, data keys: dict_keys(['zone_id', 'display_name', 'outputs', 'state', 'is_next_allowed', 'is_previous_allowed', 'is_pause_allowed', 'is_play_allowed', 'is_seek_allowed', 'queue_items_remaining', 'queue_time_remaining', 'settings', 'now_playing', 'seek_position']) [[process_zone_data]]
2025-05-22 19:17:25,271 [DEBUG  ] RoonArtFrame: Now playing keys: dict_keys(['seek_position', 'length', 'one_line', 'two_line', 'three_line', 'image_key', 'artist_image_keys']) [[process_now_playing]]
2025-05-22 19:17:25,272 [DEBUG  ] RoonArtFrame: Ignoring duplicate event {'seek_position': None, 'length': 325, 'one_line': {'line1': 'All The Same - Nubiyan Twist / Ria Moran / Nick Richards / Luke Wynter / Tom Excell / Finn Booth'}, 'two_line': {'line1': 'All The Same', 'line2': 'Nubiyan Twist / Ria Moran / Nick Richards / Luke Wynter / Tom Excell / Finn Booth'}, 'three_line': {'line1': 'All The Same', 'line2': 'Nubiyan Twist / Ria Moran / Nick Richards / Luke Wynter / Tom Excell / Finn Booth', 'line3': 'Find Your Flame'}, 'image_key': '40a701f1a1c5fec5bed375268702d972', 'artist_image_keys': ['25dc2aea2aabb83432955330e3935cd6', 'aa9ed9bb14c16b8f5e1fc4bf3c47e28d']} [[process_now_playing]]
2025-05-22 19:17:27,308 [DEBUG  ] epd13in3E   : e-Paper busy H checking at Starting [[display_image]] All The Same [[ReadBusyH]]
2025-05-22 19:17:27,309 [DEBUG  ] epd13in3E   : e-Paper busy H released at Starting [[display_image]] All The Same [[ReadBusyH]]
2025-05-22 19:17:27,309 [DEBUG  ] epd13in3E   : Sending data 1 for All The Same [[display]]
2025-05-22 19:17:29,367 [DEBUG  ] epd13in3E   : Sending data 2 for All The Same [[display]]
2025-05-22 19:17:31,425 [DEBUG  ] epd13in3E   : POWER ON = False [[updateDisplay]]
2025-05-22 19:17:31,426 [DEBUG  ] epd13in3E   : Write power on starting for All The Same [[writePower]]
2025-05-22 19:17:31,426 [DEBUG  ] epd13in3E   : e-Paper busy H checking at [[updateDisplay]] for All The Same [[ReadBusyH]]
2025-05-22 19:17:31,727 [DEBUG  ] epd13in3E   : e-Paper busy H released at [[updateDisplay]] for All The Same [[ReadBusyH]]
2025-05-22 19:17:31,778 [DEBUG  ] epd13in3E   : Write DRF for All The Same [[writeDRF]]
2025-05-22 19:17:31,778 [DEBUG  ] epd13in3E   : e-Paper busy H checking at Write DRF All The Same [[ReadBusyH]]
2025-05-22 19:57:06,509 [DEBUG  ] websocket   : Sending ping [[debug]]
2025-05-22 19:57:16,511 [DEBUG  ] websocket   : Sending ping [[debug]]
2025-05-22 19:57:26,512 [DEBUG  ] websocket   : Sending ping [[debug]]
2025-05-22 19:57:35,708 [DEBUG  ] epd13in3E   : e-Paper busy H released at Write DRF All The Same [[ReadBusyH]]
2025-05-22 19:57:35,708 [DEBUG  ] epd13in3E   : Write power off starting for All The Same [[writePower]]
2025-05-22 19:57:35,709 [DEBUG  ] epd13in3E   : e-Paper busy H checking at [[updateDisplay]] for All The Same [[ReadBusyH]]
2025-05-22 19:57:35,809 [DEBUG  ] epd13in3E   : e-Paper busy H released at [[updateDisplay]] for All The Same [[ReadBusyH]]
2025-05-22 19:57:35,810 [DEBUG  ] epd13in3E   : Write to display complete for All The Same [[updateDisplay]]
2025-05-22 19:57:35,824 [INFO   ] RoonArtFrame: Finished sending image to display for All The Same [[display_image]]
2025-05-22 19:57:36,514 [DEBUG  ] websocket   : Sending ping [[debug]]
2025-05-22 19:57:39,423 [DEBUG  ] RoonArtFrame: Processing zones_changed event [[zone_event_callback]]
2025-05-22 19:57:39,425 [DEBUG  ] RoonArtFrame: Processing zone 160115a2925db2f233703b5ff9cac08b0436, data keys: dict_keys(['zone_id', 'display_name', 'outputs', 'state', 'is_next_allowed', 'is_previous_allowed', 'is_pause_allowed', 'is_play_allowed', 'is_seek_allowed', 'queue_items_remaining', 'queue_time_remaining', 'settings', 'now_playing', 'seek_position']) [[process_zone_data]]
2025-05-22 19:57:39,426 [DEBUG  ] RoonArtFrame: Now playing keys: dict_keys(['seek_position', 'length', 'one_line', 'two_line', 'three_line', 'image_key', 'artist_image_keys']) [[process_now_playing]]
2025-05-22 19:57:39,426 [INFO   ] RoonArtFrame: New track detected with image key: 882e1b2de7489320542a3793e6d9fcf8 [[process_now_playing]]
2025-05-22 19:57:39,426 [INFO   ] RoonArtFrame: Now Playing: Lights Out - Nubiyan Twist / Nile Rodgers / Nick Richards / Tom Excell - Lights Out [[process_now_playing]]
2025-05-22 19:57:39,428 [INFO   ] RoonArtFrame: Fetching album art from: http://192.168.1.128:9330/api/image/882e1b2de7489320542a3793e6d9fcf8?scale=fit&width=1200&height=1200 [[fetch_and_display_album_art]]
2025-05-22 19:57:39,439 [DEBUG  ] urllib3.connectionpool: Starting new HTTP connection (1): 192.168.1.128:9330 [[_new_conn]]
2025-05-22 19:57:40,147 [DEBUG  ] urllib3.connectionpool: http://192.168.1.128:9330 "GET /api/image/882e1b2de7489320542a3793e6d9fcf8?scale=fit&width=1200&height=1200 HTTP/1.1" 200 741625 [[_make_request]]
2025-05-22 19:57:40,150 [DEBUG  ] RoonArtFrame: Image successfully downloaded [[download_image]]
2025-05-22 19:57:40,516 [INFO   ] RoonArtFrame: Successfully saved album art to /mnt/dietpi_userdata/album_art/album_art_882e1b2de7489320542a3793e6d9fcf8.jpg [[fetch_and_display_album_art]]
2025-05-22 19:57:40,516 [DEBUG  ] RoonArtFrame: Updating viewer [[fetch_and_display_album_art]]
2025-05-22 19:57:40,517 [INFO   ] RoonArtFrame: Setting should_stop triggered by Lights Out [[update]]
2025-05-22 19:57:40,518 [DEBUG  ] RoonArtFrame: Starting to process image position [[process_image_position]]
2025-05-22 19:57:40,566 [DEBUG  ] RoonArtFrame: Resizing [[process_image_position]]
2025-05-22 19:57:40,588 [DEBUG  ] RoonArtFrame: Padding [[pad_image_to_size]]
2025-05-22 19:57:40,589 [DEBUG  ] RoonArtFrame: Starting creating new image [[pad_image_to_size]]
2025-05-22 19:57:40,624 [DEBUG  ] RoonArtFrame: Finished creating new image [[pad_image_to_size]]
2025-05-22 19:57:40,624 [DEBUG  ] RoonArtFrame: Starting pasting images together [[pad_image_to_size]]
2025-05-22 19:57:40,632 [DEBUG  ] RoonArtFrame: Finished pasting images together [[pad_image_to_size]]
2025-05-22 19:57:40,632 [DEBUG  ] RoonArtFrame: Checking previous update thread for Lights Out [[update]]
2025-05-22 19:57:40,633 [DEBUG  ] RoonArtFrame: Creating new update thread for Lights Out [[update]]
2025-05-22 19:57:40,634 [DEBUG  ] RoonArtFrame: Starting sending image to display for Lights Out [[display_image]]
2025-05-22 19:57:40,637 [DEBUG  ] RoonArtFrame: Processing zones_changed event [[zone_event_callback]]
2025-05-22 19:57:40,638 [DEBUG  ] RoonArtFrame: Processing zone 160115a2925db2f233703b5ff9cac08b0436, data keys: dict_keys(['zone_id', 'display_name', 'outputs', 'state', 'is_next_allowed', 'is_previous_allowed', 'is_pause_allowed', 'is_play_allowed', 'is_seek_allowed', 'queue_items_remaining', 'queue_time_remaining', 'settings', 'now_playing', 'seek_position']) [[process_zone_data]]
2025-05-22 19:57:40,639 [DEBUG  ] RoonArtFrame: Now playing keys: dict_keys(['seek_position', 'length', 'one_line', 'two_line', 'three_line', 'image_key', 'artist_image_keys']) [[process_now_playing]]
2025-05-22 19:57:40,640 [DEBUG  ] RoonArtFrame: Ignoring duplicate event {'seek_position': None, 'length': 242, 'one_line': {'line1': 'Lights Out - Nubiyan Twist / Nile Rodgers / Nick Richards / Tom Excell'}, 'two_line': {'line1': 'Lights Out', 'line2': 'Nubiyan Twist / Nile Rodgers / Nick Richards / Tom Excell'}, 'three_line': {'line1': 'Lights Out', 'line2': 'Nubiyan Twist / Nile Rodgers / Nick Richards / Tom Excell', 'line3': 'Lights Out'}, 'image_key': '882e1b2de7489320542a3793e6d9fcf8', 'artist_image_keys': ['25dc2aea2aabb83432955330e3935cd6', '487748724053017293a3f0922f68fe6f']} [[process_now_playing]]
2025-05-22 19:57:43,029 [DEBUG  ] epd13in3E   : e-Paper busy H checking at Starting [[display_image]] Lights Out [[ReadBusyH]]
2025-05-22 19:57:43,029 [DEBUG  ] epd13in3E   : e-Paper busy H released at Starting [[display_image]] Lights Out [[ReadBusyH]]
2025-05-22 19:57:43,029 [DEBUG  ] epd13in3E   : Sending data 1 for Lights Out [[display]]
2025-05-22 19:57:43,029 [INFO   ] epd13in3E   : Returning early from [[display]] due to should_stop for 1 Lights Out [[returnFunc]]
2025-05-22 19:57:43,043 [INFO   ] RoonArtFrame: Finished sending image to display for Lights Out [[display_image]]
2025-05-22 19:57:46,515 [DEBUG  ] websocket   : Sending ping [[debug]]
2025-05-22 19:57:56,516 [DEBUG  ] websocket   : Sending ping [[debug]]
2025-05-22 19:58:02,166 [DEBUG  ] RoonArtFrame: Processing zones_changed event [[zone_event_callback]]
2025-05-22 19:58:02,167 [DEBUG  ] RoonArtFrame: Processing zone 160115a2925db2f233703b5ff9cac08b0436, data keys: dict_keys(['zone_id', 'display_name', 'outputs', 'state', 'is_next_allowed', 'is_previous_allowed', 'is_pause_allowed', 'is_play_allowed', 'is_seek_allowed', 'queue_items_remaining', 'queue_time_remaining', 'settings', 'now_playing', 'seek_position']) [[process_zone_data]]
2025-05-22 19:58:02,167 [DEBUG  ] RoonArtFrame: Now playing keys: dict_keys(['seek_position', 'length', 'one_line', 'two_line', 'three_line', 'image_key', 'artist_image_keys']) [[process_now_playing]]
2025-05-22 19:58:02,167 [INFO   ] RoonArtFrame: New track detected with image key: f258a4f1d7af122f044e33f3d1cbfed9 [[process_now_playing]]
2025-05-22 19:58:02,168 [INFO   ] RoonArtFrame: Now Playing: Breeze - Nubiyan Twist / Nick Richards / Tom Excell / Aziza Jaye - Find Your Flame (Deluxe Edition) [[process_now_playing]]
2025-05-22 19:58:02,168 [INFO   ] RoonArtFrame: Fetching album art from: http://192.168.1.128:9330/api/image/f258a4f1d7af122f044e33f3d1cbfed9?scale=fit&width=1200&height=1200 [[fetch_and_display_album_art]]
2025-05-22 19:58:02,175 [DEBUG  ] urllib3.connectionpool: Starting new HTTP connection (1): 192.168.1.128:9330 [[_new_conn]]
2025-05-22 19:58:03,324 [DEBUG  ] urllib3.connectionpool: http://192.168.1.128:9330 "GET /api/image/f258a4f1d7af122f044e33f3d1cbfed9?scale=fit&width=1200&height=1200 HTTP/1.1" 200 866185 [[_make_request]]
2025-05-22 19:58:03,326 [DEBUG  ] RoonArtFrame: Image successfully downloaded [[download_image]]
2025-05-22 19:58:03,733 [INFO   ] RoonArtFrame: Successfully saved album art to /mnt/dietpi_userdata/album_art/album_art_f258a4f1d7af122f044e33f3d1cbfed9.jpg [[fetch_and_display_album_art]]
2025-05-22 19:58:03,733 [DEBUG  ] RoonArtFrame: Updating viewer [[fetch_and_display_album_art]]
2025-05-22 19:58:03,734 [INFO   ] RoonArtFrame: Setting should_stop triggered by Breeze [[update]]
2025-05-22 19:58:03,734 [DEBUG  ] RoonArtFrame: Starting to process image position [[process_image_position]]
2025-05-22 19:58:03,783 [DEBUG  ] RoonArtFrame: Resizing [[process_image_position]]
2025-05-22 19:58:03,805 [DEBUG  ] RoonArtFrame: Padding [[pad_image_to_size]]
2025-05-22 19:58:03,806 [DEBUG  ] RoonArtFrame: Starting creating new image [[pad_image_to_size]]
2025-05-22 19:58:03,841 [DEBUG  ] RoonArtFrame: Finished creating new image [[pad_image_to_size]]
2025-05-22 19:58:03,841 [DEBUG  ] RoonArtFrame: Starting pasting images together [[pad_image_to_size]]
2025-05-22 19:58:03,848 [DEBUG  ] RoonArtFrame: Finished pasting images together [[pad_image_to_size]]
2025-05-22 19:58:03,849 [DEBUG  ] RoonArtFrame: Checking previous update thread for Breeze [[update]]
2025-05-22 19:58:03,849 [DEBUG  ] RoonArtFrame: Creating new update thread for Breeze [[update]]
2025-05-22 19:58:03,850 [DEBUG  ] RoonArtFrame: Starting sending image to display for Breeze [[display_image]]
2025-05-22 19:58:03,853 [DEBUG  ] RoonArtFrame: Processing zones_changed event [[zone_event_callback]]
2025-05-22 19:58:03,854 [DEBUG  ] RoonArtFrame: Processing zone 160115a2925db2f233703b5ff9cac08b0436, data keys: dict_keys(['zone_id', 'display_name', 'outputs', 'state', 'is_next_allowed', 'is_previous_allowed', 'is_pause_allowed', 'is_play_allowed', 'is_seek_allowed', 'queue_items_remaining', 'queue_time_remaining', 'settings', 'now_playing', 'seek_position']) [[process_zone_data]]
2025-05-22 19:58:03,855 [DEBUG  ] RoonArtFrame: Now playing keys: dict_keys(['seek_position', 'length', 'one_line', 'two_line', 'three_line', 'image_key', 'artist_image_keys']) [[process_now_playing]]
2025-05-22 19:58:03,856 [DEBUG  ] RoonArtFrame: Ignoring duplicate event {'seek_position': None, 'length': 267, 'one_line': {'line1': 'Breeze - Nubiyan Twist / Nick Richards / Tom Excell / Aziza Jaye'}, 'two_line': {'line1': 'Breeze', 'line2': 'Nubiyan Twist / Nick Richards / Tom Excell / Aziza Jaye'}, 'three_line': {'line1': 'Breeze', 'line2': 'Nubiyan Twist / Nick Richards / Tom Excell / Aziza Jaye', 'line3': 'Find Your Flame (Deluxe Edition)'}, 'image_key': 'f258a4f1d7af122f044e33f3d1cbfed9', 'artist_image_keys': ['25dc2aea2aabb83432955330e3935cd6']} [[process_now_playing]]
2025-05-22 19:58:04,570 [DEBUG  ] RoonArtFrame: Processing zones_changed event [[zone_event_callback]]
2025-05-22 19:58:04,576 [DEBUG  ] RoonArtFrame: Processing zone 160115a2925db2f233703b5ff9cac08b0436, data keys: dict_keys(['zone_id', 'display_name', 'outputs', 'state', 'is_next_allowed', 'is_previous_allowed', 'is_pause_allowed', 'is_play_allowed', 'is_seek_allowed', 'queue_items_remaining', 'queue_time_remaining', 'settings', 'now_playing', 'seek_position']) [[process_zone_data]]
2025-05-22 19:58:04,576 [DEBUG  ] RoonArtFrame: Now playing keys: dict_keys(['seek_position', 'length', 'one_line', 'two_line', 'three_line', 'image_key', 'artist_image_keys']) [[process_now_playing]]
2025-05-22 19:58:04,577 [INFO   ] RoonArtFrame: New track detected with image key: 985c14aca73f90679490b73e6ae7c1fe [[process_now_playing]]
2025-05-22 19:58:04,577 [INFO   ] RoonArtFrame: Now Playing: If I Know - Nubiyan Twist / K.O.G / Finn Booth / Joe Henwood / Jonny Enser / Kweku Sackey / Luke Wynter / Ollie Cadman / Tom Excell - Freedom Fables [[process_now_playing]]
2025-05-22 19:58:04,584 [INFO   ] RoonArtFrame: Fetching album art from: http://192.168.1.128:9330/api/image/985c14aca73f90679490b73e6ae7c1fe?scale=fit&width=1200&height=1200 [[fetch_and_display_album_art]]
2025-05-22 19:58:04,613 [DEBUG  ] urllib3.connectionpool: Starting new HTTP connection (1): 192.168.1.128:9330 [[_new_conn]]
2025-05-22 19:58:05,560 [DEBUG  ] urllib3.connectionpool: http://192.168.1.128:9330 "GET /api/image/985c14aca73f90679490b73e6ae7c1fe?scale=fit&width=1200&height=1200 HTTP/1.1" 200 844374 [[_make_request]]
2025-05-22 19:58:05,568 [DEBUG  ] RoonArtFrame: Image successfully downloaded [[download_image]]
2025-05-22 19:58:06,416 [INFO   ] RoonArtFrame: Successfully saved album art to /mnt/dietpi_userdata/album_art/album_art_985c14aca73f90679490b73e6ae7c1fe.jpg [[fetch_and_display_album_art]]
2025-05-22 19:58:06,422 [DEBUG  ] RoonArtFrame: Updating viewer [[fetch_and_display_album_art]]
2025-05-22 19:58:06,428 [INFO   ] RoonArtFrame: Setting should_stop triggered by If I Know [[update]]
2025-05-22 19:58:06,434 [DEBUG  ] RoonArtFrame: Starting to process image position [[process_image_position]]
2025-05-22 19:58:06,493 [DEBUG  ] RoonArtFrame: Resizing [[process_image_position]]
2025-05-22 19:58:06,511 [DEBUG  ] RoonArtFrame: Padding [[pad_image_to_size]]
2025-05-22 19:58:06,516 [DEBUG  ] RoonArtFrame: Starting creating new image [[pad_image_to_size]]
2025-05-22 19:58:06,533 [DEBUG  ] websocket   : Sending ping [[debug]]
2025-05-22 19:58:06,562 [DEBUG  ] RoonArtFrame: Finished creating new image [[pad_image_to_size]]
2025-05-22 19:58:06,562 [DEBUG  ] RoonArtFrame: Starting pasting images together [[pad_image_to_size]]
2025-05-22 19:58:06,576 [DEBUG  ] RoonArtFrame: Finished pasting images together [[pad_image_to_size]]
2025-05-22 19:58:06,581 [DEBUG  ] RoonArtFrame: Checking previous update thread for If I Know [[update]]
2025-05-22 19:58:06,587 [DEBUG  ] RoonArtFrame: Waiting for previous thread to finish for If I Know [[update]]
2025-05-22 19:58:06,613 [DEBUG  ] epd13in3E   : e-Paper busy H checking at Starting [[display_image]] Breeze [[ReadBusyH]]
2025-05-22 19:58:06,614 [DEBUG  ] epd13in3E   : e-Paper busy H released at Starting [[display_image]] Breeze [[ReadBusyH]]
2025-05-22 19:58:06,614 [DEBUG  ] epd13in3E   : Sending data 1 for Breeze [[display]]
2025-05-22 19:58:06,615 [INFO   ] epd13in3E   : Returning early from [[display]] due to should_stop for 1 Breeze [[returnFunc]]
2025-05-22 19:58:06,637 [INFO   ] RoonArtFrame: Finished sending image to display for Breeze [[display_image]]
2025-05-22 19:58:06,693 [DEBUG  ] RoonArtFrame: Creating new update thread for If I Know [[update]]
2025-05-22 19:58:06,694 [DEBUG  ] RoonArtFrame: Starting sending image to display for If I Know [[display_image]]
2025-05-22 19:58:06,696 [DEBUG  ] RoonArtFrame: Processing zones_changed event [[zone_event_callback]]
2025-05-22 19:58:06,698 [DEBUG  ] RoonArtFrame: Processing zone 160115a2925db2f233703b5ff9cac08b0436, data keys: dict_keys(['zone_id', 'display_name', 'outputs', 'state', 'is_next_allowed', 'is_previous_allowed', 'is_pause_allowed', 'is_play_allowed', 'is_seek_allowed', 'queue_items_remaining', 'queue_time_remaining', 'settings', 'now_playing', 'seek_position']) [[process_zone_data]]
2025-05-22 19:58:06,699 [DEBUG  ] RoonArtFrame: Now playing keys: dict_keys(['seek_position', 'length', 'one_line', 'two_line', 'three_line', 'image_key', 'artist_image_keys']) [[process_now_playing]]
2025-05-22 19:58:06,700 [DEBUG  ] RoonArtFrame: Ignoring duplicate event {'seek_position': None, 'length': 369, 'one_line': {'line1': 'If I Know - Nubiyan Twist / K.O.G / Finn Booth / Joe Henwood / Jonny Enser / Kweku Sackey / Luke Wynter / Ollie Cadman / Tom Excell'}, 'two_line': {'line1': 'If I Know', 'line2': 'Nubiyan Twist / K.O.G / Finn Booth / Joe Henwood / Jonny Enser / Kweku Sackey / Luke Wynter / Ollie Cadman / Tom Excell'}, 'three_line': {'line1': 'If I Know', 'line2': 'Nubiyan Twist / K.O.G / Finn Booth / Joe Henwood / Jonny Enser / Kweku Sackey / Luke Wynter / Ollie Cadman / Tom Excell', 'line3': 'Freedom Fables'}, 'image_key': '985c14aca73f90679490b73e6ae7c1fe', 'artist_image_keys': ['25dc2aea2aabb83432955330e3935cd6', '2417745f61010f833eefa74a0e3dca80']} [[process_now_playing]]
2025-05-22 19:58:09,399 [DEBUG  ] epd13in3E   : e-Paper busy H checking at Starting [[display_image]] If I Know [[ReadBusyH]]
2025-05-22 19:58:09,399 [DEBUG  ] epd13in3E   : e-Paper busy H released at Starting [[display_image]] If I Know [[ReadBusyH]]
2025-05-22 19:58:09,400 [DEBUG  ] epd13in3E   : Sending data 1 for If I Know [[display]]
2025-05-22 19:58:11,047 [DEBUG  ] epd13in3E   : Sending data 2 for If I Know [[display]]
2025-05-22 19:58:12,694 [DEBUG  ] epd13in3E   : POWER ON = False [[updateDisplay]]
2025-05-22 19:58:12,695 [DEBUG  ] epd13in3E   : Write power on starting for If I Know [[writePower]]
2025-05-22 19:58:12,695 [DEBUG  ] epd13in3E   : e-Paper busy H checking at [[updateDisplay]] for If I Know [[ReadBusyH]]
2025-05-22 19:58:12,996 [DEBUG  ] epd13in3E   : e-Paper busy H released at [[updateDisplay]] for If I Know [[ReadBusyH]]
2025-05-22 19:58:13,047 [DEBUG  ] epd13in3E   : Write DRF for If I Know [[writeDRF]]
2025-05-22 19:58:13,047 [DEBUG  ] epd13in3E   : e-Paper busy H checking at Write DRF If I Know [[ReadBusyH]]
2025-05-22 19:58:16,535 [DEBUG  ] websocket   : Sending ping [[debug]]
2025-05-22 19:58:26,536 [DEBUG  ] websocket   : Sending ping [[debug]]
2025-05-22 19:58:36,537 [DEBUG  ] websocket   : Sending ping [[debug]]
2025-05-22 19:58:46,381 [DEBUG  ] epd13in3E   : e-Paper busy H released at Write DRF If I Know [[ReadBusyH]]
2025-05-22 19:58:46,382 [DEBUG  ] epd13in3E   : Write power off starting for If I Know [[writePower]]
2025-05-22 19:58:46,382 [DEBUG  ] epd13in3E   : e-Paper busy H checking at [[updateDisplay]] for If I Know [[ReadBusyH]]
2025-05-22 19:58:46,483 [DEBUG  ] epd13in3E   : e-Paper busy H released at [[updateDisplay]] for If I Know [[ReadBusyH]]
2025-05-22 19:58:46,484 [DEBUG  ] epd13in3E   : Write to display complete for If I Know [[updateDisplay]]
2025-05-22 19:58:46,506 [INFO   ] RoonArtFrame: Finished sending image to display for If I Know [[display_image]]
2025-05-22 19:58:46,539 [DEBUG  ] websocket   : Sending ping [[debug]]
2025-05-22 19:58:56,540 [DEBUG  ] websocket   : Sending ping [[debug]]
2025-05-22 19:59:06,541 [DEBUG  ] websocket   : Sending ping [[debug]]
2025-05-22 19:59:09,445 [DEBUG  ] RoonArtFrame: Processing zones_changed event [[zone_event_callback]]
2025-05-22 19:59:09,445 [DEBUG  ] RoonArtFrame: Processing zone 1601865576b5c22c4057aa6a8bb7285e5972, data keys: dict_keys(['zone_id', 'display_name', 'outputs', 'state', 'is_next_allowed', 'is_previous_allowed', 'is_pause_allowed', 'is_play_allowed', 'is_seek_allowed', 'queue_items_remaining', 'queue_time_remaining', 'settings', 'now_playing', 'seek_position']) [[process_zone_data]]
2025-05-22 19:59:09,446 [DEBUG  ] RoonArtFrame: Received event from zone PC but it is not in the allowed list [[process_zone_data]]
2025-05-22 19:59:10,445 [DEBUG  ] RoonArtFrame: Processing zones_changed event [[zone_event_callback]]
2025-05-22 19:59:10,445 [DEBUG  ] RoonArtFrame: Processing zone 1601865576b5c22c4057aa6a8bb7285e5972, data keys: dict_keys(['zone_id', 'display_name', 'outputs', 'state', 'is_next_allowed', 'is_previous_allowed', 'is_pause_allowed', 'is_play_allowed', 'is_seek_allowed', 'queue_items_remaining', 'queue_time_remaining', 'settings', 'now_playing', 'seek_position']) [[process_zone_data]]
2025-05-22 19:59:10,446 [DEBUG  ] RoonArtFrame: Received event from zone PC but it is not in the allowed list [[process_zone_data]]
2025-05-22 19:59:16,542 [DEBUG  ] websocket   : Sending ping [[debug]]
2025-05-22 19:59:26,544 [DEBUG  ] websocket   : Sending ping [[debug]]
2025-05-22 19:59:36,545 [DEBUG  ] websocket   : Sending ping [[debug]]
2025-05-22 19:59:41,887 [DEBUG  ] RoonArtFrame: Processing zones_changed event [[zone_event_callback]]
2025-05-22 19:59:41,888 [DEBUG  ] RoonArtFrame: Processing zone 1601865576b5c22c4057aa6a8bb7285e5972, data keys: dict_keys(['zone_id', 'display_name', 'outputs', 'state', 'is_next_allowed', 'is_previous_allowed', 'is_pause_allowed', 'is_play_allowed', 'is_seek_allowed', 'queue_items_remaining', 'queue_time_remaining', 'settings', 'now_playing', 'seek_position']) [[process_zone_data]]
2025-05-22 19:59:41,888 [DEBUG  ] RoonArtFrame: Received event from zone PC but it is not in the allowed list [[process_zone_data]]
2025-05-22 19:59:42,989 [DEBUG  ] RoonArtFrame: Processing zones_changed event [[zone_event_callback]]
2025-05-22 19:59:42,990 [DEBUG  ] RoonArtFrame: Processing zone 1601865576b5c22c4057aa6a8bb7285e5972, data keys: dict_keys(['zone_id', 'display_name', 'outputs', 'state', 'is_next_allowed', 'is_previous_allowed', 'is_pause_allowed', 'is_play_allowed', 'is_seek_allowed', 'queue_items_remaining', 'queue_time_remaining', 'settings', 'now_playing', 'seek_position']) [[process_zone_data]]
2025-05-22 19:59:42,990 [DEBUG  ] RoonArtFrame: Received event from zone PC but it is not in the allowed list [[process_zone_data]]
2025-05-22 19:59:43,667 [DEBUG  ] RoonArtFrame: Processing zones_changed event [[zone_event_callback]]
2025-05-22 19:59:43,668 [DEBUG  ] RoonArtFrame: Processing zone 1601865576b5c22c4057aa6a8bb7285e5972, data keys: dict_keys(['zone_id', 'display_name', 'outputs', 'state', 'is_next_allowed', 'is_previous_allowed', 'is_pause_allowed', 'is_play_allowed', 'is_seek_allowed', 'queue_items_remaining', 'queue_time_remaining', 'settings', 'now_playing', 'seek_position']) [[process_zone_data]]
2025-05-22 19:59:43,668 [DEBUG  ] RoonArtFrame: Received event from zone PC but it is not in the allowed list [[process_zone_data]]
2025-05-22 19:59:45,173 [DEBUG  ] RoonArtFrame: Processing zones_changed event [[zone_event_callback]]
2025-05-22 19:59:45,175 [DEBUG  ] RoonArtFrame: Processing zone 1601865576b5c22c4057aa6a8bb7285e5972, data keys: dict_keys(['zone_id', 'display_name', 'outputs', 'state', 'is_next_allowed', 'is_previous_allowed', 'is_pause_allowed', 'is_play_allowed', 'is_seek_allowed', 'queue_items_remaining', 'queue_time_remaining', 'settings', 'now_playing', 'seek_position']) [[process_zone_data]]
2025-05-22 19:59:45,176 [DEBUG  ] RoonArtFrame: Received event from zone PC but it is not in the allowed list [[process_zone_data]]
2025-05-22 19:59:45,668 [DEBUG  ] RoonArtFrame: Processing zones_changed event [[zone_event_callback]]
2025-05-22 19:59:45,668 [DEBUG  ] RoonArtFrame: Processing zone 1601865576b5c22c4057aa6a8bb7285e5972, data keys: dict_keys(['zone_id', 'display_name', 'outputs', 'state', 'is_next_allowed', 'is_previous_allowed', 'is_pause_allowed', 'is_play_allowed', 'is_seek_allowed', 'queue_items_remaining', 'queue_time_remaining', 'settings', 'now_playing', 'seek_position']) [[process_zone_data]]
2025-05-22 19:59:45,669 [DEBUG  ] RoonArtFrame: Received event from zone PC but it is not in the allowed list [[process_zone_data]]
2025-05-22 19:59:46,547 [DEBUG  ] websocket   : Sending ping [[debug]]
2025-05-22 19:59:47,684 [DEBUG  ] RoonArtFrame: Processing zones_changed event [[zone_event_callback]]
2025-05-22 19:59:47,685 [DEBUG  ] RoonArtFrame: Processing zone 1601865576b5c22c4057aa6a8bb7285e5972, data keys: dict_keys(['zone_id', 'display_name', 'outputs', 'state', 'is_next_allowed', 'is_previous_allowed', 'is_pause_allowed', 'is_play_allowed', 'is_seek_allowed', 'queue_items_remaining', 'queue_time_remaining', 'settings', 'now_playing', 'seek_position']) [[process_zone_data]]
2025-05-22 19:59:47,685 [DEBUG  ] RoonArtFrame: Received event from zone PC but it is not in the allowed list [[process_zone_data]]
2025-05-22 19:59:56,548 [DEBUG  ] websocket   : Sending ping [[debug]]
2025-05-22 20:00:03,873 [DEBUG  ] RoonArtFrame: Processing zones_changed event [[zone_event_callback]]
2025-05-22 20:00:03,874 [DEBUG  ] RoonArtFrame: Processing zone 1601865576b5c22c4057aa6a8bb7285e5972, data keys: dict_keys(['zone_id', 'display_name', 'outputs', 'state', 'is_next_allowed', 'is_previous_allowed', 'is_pause_allowed', 'is_play_allowed', 'is_seek_allowed', 'queue_items_remaining', 'queue_time_remaining', 'settings', 'now_playing', 'seek_position']) [[process_zone_data]]
2025-05-22 20:00:03,874 [DEBUG  ] RoonArtFrame: Received event from zone PC but it is not in the allowed list [[process_zone_data]]
2025-05-22 20:00:06,118 [DEBUG  ] RoonArtFrame: Processing zones_changed event [[zone_event_callback]]
2025-05-22 20:00:06,119 [DEBUG  ] RoonArtFrame: Processing zone 160115a2925db2f233703b5ff9cac08b0436, data keys: dict_keys(['zone_id', 'display_name', 'outputs', 'state', 'is_next_allowed', 'is_previous_allowed', 'is_pause_allowed', 'is_play_allowed', 'is_seek_allowed', 'queue_items_remaining', 'queue_time_remaining', 'settings', 'now_playing', 'seek_position']) [[process_zone_data]]
2025-05-22 20:00:06,119 [DEBUG  ] RoonArtFrame: Now playing keys: dict_keys(['seek_position', 'length', 'one_line', 'two_line', 'three_line', 'image_key', 'artist_image_keys']) [[process_now_playing]]
2025-05-22 20:00:06,119 [INFO   ] RoonArtFrame: New track detected with image key: 9445279fa335aa753d2e32e6ca62d7ee [[process_now_playing]]
2025-05-22 20:00:06,120 [INFO   ] RoonArtFrame: Now Playing: Battle Isn't Over (D'n'B Version) - Nubiyan Twist / Horseman - Battle Isn't Over (D’n’B Version) [[process_now_playing]]
2025-05-22 20:00:06,124 [INFO   ] RoonArtFrame: Fetching album art from: http://192.168.1.128:9330/api/image/9445279fa335aa753d2e32e6ca62d7ee?scale=fit&width=1200&height=1200 [[fetch_and_display_album_art]]
2025-05-22 20:00:06,133 [DEBUG  ] urllib3.connectionpool: Starting new HTTP connection (1): 192.168.1.128:9330 [[_new_conn]]
2025-05-22 20:00:06,549 [DEBUG  ] websocket   : Sending ping [[debug]]
2025-05-22 20:00:06,907 [DEBUG  ] urllib3.connectionpool: http://192.168.1.128:9330 "GET /api/image/9445279fa335aa753d2e32e6ca62d7ee?scale=fit&width=1200&height=1200 HTTP/1.1" 200 853690 [[_make_request]]
2025-05-22 20:00:06,912 [DEBUG  ] RoonArtFrame: Image successfully downloaded [[download_image]]
2025-05-22 20:00:07,329 [INFO   ] RoonArtFrame: Successfully saved album art to /mnt/dietpi_userdata/album_art/album_art_9445279fa335aa753d2e32e6ca62d7ee.jpg [[fetch_and_display_album_art]]
2025-05-22 20:00:07,329 [DEBUG  ] RoonArtFrame: Updating viewer [[fetch_and_display_album_art]]
2025-05-22 20:00:07,330 [INFO   ] RoonArtFrame: Setting should_stop triggered by Battle Isn't Over (D'n'B Version) [[update]]
2025-05-22 20:00:07,330 [DEBUG  ] RoonArtFrame: Starting to process image position [[process_image_position]]
2025-05-22 20:00:07,379 [DEBUG  ] RoonArtFrame: Resizing [[process_image_position]]
2025-05-22 20:00:07,401 [DEBUG  ] RoonArtFrame: Padding [[pad_image_to_size]]
2025-05-22 20:00:07,403 [DEBUG  ] RoonArtFrame: Starting creating new image [[pad_image_to_size]]
2025-05-22 20:00:07,438 [DEBUG  ] RoonArtFrame: Finished creating new image [[pad_image_to_size]]
2025-05-22 20:00:07,440 [DEBUG  ] RoonArtFrame: Starting pasting images together [[pad_image_to_size]]
2025-05-22 20:00:07,447 [DEBUG  ] RoonArtFrame: Finished pasting images together [[pad_image_to_size]]
2025-05-22 20:00:07,448 [DEBUG  ] RoonArtFrame: Checking previous update thread for Battle Isn't Over (D'n'B Version) [[update]]
2025-05-22 20:00:07,450 [DEBUG  ] RoonArtFrame: Creating new update thread for Battle Isn't Over (D'n'B Version) [[update]]
2025-05-22 20:00:07,451 [DEBUG  ] RoonArtFrame: Starting sending image to display for Battle Isn't Over (D'n'B Version) [[display_image]]
2025-05-22 20:00:07,453 [DEBUG  ] RoonArtFrame: Processing zones_changed event [[zone_event_callback]]
2025-05-22 20:00:07,455 [DEBUG  ] RoonArtFrame: Processing zone 160115a2925db2f233703b5ff9cac08b0436, data keys: dict_keys(['zone_id', 'display_name', 'outputs', 'state', 'is_next_allowed', 'is_previous_allowed', 'is_pause_allowed', 'is_play_allowed', 'is_seek_allowed', 'queue_items_remaining', 'queue_time_remaining', 'settings', 'now_playing', 'seek_position']) [[process_zone_data]]
2025-05-22 20:00:07,455 [DEBUG  ] RoonArtFrame: Now playing keys: dict_keys(['seek_position', 'length', 'one_line', 'two_line', 'three_line', 'image_key', 'artist_image_keys']) [[process_now_playing]]
2025-05-22 20:00:07,456 [DEBUG  ] RoonArtFrame: Ignoring duplicate event {'seek_position': None, 'length': 224, 'one_line': {'line1': "Battle Isn't Over (D'n'B Version) - Nubiyan Twist / Horseman"}, 'two_line': {'line1': "Battle Isn't Over (D'n'B Version)", 'line2': 'Nubiyan Twist / Horseman'}, 'three_line': {'line1': "Battle Isn't Over (D'n'B Version)", 'line2': 'Nubiyan Twist / Horseman', 'line3': "Battle Isn't Over (D’n’B Version)"}, 'image_key': '9445279fa335aa753d2e32e6ca62d7ee', 'artist_image_keys': ['61545c4f119dc497026faa9fc77aa61a', 'ccb7f36c91dc03d1fe9c7a2f3d55530c']} [[process_now_playing]]
2025-05-22 20:00:09,434 [DEBUG  ] epd13in3E   : e-Paper busy H checking at Starting [[display_image]] Battle Isn't Over (D'n'B Version) [[ReadBusyH]]
2025-05-22 20:00:09,435 [DEBUG  ] epd13in3E   : e-Paper busy H released at Starting [[display_image]] Battle Isn't Over (D'n'B Version) [[ReadBusyH]]
2025-05-22 20:00:09,435 [DEBUG  ] epd13in3E   : Sending data 1 for Battle Isn't Over (D'n'B Version) [[display]]
2025-05-22 20:00:09,435 [INFO   ] epd13in3E   : Returning early from [[display]] due to should_stop for 1 Battle Isn't Over (D'n'B Version) [[returnFunc]]
2025-05-22 20:00:09,448 [INFO   ] RoonArtFrame: Finished sending image to display for Battle Isn't Over (D'n'B Version) [[display_image]]
2025-05-22 20:00:16,551 [DEBUG  ] websocket   : Sending ping [[debug]]
2025-05-22 20:00:26,552 [DEBUG  ] websocket   : Sending ping [[debug]]
2025-05-22 20:00:36,554 [DEBUG  ] websocket   : Sending ping [[debug]]
2025-05-22 20:00:46,555 [DEBUG  ] websocket   : Sending ping [[debug]]
2025-05-22 20:00:56,556 [DEBUG  ] websocket   : Sending ping [[debug]]
2025-05-22 20:01:06,558 [DEBUG  ] websocket   : Sending ping [[debug]]
2025-05-22 20:01:16,559 [DEBUG  ] websocket   : Sending ping [[debug]]
2025-05-22 20:01:20,313 [DEBUG  ] RoonArtFrame: Processing zones_changed event [[zone_event_callback]]
2025-05-22 20:01:20,314 [DEBUG  ] RoonArtFrame: Processing zone 160115a2925db2f233703b5ff9cac08b0436, data keys: dict_keys(['zone_id', 'display_name', 'outputs', 'state', 'is_next_allowed', 'is_previous_allowed', 'is_pause_allowed', 'is_play_allowed', 'is_seek_allowed', 'queue_items_remaining', 'queue_time_remaining', 'settings', 'now_playing', 'seek_position']) [[process_zone_data]]
2025-05-22 20:01:20,314 [DEBUG  ] RoonArtFrame: Now playing keys: dict_keys(['seek_position', 'length', 'one_line', 'two_line', 'three_line', 'image_key', 'artist_image_keys']) [[process_now_playing]]
2025-05-22 20:01:20,314 [INFO   ] RoonArtFrame: New track detected with image key: 86ee28fdfbcb38f4a94f20b94ee5749a [[process_now_playing]]
2025-05-22 20:01:20,315 [INFO   ] RoonArtFrame: Now Playing: Tell It to Me Slowly - Nubiyan Twist / Nick Richards - Jungle Run [[process_now_playing]]
2025-05-22 20:01:20,316 [INFO   ] RoonArtFrame: Fetching album art from: http://192.168.1.128:9330/api/image/86ee28fdfbcb38f4a94f20b94ee5749a?scale=fit&width=1200&height=1200 [[fetch_and_display_album_art]]
2025-05-22 20:01:20,324 [DEBUG  ] urllib3.connectionpool: Starting new HTTP connection (1): 192.168.1.128:9330 [[_new_conn]]
2025-05-22 20:01:21,083 [DEBUG  ] urllib3.connectionpool: http://192.168.1.128:9330 "GET /api/image/86ee28fdfbcb38f4a94f20b94ee5749a?scale=fit&width=1200&height=1200 HTTP/1.1" 200 510169 [[_make_request]]
2025-05-22 20:01:21,085 [DEBUG  ] RoonArtFrame: Image successfully downloaded [[download_image]]
2025-05-22 20:01:21,337 [INFO   ] RoonArtFrame: Successfully saved album art to /mnt/dietpi_userdata/album_art/album_art_86ee28fdfbcb38f4a94f20b94ee5749a.jpg [[fetch_and_display_album_art]]
2025-05-22 20:01:21,339 [DEBUG  ] RoonArtFrame: Updating viewer [[fetch_and_display_album_art]]
2025-05-22 20:01:21,339 [INFO   ] RoonArtFrame: Setting should_stop triggered by Tell It to Me Slowly [[update]]
2025-05-22 20:01:21,339 [DEBUG  ] RoonArtFrame: Starting to process image position [[process_image_position]]
2025-05-22 20:01:21,374 [DEBUG  ] RoonArtFrame: Resizing [[process_image_position]]
2025-05-22 20:01:21,389 [DEBUG  ] RoonArtFrame: Padding [[pad_image_to_size]]
2025-05-22 20:01:21,390 [DEBUG  ] RoonArtFrame: Starting creating new image [[pad_image_to_size]]
2025-05-22 20:01:21,411 [DEBUG  ] RoonArtFrame: Finished creating new image [[pad_image_to_size]]
2025-05-22 20:01:21,412 [DEBUG  ] RoonArtFrame: Starting pasting images together [[pad_image_to_size]]
2025-05-22 20:01:21,418 [DEBUG  ] RoonArtFrame: Finished pasting images together [[pad_image_to_size]]
2025-05-22 20:01:21,419 [DEBUG  ] RoonArtFrame: Checking previous update thread for Tell It to Me Slowly [[update]]
2025-05-22 20:01:21,419 [DEBUG  ] RoonArtFrame: Creating new update thread for Tell It to Me Slowly [[update]]
2025-05-22 20:01:21,420 [DEBUG  ] RoonArtFrame: Starting sending image to display for Tell It to Me Slowly [[display_image]]
2025-05-22 20:01:21,422 [DEBUG  ] RoonArtFrame: Processing zones_changed event [[zone_event_callback]]
2025-05-22 20:01:21,423 [DEBUG  ] RoonArtFrame: Processing zone 160115a2925db2f233703b5ff9cac08b0436, data keys: dict_keys(['zone_id', 'display_name', 'outputs', 'state', 'is_next_allowed', 'is_previous_allowed', 'is_pause_allowed', 'is_play_allowed', 'is_seek_allowed', 'queue_items_remaining', 'queue_time_remaining', 'settings', 'now_playing', 'seek_position']) [[process_zone_data]]
2025-05-22 20:01:21,424 [DEBUG  ] RoonArtFrame: Now playing keys: dict_keys(['seek_position', 'length', 'one_line', 'two_line', 'three_line', 'image_key', 'artist_image_keys']) [[process_now_playing]]
2025-05-22 20:01:21,425 [DEBUG  ] RoonArtFrame: Ignoring duplicate event {'seek_position': None, 'length': 316, 'one_line': {'line1': 'Tell It to Me Slowly - Nubiyan Twist / Nick Richards'}, 'two_line': {'line1': 'Tell It to Me Slowly', 'line2': 'Nubiyan Twist / Nick Richards'}, 'three_line': {'line1': 'Tell It to Me Slowly', 'line2': 'Nubiyan Twist / Nick Richards', 'line3': 'Jungle Run'}, 'image_key': '86ee28fdfbcb38f4a94f20b94ee5749a', 'artist_image_keys': ['25dc2aea2aabb83432955330e3935cd6']} [[process_now_playing]]
2025-05-22 20:01:23,067 [DEBUG  ] epd13in3E   : e-Paper busy H checking at Starting [[display_image]] Tell It to Me Slowly [[ReadBusyH]]
2025-05-22 20:01:23,067 [DEBUG  ] epd13in3E   : e-Paper busy H released at Starting [[display_image]] Tell It to Me Slowly [[ReadBusyH]]
2025-05-22 20:01:23,067 [DEBUG  ] epd13in3E   : Sending data 1 for Tell It to Me Slowly [[display]]
2025-05-22 20:01:23,068 [INFO   ] epd13in3E   : Returning early from [[display]] due to should_stop for 1 Tell It to Me Slowly [[returnFunc]]
2025-05-22 20:01:23,081 [INFO   ] RoonArtFrame: Finished sending image to display for Tell It to Me Slowly [[display_image]]
2025-05-22 20:01:26,561 [DEBUG  ] websocket   : Sending ping [[debug]]
2025-05-22 20:01:36,562 [DEBUG  ] websocket   : Sending ping [[debug]]
2025-05-22 20:01:46,563 [DEBUG  ] websocket   : Sending ping [[debug]]
2025-05-22 20:01:56,564 [DEBUG  ] websocket   : Sending ping [[debug]]
2025-05-22 20:02:06,566 [DEBUG  ] websocket   : Sending ping [[debug]]
2025-05-22 20:02:16,568 [DEBUG  ] websocket   : Sending ping [[debug]]
2025-05-22 20:02:26,569 [DEBUG  ] websocket   : Sending ping [[debug]]
2025-05-22 20:02:36,570 [DEBUG  ] websocket   : Sending ping [[debug]]
2025-05-22 20:02:46,572 [DEBUG  ] websocket   : Sending ping [[debug]]
2025-05-22 20:02:56,573 [DEBUG  ] websocket   : Sending ping [[debug]]
2025-05-22 20:03:06,574 [DEBUG  ] websocket   : Sending ping [[debug]]
2025-05-22 20:03:16,576 [DEBUG  ] websocket   : Sending ping [[debug]]
2025-05-22 20:03:26,577 [DEBUG  ] websocket   : Sending ping [[debug]]
2025-05-22 20:03:36,579 [DEBUG  ] websocket   : Sending ping [[debug]]
2025-05-22 20:03:46,580 [DEBUG  ] websocket   : Sending ping [[debug]]
2025-05-22 20:03:56,581 [DEBUG  ] websocket   : Sending ping [[debug]]
2025-05-22 20:04:06,583 [DEBUG  ] websocket   : Sending ping [[debug]]
2025-05-22 20:04:16,584 [DEBUG  ] websocket   : Sending ping [[debug]]
2025-05-22 20:04:26,586 [DEBUG  ] websocket   : Sending ping [[debug]]
2025-05-22 20:04:36,587 [DEBUG  ] websocket   : Sending ping [[debug]]
2025-05-22 20:04:46,589 [DEBUG  ] websocket   : Sending ping [[debug]]
2025-05-22 20:04:56,590 [DEBUG  ] websocket   : Sending ping [[debug]]
2025-05-22 20:05:06,591 [DEBUG  ] websocket   : Sending ping [[debug]]
2025-05-22 20:05:16,593 [DEBUG  ] websocket   : Sending ping [[debug]]
2025-05-22 20:05:26,594 [DEBUG  ] websocket   : Sending ping [[debug]]
2025-05-22 20:05:36,596 [DEBUG  ] websocket   : Sending ping [[debug]]
2025-05-22 20:05:46,597 [DEBUG  ] websocket   : Sending ping [[debug]]
2025-05-22 20:05:56,599 [DEBUG  ] websocket   : Sending ping [[debug]]
2025-05-22 20:06:06,600 [DEBUG  ] websocket   : Sending ping [[debug]]
2025-05-22 20:06:16,602 [DEBUG  ] websocket   : Sending ping [[debug]]
2025-05-22 20:06:26,603 [DEBUG  ] websocket   : Sending ping [[debug]]
2025-05-22 20:06:36,557 [DEBUG  ] RoonArtFrame: Processing zones_changed event [[zone_event_callback]]
2025-05-22 20:06:36,558 [DEBUG  ] RoonArtFrame: Processing zone 160115a2925db2f233703b5ff9cac08b0436, data keys: dict_keys(['zone_id', 'display_name', 'outputs', 'state', 'is_next_allowed', 'is_previous_allowed', 'is_pause_allowed', 'is_play_allowed', 'is_seek_allowed', 'queue_items_remaining', 'queue_time_remaining', 'settings', 'now_playing', 'seek_position']) [[process_zone_data]]
2025-05-22 20:06:36,558 [DEBUG  ] RoonArtFrame: Now playing keys: dict_keys(['seek_position', 'length', 'one_line', 'two_line', 'three_line', 'image_key', 'artist_image_keys']) [[process_now_playing]]
2025-05-22 20:06:36,559 [INFO   ] RoonArtFrame: New track detected with image key: 40a701f1a1c5fec5bed375268702d972 [[process_now_playing]]
2025-05-22 20:06:36,559 [INFO   ] RoonArtFrame: Now Playing: Carry Me - Nubiyan Twist / Seun Kuti / Aziza Jaye / Nick Richards / Tom Excell - Find Your Flame [[process_now_playing]]
2025-05-22 20:06:36,560 [DEBUG  ] RoonArtFrame: File already exists at /mnt/dietpi_userdata/album_art/album_art_40a701f1a1c5fec5bed375268702d972.jpg [[fetch_and_display_album_art]]
2025-05-22 20:06:36,560 [DEBUG  ] RoonArtFrame: Updating viewer [[fetch_and_display_album_art]]
2025-05-22 20:06:36,563 [INFO   ] RoonArtFrame: Setting should_stop triggered by Carry Me [[update]]
2025-05-22 20:06:36,564 [DEBUG  ] RoonArtFrame: Starting to process image position [[process_image_position]]
2025-05-22 20:06:36,605 [DEBUG  ] websocket   : Sending ping [[debug]]
2025-05-22 20:06:36,716 [DEBUG  ] RoonArtFrame: Resizing [[process_image_position]]
2025-05-22 20:06:36,739 [DEBUG  ] RoonArtFrame: Padding [[pad_image_to_size]]
2025-05-22 20:06:36,740 [DEBUG  ] RoonArtFrame: Starting creating new image [[pad_image_to_size]]
2025-05-22 20:06:36,775 [DEBUG  ] RoonArtFrame: Finished creating new image [[pad_image_to_size]]
2025-05-22 20:06:36,775 [DEBUG  ] RoonArtFrame: Starting pasting images together [[pad_image_to_size]]
2025-05-22 20:06:36,783 [DEBUG  ] RoonArtFrame: Finished pasting images together [[pad_image_to_size]]
2025-05-22 20:06:36,783 [DEBUG  ] RoonArtFrame: Checking previous update thread for Carry Me [[update]]
2025-05-22 20:06:36,784 [DEBUG  ] RoonArtFrame: Creating new update thread for Carry Me [[update]]
2025-05-22 20:06:36,785 [DEBUG  ] RoonArtFrame: Starting sending image to display for Carry Me [[display_image]]
2025-05-22 20:06:37,266 [DEBUG  ] RoonArtFrame: Processing zones_changed event [[zone_event_callback]]
2025-05-22 20:06:37,272 [DEBUG  ] RoonArtFrame: Processing zone 160115a2925db2f233703b5ff9cac08b0436, data keys: dict_keys(['zone_id', 'display_name', 'outputs', 'state', 'is_next_allowed', 'is_previous_allowed', 'is_pause_allowed', 'is_play_allowed', 'is_seek_allowed', 'queue_items_remaining', 'queue_time_remaining', 'settings', 'now_playing', 'seek_position']) [[process_zone_data]]
2025-05-22 20:06:37,278 [DEBUG  ] RoonArtFrame: Now playing keys: dict_keys(['seek_position', 'length', 'one_line', 'two_line', 'three_line', 'image_key', 'artist_image_keys']) [[process_now_playing]]
2025-05-22 20:06:37,284 [DEBUG  ] RoonArtFrame: Ignoring duplicate event {'seek_position': None, 'length': 236, 'one_line': {'line1': 'Carry Me - Nubiyan Twist / Seun Kuti / Aziza Jaye / Nick Richards / Tom Excell'}, 'two_line': {'line1': 'Carry Me', 'line2': 'Nubiyan Twist / Seun Kuti / Aziza Jaye / Nick Richards / Tom Excell'}, 'three_line': {'line1': 'Carry Me', 'line2': 'Nubiyan Twist / Seun Kuti / Aziza Jaye / Nick Richards / Tom Excell', 'line3': 'Find Your Flame'}, 'image_key': '40a701f1a1c5fec5bed375268702d972', 'artist_image_keys': ['25dc2aea2aabb83432955330e3935cd6', '0f544f1a652b9a47a491b6f04e30b5e9']} [[process_now_playing]]
2025-05-22 20:06:39,279 [DEBUG  ] epd13in3E   : e-Paper busy H checking at Starting [[display_image]] Carry Me [[ReadBusyH]]
2025-05-22 20:06:39,280 [DEBUG  ] epd13in3E   : e-Paper busy H released at Starting [[display_image]] Carry Me [[ReadBusyH]]
2025-05-22 20:06:39,280 [DEBUG  ] epd13in3E   : Sending data 1 for Carry Me [[display]]
2025-05-22 20:06:39,280 [INFO   ] epd13in3E   : Returning early from [[display]] due to should_stop for 1 Carry Me [[returnFunc]]
2025-05-22 20:06:39,293 [INFO   ] RoonArtFrame: Finished sending image to display for Carry Me [[display_image]]
2025-05-22 20:06:46,607 [DEBUG  ] websocket   : Sending ping [[debug]]
2025-05-22 20:06:56,608 [DEBUG  ] websocket   : Sending ping [[debug]]
2025-05-22 20:07:06,610 [DEBUG  ] websocket   : Sending ping [[debug]]
2025-05-22 20:07:16,611 [DEBUG  ] websocket   : Sending ping [[debug]]
2025-05-22 20:07:26,613 [DEBUG  ] websocket   : Sending ping [[debug]]
2025-05-22 20:07:36,614 [DEBUG  ] websocket   : Sending ping [[debug]]
2025-05-22 20:07:46,616 [DEBUG  ] websocket   : Sending ping [[debug]]
2025-05-22 20:07:56,617 [DEBUG  ] websocket   : Sending ping [[debug]]
2025-05-22 20:08:06,619 [DEBUG  ] websocket   : Sending ping [[debug]]
2025-05-22 20:08:16,620 [DEBUG  ] websocket   : Sending ping [[debug]]
2025-05-22 20:08:26,622 [DEBUG  ] websocket   : Sending ping [[debug]]
2025-05-22 20:08:36,623 [DEBUG  ] websocket   : Sending ping [[debug]]
2025-05-22 20:08:46,624 [DEBUG  ] websocket   : Sending ping [[debug]]
2025-05-22 20:08:56,625 [DEBUG  ] websocket   : Sending ping [[debug]]
2025-05-22 20:09:06,627 [DEBUG  ] websocket   : Sending ping [[debug]]
2025-05-22 20:09:16,628 [DEBUG  ] websocket   : Sending ping [[debug]]
2025-05-22 20:09:26,629 [DEBUG  ] websocket   : Sending ping [[debug]]
2025-05-22 20:09:36,630 [DEBUG  ] websocket   : Sending ping [[debug]]
2025-05-22 20:09:46,632 [DEBUG  ] websocket   : Sending ping [[debug]]
2025-05-22 20:09:56,633 [DEBUG  ] websocket   : Sending ping [[debug]]
2025-05-22 20:10:06,634 [DEBUG  ] websocket   : Sending ping [[debug]]
2025-05-22 20:10:16,636 [DEBUG  ] websocket   : Sending ping [[debug]]
2025-05-22 20:10:26,637 [DEBUG  ] websocket   : Sending ping [[debug]]
2025-05-22 20:10:33,459 [DEBUG  ] RoonArtFrame: Processing zones_changed event [[zone_event_callback]]
2025-05-22 20:10:33,459 [DEBUG  ] RoonArtFrame: Processing zone 160115a2925db2f233703b5ff9cac08b0436, data keys: dict_keys(['zone_id', 'display_name', 'outputs', 'state', 'is_next_allowed', 'is_previous_allowed', 'is_pause_allowed', 'is_play_allowed', 'is_seek_allowed', 'queue_items_remaining', 'queue_time_remaining', 'settings', 'now_playing', 'seek_position']) [[process_zone_data]]
2025-05-22 20:10:33,460 [DEBUG  ] RoonArtFrame: Now playing keys: dict_keys(['seek_position', 'length', 'one_line', 'two_line', 'three_line', 'image_key', 'artist_image_keys']) [[process_now_playing]]
2025-05-22 20:10:33,460 [INFO   ] RoonArtFrame: New track detected with image key: 0e6f2bc80c7311cc069d0b33da49870c [[process_now_playing]]
2025-05-22 20:10:33,460 [INFO   ] RoonArtFrame: Now Playing: Figure Numatic - Nubiyan Twist - Figure Numatic [[process_now_playing]]
2025-05-22 20:10:33,462 [INFO   ] RoonArtFrame: Fetching album art from: http://192.168.1.128:9330/api/image/0e6f2bc80c7311cc069d0b33da49870c?scale=fit&width=1200&height=1200 [[fetch_and_display_album_art]]
2025-05-22 20:10:33,471 [DEBUG  ] urllib3.connectionpool: Starting new HTTP connection (1): 192.168.1.128:9330 [[_new_conn]]
2025-05-22 20:10:34,200 [DEBUG  ] urllib3.connectionpool: http://192.168.1.128:9330 "GET /api/image/0e6f2bc80c7311cc069d0b33da49870c?scale=fit&width=1200&height=1200 HTTP/1.1" 200 622019 [[_make_request]]
2025-05-22 20:10:34,203 [DEBUG  ] RoonArtFrame: Image successfully downloaded [[download_image]]
2025-05-22 20:10:34,555 [INFO   ] RoonArtFrame: Successfully saved album art to /mnt/dietpi_userdata/album_art/album_art_0e6f2bc80c7311cc069d0b33da49870c.jpg [[fetch_and_display_album_art]]
2025-05-22 20:10:34,555 [DEBUG  ] RoonArtFrame: Updating viewer [[fetch_and_display_album_art]]
2025-05-22 20:10:34,555 [INFO   ] RoonArtFrame: Setting should_stop triggered by Figure Numatic [[update]]
2025-05-22 20:10:34,556 [DEBUG  ] RoonArtFrame: Starting to process image position [[process_image_position]]
2025-05-22 20:10:34,605 [DEBUG  ] RoonArtFrame: Resizing [[process_image_position]]
2025-05-22 20:10:34,627 [DEBUG  ] RoonArtFrame: Padding [[pad_image_to_size]]
2025-05-22 20:10:34,628 [DEBUG  ] RoonArtFrame: Starting creating new image [[pad_image_to_size]]
2025-05-22 20:10:34,662 [DEBUG  ] RoonArtFrame: Finished creating new image [[pad_image_to_size]]
2025-05-22 20:10:34,663 [DEBUG  ] RoonArtFrame: Starting pasting images together [[pad_image_to_size]]
2025-05-22 20:10:34,670 [DEBUG  ] RoonArtFrame: Finished pasting images together [[pad_image_to_size]]
2025-05-22 20:10:34,671 [DEBUG  ] RoonArtFrame: Checking previous update thread for Figure Numatic [[update]]
2025-05-22 20:10:34,671 [DEBUG  ] RoonArtFrame: Creating new update thread for Figure Numatic [[update]]
2025-05-22 20:10:34,672 [DEBUG  ] RoonArtFrame: Starting sending image to display for Figure Numatic [[display_image]]
2025-05-22 20:10:34,674 [DEBUG  ] RoonArtFrame: Processing zones_changed event [[zone_event_callback]]
2025-05-22 20:10:34,676 [DEBUG  ] RoonArtFrame: Processing zone 160115a2925db2f233703b5ff9cac08b0436, data keys: dict_keys(['zone_id', 'display_name', 'outputs', 'state', 'is_next_allowed', 'is_previous_allowed', 'is_pause_allowed', 'is_play_allowed', 'is_seek_allowed', 'queue_items_remaining', 'queue_time_remaining', 'settings', 'now_playing', 'seek_position']) [[process_zone_data]]
2025-05-22 20:10:34,676 [DEBUG  ] RoonArtFrame: Now playing keys: dict_keys(['seek_position', 'length', 'one_line', 'two_line', 'three_line', 'image_key', 'artist_image_keys']) [[process_now_playing]]
2025-05-22 20:10:34,677 [DEBUG  ] RoonArtFrame: Ignoring duplicate event {'seek_position': None, 'length': 370, 'one_line': {'line1': 'Figure Numatic - Nubiyan Twist'}, 'two_line': {'line1': 'Figure Numatic', 'line2': 'Nubiyan Twist'}, 'three_line': {'line1': 'Figure Numatic', 'line2': 'Nubiyan Twist', 'line3': 'Figure Numatic'}, 'image_key': '0e6f2bc80c7311cc069d0b33da49870c', 'artist_image_keys': ['ccb7f36c91dc03d1fe9c7a2f3d55530c']} [[process_now_playing]]
2025-05-22 20:10:36,644 [DEBUG  ] websocket   : Sending ping [[debug]]
2025-05-22 20:10:37,436 [DEBUG  ] epd13in3E   : e-Paper busy H checking at Starting [[display_image]] Figure Numatic [[ReadBusyH]]
2025-05-22 20:10:37,436 [DEBUG  ] epd13in3E   : e-Paper busy H released at Starting [[display_image]] Figure Numatic [[ReadBusyH]]
2025-05-22 20:10:37,437 [DEBUG  ] epd13in3E   : Sending data 1 for Figure Numatic [[display]]
2025-05-22 20:10:37,438 [INFO   ] epd13in3E   : Returning early from [[display]] due to should_stop for 1 Figure Numatic [[returnFunc]]
2025-05-22 20:10:37,461 [INFO   ] RoonArtFrame: Finished sending image to display for Figure Numatic [[display_image]]
2025-05-22 20:10:46,655 [DEBUG  ] websocket   : Sending ping [[debug]]
2025-05-22 20:10:56,657 [DEBUG  ] websocket   : Sending ping [[debug]]
2025-05-22 20:11:06,658 [DEBUG  ] websocket   : Sending ping [[debug]]
2025-05-22 20:11:16,660 [DEBUG  ] websocket   : Sending ping [[debug]]
2025-05-22 20:11:26,661 [DEBUG  ] websocket   : Sending ping [[debug]]
2025-05-22 20:11:36,663 [DEBUG  ] websocket   : Sending ping [[debug]]
2025-05-22 20:11:46,664 [DEBUG  ] websocket   : Sending ping [[debug]]
2025-05-22 20:11:56,666 [DEBUG  ] websocket   : Sending ping [[debug]]
2025-05-22 20:12:06,667 [DEBUG  ] websocket   : Sending ping [[debug]]
2025-05-22 20:12:16,669 [DEBUG  ] websocket   : Sending ping [[debug]]
2025-05-22 20:12:26,670 [DEBUG  ] websocket   : Sending ping [[debug]]
2025-05-22 20:12:36,672 [DEBUG  ] websocket   : Sending ping [[debug]]
2025-05-22 20:12:46,673 [DEBUG  ] websocket   : Sending ping [[debug]]
2025-05-22 20:12:56,675 [DEBUG  ] websocket   : Sending ping [[debug]]
2025-05-22 20:13:06,676 [DEBUG  ] websocket   : Sending ping [[debug]]
2025-05-22 20:13:16,678 [DEBUG  ] websocket   : Sending ping [[debug]]
2025-05-22 20:13:26,679 [DEBUG  ] websocket   : Sending ping [[debug]]
2025-05-22 20:13:36,681 [DEBUG  ] websocket   : Sending ping [[debug]]
2025-05-22 20:13:46,684 [DEBUG  ] websocket   : Sending ping [[debug]]
2025-05-22 20:13:56,686 [DEBUG  ] websocket   : Sending ping [[debug]]
2025-05-22 20:14:06,687 [DEBUG  ] websocket   : Sending ping [[debug]]
2025-05-22 20:14:16,688 [DEBUG  ] websocket   : Sending ping [[debug]]
2025-05-22 20:14:26,689 [DEBUG  ] websocket   : Sending ping [[debug]]
2025-05-22 20:14:36,691 [DEBUG  ] websocket   : Sending ping [[debug]]
2025-05-22 20:14:46,692 [DEBUG  ] websocket   : Sending ping [[debug]]
2025-05-22 20:14:56,694 [DEBUG  ] websocket   : Sending ping [[debug]]
2025-05-22 20:15:06,695 [DEBUG  ] websocket   : Sending ping [[debug]]
2025-05-22 20:15:16,696 [DEBUG  ] websocket   : Sending ping [[debug]]
2025-05-22 20:15:17,584 [DEBUG  ] RoonArtFrame: Processing zones_changed event [[zone_event_callback]]
2025-05-22 20:15:17,584 [DEBUG  ] RoonArtFrame: Processing zone 160115a2925db2f233703b5ff9cac08b0436, data keys: dict_keys(['zone_id', 'display_name', 'outputs', 'state', 'is_next_allowed', 'is_previous_allowed', 'is_pause_allowed', 'is_play_allowed', 'is_seek_allowed', 'queue_items_remaining', 'queue_time_remaining', 'settings', 'now_playing', 'seek_position']) [[process_zone_data]]
2025-05-22 20:15:17,585 [DEBUG  ] RoonArtFrame: Now playing keys: dict_keys(['seek_position', 'length', 'one_line', 'two_line', 'three_line', 'image_key', 'artist_image_keys']) [[process_now_playing]]
2025-05-22 20:15:17,585 [DEBUG  ] RoonArtFrame: Update contains the same image as is currently displayed [[process_now_playing]]
2025-05-22 20:15:26,698 [DEBUG  ] websocket   : Sending ping [[debug]]
2025-05-22 20:15:36,699 [DEBUG  ] websocket   : Sending ping [[debug]]
2025-05-22 20:15:46,700 [DEBUG  ] websocket   : Sending ping [[debug]]
2025-05-22 20:15:56,702 [DEBUG  ] websocket   : Sending ping [[debug]]
2025-05-22 20:16:06,704 [DEBUG  ] websocket   : Sending ping [[debug]]
2025-05-22 20:16:16,705 [DEBUG  ] websocket   : Sending ping [[debug]]
2025-05-22 20:16:26,707 [DEBUG  ] websocket   : Sending ping [[debug]]
2025-05-22 20:16:36,708 [DEBUG  ] websocket   : Sending ping [[debug]]
2025-05-22 20:16:46,710 [DEBUG  ] websocket   : Sending ping [[debug]]
2025-05-22 20:16:56,711 [DEBUG  ] websocket   : Sending ping [[debug]]
2025-05-22 20:17:06,712 [DEBUG  ] websocket   : Sending ping [[debug]]
2025-05-22 20:17:16,714 [DEBUG  ] websocket   : Sending ping [[debug]]
2025-05-22 20:17:26,715 [DEBUG  ] websocket   : Sending ping [[debug]]
2025-05-22 20:17:36,717 [DEBUG  ] websocket   : Sending ping [[debug]]
2025-05-22 20:17:46,718 [DEBUG  ] websocket   : Sending ping [[debug]]
2025-05-22 20:17:56,720 [DEBUG  ] websocket   : Sending ping [[debug]]
2025-05-22 20:18:06,721 [DEBUG  ] websocket   : Sending ping [[debug]]
2025-05-22 20:18:16,723 [DEBUG  ] websocket   : Sending ping [[debug]]
2025-05-22 20:18:26,725 [DEBUG  ] websocket   : Sending ping [[debug]]
2025-05-22 20:18:36,726 [DEBUG  ] websocket   : Sending ping [[debug]]
2025-05-22 20:18:46,728 [DEBUG  ] websocket   : Sending ping [[debug]]
2025-05-22 20:18:56,729 [DEBUG  ] websocket   : Sending ping [[debug]]
2025-05-22 20:19:06,731 [DEBUG  ] websocket   : Sending ping [[debug]]
2025-05-22 20:19:16,732 [DEBUG  ] websocket   : Sending ping [[debug]]
2025-05-22 20:19:26,734 [DEBUG  ] websocket   : Sending ping [[debug]]
2025-05-22 20:19:36,735 [DEBUG  ] websocket   : Sending ping [[debug]]
2025-05-22 20:19:46,737 [DEBUG  ] websocket   : Sending ping [[debug]]
2025-05-22 20:19:56,738 [DEBUG  ] websocket   : Sending ping [[debug]]
2025-05-22 20:20:06,740 [DEBUG  ] websocket   : Sending ping [[debug]]
2025-05-22 20:20:16,741 [DEBUG  ] websocket   : Sending ping [[debug]]
2025-05-22 20:20:26,742 [DEBUG  ] websocket   : Sending ping [[debug]]
2025-05-22 20:20:36,744 [DEBUG  ] websocket   : Sending ping [[debug]]
2025-05-22 20:20:46,745 [DEBUG  ] websocket   : Sending ping [[debug]]
2025-05-22 20:20:56,747 [DEBUG  ] websocket   : Sending ping [[debug]]
2025-05-22 20:21:06,748 [DEBUG  ] websocket   : Sending ping [[debug]]
2025-05-22 20:21:16,750 [DEBUG  ] websocket   : Sending ping [[debug]]
2025-05-22 20:21:26,753 [DEBUG  ] websocket   : Sending ping [[debug]]
2025-05-22 20:21:36,754 [DEBUG  ] websocket   : Sending ping [[debug]]
2025-05-22 20:21:46,756 [DEBUG  ] websocket   : Sending ping [[debug]]
2025-05-22 20:21:56,757 [DEBUG  ] websocket   : Sending ping [[debug]]
2025-05-22 20:22:06,759 [DEBUG  ] websocket   : Sending ping [[debug]]
2025-05-22 20:22:16,761 [DEBUG  ] websocket   : Sending ping [[debug]]
2025-05-22 20:22:26,762 [DEBUG  ] websocket   : Sending ping [[debug]]
2025-05-22 20:22:36,763 [DEBUG  ] websocket   : Sending ping [[debug]]
2025-05-22 20:22:46,765 [DEBUG  ] websocket   : Sending ping [[debug]]
2025-05-22 20:22:56,766 [DEBUG  ] websocket   : Sending ping [[debug]]
2025-05-22 20:23:06,767 [DEBUG  ] websocket   : Sending ping [[debug]]
2025-05-22 20:23:16,769 [DEBUG  ] websocket   : Sending ping [[debug]]
2025-05-22 20:23:26,770 [DEBUG  ] websocket   : Sending ping [[debug]]
2025-05-22 20:23:36,772 [DEBUG  ] websocket   : Sending ping [[debug]]
2025-05-22 20:23:46,773 [DEBUG  ] websocket   : Sending ping [[debug]]
2025-05-22 20:23:56,774 [DEBUG  ] websocket   : Sending ping [[debug]]
2025-05-22 20:24:06,776 [DEBUG  ] websocket   : Sending ping [[debug]]
2025-05-22 20:24:16,777 [DEBUG  ] websocket   : Sending ping [[debug]]
