2025-05-20 14:45:21,043 [DEBUG  ] RoonArtFrame: Adding libdir to path: /mnt/dietpi_userdata/roon-album-art-display/libs [[<module>]]
2025-05-20 14:45:21,052 [INFO   ] RoonArtFrame: Configuration loaded [[load_config]]
2025-05-20 14:45:21,053 [DEBUG  ] RoonArtFrame: Importing epd13in3E [[<module>]]
2025-05-20 14:45:21,150 [DEBUG  ] RoonArtFrame: Finished importing epd13in3E [[<module>]]
2025-05-20 14:45:21,151 [INFO   ] epd13in3E   : Setting should_stop False for __init__ [[shouldStop]]
2025-05-20 14:45:21,152 [DEBUG  ] epd13in3E   : EPD init... [[Init]]
2025-05-20 14:45:21,306 [DEBUG  ] RoonArtFrame: Created viewer [[<module>]]
2025-05-20 14:45:21,307 [INFO   ] RoonArtFrame: Starting Roon Album Art Display [[__init__]]
2025-05-20 14:45:21,308 [INFO   ] RoonArtFrame: Allowed zone names: ["System Output"] [[__init__]]
2025-05-20 14:45:21,309 [INFO   ] RoonArtFrame: Forbidden zone names: ["comma", "separated", "list of zone names"] [[__init__]]
2025-05-20 14:45:21,312 [INFO   ] RoonArtFrame: Token file path: /root/.roon_album_display_token.txt [[__init__]]
2025-05-20 14:45:21,314 [INFO   ] RoonArtFrame: Connecting to Roon before starting display... [[__init__]]
2025-05-20 14:45:21,315 [INFO   ] RoonArtFrame: Found existing auth token [[connect_to_roon]]
2025-05-20 14:45:21,317 [INFO   ] RoonArtFrame: Trying direct connection to saved server at 192.168.1.56:9330 [[connect_to_roon]]
2025-05-20 14:45:21,346 [INFO   ] websocket   : Websocket connected [[info]]
2025-05-20 14:45:21,424 [INFO   ] RoonArtFrame: Successfully connected to saved server! [[connect_to_roon]]
2025-05-20 14:45:21,425 [DEBUG  ] RoonArtFrame: Zones data: {'1601e4d6660c81a5eed2399191df1a3d21b4': {'zone_id': '1601e4d6660c81a5eed2399191df1a3d21b4', 'display_name': 'System Output', 'outputs': [{'output_id': '1701e4d6660c81a5eed2399191df1a3d21b4', 'zone_id': '1601e4d6660c81a5eed2399191df1a3d21b4', 'can_group_with_output_ids': ['1701e4d6660c81a5eed2399191df1a3d21b4', '1701691e6c42e8d6350d991167d5e7310ebc', '1701d5f349f82317a80e9f61d872074e87db'], 'display_name': 'System Output', 'volume': {'type': 'number', 'min': 0, 'max': 100, 'value': 8, 'step': 1, 'is_muted': False, 'hard_limit_min': 0, 'hard_limit_max': 100, 'soft_limit': 100}, 'source_controls': [{'control_key': '1', 'display_name': 'System Output', 'supports_standby': False, 'status': 'indeterminate'}]}], 'state': 'playing', 'is_next_allowed': True, 'is_previous_allowed': True, 'is_pause_allowed': True, 'is_play_allowed': False, 'is_seek_allowed': True, 'queue_items_remaining': 1, 'queue_time_remaining': 68, 'settings': {'loop': 'disabled', 'shuffle': False, 'auto_radio': True}, 'now_playing': {'seek_position': 214, 'length': 282, 'one_line': {'line1': 'Some Kind of Love - Dido'}, 'two_line': {'line1': 'Some Kind of Love', 'line2': 'Dido'}, 'three_line': {'line1': 'Some Kind of Love', 'line2': 'Dido', 'line3': 'Still on My Mind'}, 'image_key': '28923c9fab89ac51104b3100aee3f29b', 'artist_image_keys': ['b90a5c1c75541e54d1fa3aef30cbd528']}}, '1601691e6c42e8d6350d991167d5e7310ebc': {'zone_id': '1601691e6c42e8d6350d991167d5e7310ebc', 'display_name': '284KMB-HDR', 'outputs': [{'output_id': '1701691e6c42e8d6350d991167d5e7310ebc', 'zone_id': '1601691e6c42e8d6350d991167d5e7310ebc', 'can_group_with_output_ids': ['1701e4d6660c81a5eed2399191df1a3d21b4', '1701691e6c42e8d6350d991167d5e7310ebc', '1701d5f349f82317a80e9f61d872074e87db'], 'display_name': '284KMB-HDR', 'volume': {'type': 'number', 'min': 0, 'max': 100, 'value': 100, 'step': 1, 'is_muted': False, 'hard_limit_min': 0, 'hard_limit_max': 100, 'soft_limit': 100}, 'source_controls': [{'control_key': '1', 'display_name': '284KMB-HDR', 'supports_standby': False, 'status': 'indeterminate'}]}], 'state': 'stopped', 'is_next_allowed': True, 'is_previous_allowed': True, 'is_pause_allowed': False, 'is_play_allowed': True, 'is_seek_allowed': False, 'queue_items_remaining': 9, 'queue_time_remaining': 1795, 'settings': {'loop': 'disabled', 'shuffle': False, 'auto_radio': True}, 'now_playing': {'seek_position': None, 'length': 206, 'one_line': {'line1': 'The Thing Is - The Tubs'}, 'two_line': {'line1': 'The Thing Is', 'line2': 'The Tubs'}, 'three_line': {'line1': 'The Thing Is', 'line2': 'The Tubs', 'line3': 'Cotton Crown'}, 'image_key': 'cbffa5cde961c4521aa779c813e057d8'}}, '1601d5f349f82317a80e9f61d872074e87db': {'zone_id': '1601d5f349f82317a80e9f61d872074e87db', 'display_name': 'Simple Audio Listen', 'outputs': [{'output_id': '1701d5f349f82317a80e9f61d872074e87db', 'zone_id': '1601d5f349f82317a80e9f61d872074e87db', 'can_group_with_output_ids': ['1701e4d6660c81a5eed2399191df1a3d21b4', '1701691e6c42e8d6350d991167d5e7310ebc', '1701d5f349f82317a80e9f61d872074e87db'], 'display_name': 'Simple Audio Listen', 'volume': {'type': 'number', 'min': 0, 'max': 100, 'value': 100, 'step': 1, 'is_muted': False, 'hard_limit_min': 0, 'hard_limit_max': 100, 'soft_limit': 100}, 'source_controls': [{'control_key': '1', 'display_name': 'Simple Audio Listen', 'supports_standby': False, 'status': 'indeterminate'}]}], 'state': 'paused', 'is_next_allowed': True, 'is_previous_allowed': True, 'is_pause_allowed': False, 'is_play_allowed': True, 'is_seek_allowed': True, 'queue_items_remaining': 1, 'queue_time_remaining': 256, 'settings': {'loop': 'disabled', 'shuffle': False, 'auto_radio': True}, 'now_playing': {'seek_position': 4, 'length': 260, 'one_line': {'line1': 'Boom Boom - John Lee Hooker / Jimmie Vaughan'}, 'two_line': {'line1': 'Boom Boom', 'line2': 'John Lee Hooker / Jimmie Vaughan'}, 'three_line': {'line1': 'Boom Boom', 'line2': 'John Lee Hooker / Jimmie Vaughan', 'line3': 'The Best Of Friends'}, 'image_key': '944ee689470fe085fc821eec1305157c', 'artist_image_keys': ['0c37cb5d856daa3a74d9928d66c7c53f', '63a11229ab1235924b1bf36d2ef01b47']}}} [[connect_to_roon]]
2025-05-20 14:45:21,426 [DEBUG  ] RoonArtFrame: Processing zone 1601e4d6660c81a5eed2399191df1a3d21b4, data keys: dict_keys(['zone_id', 'display_name', 'outputs', 'state', 'is_next_allowed', 'is_previous_allowed', 'is_pause_allowed', 'is_play_allowed', 'is_seek_allowed', 'queue_items_remaining', 'queue_time_remaining', 'settings', 'now_playing']) [[process_zone_data]]
2025-05-20 14:45:21,426 [DEBUG  ] RoonArtFrame: Now playing keys: dict_keys(['seek_position', 'length', 'one_line', 'two_line', 'three_line', 'image_key', 'artist_image_keys']) [[process_now_playing]]
2025-05-20 14:45:21,428 [DEBUG  ] RoonArtFrame: Update contains the same image as is currently displayed [[process_now_playing]]
2025-05-20 14:45:21,429 [INFO   ] RoonArtFrame: Registering for state callbacks... [[subscribe_to_events]]
2025-05-20 14:45:21,430 [INFO   ] RoonArtFrame: Registering state callback... [[subscribe_to_events]]
2025-05-20 14:45:21,431 [INFO   ] RoonArtFrame: Successfully registered for state callbacks [[subscribe_to_events]]
2025-05-20 14:45:21,435 [INFO   ] RoonArtFrame: Event loop started [[event_loop]]
2025-05-20 14:45:27,795 [DEBUG  ] RoonArtFrame: Processing zones_changed event [[zone_event_callback]]
2025-05-20 14:45:27,795 [DEBUG  ] RoonArtFrame: Processing zone 1601e4d6660c81a5eed2399191df1a3d21b4, data keys: dict_keys(['zone_id', 'display_name', 'outputs', 'state', 'is_next_allowed', 'is_previous_allowed', 'is_pause_allowed', 'is_play_allowed', 'is_seek_allowed', 'queue_items_remaining', 'queue_time_remaining', 'settings', 'now_playing', 'seek_position']) [[process_zone_data]]
2025-05-20 14:45:27,796 [DEBUG  ] RoonArtFrame: Now playing keys: dict_keys(['seek_position', 'length', 'one_line', 'two_line', 'three_line', 'image_key', 'artist_image_keys']) [[process_now_playing]]
2025-05-20 14:45:27,797 [INFO   ] RoonArtFrame: New track detected with image key: 9c709abe2a250d0b9c532932d2ea8e22 [[process_now_playing]]
2025-05-20 14:45:27,797 [INFO   ] RoonArtFrame: Now Playing: Wanna Be Startin' Somethin' (2008 with Akon) (with Akon) (Thriller 25th Anniversary Remix) - Michael Jackson / Akon / Mark “Exit” Goodchild - Thriller 40 [[process_now_playing]]
2025-05-20 14:45:27,799 [INFO   ] RoonArtFrame: Fetching album art from: http://192.168.1.56:9330/api/image/9c709abe2a250d0b9c532932d2ea8e22?scale=fit&width=1200&height=1200 [[fetch_and_display_album_art]]
2025-05-20 14:45:27,818 [DEBUG  ] urllib3.connectionpool: Starting new HTTP connection (1): 192.168.1.56:9330 [[_new_conn]]
2025-05-20 14:45:29,172 [DEBUG  ] urllib3.connectionpool: http://192.168.1.56:9330 "GET /api/image/9c709abe2a250d0b9c532932d2ea8e22?scale=fit&width=1200&height=1200 HTTP/1.1" 200 1226354 [[_make_request]]
2025-05-20 14:45:29,176 [DEBUG  ] RoonArtFrame: Image successfully downloaded [[download_image]]
2025-05-20 14:45:30,160 [INFO   ] RoonArtFrame: Successfully saved album art to /mnt/dietpi_userdata/album_art/album_art_9c709abe2a250d0b9c532932d2ea8e22.jpg [[fetch_and_display_album_art]]
2025-05-20 14:45:30,169 [DEBUG  ] RoonArtFrame: Updating viewer [[fetch_and_display_album_art]]
2025-05-20 14:45:30,170 [DEBUG  ] RoonArtFrame: Starting to process image position [[process_image_position]]
2025-05-20 14:45:30,219 [DEBUG  ] RoonArtFrame: Resizing [[process_image_position]]
2025-05-20 14:45:30,237 [DEBUG  ] RoonArtFrame: Padding [[pad_image_to_size]]
2025-05-20 14:45:30,238 [DEBUG  ] RoonArtFrame: Starting creating new image [[pad_image_to_size]]
2025-05-20 14:45:30,267 [DEBUG  ] RoonArtFrame: Finished creating new image [[pad_image_to_size]]
2025-05-20 14:45:30,268 [DEBUG  ] RoonArtFrame: Starting pasting images together [[pad_image_to_size]]
2025-05-20 14:45:30,274 [DEBUG  ] RoonArtFrame: Finished pasting images together [[pad_image_to_size]]
2025-05-20 14:45:30,275 [DEBUG  ] RoonArtFrame: Checking previous update thread for Wanna Be Startin' Somethin' (2008 with Akon) (with Akon) (Thriller 25th Anniversary Remix) [[update]]
2025-05-20 14:45:30,275 [DEBUG  ] RoonArtFrame: Creating new update thread for Wanna Be Startin' Somethin' (2008 with Akon) (with Akon) (Thriller 25th Anniversary Remix) [[update]]
2025-05-20 14:45:30,277 [DEBUG  ] RoonArtFrame: Starting sending image to display for Wanna Be Startin' Somethin' (2008 with Akon) (with Akon) (Thriller 25th Anniversary Remix) [[display_image]]
2025-05-20 14:45:30,281 [INFO   ] epd13in3E   : Setting should_stop False for display_image [[shouldStop]]
2025-05-20 14:45:30,282 [DEBUG  ] RoonArtFrame: Processing zones_changed event [[zone_event_callback]]
2025-05-20 14:45:30,284 [DEBUG  ] RoonArtFrame: Processing zone 1601e4d6660c81a5eed2399191df1a3d21b4, data keys: dict_keys(['zone_id', 'display_name', 'outputs', 'state', 'is_next_allowed', 'is_previous_allowed', 'is_pause_allowed', 'is_play_allowed', 'is_seek_allowed', 'queue_items_remaining', 'queue_time_remaining', 'settings', 'now_playing', 'seek_position']) [[process_zone_data]]
2025-05-20 14:45:30,285 [DEBUG  ] RoonArtFrame: Now playing keys: dict_keys(['seek_position', 'length', 'one_line', 'two_line', 'three_line', 'image_key', 'artist_image_keys']) [[process_now_playing]]
2025-05-20 14:45:30,286 [DEBUG  ] RoonArtFrame: Ignoring duplicate event {'seek_position': None, 'length': 254, 'one_line': {'line1': "Wanna Be Startin' Somethin' (2008 with Akon) (with Akon) (Thriller 25th Anniversary Remix) - Michael Jackson / Akon / Mark “Exit” Goodchild"}, 'two_line': {'line1': "Wanna Be Startin' Somethin' (2008 with Akon) (with Akon) (Thriller 25th Anniversary Remix)", 'line2': 'Michael Jackson / Akon / Mark “Exit” Goodchild'}, 'three_line': {'line1': "Wanna Be Startin' Somethin' (2008 with Akon) (with Akon) (Thriller 25th Anniversary Remix)", 'line2': 'Michael Jackson / Akon / Mark “Exit” Goodchild', 'line3': 'Thriller 40'}, 'image_key': '9c709abe2a250d0b9c532932d2ea8e22', 'artist_image_keys': ['7d28bbef6a244e0987cb129fb3189cd3', '2567c4da31819893e8b998b3baebdf58', '0734e1afd0430717f75bd9d6d9e4418a']} [[process_now_playing]]
2025-05-20 14:45:36,448 [DEBUG  ] epd13in3E   : POWER IS False [[updateDisplay]]
2025-05-20 14:45:36,448 [DEBUG  ] epd13in3E   : Write power on starting for Wanna Be Startin' Somethin' (2008 with Akon) (with Akon) (Thriller 25th Anniversary Remix) [[writePower]]
2025-05-20 14:45:36,499 [DEBUG  ] epd13in3E   : Write DRF for Wanna Be Startin' Somethin' (2008 with Akon) (with Akon) (Thriller 25th Anniversary Remix) [[writeDRF]]
2025-05-20 14:45:36,499 [DEBUG  ] epd13in3E   : Write power off starting for Wanna Be Startin' Somethin' (2008 with Akon) (with Akon) (Thriller 25th Anniversary Remix) [[writePower]]
2025-05-20 14:45:36,500 [DEBUG  ] epd13in3E   : Write to display complete for Wanna Be Startin' Somethin' (2008 with Akon) (with Akon) (Thriller 25th Anniversary Remix) [[updateDisplay]]
2025-05-20 14:45:36,508 [INFO   ] epd13in3E   : Setting should_stop False for display_image [[shouldStop]]
2025-05-20 14:45:36,509 [INFO   ] RoonArtFrame: Finished sending image to display for Wanna Be Startin' Somethin' (2008 with Akon) (with Akon) (Thriller 25th Anniversary Remix) [[display_image]]
2025-05-20 14:45:41,354 [DEBUG  ] websocket   : Sending ping [[debug]]
2025-05-20 14:45:51,355 [DEBUG  ] websocket   : Sending ping [[debug]]
