2025-05-20 14:31:19,944 [DEBUG  ] RoonArtFrame: Adding libdir to path: /mnt/dietpi_userdata/roon-album-art-display/libs [[<module>]]
2025-05-20 14:31:19,949 [INFO   ] RoonArtFrame: Configuration loaded [[load_config]]
2025-05-20 14:31:19,950 [DEBUG  ] RoonArtFrame: Importing epd13in3E [[<module>]]
2025-05-20 14:31:20,013 [DEBUG  ] RoonArtFrame: Finished importing epd13in3E [[<module>]]
2025-05-20 14:31:20,014 [INFO   ] epd13in3E   : Setting should_stop False for __init__ [[shouldStop]]
2025-05-20 14:31:20,015 [DEBUG  ] epd13in3E   : EPD init... [[Init]]
2025-05-20 14:31:20,167 [DEBUG  ] epd13in3E   : e-Paper busy H checking at EPD init [[ReadBusyH]]
2025-05-20 14:31:20,167 [DEBUG  ] epd13in3E   : e-Paper busy H released at EPD init [[ReadBusyH]]
2025-05-20 14:31:20,169 [DEBUG  ] RoonArtFrame: Created viewer [[<module>]]
2025-05-20 14:31:20,169 [INFO   ] RoonArtFrame: Starting Roon Album Art Display [[__init__]]
2025-05-20 14:31:20,170 [INFO   ] RoonArtFrame: Allowed zone names: ["System Output"] [[__init__]]
2025-05-20 14:31:20,170 [INFO   ] RoonArtFrame: Forbidden zone names: ["comma", "separated", "list of zone names"] [[__init__]]
2025-05-20 14:31:20,172 [INFO   ] RoonArtFrame: Token file path: /root/.roon_album_display_token.txt [[__init__]]
2025-05-20 14:31:20,173 [INFO   ] RoonArtFrame: Connecting to Roon before starting display... [[__init__]]
2025-05-20 14:31:20,174 [INFO   ] RoonArtFrame: Found existing auth token [[connect_to_roon]]
2025-05-20 14:31:20,175 [INFO   ] RoonArtFrame: Trying direct connection to saved server at 192.168.1.56:9330 [[connect_to_roon]]
2025-05-20 14:31:20,191 [INFO   ] websocket   : Websocket connected [[info]]
2025-05-20 14:31:20,229 [INFO   ] RoonArtFrame: Successfully connected to saved server! [[connect_to_roon]]
2025-05-20 14:31:20,230 [DEBUG  ] RoonArtFrame: Zones data: {'1601e4d6660c81a5eed2399191df1a3d21b4': {'zone_id': '1601e4d6660c81a5eed2399191df1a3d21b4', 'display_name': 'System Output', 'outputs': [{'output_id': '1701e4d6660c81a5eed2399191df1a3d21b4', 'zone_id': '1601e4d6660c81a5eed2399191df1a3d21b4', 'can_group_with_output_ids': ['1701e4d6660c81a5eed2399191df1a3d21b4', '1701691e6c42e8d6350d991167d5e7310ebc', '1701d5f349f82317a80e9f61d872074e87db'], 'display_name': 'System Output', 'volume': {'type': 'number', 'min': 0, 'max': 100, 'value': 8, 'step': 1, 'is_muted': False, 'hard_limit_min': 0, 'hard_limit_max': 100, 'soft_limit': 100}, 'source_controls': [{'control_key': '1', 'display_name': 'System Output', 'supports_standby': False, 'status': 'indeterminate'}]}], 'state': 'playing', 'is_next_allowed': True, 'is_previous_allowed': True, 'is_pause_allowed': True, 'is_play_allowed': False, 'is_seek_allowed': True, 'queue_items_remaining': 1, 'queue_time_remaining': 87, 'settings': {'loop': 'disabled', 'shuffle': False, 'auto_radio': True}, 'now_playing': {'seek_position': 124, 'length': 211, 'one_line': {'line1': 'Big Girls Cry - Sia'}, 'two_line': {'line1': 'Big Girls Cry', 'line2': 'Sia'}, 'three_line': {'line1': 'Big Girls Cry', 'line2': 'Sia', 'line3': '1000 Forms Of Fear'}, 'image_key': '7344b34f3a416eb2d238857c0584f188', 'artist_image_keys': ['d9d66bff4c54a3ade9a2963a3d7926cd']}}, '1601d5f349f82317a80e9f61d872074e87db': {'zone_id': '1601d5f349f82317a80e9f61d872074e87db', 'display_name': 'Simple Audio Listen', 'outputs': [{'output_id': '1701d5f349f82317a80e9f61d872074e87db', 'zone_id': '1601d5f349f82317a80e9f61d872074e87db', 'can_group_with_output_ids': ['1701e4d6660c81a5eed2399191df1a3d21b4', '1701691e6c42e8d6350d991167d5e7310ebc', '1701d5f349f82317a80e9f61d872074e87db'], 'display_name': 'Simple Audio Listen', 'volume': {'type': 'number', 'min': 0, 'max': 100, 'value': 100, 'step': 1, 'is_muted': False, 'hard_limit_min': 0, 'hard_limit_max': 100, 'soft_limit': 100}, 'source_controls': [{'control_key': '1', 'display_name': 'Simple Audio Listen', 'supports_standby': False, 'status': 'indeterminate'}]}], 'state': 'paused', 'is_next_allowed': True, 'is_previous_allowed': True, 'is_pause_allowed': False, 'is_play_allowed': True, 'is_seek_allowed': True, 'queue_items_remaining': 1, 'queue_time_remaining': 256, 'settings': {'loop': 'disabled', 'shuffle': False, 'auto_radio': True}, 'now_playing': {'seek_position': 4, 'length': 260, 'one_line': {'line1': 'Boom Boom - John Lee Hooker / Jimmie Vaughan'}, 'two_line': {'line1': 'Boom Boom', 'line2': 'John Lee Hooker / Jimmie Vaughan'}, 'three_line': {'line1': 'Boom Boom', 'line2': 'John Lee Hooker / Jimmie Vaughan', 'line3': 'The Best Of Friends'}, 'image_key': '944ee689470fe085fc821eec1305157c', 'artist_image_keys': ['0c37cb5d856daa3a74d9928d66c7c53f', '63a11229ab1235924b1bf36d2ef01b47']}}, '1601691e6c42e8d6350d991167d5e7310ebc': {'zone_id': '1601691e6c42e8d6350d991167d5e7310ebc', 'display_name': '284KMB-HDR', 'outputs': [{'output_id': '1701691e6c42e8d6350d991167d5e7310ebc', 'zone_id': '1601691e6c42e8d6350d991167d5e7310ebc', 'can_group_with_output_ids': ['1701e4d6660c81a5eed2399191df1a3d21b4', '1701691e6c42e8d6350d991167d5e7310ebc', '1701d5f349f82317a80e9f61d872074e87db'], 'display_name': '284KMB-HDR', 'volume': {'type': 'number', 'min': 0, 'max': 100, 'value': 100, 'step': 1, 'is_muted': False, 'hard_limit_min': 0, 'hard_limit_max': 100, 'soft_limit': 100}, 'source_controls': [{'control_key': '1', 'display_name': '284KMB-HDR', 'supports_standby': False, 'status': 'indeterminate'}]}], 'state': 'stopped', 'is_next_allowed': True, 'is_previous_allowed': True, 'is_pause_allowed': False, 'is_play_allowed': True, 'is_seek_allowed': False, 'queue_items_remaining': 9, 'queue_time_remaining': 1795, 'settings': {'loop': 'disabled', 'shuffle': False, 'auto_radio': True}, 'now_playing': {'seek_position': None, 'length': 206, 'one_line': {'line1': 'The Thing Is - The Tubs'}, 'two_line': {'line1': 'The Thing Is', 'line2': 'The Tubs'}, 'three_line': {'line1': 'The Thing Is', 'line2': 'The Tubs', 'line3': 'Cotton Crown'}, 'image_key': 'cbffa5cde961c4521aa779c813e057d8'}}} [[connect_to_roon]]
2025-05-20 14:31:20,230 [DEBUG  ] RoonArtFrame: Processing zone 1601e4d6660c81a5eed2399191df1a3d21b4, data keys: dict_keys(['zone_id', 'display_name', 'outputs', 'state', 'is_next_allowed', 'is_previous_allowed', 'is_pause_allowed', 'is_play_allowed', 'is_seek_allowed', 'queue_items_remaining', 'queue_time_remaining', 'settings', 'now_playing']) [[process_zone_data]]
2025-05-20 14:31:20,231 [DEBUG  ] RoonArtFrame: Now playing keys: dict_keys(['seek_position', 'length', 'one_line', 'two_line', 'three_line', 'image_key', 'artist_image_keys']) [[process_now_playing]]
2025-05-20 14:31:20,231 [DEBUG  ] RoonArtFrame: Update contains the same image as is currently displayed [[process_now_playing]]
2025-05-20 14:31:20,232 [INFO   ] RoonArtFrame: Registering for state callbacks... [[subscribe_to_events]]
2025-05-20 14:31:20,232 [INFO   ] RoonArtFrame: Registering state callback... [[subscribe_to_events]]
2025-05-20 14:31:20,233 [INFO   ] RoonArtFrame: Successfully registered for state callbacks [[subscribe_to_events]]
2025-05-20 14:31:20,234 [INFO   ] RoonArtFrame: Event loop started [[event_loop]]
2025-05-20 14:31:38,929 [DEBUG  ] RoonArtFrame: Processing zones_changed event [[zone_event_callback]]
2025-05-20 14:31:38,930 [DEBUG  ] RoonArtFrame: Processing zone 1601e4d6660c81a5eed2399191df1a3d21b4, data keys: dict_keys(['zone_id', 'display_name', 'outputs', 'state', 'is_next_allowed', 'is_previous_allowed', 'is_pause_allowed', 'is_play_allowed', 'is_seek_allowed', 'queue_items_remaining', 'queue_time_remaining', 'settings', 'now_playing', 'seek_position']) [[process_zone_data]]
2025-05-20 14:31:38,931 [DEBUG  ] RoonArtFrame: Now playing keys: dict_keys(['seek_position', 'length', 'one_line', 'two_line', 'three_line', 'image_key', 'artist_image_keys']) [[process_now_playing]]
2025-05-20 14:31:38,931 [DEBUG  ] RoonArtFrame: Update contains the same image as is currently displayed [[process_now_playing]]
2025-05-20 14:31:40,193 [DEBUG  ] websocket   : Sending ping [[debug]]
2025-05-20 14:31:47,272 [DEBUG  ] RoonArtFrame: Processing zones_changed event [[zone_event_callback]]
2025-05-20 14:31:47,273 [DEBUG  ] RoonArtFrame: Processing zone 1601e4d6660c81a5eed2399191df1a3d21b4, data keys: dict_keys(['zone_id', 'display_name', 'outputs', 'state', 'is_next_allowed', 'is_previous_allowed', 'is_pause_allowed', 'is_play_allowed', 'is_seek_allowed', 'queue_items_remaining', 'queue_time_remaining', 'settings', 'now_playing', 'seek_position']) [[process_zone_data]]
2025-05-20 14:31:47,273 [DEBUG  ] RoonArtFrame: Now playing keys: dict_keys(['seek_position', 'length', 'one_line', 'two_line', 'three_line', 'image_key', 'artist_image_keys']) [[process_now_playing]]
2025-05-20 14:31:47,273 [DEBUG  ] RoonArtFrame: Ignoring duplicate event {'seek_position': 141, 'length': 211, 'one_line': {'line1': 'Big Girls Cry - Sia'}, 'two_line': {'line1': 'Big Girls Cry', 'line2': 'Sia'}, 'three_line': {'line1': 'Big Girls Cry', 'line2': 'Sia', 'line3': '1000 Forms Of Fear'}, 'image_key': '7344b34f3a416eb2d238857c0584f188', 'artist_image_keys': ['d9d66bff4c54a3ade9a2963a3d7926cd']} [[process_now_playing]]
2025-05-20 14:31:50,194 [DEBUG  ] websocket   : Sending ping [[debug]]
2025-05-20 14:31:55,194 [DEBUG  ] RoonArtFrame: Processing zones_changed event [[zone_event_callback]]
2025-05-20 14:31:55,195 [DEBUG  ] RoonArtFrame: Processing zone 1601e4d6660c81a5eed2399191df1a3d21b4, data keys: dict_keys(['zone_id', 'display_name', 'outputs', 'state', 'is_next_allowed', 'is_previous_allowed', 'is_pause_allowed', 'is_play_allowed', 'is_seek_allowed', 'queue_items_remaining', 'queue_time_remaining', 'settings', 'now_playing', 'seek_position']) [[process_zone_data]]
2025-05-20 14:31:55,195 [DEBUG  ] RoonArtFrame: Now playing keys: dict_keys(['seek_position', 'length', 'one_line', 'two_line', 'three_line', 'image_key', 'artist_image_keys']) [[process_now_playing]]
2025-05-20 14:31:55,196 [INFO   ] RoonArtFrame: New track detected with image key: f21e4207f79c30627c6ac86ba5c6ce30 [[process_now_playing]]
2025-05-20 14:31:55,197 [INFO   ] RoonArtFrame: Now Playing: The Abyss - The Weeknd / Lana Del Rey - Hurry Up Tomorrow [[process_now_playing]]
2025-05-20 14:31:55,199 [INFO   ] RoonArtFrame: Fetching album art from: http://192.168.1.56:9330/api/image/f21e4207f79c30627c6ac86ba5c6ce30?scale=fit&width=1200&height=1200 [[fetch_and_display_album_art]]
2025-05-20 14:31:55,216 [DEBUG  ] urllib3.connectionpool: Starting new HTTP connection (1): 192.168.1.56:9330 [[_new_conn]]
2025-05-20 14:31:56,320 [DEBUG  ] urllib3.connectionpool: http://192.168.1.56:9330 "GET /api/image/f21e4207f79c30627c6ac86ba5c6ce30?scale=fit&width=1200&height=1200 HTTP/1.1" 200 503274 [[_make_request]]
2025-05-20 14:31:56,323 [DEBUG  ] RoonArtFrame: Image successfully downloaded [[download_image]]
2025-05-20 14:31:56,814 [INFO   ] RoonArtFrame: Successfully saved album art to /mnt/dietpi_userdata/album_art/album_art_f21e4207f79c30627c6ac86ba5c6ce30.jpg [[fetch_and_display_album_art]]
2025-05-20 14:31:56,827 [DEBUG  ] RoonArtFrame: Updating viewer [[fetch_and_display_album_art]]
2025-05-20 14:31:56,827 [INFO   ] RoonArtFrame: Setting should_stop for The Abyss [[update]]
2025-05-20 14:31:56,828 [DEBUG  ] RoonArtFrame: Starting to process image position [[process_image_position]]
2025-05-20 14:31:56,889 [DEBUG  ] RoonArtFrame: Resizing [[process_image_position]]
2025-05-20 14:31:56,911 [DEBUG  ] RoonArtFrame: Padding [[pad_image_to_size]]
2025-05-20 14:31:56,912 [DEBUG  ] RoonArtFrame: Starting creating new image [[pad_image_to_size]]
2025-05-20 14:31:56,950 [DEBUG  ] RoonArtFrame: Finished creating new image [[pad_image_to_size]]
2025-05-20 14:31:56,950 [DEBUG  ] RoonArtFrame: Starting pasting images together [[pad_image_to_size]]
2025-05-20 14:31:56,958 [DEBUG  ] RoonArtFrame: Finished pasting images together [[pad_image_to_size]]
2025-05-20 14:31:56,959 [DEBUG  ] RoonArtFrame: Checking previous update thread for The Abyss [[update]]
2025-05-20 14:31:56,959 [DEBUG  ] RoonArtFrame: Creating new update thread for The Abyss [[update]]
2025-05-20 14:31:56,963 [DEBUG  ] RoonArtFrame: Starting sending image to display for The Abyss [[display_image]]
2025-05-20 14:31:56,968 [DEBUG  ] RoonArtFrame: Processing zones_changed event [[zone_event_callback]]
2025-05-20 14:31:56,970 [DEBUG  ] RoonArtFrame: Processing zone 1601e4d6660c81a5eed2399191df1a3d21b4, data keys: dict_keys(['zone_id', 'display_name', 'outputs', 'state', 'is_next_allowed', 'is_previous_allowed', 'is_pause_allowed', 'is_play_allowed', 'is_seek_allowed', 'queue_items_remaining', 'queue_time_remaining', 'settings', 'now_playing', 'seek_position']) [[process_zone_data]]
2025-05-20 14:31:56,971 [DEBUG  ] RoonArtFrame: Now playing keys: dict_keys(['seek_position', 'length', 'one_line', 'two_line', 'three_line', 'image_key', 'artist_image_keys']) [[process_now_playing]]
2025-05-20 14:31:56,972 [DEBUG  ] RoonArtFrame: Ignoring duplicate event {'seek_position': None, 'length': 283, 'one_line': {'line1': 'The Abyss - The Weeknd / Lana Del Rey'}, 'two_line': {'line1': 'The Abyss', 'line2': 'The Weeknd / Lana Del Rey'}, 'three_line': {'line1': 'The Abyss', 'line2': 'The Weeknd / Lana Del Rey', 'line3': 'Hurry Up Tomorrow'}, 'image_key': 'f21e4207f79c30627c6ac86ba5c6ce30', 'artist_image_keys': ['b5e969a2ca74aa4085b005b6c60e5212', '9683e0ba469f830951bc9d91b6bbf361']} [[process_now_playing]]
2025-05-20 14:31:59,713 [DEBUG  ] epd13in3E   : Sending data 1 for The Abyss [[display]]
2025-05-20 14:32:00,195 [DEBUG  ] websocket   : Sending ping [[debug]]
2025-05-20 14:32:02,009 [DEBUG  ] epd13in3E   : Sending data 2 for The Abyss [[display]]
2025-05-20 14:32:03,640 [WARNING] epd13in3E   : POWER IS False [[updateDisplay]]
2025-05-20 14:32:03,640 [DEBUG  ] epd13in3E   : Write power on starting for The Abyss [[writePower]]
2025-05-20 14:32:03,640 [DEBUG  ] epd13in3E   : e-Paper busy H checking at [[updateDisplay]] for The Abyss [[ReadBusyH]]
2025-05-20 14:32:03,641 [DEBUG  ] epd13in3E   : e-Paper busy H released at [[updateDisplay]] for The Abyss [[ReadBusyH]]
2025-05-20 14:32:03,691 [DEBUG  ] epd13in3E   : Write DRF for The Abyss [[writeDRF]]
2025-05-20 14:32:03,692 [DEBUG  ] epd13in3E   : e-Paper busy H checking at Write DRF The Abyss [[ReadBusyH]]
2025-05-20 14:32:03,692 [DEBUG  ] epd13in3E   : e-Paper busy H released at Write DRF The Abyss [[ReadBusyH]]
2025-05-20 14:32:03,692 [DEBUG  ] epd13in3E   : Write power off starting for The Abyss [[writePower]]
2025-05-20 14:32:03,693 [DEBUG  ] epd13in3E   : e-Paper busy H checking at [[updateDisplay]] for The Abyss [[ReadBusyH]]
2025-05-20 14:32:03,693 [DEBUG  ] epd13in3E   : e-Paper busy H released at [[updateDisplay]] for The Abyss [[ReadBusyH]]
2025-05-20 14:32:03,694 [DEBUG  ] epd13in3E   : Write to display complete for The Abyss [[updateDisplay]]
2025-05-20 14:32:03,703 [INFO   ] RoonArtFrame: Finished sending image to display for The Abyss [[display_image]]
2025-05-20 14:32:10,197 [DEBUG  ] websocket   : Sending ping [[debug]]
2025-05-20 14:32:20,198 [DEBUG  ] websocket   : Sending ping [[debug]]
