2025-05-20 14:58:46,108 [DEBUG  ] RoonArtFrame: Adding libdir to path: /mnt/dietpi_userdata/roon-album-art-display/libs [[<module>]]
2025-05-20 14:58:46,115 [INFO   ] RoonArtFrame: Configuration loaded [[load_config]]
2025-05-20 14:58:46,116 [DEBUG  ] RoonArtFrame: Importing epd13in3E [[<module>]]
2025-05-20 14:58:46,173 [DEBUG  ] RoonArtFrame: Finished importing epd13in3E [[<module>]]
2025-05-20 14:58:46,174 [INFO   ] epd13in3E   : Setting should_stop False for __init__ [[shouldStop]]
2025-05-20 14:58:46,175 [DEBUG  ] epd13in3E   : EPD init... [[Init]]
2025-05-20 14:58:46,330 [DEBUG  ] RoonArtFrame: Created viewer [[<module>]]
2025-05-20 14:58:46,331 [INFO   ] RoonArtFrame: Starting Roon Album Art Display [[__init__]]
2025-05-20 14:58:46,332 [INFO   ] RoonArtFrame: Allowed zone names: ["System Output"] [[__init__]]
2025-05-20 14:58:46,333 [INFO   ] RoonArtFrame: Forbidden zone names: ["comma", "separated", "list of zone names"] [[__init__]]
2025-05-20 14:58:46,334 [INFO   ] RoonArtFrame: Token file path: /root/.roon_album_display_token.txt [[__init__]]
2025-05-20 14:58:46,336 [INFO   ] RoonArtFrame: Connecting to Roon before starting display... [[__init__]]
2025-05-20 14:58:46,337 [INFO   ] RoonArtFrame: Found existing auth token [[connect_to_roon]]
2025-05-20 14:58:46,338 [INFO   ] RoonArtFrame: Trying direct connection to saved server at 192.168.1.56:9330 [[connect_to_roon]]
2025-05-20 14:58:46,364 [INFO   ] websocket   : Websocket connected [[info]]
2025-05-20 14:58:46,395 [INFO   ] RoonArtFrame: Successfully connected to saved server! [[connect_to_roon]]
2025-05-20 14:58:46,396 [DEBUG  ] RoonArtFrame: Zones data: {'1601e4d6660c81a5eed2399191df1a3d21b4': {'zone_id': '1601e4d6660c81a5eed2399191df1a3d21b4', 'display_name': 'System Output', 'outputs': [{'output_id': '1701e4d6660c81a5eed2399191df1a3d21b4', 'zone_id': '1601e4d6660c81a5eed2399191df1a3d21b4', 'can_group_with_output_ids': ['1701e4d6660c81a5eed2399191df1a3d21b4', '1701691e6c42e8d6350d991167d5e7310ebc', '1701d5f349f82317a80e9f61d872074e87db'], 'display_name': 'System Output', 'volume': {'type': 'number', 'min': 0, 'max': 100, 'value': 8, 'step': 1, 'is_muted': False, 'hard_limit_min': 0, 'hard_limit_max': 100, 'soft_limit': 100}, 'source_controls': [{'control_key': '1', 'display_name': 'System Output', 'supports_standby': False, 'status': 'indeterminate'}]}], 'state': 'playing', 'is_next_allowed': True, 'is_previous_allowed': True, 'is_pause_allowed': True, 'is_play_allowed': False, 'is_seek_allowed': True, 'queue_items_remaining': 1, 'queue_time_remaining': 148, 'settings': {'loop': 'disabled', 'shuffle': False, 'auto_radio': True}, 'now_playing': {'seek_position': 46, 'length': 194, 'one_line': {'line1': 'Stupid Love - Lady Gaga'}, 'two_line': {'line1': 'Stupid Love', 'line2': 'Lady Gaga'}, 'three_line': {'line1': 'Stupid Love', 'line2': 'Lady Gaga', 'line3': 'Chromatica'}, 'image_key': '965a3eb0f61379028c94d7e100421faa', 'artist_image_keys': ['a469c108a02e6dd1e95fc42711c678c0']}}, '1601691e6c42e8d6350d991167d5e7310ebc': {'zone_id': '1601691e6c42e8d6350d991167d5e7310ebc', 'display_name': '284KMB-HDR', 'outputs': [{'output_id': '1701691e6c42e8d6350d991167d5e7310ebc', 'zone_id': '1601691e6c42e8d6350d991167d5e7310ebc', 'can_group_with_output_ids': ['1701e4d6660c81a5eed2399191df1a3d21b4', '1701691e6c42e8d6350d991167d5e7310ebc', '1701d5f349f82317a80e9f61d872074e87db'], 'display_name': '284KMB-HDR', 'volume': {'type': 'number', 'min': 0, 'max': 100, 'value': 100, 'step': 1, 'is_muted': False, 'hard_limit_min': 0, 'hard_limit_max': 100, 'soft_limit': 100}, 'source_controls': [{'control_key': '1', 'display_name': '284KMB-HDR', 'supports_standby': False, 'status': 'indeterminate'}]}], 'state': 'stopped', 'is_next_allowed': True, 'is_previous_allowed': True, 'is_pause_allowed': False, 'is_play_allowed': True, 'is_seek_allowed': False, 'queue_items_remaining': 9, 'queue_time_remaining': 1795, 'settings': {'loop': 'disabled', 'shuffle': False, 'auto_radio': True}, 'now_playing': {'seek_position': None, 'length': 206, 'one_line': {'line1': 'The Thing Is - The Tubs'}, 'two_line': {'line1': 'The Thing Is', 'line2': 'The Tubs'}, 'three_line': {'line1': 'The Thing Is', 'line2': 'The Tubs', 'line3': 'Cotton Crown'}, 'image_key': 'cbffa5cde961c4521aa779c813e057d8'}}, '1601d5f349f82317a80e9f61d872074e87db': {'zone_id': '1601d5f349f82317a80e9f61d872074e87db', 'display_name': 'Simple Audio Listen', 'outputs': [{'output_id': '1701d5f349f82317a80e9f61d872074e87db', 'zone_id': '1601d5f349f82317a80e9f61d872074e87db', 'can_group_with_output_ids': ['1701e4d6660c81a5eed2399191df1a3d21b4', '1701691e6c42e8d6350d991167d5e7310ebc', '1701d5f349f82317a80e9f61d872074e87db'], 'display_name': 'Simple Audio Listen', 'volume': {'type': 'number', 'min': 0, 'max': 100, 'value': 100, 'step': 1, 'is_muted': False, 'hard_limit_min': 0, 'hard_limit_max': 100, 'soft_limit': 100}, 'source_controls': [{'control_key': '1', 'display_name': 'Simple Audio Listen', 'supports_standby': False, 'status': 'indeterminate'}]}], 'state': 'paused', 'is_next_allowed': True, 'is_previous_allowed': True, 'is_pause_allowed': False, 'is_play_allowed': True, 'is_seek_allowed': True, 'queue_items_remaining': 1, 'queue_time_remaining': 256, 'settings': {'loop': 'disabled', 'shuffle': False, 'auto_radio': True}, 'now_playing': {'seek_position': 4, 'length': 260, 'one_line': {'line1': 'Boom Boom - John Lee Hooker / Jimmie Vaughan'}, 'two_line': {'line1': 'Boom Boom', 'line2': 'John Lee Hooker / Jimmie Vaughan'}, 'three_line': {'line1': 'Boom Boom', 'line2': 'John Lee Hooker / Jimmie Vaughan', 'line3': 'The Best Of Friends'}, 'image_key': '944ee689470fe085fc821eec1305157c', 'artist_image_keys': ['0c37cb5d856daa3a74d9928d66c7c53f', '63a11229ab1235924b1bf36d2ef01b47']}}} [[connect_to_roon]]
2025-05-20 14:58:46,397 [DEBUG  ] RoonArtFrame: Processing zone 1601e4d6660c81a5eed2399191df1a3d21b4, data keys: dict_keys(['zone_id', 'display_name', 'outputs', 'state', 'is_next_allowed', 'is_previous_allowed', 'is_pause_allowed', 'is_play_allowed', 'is_seek_allowed', 'queue_items_remaining', 'queue_time_remaining', 'settings', 'now_playing']) [[process_zone_data]]
2025-05-20 14:58:46,397 [DEBUG  ] RoonArtFrame: Now playing keys: dict_keys(['seek_position', 'length', 'one_line', 'two_line', 'three_line', 'image_key', 'artist_image_keys']) [[process_now_playing]]
2025-05-20 14:58:46,398 [INFO   ] RoonArtFrame: New track detected with image key: 965a3eb0f61379028c94d7e100421faa [[process_now_playing]]
2025-05-20 14:58:46,398 [INFO   ] RoonArtFrame: Now Playing: Stupid Love - Lady Gaga - Chromatica [[process_now_playing]]
2025-05-20 14:58:46,400 [INFO   ] RoonArtFrame: Fetching album art from: http://192.168.1.56:9330/api/image/965a3eb0f61379028c94d7e100421faa?scale=fit&width=1200&height=1200 [[fetch_and_display_album_art]]
2025-05-20 14:58:46,415 [DEBUG  ] urllib3.connectionpool: Starting new HTTP connection (1): 192.168.1.56:9330 [[_new_conn]]
2025-05-20 14:58:47,325 [DEBUG  ] urllib3.connectionpool: http://192.168.1.56:9330 "GET /api/image/965a3eb0f61379028c94d7e100421faa?scale=fit&width=1200&height=1200 HTTP/1.1" 200 570806 [[_make_request]]
2025-05-20 14:58:47,328 [DEBUG  ] RoonArtFrame: Image successfully downloaded [[download_image]]
2025-05-20 14:58:48,269 [INFO   ] RoonArtFrame: Successfully saved album art to /mnt/dietpi_userdata/album_art/album_art_965a3eb0f61379028c94d7e100421faa.jpg [[fetch_and_display_album_art]]
2025-05-20 14:58:48,282 [DEBUG  ] RoonArtFrame: Updating viewer [[fetch_and_display_album_art]]
2025-05-20 14:58:48,283 [DEBUG  ] RoonArtFrame: Starting to process image position [[process_image_position]]
2025-05-20 14:58:48,338 [DEBUG  ] RoonArtFrame: Resizing [[process_image_position]]
2025-05-20 14:58:48,358 [DEBUG  ] RoonArtFrame: Padding [[pad_image_to_size]]
2025-05-20 14:58:48,359 [DEBUG  ] RoonArtFrame: Starting creating new image [[pad_image_to_size]]
2025-05-20 14:58:48,391 [DEBUG  ] RoonArtFrame: Finished creating new image [[pad_image_to_size]]
2025-05-20 14:58:48,392 [DEBUG  ] RoonArtFrame: Starting pasting images together [[pad_image_to_size]]
2025-05-20 14:58:48,398 [DEBUG  ] RoonArtFrame: Finished pasting images together [[pad_image_to_size]]
2025-05-20 14:58:48,403 [DEBUG  ] RoonArtFrame: Checking previous update thread for Stupid Love [[update]]
2025-05-20 14:58:48,404 [DEBUG  ] RoonArtFrame: Creating new update thread for Stupid Love [[update]]
2025-05-20 14:58:48,406 [DEBUG  ] RoonArtFrame: Starting sending image to display for Stupid Love [[display_image]]
2025-05-20 14:58:48,409 [INFO   ] RoonArtFrame: Registering for state callbacks... [[subscribe_to_events]]
2025-05-20 14:58:48,410 [INFO   ] epd13in3E   : Setting should_stop False for display_image [[shouldStop]]
2025-05-20 14:58:48,410 [INFO   ] RoonArtFrame: Registering state callback... [[subscribe_to_events]]
2025-05-20 14:58:48,412 [INFO   ] RoonArtFrame: Successfully registered for state callbacks [[subscribe_to_events]]
2025-05-20 14:58:48,416 [INFO   ] RoonArtFrame: Event loop started [[event_loop]]
2025-05-20 14:58:54,168 [DEBUG  ] epd13in3E   : POWER IS False [[updateDisplay]]
2025-05-20 14:58:54,168 [DEBUG  ] epd13in3E   : Write power on starting for Stupid Love [[writePower]]
2025-05-20 14:58:54,218 [DEBUG  ] epd13in3E   : Write DRF for Stupid Love [[writeDRF]]
2025-05-20 14:58:54,219 [DEBUG  ] epd13in3E   : Write power off starting for Stupid Love [[writePower]]
2025-05-20 14:58:54,220 [DEBUG  ] epd13in3E   : Write to display complete for Stupid Love [[updateDisplay]]
2025-05-20 14:58:54,220 [DEBUG  ] epd13in3E   : Display complete YAY [[display]]
2025-05-20 14:58:54,230 [INFO   ] epd13in3E   : Setting should_stop False for display_image [[shouldStop]]
2025-05-20 14:58:54,230 [INFO   ] RoonArtFrame: Finished sending image to display for Stupid Love [[display_image]]
2025-05-20 14:59:06,366 [DEBUG  ] websocket   : Sending ping [[debug]]
2025-05-20 14:59:16,368 [DEBUG  ] websocket   : Sending ping [[debug]]
2025-05-20 14:59:26,369 [DEBUG  ] websocket   : Sending ping [[debug]]
2025-05-20 14:59:36,370 [DEBUG  ] websocket   : Sending ping [[debug]]
2025-05-20 14:59:46,372 [DEBUG  ] websocket   : Sending ping [[debug]]
2025-05-20 14:59:56,374 [DEBUG  ] websocket   : Sending ping [[debug]]
2025-05-20 15:00:06,375 [DEBUG  ] websocket   : Sending ping [[debug]]
2025-05-20 15:00:16,377 [DEBUG  ] websocket   : Sending ping [[debug]]
2025-05-20 15:00:26,378 [DEBUG  ] websocket   : Sending ping [[debug]]
2025-05-20 15:00:36,379 [DEBUG  ] websocket   : Sending ping [[debug]]
2025-05-20 15:00:46,381 [DEBUG  ] websocket   : Sending ping [[debug]]
2025-05-20 15:00:56,382 [DEBUG  ] websocket   : Sending ping [[debug]]
2025-05-20 15:01:06,384 [DEBUG  ] websocket   : Sending ping [[debug]]
2025-05-20 15:01:13,615 [DEBUG  ] RoonArtFrame: Processing zones_changed event [[zone_event_callback]]
2025-05-20 15:01:13,616 [DEBUG  ] RoonArtFrame: Processing zone 1601e4d6660c81a5eed2399191df1a3d21b4, data keys: dict_keys(['zone_id', 'display_name', 'outputs', 'state', 'is_next_allowed', 'is_previous_allowed', 'is_pause_allowed', 'is_play_allowed', 'is_seek_allowed', 'queue_items_remaining', 'queue_time_remaining', 'settings', 'now_playing', 'seek_position']) [[process_zone_data]]
2025-05-20 15:01:13,617 [DEBUG  ] RoonArtFrame: Now playing keys: dict_keys(['seek_position', 'length', 'one_line', 'two_line', 'three_line', 'image_key', 'artist_image_keys']) [[process_now_playing]]
2025-05-20 15:01:13,618 [INFO   ] RoonArtFrame: New track detected with image key: 1301d24d7cf6f91c4f6aa1733c05354d [[process_now_playing]]
2025-05-20 15:01:13,619 [INFO   ] RoonArtFrame: Now Playing: Flesh And Blood - Sarah McLachlan - Shine On (Deluxe Edition) [[process_now_playing]]
2025-05-20 15:01:13,622 [INFO   ] RoonArtFrame: Fetching album art from: http://192.168.1.56:9330/api/image/1301d24d7cf6f91c4f6aa1733c05354d?scale=fit&width=1200&height=1200 [[fetch_and_display_album_art]]
2025-05-20 15:01:13,636 [DEBUG  ] urllib3.connectionpool: Starting new HTTP connection (1): 192.168.1.56:9330 [[_new_conn]]
2025-05-20 15:01:14,578 [DEBUG  ] urllib3.connectionpool: http://192.168.1.56:9330 "GET /api/image/1301d24d7cf6f91c4f6aa1733c05354d?scale=fit&width=1200&height=1200 HTTP/1.1" 200 350561 [[_make_request]]
2025-05-20 15:01:14,581 [DEBUG  ] RoonArtFrame: Image successfully downloaded [[download_image]]
2025-05-20 15:01:15,348 [INFO   ] RoonArtFrame: Successfully saved album art to /mnt/dietpi_userdata/album_art/album_art_1301d24d7cf6f91c4f6aa1733c05354d.jpg [[fetch_and_display_album_art]]
2025-05-20 15:01:15,357 [DEBUG  ] RoonArtFrame: Updating viewer [[fetch_and_display_album_art]]
2025-05-20 15:01:15,358 [DEBUG  ] RoonArtFrame: Starting to process image position [[process_image_position]]
2025-05-20 15:01:15,407 [DEBUG  ] RoonArtFrame: Resizing [[process_image_position]]
2025-05-20 15:01:15,429 [DEBUG  ] RoonArtFrame: Padding [[pad_image_to_size]]
2025-05-20 15:01:15,430 [DEBUG  ] RoonArtFrame: Starting creating new image [[pad_image_to_size]]
2025-05-20 15:01:15,465 [DEBUG  ] RoonArtFrame: Finished creating new image [[pad_image_to_size]]
2025-05-20 15:01:15,466 [DEBUG  ] RoonArtFrame: Starting pasting images together [[pad_image_to_size]]
2025-05-20 15:01:15,473 [DEBUG  ] RoonArtFrame: Finished pasting images together [[pad_image_to_size]]
2025-05-20 15:01:15,474 [DEBUG  ] RoonArtFrame: Checking previous update thread for Flesh And Blood [[update]]
2025-05-20 15:01:15,474 [DEBUG  ] RoonArtFrame: Creating new update thread for Flesh And Blood [[update]]
2025-05-20 15:01:15,476 [DEBUG  ] RoonArtFrame: Starting sending image to display for Flesh And Blood [[display_image]]
2025-05-20 15:01:15,476 [INFO   ] epd13in3E   : Setting should_stop False for display_image [[shouldStop]]
2025-05-20 15:01:15,480 [DEBUG  ] RoonArtFrame: Processing zones_changed event [[zone_event_callback]]
2025-05-20 15:01:15,482 [DEBUG  ] RoonArtFrame: Processing zone 1601e4d6660c81a5eed2399191df1a3d21b4, data keys: dict_keys(['zone_id', 'display_name', 'outputs', 'state', 'is_next_allowed', 'is_previous_allowed', 'is_pause_allowed', 'is_play_allowed', 'is_seek_allowed', 'queue_items_remaining', 'queue_time_remaining', 'settings', 'now_playing', 'seek_position']) [[process_zone_data]]
2025-05-20 15:01:15,483 [DEBUG  ] RoonArtFrame: Now playing keys: dict_keys(['seek_position', 'length', 'one_line', 'two_line', 'three_line', 'image_key', 'artist_image_keys']) [[process_now_playing]]
2025-05-20 15:01:15,484 [DEBUG  ] RoonArtFrame: Ignoring duplicate event {'seek_position': None, 'length': 258, 'one_line': {'line1': 'Flesh And Blood - Sarah McLachlan'}, 'two_line': {'line1': 'Flesh And Blood', 'line2': 'Sarah McLachlan'}, 'three_line': {'line1': 'Flesh And Blood', 'line2': 'Sarah McLachlan', 'line3': 'Shine On (Deluxe Edition)'}, 'image_key': '1301d24d7cf6f91c4f6aa1733c05354d', 'artist_image_keys': ['36aa4a92774c1074b184e7b918f80a82']} [[process_now_playing]]
2025-05-20 15:01:16,390 [DEBUG  ] websocket   : Sending ping [[debug]]
2025-05-20 15:01:21,797 [DEBUG  ] epd13in3E   : POWER IS False [[updateDisplay]]
2025-05-20 15:01:21,797 [DEBUG  ] epd13in3E   : Write power on starting for Flesh And Blood [[writePower]]
2025-05-20 15:01:21,848 [DEBUG  ] epd13in3E   : Write DRF for Flesh And Blood [[writeDRF]]
2025-05-20 15:01:21,848 [DEBUG  ] epd13in3E   : Write power off starting for Flesh And Blood [[writePower]]
2025-05-20 15:01:21,849 [DEBUG  ] epd13in3E   : Write to display complete for Flesh And Blood [[updateDisplay]]
2025-05-20 15:01:21,849 [DEBUG  ] epd13in3E   : Display complete YAY [[display]]
2025-05-20 15:01:21,862 [INFO   ] epd13in3E   : Setting should_stop False for display_image [[shouldStop]]
2025-05-20 15:01:21,863 [INFO   ] RoonArtFrame: Finished sending image to display for Flesh And Blood [[display_image]]
2025-05-20 15:01:26,402 [DEBUG  ] websocket   : Sending ping [[debug]]
2025-05-20 15:01:36,404 [DEBUG  ] websocket   : Sending ping [[debug]]
2025-05-20 15:01:46,405 [DEBUG  ] websocket   : Sending ping [[debug]]
2025-05-20 15:01:56,406 [DEBUG  ] websocket   : Sending ping [[debug]]
2025-05-20 15:02:06,408 [DEBUG  ] websocket   : Sending ping [[debug]]
2025-05-20 15:02:16,409 [DEBUG  ] websocket   : Sending ping [[debug]]
2025-05-20 15:02:26,410 [DEBUG  ] websocket   : Sending ping [[debug]]
2025-05-20 15:02:36,411 [DEBUG  ] websocket   : Sending ping [[debug]]
2025-05-20 15:02:46,413 [DEBUG  ] websocket   : Sending ping [[debug]]
2025-05-20 15:02:56,414 [DEBUG  ] websocket   : Sending ping [[debug]]
2025-05-20 15:03:06,415 [DEBUG  ] websocket   : Sending ping [[debug]]
2025-05-20 15:03:16,418 [DEBUG  ] websocket   : Sending ping [[debug]]
2025-05-20 15:03:26,419 [DEBUG  ] websocket   : Sending ping [[debug]]
2025-05-20 15:03:36,420 [DEBUG  ] websocket   : Sending ping [[debug]]
2025-05-20 15:03:46,422 [DEBUG  ] websocket   : Sending ping [[debug]]
2025-05-20 15:03:56,423 [DEBUG  ] websocket   : Sending ping [[debug]]
2025-05-20 15:04:06,424 [DEBUG  ] websocket   : Sending ping [[debug]]
2025-05-20 15:04:16,425 [DEBUG  ] websocket   : Sending ping [[debug]]
2025-05-20 15:04:26,427 [DEBUG  ] websocket   : Sending ping [[debug]]
2025-05-20 15:04:36,428 [DEBUG  ] websocket   : Sending ping [[debug]]
2025-05-20 15:04:46,430 [DEBUG  ] websocket   : Sending ping [[debug]]
2025-05-20 15:04:56,432 [DEBUG  ] websocket   : Sending ping [[debug]]
2025-05-20 15:05:06,433 [DEBUG  ] websocket   : Sending ping [[debug]]
2025-05-20 15:05:16,435 [DEBUG  ] websocket   : Sending ping [[debug]]
2025-05-20 15:05:26,436 [DEBUG  ] websocket   : Sending ping [[debug]]
2025-05-20 15:05:32,725 [DEBUG  ] RoonArtFrame: Processing zones_changed event [[zone_event_callback]]
2025-05-20 15:05:32,726 [DEBUG  ] RoonArtFrame: Processing zone 1601e4d6660c81a5eed2399191df1a3d21b4, data keys: dict_keys(['zone_id', 'display_name', 'outputs', 'state', 'is_next_allowed', 'is_previous_allowed', 'is_pause_allowed', 'is_play_allowed', 'is_seek_allowed', 'queue_items_remaining', 'queue_time_remaining', 'settings', 'now_playing', 'seek_position']) [[process_zone_data]]
2025-05-20 15:05:32,726 [DEBUG  ] RoonArtFrame: Now playing keys: dict_keys(['seek_position', 'length', 'one_line', 'two_line', 'three_line', 'image_key', 'artist_image_keys']) [[process_now_playing]]
2025-05-20 15:05:32,727 [INFO   ] RoonArtFrame: New track detected with image key: a83c520fad873778adbe879b56987ccc [[process_now_playing]]
2025-05-20 15:05:32,727 [INFO   ] RoonArtFrame: Now Playing: CHIHIRO - Billie Eilish - HIT ME HARD AND SOFT [[process_now_playing]]
2025-05-20 15:05:32,729 [INFO   ] RoonArtFrame: Fetching album art from: http://192.168.1.56:9330/api/image/a83c520fad873778adbe879b56987ccc?scale=fit&width=1200&height=1200 [[fetch_and_display_album_art]]
2025-05-20 15:05:32,739 [DEBUG  ] urllib3.connectionpool: Starting new HTTP connection (1): 192.168.1.56:9330 [[_new_conn]]
2025-05-20 15:05:33,555 [DEBUG  ] urllib3.connectionpool: http://192.168.1.56:9330 "GET /api/image/a83c520fad873778adbe879b56987ccc?scale=fit&width=1200&height=1200 HTTP/1.1" 200 236082 [[_make_request]]
2025-05-20 15:05:33,558 [DEBUG  ] RoonArtFrame: Image successfully downloaded [[download_image]]
2025-05-20 15:05:34,136 [INFO   ] RoonArtFrame: Successfully saved album art to /mnt/dietpi_userdata/album_art/album_art_a83c520fad873778adbe879b56987ccc.jpg [[fetch_and_display_album_art]]
2025-05-20 15:05:34,142 [DEBUG  ] RoonArtFrame: Updating viewer [[fetch_and_display_album_art]]
2025-05-20 15:05:34,143 [DEBUG  ] RoonArtFrame: Starting to process image position [[process_image_position]]
2025-05-20 15:05:34,191 [DEBUG  ] RoonArtFrame: Resizing [[process_image_position]]
2025-05-20 15:05:34,214 [DEBUG  ] RoonArtFrame: Padding [[pad_image_to_size]]
2025-05-20 15:05:34,214 [DEBUG  ] RoonArtFrame: Starting creating new image [[pad_image_to_size]]
2025-05-20 15:05:34,250 [DEBUG  ] RoonArtFrame: Finished creating new image [[pad_image_to_size]]
2025-05-20 15:05:34,250 [DEBUG  ] RoonArtFrame: Starting pasting images together [[pad_image_to_size]]
2025-05-20 15:05:34,258 [DEBUG  ] RoonArtFrame: Finished pasting images together [[pad_image_to_size]]
2025-05-20 15:05:34,259 [DEBUG  ] RoonArtFrame: Checking previous update thread for CHIHIRO [[update]]
2025-05-20 15:05:34,259 [DEBUG  ] RoonArtFrame: Creating new update thread for CHIHIRO [[update]]
2025-05-20 15:05:34,260 [DEBUG  ] RoonArtFrame: Starting sending image to display for CHIHIRO [[display_image]]
2025-05-20 15:05:34,261 [INFO   ] epd13in3E   : Setting should_stop False for display_image [[shouldStop]]
2025-05-20 15:05:36,441 [DEBUG  ] websocket   : Sending ping [[debug]]
2025-05-20 15:05:40,880 [DEBUG  ] epd13in3E   : POWER IS False [[updateDisplay]]
2025-05-20 15:05:40,880 [DEBUG  ] epd13in3E   : Write power on starting for CHIHIRO [[writePower]]
2025-05-20 15:05:40,931 [DEBUG  ] epd13in3E   : Write DRF for CHIHIRO [[writeDRF]]
2025-05-20 15:05:40,931 [DEBUG  ] epd13in3E   : Write power off starting for CHIHIRO [[writePower]]
2025-05-20 15:05:40,931 [DEBUG  ] epd13in3E   : Write to display complete for CHIHIRO [[updateDisplay]]
2025-05-20 15:05:40,932 [DEBUG  ] epd13in3E   : Display complete YAY [[display]]
2025-05-20 15:05:40,946 [INFO   ] epd13in3E   : Setting should_stop False for display_image [[shouldStop]]
2025-05-20 15:05:40,946 [INFO   ] RoonArtFrame: Finished sending image to display for CHIHIRO [[display_image]]
2025-05-20 15:05:46,443 [DEBUG  ] websocket   : Sending ping [[debug]]
2025-05-20 15:05:56,444 [DEBUG  ] websocket   : Sending ping [[debug]]
2025-05-20 15:06:06,445 [DEBUG  ] websocket   : Sending ping [[debug]]
2025-05-20 15:06:16,446 [DEBUG  ] websocket   : Sending ping [[debug]]
2025-05-20 15:06:26,448 [DEBUG  ] websocket   : Sending ping [[debug]]
2025-05-20 15:06:36,449 [DEBUG  ] websocket   : Sending ping [[debug]]
