2025-05-21 22:17:12,884 [DEBUG  ] RoonArtFrame: Adding libdir to path: /mnt/dietpi_userdata/roon-album-art-display/libs [[<module>]]
2025-05-21 22:17:12,890 [INFO   ] RoonArtFrame: Configuration loaded [[load_config]]
2025-05-21 22:17:12,891 [DEBUG  ] RoonArtFrame: Importing epd13in3E [[<module>]]
2025-05-21 22:17:12,986 [DEBUG  ] epd13in3E   : Exiting early [[EarlyExit]]
2025-05-21 22:17:12,987 [DEBUG  ] RoonArtFrame: Finished importing epd13in3E [[<module>]]
2025-05-21 22:17:12,987 [DEBUG  ] epd13in3E   : EPD init... [[Init]]
2025-05-21 22:17:13,139 [DEBUG  ] epd13in3E   : e-Paper busy H checking at EPD init [[ReadBusyH]]
2025-05-21 22:17:13,139 [DEBUG  ] epd13in3E   : e-Paper busy H released at EPD init [[ReadBusyH]]
2025-05-21 22:17:13,141 [DEBUG  ] RoonArtFrame: Created viewer [[<module>]]
2025-05-21 22:17:13,141 [INFO   ] RoonArtFrame: Starting Roon Album Art Display [[__init__]]
2025-05-21 22:17:13,142 [INFO   ] RoonArtFrame: Allowed zone names: ["System Output", "Sonos"] [[__init__]]
2025-05-21 22:17:13,142 [INFO   ] RoonArtFrame: Forbidden zone names: ["comma", "separated", "list of zone names"] [[__init__]]
2025-05-21 22:17:13,143 [INFO   ] RoonArtFrame: Token file path: /root/.roon_album_display_token.txt [[__init__]]
2025-05-21 22:17:13,148 [INFO   ] RoonArtFrame: Connecting to Roon before starting display... [[__init__]]
2025-05-21 22:17:13,150 [INFO   ] RoonArtFrame: Found existing auth token [[connect_to_roon]]
2025-05-21 22:17:13,151 [INFO   ] RoonArtFrame: Trying direct connection to saved server at 192.168.1.128:9330 [[connect_to_roon]]
2025-05-21 22:17:13,173 [INFO   ] websocket   : Websocket connected [[info]]
2025-05-21 22:17:13,254 [INFO   ] RoonArtFrame: Successfully connected to saved server! [[connect_to_roon]]
2025-05-21 22:17:13,256 [DEBUG  ] RoonArtFrame: Zones data: {'1601c3b912966d7fbcea2040b0606bad86ea': {'zone_id': '1601c3b912966d7fbcea2040b0606bad86ea', 'display_name': 'KEF LS50w', 'outputs': [{'output_id': '1701c3b912966d7fbcea2040b0606bad86ea', 'zone_id': '1601c3b912966d7fbcea2040b0606bad86ea', 'can_group_with_output_ids': [], 'display_name': 'KEF LS50w', 'volume': {'type': 'number', 'min': 0, 'max': 100, 'value': 33, 'step': 1, 'is_muted': False, 'hard_limit_min': 0, 'hard_limit_max': 100, 'soft_limit': 100}, 'source_controls': [{'control_key': '1', 'display_name': 'LS50w (LS50 Wireless)', 'supports_standby': False, 'status': 'indeterminate'}]}], 'state': 'paused', 'is_next_allowed': True, 'is_previous_allowed': True, 'is_pause_allowed': False, 'is_play_allowed': True, 'is_seek_allowed': True, 'queue_items_remaining': 10, 'queue_time_remaining': 3512, 'settings': {'loop': 'disabled', 'shuffle': False, 'auto_radio': True}, 'now_playing': {'seek_position': 221, 'length': 315, 'one_line': {'line1': 'Tijuana - Grouch'}, 'two_line': {'line1': 'Tijuana', 'line2': 'Grouch'}, 'three_line': {'line1': 'Tijuana', 'line2': 'Grouch', 'line3': 'Metamorph'}, 'image_key': '62edef4552b764fb38935ee2118abd4f', 'artist_image_keys': ['cd23ff770e36795f71283c1c161ae7dd']}}, '1601b2e4dfbef815ffaae4029e67a160485f': {'zone_id': '1601b2e4dfbef815ffaae4029e67a160485f', 'display_name': 'KEF LSX', 'outputs': [{'output_id': '1701b2e4dfbef815ffaae4029e67a160485f', 'zone_id': '1601b2e4dfbef815ffaae4029e67a160485f', 'can_group_with_output_ids': [], 'display_name': 'KEF LSX', 'volume': {'type': 'number', 'min': 0, 'max': 100, 'value': 78, 'step': 1, 'is_muted': False, 'hard_limit_min': 0, 'hard_limit_max': 100, 'soft_limit': 100}, 'source_controls': [{'control_key': '1', 'display_name': 'LSX (KEF LSX)', 'supports_standby': True, 'status': 'indeterminate'}]}], 'state': 'paused', 'is_next_allowed': True, 'is_previous_allowed': True, 'is_pause_allowed': False, 'is_play_allowed': True, 'is_seek_allowed': True, 'queue_items_remaining': 13, 'queue_time_remaining': 3037, 'settings': {'loop': 'disabled', 'shuffle': False, 'auto_radio': False}, 'now_playing': {'seek_position': 49, 'length': 223, 'one_line': {'line1': 'Music Club - Chase & Status'}, 'two_line': {'line1': 'Music Club', 'line2': 'Chase & Status'}, 'three_line': {'line1': 'Music Club', 'line2': 'Chase & Status', 'line3': 'More Than Alot'}, 'image_key': 'ecc5bd6e1373e525f1698d57acabc30f', 'artist_image_keys': ['e9240db784c00d88b4a211e77c5702e9']}}, '160115a2925db2f233703b5ff9cac08b0436': {'zone_id': '160115a2925db2f233703b5ff9cac08b0436', 'display_name': 'Sonos', 'outputs': [{'output_id': '170115a2925db2f233703b5ff9cac08b0436', 'zone_id': '160115a2925db2f233703b5ff9cac08b0436', 'can_group_with_output_ids': ['170115a2925db2f233703b5ff9cac08b0436'], 'display_name': 'Sonos', 'volume': {'type': 'number', 'min': 0, 'max': 100, 'value': 0, 'step': 1, 'is_muted': False, 'hard_limit_min': 0, 'hard_limit_max': 100, 'soft_limit': 100}, 'source_controls': [{'control_key': '1', 'display_name': 'Move 2 (MOVE 2)', 'supports_standby': False, 'status': 'indeterminate'}]}], 'state': 'playing', 'is_next_allowed': True, 'is_previous_allowed': True, 'is_pause_allowed': True, 'is_play_allowed': False, 'is_seek_allowed': True, 'queue_items_remaining': 1, 'queue_time_remaining': 284, 'settings': {'loop': 'disabled', 'shuffle': False, 'auto_radio': True}, 'now_playing': {'seek_position': 41, 'length': 325, 'one_line': {'line1': 'Never Stop - DC Breaks'}, 'two_line': {'line1': 'Never Stop', 'line2': 'DC Breaks'}, 'three_line': {'line1': 'Never Stop', 'line2': 'DC Breaks', 'line3': 'Never Stop'}, 'image_key': '0a24509d760fcd543a7124427396dc4f', 'artist_image_keys': ['83407a468c46be87afd16bf69720579b']}}, '1601d5937baba8ee6f785565f6ac4e181d6f': {'zone_id': '1601d5937baba8ee6f785565f6ac4e181d6f', 'display_name': 'Bedroom', 'outputs': [{'output_id': '1701d5937baba8ee6f785565f6ac4e181d6f', 'zone_id': '1601d5937baba8ee6f785565f6ac4e181d6f', 'can_group_with_output_ids': [], 'display_name': 'Bedroom', 'volume': {'type': 'number', 'min': 0, 'max': 100, 'value': 56, 'step': 1, 'is_muted': False, 'hard_limit_min': 0, 'hard_limit_max': 100, 'soft_limit': 100}, 'source_controls': [{'control_key': '1', 'display_name': 'Chromecast Audio', 'supports_standby': False, 'status': 'indeterminate'}]}], 'state': 'paused', 'is_next_allowed': True, 'is_previous_allowed': True, 'is_pause_allowed': False, 'is_play_allowed': True, 'is_seek_allowed': True, 'queue_items_remaining': 2, 'queue_time_remaining': 363, 'settings': {'loop': 'disabled', 'shuffle': False, 'auto_radio': True}, 'now_playing': {'seek_position': 87, 'length': 232, 'one_line': {'line1': 'Silver Seed - Rumpistol'}, 'two_line': {'line1': 'Silver Seed', 'line2': 'Rumpistol'}, 'three_line': {'line1': 'Silver Seed', 'line2': 'Rumpistol', 'line3': 'Nebula'}, 'image_key': 'd94b3801b55a8d847b637ed0ae027e6e', 'artist_image_keys': ['ae86426fccc0bd9c314d620d8bea8919']}}, '160191caeb528ff6b5e90ccbb1e03405e1c3': {'zone_id': '160191caeb528ff6b5e90ccbb1e03405e1c3', 'display_name': 'Lounge TV', 'outputs': [{'output_id': '170191caeb528ff6b5e90ccbb1e03405e1c3', 'zone_id': '160191caeb528ff6b5e90ccbb1e03405e1c3', 'can_group_with_output_ids': [], 'display_name': 'Lounge TV', 'source_controls': [{'control_key': '1', 'display_name': 'Chromecast', 'supports_standby': False, 'status': 'indeterminate'}]}], 'state': 'paused', 'is_next_allowed': True, 'is_previous_allowed': True, 'is_pause_allowed': False, 'is_play_allowed': True, 'is_seek_allowed': True, 'queue_items_remaining': 1, 'queue_time_remaining': 297, 'settings': {'loop': 'disabled', 'shuffle': False, 'auto_radio': True}, 'now_playing': {'seek_position': 19, 'length': 316, 'one_line': {'line1': 'All Res - GoGo Penguin / Chris Illingworth / Rob Turner / Nick Blacka'}, 'two_line': {'line1': 'All Res', 'line2': 'GoGo Penguin / Chris Illingworth / Rob Turner / Nick Blacka'}, 'three_line': {'line1': 'All Res', 'line2': 'GoGo Penguin / Chris Illingworth / Rob Turner / Nick Blacka', 'line3': 'Man Made Object'}, 'image_key': 'da12b82b702a5af394f6a7f9d3c1d167', 'artist_image_keys': ['1ac0bae118fc596866807ecc74ae1f20']}}, '1601bb5695ac608cd06dfba1a573f86dbaa2': {'zone_id': '1601bb5695ac608cd06dfba1a573f86dbaa2', 'display_name': 'Kitchen', 'outputs': [{'output_id': '1701bb5695ac608cd06dfba1a573f86dbaa2', 'zone_id': '1601bb5695ac608cd06dfba1a573f86dbaa2', 'can_group_with_output_ids': [], 'display_name': 'Kitchen', 'volume': {'type': 'number', 'min': 0, 'max': 100, 'value': 40, 'step': 1, 'is_muted': False, 'hard_limit_min': 0, 'hard_limit_max': 100, 'soft_limit': 100}, 'source_controls': [{'control_key': '1', 'display_name': 'Google Cast Group', 'supports_standby': False, 'status': 'indeterminate'}]}], 'state': 'paused', 'is_next_allowed': True, 'is_previous_allowed': True, 'is_pause_allowed': False, 'is_play_allowed': True, 'is_seek_allowed': True, 'queue_items_remaining': 4, 'queue_time_remaining': 896, 'settings': {'loop': 'disabled', 'shuffle': False, 'auto_radio': True}, 'now_playing': {'seek_position': 194, 'length': 244, 'one_line': {'line1': 'Bach Cumbia - Joachim Horsley'}, 'two_line': {'line1': 'Bach Cumbia', 'line2': 'Joachim Horsley'}, 'three_line': {'line1': 'Bach Cumbia', 'line2': 'Joachim Horsley', 'line3': 'Afro Bach'}, 'image_key': '56c750e4441d85c56819c5c724ee7a7e', 'artist_image_keys': ['f73292556a12c0ddbe3fcc377b7228ca']}}, '1601865576b5c22c4057aa6a8bb7285e5972': {'zone_id': '1601865576b5c22c4057aa6a8bb7285e5972', 'display_name': 'PC', 'outputs': [{'output_id': '1701865576b5c22c4057aa6a8bb7285e5972', 'zone_id': '1601865576b5c22c4057aa6a8bb7285e5972', 'can_group_with_output_ids': ['1701865576b5c22c4057aa6a8bb7285e5972'], 'display_name': 'PC', 'volume': {'type': 'number', 'min': 0, 'max': 100, 'value': 100, 'step': 1, 'is_muted': False, 'hard_limit_min': 0, 'hard_limit_max': 100, 'soft_limit': 100}, 'source_controls': [{'control_key': '1', 'display_name': 'System Output', 'supports_standby': False, 'status': 'indeterminate'}]}], 'state': 'paused', 'is_next_allowed': True, 'is_previous_allowed': True, 'is_pause_allowed': False, 'is_play_allowed': True, 'is_seek_allowed': True, 'queue_items_remaining': 12, 'queue_time_remaining': 2219, 'settings': {'loop': 'disabled', 'shuffle': False, 'auto_radio': True}, 'now_playing': {'seek_position': 100, 'length': 221, 'one_line': {'line1': 'The Catalyst - Amaranthe'}, 'two_line': {'line1': 'The Catalyst', 'line2': 'Amaranthe'}, 'three_line': {'line1': 'The Catalyst', 'line2': 'Amaranthe', 'line3': 'The Catalyst'}, 'image_key': '2078140b5de45c27f91644c146b7be16', 'artist_image_keys': ['80816425cfc865e72102364ba754d838']}}, '1601881aa39791e74e829de6dc08a755e364': {'zone_id': '1601881aa39791e74e829de6dc08a755e364', 'display_name': 'Dining Room', 'outputs': [{'output_id': '1701881aa39791e74e829de6dc08a755e364', 'zone_id': '1601881aa39791e74e829de6dc08a755e364', 'can_group_with_output_ids': [], 'display_name': 'Dining Room', 'volume': {'type': 'number', 'min': 0, 'max': 100, 'value': 40, 'step': 1, 'is_muted': False, 'hard_limit_min': 0, 'hard_limit_max': 100, 'soft_limit': 100}, 'source_controls': [{'control_key': '1', 'display_name': 'C4A', 'supports_standby': False, 'status': 'indeterminate'}]}], 'state': 'paused', 'is_next_allowed': True, 'is_previous_allowed': True, 'is_pause_allowed': False, 'is_play_allowed': True, 'is_seek_allowed': True, 'queue_items_remaining': 6, 'queue_time_remaining': 2055, 'settings': {'loop': 'loop', 'shuffle': False, 'auto_radio': True}, 'now_playing': {'seek_position': 3, 'length': 233, 'one_line': {'line1': 'METEORA (feat. Max the Sax) - '}, 'two_line': {'line1': 'METEORA (feat. Max the Sax)', 'line2': ''}, 'three_line': {'line1': 'METEORA (feat. Max the Sax)', 'line2': '', 'line3': 'METEORA (feat. Max the Sax)'}, 'image_key': '3d3fd9dbc3466b9aaf8b38cfb90aefa4'}}, '16019268b080cc971aa1ab2ff76c1a3ebbe1': {'zone_id': '16019268b080cc971aa1ab2ff76c1a3ebbe1', 'display_name': 'Fold', 'outputs': [{'output_id': '17019268b080cc971aa1ab2ff76c1a3ebbe1', 'zone_id': '16019268b080cc971aa1ab2ff76c1a3ebbe1', 'can_group_with_output_ids': [], 'display_name': 'Fold', 'volume': {'type': 'number', 'min': 0, 'max': 15, 'value': 0, 'step': 1, 'is_muted': False, 'hard_limit_min': 0, 'hard_limit_max': 15, 'soft_limit': 15}, 'source_controls': [{'control_key': '1', 'display_name': 'Default Output', 'supports_standby': False, 'status': 'indeterminate'}]}], 'state': 'paused', 'is_next_allowed': True, 'is_previous_allowed': True, 'is_pause_allowed': False, 'is_play_allowed': True, 'is_seek_allowed': True, 'queue_items_remaining': 12, 'queue_time_remaining': 2555, 'settings': {'loop': 'disabled', 'shuffle': False, 'auto_radio': True}, 'now_playing': {'seek_position': 33, 'length': 222, 'one_line': {'line1': 'Right Side Of The Bed - Atreyu'}, 'two_line': {'line1': 'Right Side Of The Bed', 'line2': 'Atreyu'}, 'three_line': {'line1': 'Right Side Of The Bed', 'line2': 'Atreyu', 'line3': 'The Curse (Deluxe Edition)'}, 'image_key': '574c3f8bd173127fbb1e2faca8dc932f', 'artist_image_keys': ['270a31aec3da2ad365b62a8f1b718df4']}}} [[connect_to_roon]]
2025-05-21 22:17:13,256 [DEBUG  ] RoonArtFrame: Processing zone 1601c3b912966d7fbcea2040b0606bad86ea, data keys: dict_keys(['zone_id', 'display_name', 'outputs', 'state', 'is_next_allowed', 'is_previous_allowed', 'is_pause_allowed', 'is_play_allowed', 'is_seek_allowed', 'queue_items_remaining', 'queue_time_remaining', 'settings', 'now_playing']) [[process_zone_data]]
2025-05-21 22:17:13,256 [DEBUG  ] RoonArtFrame: Received event from zone KEF LS50w but it is not in the allowed list [[process_zone_data]]
2025-05-21 22:17:13,257 [DEBUG  ] RoonArtFrame: Processing zone 1601b2e4dfbef815ffaae4029e67a160485f, data keys: dict_keys(['zone_id', 'display_name', 'outputs', 'state', 'is_next_allowed', 'is_previous_allowed', 'is_pause_allowed', 'is_play_allowed', 'is_seek_allowed', 'queue_items_remaining', 'queue_time_remaining', 'settings', 'now_playing']) [[process_zone_data]]
2025-05-21 22:17:13,257 [DEBUG  ] RoonArtFrame: Received event from zone KEF LSX but it is not in the allowed list [[process_zone_data]]
2025-05-21 22:17:13,257 [DEBUG  ] RoonArtFrame: Processing zone 160115a2925db2f233703b5ff9cac08b0436, data keys: dict_keys(['zone_id', 'display_name', 'outputs', 'state', 'is_next_allowed', 'is_previous_allowed', 'is_pause_allowed', 'is_play_allowed', 'is_seek_allowed', 'queue_items_remaining', 'queue_time_remaining', 'settings', 'now_playing']) [[process_zone_data]]
2025-05-21 22:17:13,257 [DEBUG  ] RoonArtFrame: Now playing keys: dict_keys(['seek_position', 'length', 'one_line', 'two_line', 'three_line', 'image_key', 'artist_image_keys']) [[process_now_playing]]
2025-05-21 22:17:13,258 [INFO   ] RoonArtFrame: New track detected with image key: 0a24509d760fcd543a7124427396dc4f [[process_now_playing]]
2025-05-21 22:17:13,258 [INFO   ] RoonArtFrame: Now Playing: Never Stop - DC Breaks - Never Stop [[process_now_playing]]
2025-05-21 22:17:13,259 [INFO   ] RoonArtFrame: Fetching album art from: http://192.168.1.128:9330/api/image/0a24509d760fcd543a7124427396dc4f?scale=fit&width=1200&height=1200 [[fetch_and_display_album_art]]
2025-05-21 22:17:13,278 [DEBUG  ] urllib3.connectionpool: Starting new HTTP connection (1): 192.168.1.128:9330 [[_new_conn]]
2025-05-21 22:17:13,894 [DEBUG  ] urllib3.connectionpool: http://192.168.1.128:9330 "GET /api/image/0a24509d760fcd543a7124427396dc4f?scale=fit&width=1200&height=1200 HTTP/1.1" 200 427859 [[_make_request]]
2025-05-21 22:17:13,896 [DEBUG  ] RoonArtFrame: Image successfully downloaded [[download_image]]
2025-05-21 22:17:14,240 [INFO   ] RoonArtFrame: Successfully saved album art to /mnt/dietpi_userdata/album_art/album_art_0a24509d760fcd543a7124427396dc4f.jpg [[fetch_and_display_album_art]]
2025-05-21 22:17:14,240 [DEBUG  ] RoonArtFrame: Updating viewer [[fetch_and_display_album_art]]
2025-05-21 22:17:14,241 [DEBUG  ] RoonArtFrame: Starting to process image position [[process_image_position]]
2025-05-21 22:17:14,282 [DEBUG  ] RoonArtFrame: Resizing [[process_image_position]]
2025-05-21 22:17:14,297 [DEBUG  ] RoonArtFrame: Padding [[pad_image_to_size]]
2025-05-21 22:17:14,298 [DEBUG  ] RoonArtFrame: Starting creating new image [[pad_image_to_size]]
2025-05-21 22:17:14,321 [DEBUG  ] RoonArtFrame: Finished creating new image [[pad_image_to_size]]
2025-05-21 22:17:14,321 [DEBUG  ] RoonArtFrame: Starting pasting images together [[pad_image_to_size]]
2025-05-21 22:17:14,326 [DEBUG  ] RoonArtFrame: Finished pasting images together [[pad_image_to_size]]
2025-05-21 22:17:14,330 [DEBUG  ] RoonArtFrame: Checking previous update thread for Never Stop [[update]]
2025-05-21 22:17:14,330 [DEBUG  ] RoonArtFrame: Creating new update thread for Never Stop [[update]]
2025-05-21 22:17:14,331 [DEBUG  ] RoonArtFrame: Starting sending image to display for Never Stop [[display_image]]
2025-05-21 22:17:14,334 [INFO   ] RoonArtFrame: Registering for state callbacks... [[subscribe_to_events]]
2025-05-21 22:17:14,335 [INFO   ] RoonArtFrame: Registering state callback... [[subscribe_to_events]]
2025-05-21 22:17:14,336 [INFO   ] RoonArtFrame: Successfully registered for state callbacks [[subscribe_to_events]]
2025-05-21 22:17:14,337 [INFO   ] RoonArtFrame: Event loop started [[event_loop]]
2025-05-21 22:17:15,988 [DEBUG  ] epd13in3E   : e-Paper busy H checking at Starting [[display_image]] Never Stop [[ReadBusyH]]
2025-05-21 22:17:15,988 [DEBUG  ] epd13in3E   : e-Paper busy H released at Starting [[display_image]] Never Stop [[ReadBusyH]]
2025-05-21 22:17:15,989 [DEBUG  ] epd13in3E   : Sending data 1 for Never Stop [[display]]
2025-05-21 22:17:17,612 [DEBUG  ] epd13in3E   : Sending data 2 for Never Stop [[display]]
2025-05-21 22:17:19,236 [DEBUG  ] epd13in3E   : POWER ON = False [[updateDisplay]]
2025-05-21 22:17:19,236 [DEBUG  ] epd13in3E   : Write power on starting for Never Stop [[writePower]]
2025-05-21 22:17:19,236 [DEBUG  ] epd13in3E   : e-Paper busy H checking at [[updateDisplay]] for Never Stop [[ReadBusyH]]
2025-05-21 22:17:19,236 [DEBUG  ] epd13in3E   : e-Paper busy H released at [[updateDisplay]] for Never Stop [[ReadBusyH]]
2025-05-21 22:17:19,287 [DEBUG  ] epd13in3E   : Write DRF for Never Stop [[writeDRF]]
2025-05-21 22:17:19,288 [DEBUG  ] epd13in3E   : e-Paper busy H checking at Write DRF Never Stop [[ReadBusyH]]
2025-05-21 22:17:19,288 [DEBUG  ] epd13in3E   : e-Paper busy H released at Write DRF Never Stop [[ReadBusyH]]
2025-05-21 22:17:19,288 [DEBUG  ] epd13in3E   : Write power off starting for Never Stop [[writePower]]
2025-05-21 22:17:19,289 [DEBUG  ] epd13in3E   : e-Paper busy H checking at [[updateDisplay]] for Never Stop [[ReadBusyH]]
2025-05-21 22:17:19,289 [DEBUG  ] epd13in3E   : e-Paper busy H released at [[updateDisplay]] for Never Stop [[ReadBusyH]]
2025-05-21 22:17:19,290 [DEBUG  ] epd13in3E   : Write to display complete for Never Stop [[updateDisplay]]
2025-05-21 22:17:19,303 [INFO   ] RoonArtFrame: Finished sending image to display for Never Stop [[display_image]]
2025-05-21 22:17:33,174 [DEBUG  ] websocket   : Sending ping [[debug]]
2025-05-22 18:11:09,642 [DEBUG  ] RoonArtFrame: Processing zones_changed event [[zone_event_callback]]
2025-05-22 18:11:09,642 [DEBUG  ] RoonArtFrame: Processing zone 16019268b080cc971aa1ab2ff76c1a3ebbe1, data keys: dict_keys(['zone_id', 'display_name', 'outputs', 'state', 'is_next_allowed', 'is_previous_allowed', 'is_pause_allowed', 'is_play_allowed', 'is_seek_allowed', 'queue_items_remaining', 'queue_time_remaining', 'settings', 'now_playing']) [[process_zone_data]]
2025-05-22 18:11:09,642 [DEBUG  ] RoonArtFrame: Received event from zone Fold but it is not in the allowed list [[process_zone_data]]
2025-05-22 18:11:15,925 [DEBUG  ] RoonArtFrame: Processing zones_changed event [[zone_event_callback]]
2025-05-22 18:11:15,925 [DEBUG  ] RoonArtFrame: Processing zone 160115a2925db2f233703b5ff9cac08b0436, data keys: dict_keys(['zone_id', 'display_name', 'outputs', 'state', 'is_next_allowed', 'is_previous_allowed', 'is_pause_allowed', 'is_play_allowed', 'is_seek_allowed', 'queue_items_remaining', 'queue_time_remaining', 'settings', 'now_playing', 'seek_position']) [[process_zone_data]]
2025-05-22 18:11:15,926 [DEBUG  ] RoonArtFrame: Now playing keys: dict_keys(['seek_position', 'length', 'one_line', 'two_line', 'three_line', 'image_key', 'artist_image_keys']) [[process_now_playing]]
2025-05-22 18:11:15,926 [INFO   ] RoonArtFrame: New track detected with image key: 2737520cf7ee45aa1bfd45a6f981c592 [[process_now_playing]]
2025-05-22 18:11:15,926 [INFO   ] RoonArtFrame: Now Playing: Ghostwriter - Calyx & TeeBee / TeeBee - 1x1 [[process_now_playing]]
2025-05-22 18:11:15,927 [INFO   ] RoonArtFrame: Fetching album art from: http://192.168.1.128:9330/api/image/2737520cf7ee45aa1bfd45a6f981c592?scale=fit&width=1200&height=1200 [[fetch_and_display_album_art]]
2025-05-22 18:11:15,939 [DEBUG  ] urllib3.connectionpool: Starting new HTTP connection (1): 192.168.1.128:9330 [[_new_conn]]
2025-05-22 18:11:16,590 [DEBUG  ] websocket   : Sending ping [[debug]]
2025-05-22 18:11:16,613 [DEBUG  ] urllib3.connectionpool: http://192.168.1.128:9330 "GET /api/image/2737520cf7ee45aa1bfd45a6f981c592?scale=fit&width=1200&height=1200 HTTP/1.1" 200 319831 [[_make_request]]
2025-05-22 18:11:16,616 [DEBUG  ] RoonArtFrame: Image successfully downloaded [[download_image]]
2025-05-22 18:11:16,904 [INFO   ] RoonArtFrame: Successfully saved album art to /mnt/dietpi_userdata/album_art/album_art_2737520cf7ee45aa1bfd45a6f981c592.jpg [[fetch_and_display_album_art]]
2025-05-22 18:11:16,906 [DEBUG  ] RoonArtFrame: Updating viewer [[fetch_and_display_album_art]]
2025-05-22 18:11:16,907 [INFO   ] RoonArtFrame: Setting should_stop triggered by Ghostwriter [[update]]
2025-05-22 18:11:16,908 [DEBUG  ] RoonArtFrame: Starting to process image position [[process_image_position]]
2025-05-22 18:11:16,958 [DEBUG  ] RoonArtFrame: Resizing [[process_image_position]]
2025-05-22 18:11:16,981 [DEBUG  ] RoonArtFrame: Padding [[pad_image_to_size]]
2025-05-22 18:11:16,982 [DEBUG  ] RoonArtFrame: Starting creating new image [[pad_image_to_size]]
2025-05-22 18:11:17,017 [DEBUG  ] RoonArtFrame: Finished creating new image [[pad_image_to_size]]
2025-05-22 18:11:17,018 [DEBUG  ] RoonArtFrame: Starting pasting images together [[pad_image_to_size]]
2025-05-22 18:11:17,025 [DEBUG  ] RoonArtFrame: Finished pasting images together [[pad_image_to_size]]
2025-05-22 18:11:17,026 [DEBUG  ] RoonArtFrame: Checking previous update thread for Ghostwriter [[update]]
2025-05-22 18:11:17,027 [DEBUG  ] RoonArtFrame: Creating new update thread for Ghostwriter [[update]]
2025-05-22 18:11:17,028 [DEBUG  ] RoonArtFrame: Starting sending image to display for Ghostwriter [[display_image]]
2025-05-22 18:11:17,030 [DEBUG  ] RoonArtFrame: Processing zones_changed event [[zone_event_callback]]
2025-05-22 18:11:17,032 [DEBUG  ] RoonArtFrame: Processing zone 160115a2925db2f233703b5ff9cac08b0436, data keys: dict_keys(['zone_id', 'display_name', 'outputs', 'state', 'is_next_allowed', 'is_previous_allowed', 'is_pause_allowed', 'is_play_allowed', 'is_seek_allowed', 'queue_items_remaining', 'queue_time_remaining', 'settings', 'now_playing', 'seek_position']) [[process_zone_data]]
2025-05-22 18:11:17,033 [DEBUG  ] RoonArtFrame: Now playing keys: dict_keys(['seek_position', 'length', 'one_line', 'two_line', 'three_line', 'image_key', 'artist_image_keys']) [[process_now_playing]]
2025-05-22 18:11:17,034 [DEBUG  ] RoonArtFrame: Ignoring duplicate event {'seek_position': None, 'length': 260, 'one_line': {'line1': 'Ghostwriter - Calyx & TeeBee / TeeBee'}, 'two_line': {'line1': 'Ghostwriter', 'line2': 'Calyx & TeeBee / TeeBee'}, 'three_line': {'line1': 'Ghostwriter', 'line2': 'Calyx & TeeBee / TeeBee', 'line3': '1x1'}, 'image_key': '2737520cf7ee45aa1bfd45a6f981c592', 'artist_image_keys': ['eb37861fc54306cd54bce496b7856fad', 'e0ab9f65c1ddfc03e9c4a0835da7e70d']} [[process_now_playing]]
2025-05-22 18:11:19,829 [DEBUG  ] epd13in3E   : e-Paper busy H checking at Starting [[display_image]] Ghostwriter [[ReadBusyH]]
2025-05-22 18:11:19,830 [DEBUG  ] epd13in3E   : e-Paper busy H released at Starting [[display_image]] Ghostwriter [[ReadBusyH]]
2025-05-22 18:11:19,831 [DEBUG  ] epd13in3E   : Sending data 1 for Ghostwriter [[display]]
2025-05-22 18:11:19,831 [INFO   ] epd13in3E   : Returning early from [[display]] due to should_stop for 1 Ghostwriter [[returnFunc]]
2025-05-22 18:11:19,853 [INFO   ] RoonArtFrame: Finished sending image to display for Ghostwriter [[display_image]]
2025-05-22 18:11:26,592 [DEBUG  ] websocket   : Sending ping [[debug]]
2025-05-22 18:11:36,593 [DEBUG  ] websocket   : Sending ping [[debug]]
2025-05-22 18:11:39,127 [DEBUG  ] RoonArtFrame: Processing zones_changed event [[zone_event_callback]]
2025-05-22 18:11:39,128 [DEBUG  ] RoonArtFrame: Processing zone 160115a2925db2f233703b5ff9cac08b0436, data keys: dict_keys(['zone_id', 'display_name', 'outputs', 'state', 'is_next_allowed', 'is_previous_allowed', 'is_pause_allowed', 'is_play_allowed', 'is_seek_allowed', 'queue_items_remaining', 'queue_time_remaining', 'settings', 'now_playing', 'seek_position']) [[process_zone_data]]
2025-05-22 18:11:39,128 [DEBUG  ] RoonArtFrame: Now playing keys: dict_keys(['seek_position', 'length', 'one_line', 'two_line', 'three_line', 'image_key', 'artist_image_keys']) [[process_now_playing]]
2025-05-22 18:11:39,129 [INFO   ] RoonArtFrame: New track detected with image key: d0fe41bfcaee50ae5556a959e824f2af [[process_now_playing]]
2025-05-22 18:11:39,129 [INFO   ] RoonArtFrame: Now Playing: Made in Detroit - Calyx & TeeBee / Calyx / TeeBee - Plates [[process_now_playing]]
2025-05-22 18:11:39,130 [INFO   ] RoonArtFrame: Fetching album art from: http://192.168.1.128:9330/api/image/d0fe41bfcaee50ae5556a959e824f2af?scale=fit&width=1200&height=1200 [[fetch_and_display_album_art]]
2025-05-22 18:11:39,139 [DEBUG  ] urllib3.connectionpool: Starting new HTTP connection (1): 192.168.1.128:9330 [[_new_conn]]
2025-05-22 18:11:40,110 [DEBUG  ] urllib3.connectionpool: http://192.168.1.128:9330 "GET /api/image/d0fe41bfcaee50ae5556a959e824f2af?scale=fit&width=1200&height=1200 HTTP/1.1" 200 732007 [[_make_request]]
2025-05-22 18:11:40,113 [DEBUG  ] RoonArtFrame: Image successfully downloaded [[download_image]]
2025-05-22 18:11:40,442 [INFO   ] RoonArtFrame: Successfully saved album art to /mnt/dietpi_userdata/album_art/album_art_d0fe41bfcaee50ae5556a959e824f2af.jpg [[fetch_and_display_album_art]]
2025-05-22 18:11:40,443 [DEBUG  ] RoonArtFrame: Updating viewer [[fetch_and_display_album_art]]
2025-05-22 18:11:40,443 [INFO   ] RoonArtFrame: Setting should_stop triggered by Made in Detroit [[update]]
2025-05-22 18:11:40,443 [DEBUG  ] RoonArtFrame: Starting to process image position [[process_image_position]]
2025-05-22 18:11:40,486 [DEBUG  ] RoonArtFrame: Resizing [[process_image_position]]
2025-05-22 18:11:40,506 [DEBUG  ] RoonArtFrame: Padding [[pad_image_to_size]]
2025-05-22 18:11:40,507 [DEBUG  ] RoonArtFrame: Starting creating new image [[pad_image_to_size]]
2025-05-22 18:11:40,537 [DEBUG  ] RoonArtFrame: Finished creating new image [[pad_image_to_size]]
2025-05-22 18:11:40,538 [DEBUG  ] RoonArtFrame: Starting pasting images together [[pad_image_to_size]]
2025-05-22 18:11:40,544 [DEBUG  ] RoonArtFrame: Finished pasting images together [[pad_image_to_size]]
2025-05-22 18:11:40,545 [DEBUG  ] RoonArtFrame: Checking previous update thread for Made in Detroit [[update]]
2025-05-22 18:11:40,545 [DEBUG  ] RoonArtFrame: Creating new update thread for Made in Detroit [[update]]
2025-05-22 18:11:40,546 [DEBUG  ] RoonArtFrame: Starting sending image to display for Made in Detroit [[display_image]]
2025-05-22 18:11:40,549 [DEBUG  ] RoonArtFrame: Processing zones_changed event [[zone_event_callback]]
2025-05-22 18:11:40,550 [DEBUG  ] RoonArtFrame: Processing zone 160115a2925db2f233703b5ff9cac08b0436, data keys: dict_keys(['zone_id', 'display_name', 'outputs', 'state', 'is_next_allowed', 'is_previous_allowed', 'is_pause_allowed', 'is_play_allowed', 'is_seek_allowed', 'queue_items_remaining', 'queue_time_remaining', 'settings', 'now_playing', 'seek_position']) [[process_zone_data]]
2025-05-22 18:11:40,550 [DEBUG  ] RoonArtFrame: Now playing keys: dict_keys(['seek_position', 'length', 'one_line', 'two_line', 'three_line', 'image_key', 'artist_image_keys']) [[process_now_playing]]
2025-05-22 18:11:40,551 [DEBUG  ] RoonArtFrame: Ignoring duplicate event {'seek_position': None, 'length': 309, 'one_line': {'line1': 'Made in Detroit - Calyx & TeeBee / Calyx / TeeBee'}, 'two_line': {'line1': 'Made in Detroit', 'line2': 'Calyx & TeeBee / Calyx / TeeBee'}, 'three_line': {'line1': 'Made in Detroit', 'line2': 'Calyx & TeeBee / Calyx / TeeBee', 'line3': 'Plates'}, 'image_key': 'd0fe41bfcaee50ae5556a959e824f2af', 'artist_image_keys': ['eb37861fc54306cd54bce496b7856fad', 'e0ab9f65c1ddfc03e9c4a0835da7e70d', '009085bccdf38f239cc1c08b7cbf098b']} [[process_now_playing]]
2025-05-22 18:11:42,891 [DEBUG  ] epd13in3E   : e-Paper busy H checking at Starting [[display_image]] Made in Detroit [[ReadBusyH]]
2025-05-22 18:11:42,892 [DEBUG  ] epd13in3E   : e-Paper busy H released at Starting [[display_image]] Made in Detroit [[ReadBusyH]]
2025-05-22 18:11:42,892 [DEBUG  ] epd13in3E   : Sending data 1 for Made in Detroit [[display]]
2025-05-22 18:11:42,892 [INFO   ] epd13in3E   : Returning early from [[display]] due to should_stop for 1 Made in Detroit [[returnFunc]]
2025-05-22 18:11:42,910 [INFO   ] RoonArtFrame: Finished sending image to display for Made in Detroit [[display_image]]
2025-05-22 18:11:46,595 [DEBUG  ] websocket   : Sending ping [[debug]]
2025-05-22 18:11:56,596 [DEBUG  ] websocket   : Sending ping [[debug]]
2025-05-22 18:12:01,905 [DEBUG  ] RoonArtFrame: Processing zones_changed event [[zone_event_callback]]
2025-05-22 18:12:01,905 [DEBUG  ] RoonArtFrame: Processing zone 160115a2925db2f233703b5ff9cac08b0436, data keys: dict_keys(['zone_id', 'display_name', 'outputs', 'state', 'is_next_allowed', 'is_previous_allowed', 'is_pause_allowed', 'is_play_allowed', 'is_seek_allowed', 'queue_items_remaining', 'queue_time_remaining', 'settings', 'now_playing', 'seek_position']) [[process_zone_data]]
2025-05-22 18:12:01,905 [DEBUG  ] RoonArtFrame: Now playing keys: dict_keys(['seek_position', 'length', 'one_line', 'two_line', 'three_line', 'image_key', 'artist_image_keys']) [[process_now_playing]]
2025-05-22 18:12:01,905 [INFO   ] RoonArtFrame: New track detected with image key: 42e98fd18a68a638adff476a921618cd [[process_now_playing]]
2025-05-22 18:12:01,906 [INFO   ] RoonArtFrame: Now Playing: Pull Me Under - Dimension - Hospitality 2016 [[process_now_playing]]
2025-05-22 18:12:01,906 [INFO   ] RoonArtFrame: Fetching album art from: http://192.168.1.128:9330/api/image/42e98fd18a68a638adff476a921618cd?scale=fit&width=1200&height=1200 [[fetch_and_display_album_art]]
2025-05-22 18:12:01,915 [DEBUG  ] urllib3.connectionpool: Starting new HTTP connection (1): 192.168.1.128:9330 [[_new_conn]]
2025-05-22 18:12:02,692 [DEBUG  ] urllib3.connectionpool: http://192.168.1.128:9330 "GET /api/image/42e98fd18a68a638adff476a921618cd?scale=fit&width=1200&height=1200 HTTP/1.1" 200 305839 [[_make_request]]
2025-05-22 18:12:02,695 [DEBUG  ] RoonArtFrame: Image successfully downloaded [[download_image]]
2025-05-22 18:12:02,940 [INFO   ] RoonArtFrame: Successfully saved album art to /mnt/dietpi_userdata/album_art/album_art_42e98fd18a68a638adff476a921618cd.jpg [[fetch_and_display_album_art]]
2025-05-22 18:12:02,940 [DEBUG  ] RoonArtFrame: Updating viewer [[fetch_and_display_album_art]]
2025-05-22 18:12:02,941 [INFO   ] RoonArtFrame: Setting should_stop triggered by Pull Me Under [[update]]
2025-05-22 18:12:02,941 [DEBUG  ] RoonArtFrame: Starting to process image position [[process_image_position]]
2025-05-22 18:12:02,991 [DEBUG  ] RoonArtFrame: Resizing [[process_image_position]]
2025-05-22 18:12:03,013 [DEBUG  ] RoonArtFrame: Padding [[pad_image_to_size]]
2025-05-22 18:12:03,013 [DEBUG  ] RoonArtFrame: Starting creating new image [[pad_image_to_size]]
2025-05-22 18:12:03,048 [DEBUG  ] RoonArtFrame: Finished creating new image [[pad_image_to_size]]
2025-05-22 18:12:03,049 [DEBUG  ] RoonArtFrame: Starting pasting images together [[pad_image_to_size]]
2025-05-22 18:12:03,056 [DEBUG  ] RoonArtFrame: Finished pasting images together [[pad_image_to_size]]
2025-05-22 18:12:03,056 [DEBUG  ] RoonArtFrame: Checking previous update thread for Pull Me Under [[update]]
2025-05-22 18:12:03,057 [DEBUG  ] RoonArtFrame: Creating new update thread for Pull Me Under [[update]]
2025-05-22 18:12:03,058 [DEBUG  ] RoonArtFrame: Starting sending image to display for Pull Me Under [[display_image]]
2025-05-22 18:12:03,061 [DEBUG  ] RoonArtFrame: Processing zones_changed event [[zone_event_callback]]
2025-05-22 18:12:03,062 [DEBUG  ] RoonArtFrame: Processing zone 160115a2925db2f233703b5ff9cac08b0436, data keys: dict_keys(['zone_id', 'display_name', 'outputs', 'state', 'is_next_allowed', 'is_previous_allowed', 'is_pause_allowed', 'is_play_allowed', 'is_seek_allowed', 'queue_items_remaining', 'queue_time_remaining', 'settings', 'now_playing', 'seek_position']) [[process_zone_data]]
2025-05-22 18:12:03,063 [DEBUG  ] RoonArtFrame: Now playing keys: dict_keys(['seek_position', 'length', 'one_line', 'two_line', 'three_line', 'image_key', 'artist_image_keys']) [[process_now_playing]]
2025-05-22 18:12:03,064 [DEBUG  ] RoonArtFrame: Ignoring duplicate event {'seek_position': None, 'length': 273, 'one_line': {'line1': 'Pull Me Under - Dimension'}, 'two_line': {'line1': 'Pull Me Under', 'line2': 'Dimension'}, 'three_line': {'line1': 'Pull Me Under', 'line2': 'Dimension', 'line3': 'Hospitality 2016'}, 'image_key': '42e98fd18a68a638adff476a921618cd', 'artist_image_keys': ['7ab9eb1c9b3ea2d9dbf7ed48fa9d421f']} [[process_now_playing]]
2025-05-22 18:12:05,827 [DEBUG  ] epd13in3E   : e-Paper busy H checking at Starting [[display_image]] Pull Me Under [[ReadBusyH]]
2025-05-22 18:12:05,828 [DEBUG  ] epd13in3E   : e-Paper busy H released at Starting [[display_image]] Pull Me Under [[ReadBusyH]]
2025-05-22 18:12:05,829 [DEBUG  ] epd13in3E   : Sending data 1 for Pull Me Under [[display]]
2025-05-22 18:12:05,829 [INFO   ] epd13in3E   : Returning early from [[display]] due to should_stop for 1 Pull Me Under [[returnFunc]]
2025-05-22 18:12:05,851 [INFO   ] RoonArtFrame: Finished sending image to display for Pull Me Under [[display_image]]
2025-05-22 18:12:06,597 [DEBUG  ] websocket   : Sending ping [[debug]]
2025-05-22 18:12:16,598 [DEBUG  ] websocket   : Sending ping [[debug]]
2025-05-22 18:12:26,600 [DEBUG  ] websocket   : Sending ping [[debug]]
2025-05-22 18:12:36,601 [DEBUG  ] websocket   : Sending ping [[debug]]
2025-05-22 18:12:46,602 [DEBUG  ] websocket   : Sending ping [[debug]]
2025-05-22 18:12:50,754 [DEBUG  ] RoonArtFrame: Processing zones_changed event [[zone_event_callback]]
2025-05-22 18:12:50,755 [DEBUG  ] RoonArtFrame: Processing zone 160115a2925db2f233703b5ff9cac08b0436, data keys: dict_keys(['zone_id', 'display_name', 'outputs', 'state', 'is_next_allowed', 'is_previous_allowed', 'is_pause_allowed', 'is_play_allowed', 'is_seek_allowed', 'queue_items_remaining', 'queue_time_remaining', 'settings', 'now_playing', 'seek_position']) [[process_zone_data]]
2025-05-22 18:12:50,755 [DEBUG  ] RoonArtFrame: Now playing keys: dict_keys(['seek_position', 'length', 'one_line', 'two_line', 'three_line', 'image_key', 'artist_image_keys']) [[process_now_playing]]
2025-05-22 18:12:50,755 [INFO   ] RoonArtFrame: New track detected with image key: ea86fda22204468a7bca5ec79dd53b3e [[process_now_playing]]
2025-05-22 18:12:50,756 [INFO   ] RoonArtFrame: Now Playing: There for You (Breakage Remix) - Culture Shock - Sequence [[process_now_playing]]
2025-05-22 18:12:50,757 [INFO   ] RoonArtFrame: Fetching album art from: http://192.168.1.128:9330/api/image/ea86fda22204468a7bca5ec79dd53b3e?scale=fit&width=1200&height=1200 [[fetch_and_display_album_art]]
2025-05-22 18:12:50,766 [DEBUG  ] urllib3.connectionpool: Starting new HTTP connection (1): 192.168.1.128:9330 [[_new_conn]]
2025-05-22 18:12:51,550 [DEBUG  ] urllib3.connectionpool: http://192.168.1.128:9330 "GET /api/image/ea86fda22204468a7bca5ec79dd53b3e?scale=fit&width=1200&height=1200 HTTP/1.1" 200 716498 [[_make_request]]
2025-05-22 18:12:51,554 [DEBUG  ] RoonArtFrame: Image successfully downloaded [[download_image]]
2025-05-22 18:12:51,916 [INFO   ] RoonArtFrame: Successfully saved album art to /mnt/dietpi_userdata/album_art/album_art_ea86fda22204468a7bca5ec79dd53b3e.jpg [[fetch_and_display_album_art]]
2025-05-22 18:12:51,918 [DEBUG  ] RoonArtFrame: Updating viewer [[fetch_and_display_album_art]]
2025-05-22 18:12:51,919 [INFO   ] RoonArtFrame: Setting should_stop triggered by There for You (Breakage Remix) [[update]]
2025-05-22 18:12:51,919 [DEBUG  ] RoonArtFrame: Starting to process image position [[process_image_position]]
2025-05-22 18:12:51,964 [DEBUG  ] RoonArtFrame: Resizing [[process_image_position]]
2025-05-22 18:12:51,984 [DEBUG  ] RoonArtFrame: Padding [[pad_image_to_size]]
2025-05-22 18:12:51,984 [DEBUG  ] RoonArtFrame: Starting creating new image [[pad_image_to_size]]
2025-05-22 18:12:52,015 [DEBUG  ] RoonArtFrame: Finished creating new image [[pad_image_to_size]]
2025-05-22 18:12:52,015 [DEBUG  ] RoonArtFrame: Starting pasting images together [[pad_image_to_size]]
2025-05-22 18:12:52,022 [DEBUG  ] RoonArtFrame: Finished pasting images together [[pad_image_to_size]]
2025-05-22 18:12:52,022 [DEBUG  ] RoonArtFrame: Checking previous update thread for There for You (Breakage Remix) [[update]]
2025-05-22 18:12:52,023 [DEBUG  ] RoonArtFrame: Creating new update thread for There for You (Breakage Remix) [[update]]
2025-05-22 18:12:52,024 [DEBUG  ] RoonArtFrame: Starting sending image to display for There for You (Breakage Remix) [[display_image]]
2025-05-22 18:12:52,026 [DEBUG  ] RoonArtFrame: Processing zones_changed event [[zone_event_callback]]
2025-05-22 18:12:52,027 [DEBUG  ] RoonArtFrame: Processing zone 160115a2925db2f233703b5ff9cac08b0436, data keys: dict_keys(['zone_id', 'display_name', 'outputs', 'state', 'is_next_allowed', 'is_previous_allowed', 'is_pause_allowed', 'is_play_allowed', 'is_seek_allowed', 'queue_items_remaining', 'queue_time_remaining', 'settings', 'now_playing', 'seek_position']) [[process_zone_data]]
2025-05-22 18:12:52,028 [DEBUG  ] RoonArtFrame: Now playing keys: dict_keys(['seek_position', 'length', 'one_line', 'two_line', 'three_line', 'image_key', 'artist_image_keys']) [[process_now_playing]]
2025-05-22 18:12:52,029 [DEBUG  ] RoonArtFrame: Ignoring duplicate event {'seek_position': None, 'length': 297, 'one_line': {'line1': 'There for You (Breakage Remix) - Culture Shock'}, 'two_line': {'line1': 'There for You (Breakage Remix)', 'line2': 'Culture Shock'}, 'three_line': {'line1': 'There for You (Breakage Remix)', 'line2': 'Culture Shock', 'line3': 'Sequence'}, 'image_key': 'ea86fda22204468a7bca5ec79dd53b3e', 'artist_image_keys': ['10eb317b1e3b21322545de9b1ca23338']} [[process_now_playing]]
2025-05-22 18:12:52,032 [DEBUG  ] RoonArtFrame: Processing zones_changed event [[zone_event_callback]]
2025-05-22 18:12:52,033 [DEBUG  ] RoonArtFrame: Processing zone 160115a2925db2f233703b5ff9cac08b0436, data keys: dict_keys(['zone_id', 'display_name', 'outputs', 'state', 'is_next_allowed', 'is_previous_allowed', 'is_pause_allowed', 'is_play_allowed', 'is_seek_allowed', 'queue_items_remaining', 'queue_time_remaining', 'settings', 'now_playing', 'seek_position']) [[process_zone_data]]
2025-05-22 18:12:52,034 [DEBUG  ] RoonArtFrame: Now playing keys: dict_keys(['seek_position', 'length', 'one_line', 'two_line', 'three_line', 'image_key', 'artist_image_keys']) [[process_now_playing]]
2025-05-22 18:12:52,034 [INFO   ] RoonArtFrame: New track detected with image key: c1447113c0acc3edecfdb65b825c4054 [[process_now_playing]]
2025-05-22 18:12:52,035 [INFO   ] RoonArtFrame: Now Playing: Medication - Erick Morillo / Jamie Jones / Gene Farris - Medication [[process_now_playing]]
2025-05-22 18:12:52,036 [INFO   ] RoonArtFrame: Fetching album art from: http://192.168.1.128:9330/api/image/c1447113c0acc3edecfdb65b825c4054?scale=fit&width=1200&height=1200 [[fetch_and_display_album_art]]
2025-05-22 18:12:52,047 [DEBUG  ] urllib3.connectionpool: Starting new HTTP connection (1): 192.168.1.128:9330 [[_new_conn]]
2025-05-22 18:12:52,914 [DEBUG  ] urllib3.connectionpool: http://192.168.1.128:9330 "GET /api/image/c1447113c0acc3edecfdb65b825c4054?scale=fit&width=1200&height=1200 HTTP/1.1" 200 441542 [[_make_request]]
2025-05-22 18:12:52,922 [DEBUG  ] RoonArtFrame: Image successfully downloaded [[download_image]]
2025-05-22 18:12:53,455 [INFO   ] RoonArtFrame: Successfully saved album art to /mnt/dietpi_userdata/album_art/album_art_c1447113c0acc3edecfdb65b825c4054.jpg [[fetch_and_display_album_art]]
2025-05-22 18:12:53,460 [DEBUG  ] RoonArtFrame: Updating viewer [[fetch_and_display_album_art]]
2025-05-22 18:12:53,466 [INFO   ] RoonArtFrame: Setting should_stop triggered by Medication [[update]]
2025-05-22 18:12:53,472 [DEBUG  ] RoonArtFrame: Starting to process image position [[process_image_position]]
2025-05-22 18:12:53,525 [DEBUG  ] RoonArtFrame: Resizing [[process_image_position]]
2025-05-22 18:12:53,542 [DEBUG  ] RoonArtFrame: Padding [[pad_image_to_size]]
2025-05-22 18:12:53,548 [DEBUG  ] RoonArtFrame: Starting creating new image [[pad_image_to_size]]
2025-05-22 18:12:53,593 [DEBUG  ] RoonArtFrame: Finished creating new image [[pad_image_to_size]]
2025-05-22 18:12:53,599 [DEBUG  ] RoonArtFrame: Starting pasting images together [[pad_image_to_size]]
2025-05-22 18:12:53,615 [DEBUG  ] RoonArtFrame: Finished pasting images together [[pad_image_to_size]]
2025-05-22 18:12:53,621 [DEBUG  ] RoonArtFrame: Checking previous update thread for Medication [[update]]
2025-05-22 18:12:53,626 [DEBUG  ] RoonArtFrame: Waiting for previous thread to finish for Medication [[update]]
2025-05-22 18:12:53,737 [DEBUG  ] RoonArtFrame: Waiting for previous thread to finish for Medication [[update]]
2025-05-22 18:12:53,848 [DEBUG  ] RoonArtFrame: Waiting for previous thread to finish for Medication [[update]]
2025-05-22 18:12:53,959 [DEBUG  ] RoonArtFrame: Waiting for previous thread to finish for Medication [[update]]
2025-05-22 18:12:54,070 [DEBUG  ] RoonArtFrame: Waiting for previous thread to finish for Medication [[update]]
2025-05-22 18:12:54,181 [DEBUG  ] RoonArtFrame: Waiting for previous thread to finish for Medication [[update]]
2025-05-22 18:12:54,292 [DEBUG  ] RoonArtFrame: Waiting for previous thread to finish for Medication [[update]]
2025-05-22 18:12:54,302 [DEBUG  ] epd13in3E   : e-Paper busy H checking at Starting [[display_image]] There for You (Breakage Remix) [[ReadBusyH]]
2025-05-22 18:12:54,302 [DEBUG  ] epd13in3E   : e-Paper busy H released at Starting [[display_image]] There for You (Breakage Remix) [[ReadBusyH]]
2025-05-22 18:12:54,302 [DEBUG  ] epd13in3E   : Sending data 1 for There for You (Breakage Remix) [[display]]
2025-05-22 18:12:54,303 [INFO   ] epd13in3E   : Returning early from [[display]] due to should_stop for 1 There for You (Breakage Remix) [[returnFunc]]
2025-05-22 18:12:54,321 [INFO   ] RoonArtFrame: Finished sending image to display for There for You (Breakage Remix) [[display_image]]
2025-05-22 18:12:54,398 [DEBUG  ] RoonArtFrame: Creating new update thread for Medication [[update]]
2025-05-22 18:12:54,399 [DEBUG  ] RoonArtFrame: Starting sending image to display for Medication [[display_image]]
2025-05-22 18:12:54,401 [DEBUG  ] RoonArtFrame: Processing zones_changed event [[zone_event_callback]]
2025-05-22 18:12:54,403 [DEBUG  ] RoonArtFrame: Processing zone 160115a2925db2f233703b5ff9cac08b0436, data keys: dict_keys(['zone_id', 'display_name', 'outputs', 'state', 'is_next_allowed', 'is_previous_allowed', 'is_pause_allowed', 'is_play_allowed', 'is_seek_allowed', 'queue_items_remaining', 'queue_time_remaining', 'settings', 'now_playing', 'seek_position']) [[process_zone_data]]
2025-05-22 18:12:54,403 [DEBUG  ] RoonArtFrame: Now playing keys: dict_keys(['seek_position', 'length', 'one_line', 'two_line', 'three_line', 'image_key', 'artist_image_keys']) [[process_now_playing]]
2025-05-22 18:12:54,404 [DEBUG  ] RoonArtFrame: Ignoring duplicate event {'seek_position': None, 'length': 207, 'one_line': {'line1': 'Medication - Erick Morillo / Jamie Jones / Gene Farris'}, 'two_line': {'line1': 'Medication', 'line2': 'Erick Morillo / Jamie Jones / Gene Farris'}, 'three_line': {'line1': 'Medication', 'line2': 'Erick Morillo / Jamie Jones / Gene Farris', 'line3': 'Medication'}, 'image_key': 'c1447113c0acc3edecfdb65b825c4054', 'artist_image_keys': ['886be34d1fdc9d85105e80acca163e6a', 'e856b18cbf744ed95b1576d3780cb689', 'ef0625f64dba2a1896367fce4a4b508f']} [[process_now_playing]]
2025-05-22 18:12:56,609 [DEBUG  ] websocket   : Sending ping [[debug]]
2025-05-22 18:12:56,741 [DEBUG  ] epd13in3E   : e-Paper busy H checking at Starting [[display_image]] Medication [[ReadBusyH]]
2025-05-22 18:12:56,742 [DEBUG  ] epd13in3E   : e-Paper busy H released at Starting [[display_image]] Medication [[ReadBusyH]]
2025-05-22 18:12:56,742 [DEBUG  ] epd13in3E   : Sending data 1 for Medication [[display]]
2025-05-22 18:12:58,790 [DEBUG  ] epd13in3E   : Sending data 2 for Medication [[display]]
2025-05-22 18:13:00,427 [DEBUG  ] epd13in3E   : POWER ON = False [[updateDisplay]]
2025-05-22 18:13:00,427 [DEBUG  ] epd13in3E   : Write power on starting for Medication [[writePower]]
2025-05-22 18:13:00,428 [DEBUG  ] epd13in3E   : e-Paper busy H checking at [[updateDisplay]] for Medication [[ReadBusyH]]
2025-05-22 18:13:00,428 [DEBUG  ] epd13in3E   : e-Paper busy H released at [[updateDisplay]] for Medication [[ReadBusyH]]
2025-05-22 18:13:00,479 [DEBUG  ] epd13in3E   : Write DRF for Medication [[writeDRF]]
2025-05-22 18:13:00,479 [DEBUG  ] epd13in3E   : e-Paper busy H checking at Write DRF Medication [[ReadBusyH]]
2025-05-22 18:13:00,480 [DEBUG  ] epd13in3E   : e-Paper busy H released at Write DRF Medication [[ReadBusyH]]
2025-05-22 18:13:00,480 [DEBUG  ] epd13in3E   : Write power off starting for Medication [[writePower]]
2025-05-22 18:13:00,480 [DEBUG  ] epd13in3E   : e-Paper busy H checking at [[updateDisplay]] for Medication [[ReadBusyH]]
2025-05-22 18:13:00,481 [DEBUG  ] epd13in3E   : e-Paper busy H released at [[updateDisplay]] for Medication [[ReadBusyH]]
2025-05-22 18:13:00,481 [DEBUG  ] epd13in3E   : Write to display complete for Medication [[updateDisplay]]
2025-05-22 18:13:00,494 [INFO   ] RoonArtFrame: Finished sending image to display for Medication [[display_image]]
2025-05-22 18:13:06,620 [DEBUG  ] websocket   : Sending ping [[debug]]
                                                                       