2025-05-21 19:30:19,657 [DEBUG  ] RoonArtFrame: Adding libdir to path: /mnt/dietpi_userdata/roon-album-art-display/libs [[<module>]]
2025-05-21 19:30:19,663 [INFO   ] RoonArtFrame: Configuration loaded [[load_config]]
2025-05-21 19:30:19,664 [DEBUG  ] RoonArtFrame: Importing epd13in3E [[<module>]]
2025-05-21 19:30:19,727 [DEBUG  ] RoonArtFrame: Finished importing epd13in3E [[<module>]]
2025-05-21 19:30:19,728 [INFO   ] epd13in3E   : Setting should_stop False for __init__ [[shouldStop]]
2025-05-21 19:30:19,728 [DEBUG  ] epd13in3E   : EPD init... [[Init]]
2025-05-21 19:30:19,881 [DEBUG  ] RoonArtFrame: Created viewer [[<module>]]
2025-05-21 19:30:19,881 [INFO   ] RoonArtFrame: Starting Roon Album Art Display [[__init__]]
2025-05-21 19:30:19,882 [INFO   ] RoonArtFrame: Allowed zone names: ["System Output", "Sonos"] [[__init__]]
2025-05-21 19:30:19,883 [INFO   ] RoonArtFrame: Forbidden zone names: ["comma", "separated", "list of zone names"] [[__init__]]
2025-05-21 19:30:19,884 [INFO   ] RoonArtFrame: Token file path: /root/.roon_album_display_token.txt [[__init__]]
2025-05-21 19:30:19,886 [INFO   ] RoonArtFrame: Connecting to Roon before starting display... [[__init__]]
2025-05-21 19:30:19,887 [INFO   ] RoonArtFrame: Found existing auth token [[connect_to_roon]]
2025-05-21 19:30:19,888 [INFO   ] RoonArtFrame: Trying direct connection to saved server at 192.168.1.128:9330 [[connect_to_roon]]
2025-05-21 19:30:19,898 [INFO   ] websocket   : Websocket connected [[info]]
2025-05-21 19:30:19,942 [INFO   ] RoonArtFrame: Successfully connected to saved server! [[connect_to_roon]]
2025-05-21 19:30:19,943 [DEBUG  ] RoonArtFrame: Zones data: {'1601c3b912966d7fbcea2040b0606bad86ea': {'zone_id': '1601c3b912966d7fbcea2040b0606bad86ea', 'display_name': 'KEF LS50w', 'outputs': [{'output_id': '1701c3b912966d7fbcea2040b0606bad86ea', 'zone_id': '1601c3b912966d7fbcea2040b0606bad86ea', 'can_group_with_output_ids': [], 'display_name': 'KEF LS50w', 'volume': {'type': 'number', 'min': 0, 'max': 100, 'value': 33, 'step': 1, 'is_muted': False, 'hard_limit_min': 0, 'hard_limit_max': 100, 'soft_limit': 100}, 'source_controls': [{'control_key': '1', 'display_name': 'LS50w (LS50 Wireless)', 'supports_standby': False, 'status': 'indeterminate'}]}], 'state': 'paused', 'is_next_allowed': True, 'is_previous_allowed': True, 'is_pause_allowed': False, 'is_play_allowed': True, 'is_seek_allowed': True, 'queue_items_remaining': 10, 'queue_time_remaining': 3512, 'settings': {'loop': 'disabled', 'shuffle': False, 'auto_radio': True}, 'now_playing': {'seek_position': 221, 'length': 315, 'one_line': {'line1': 'Tijuana - Grouch'}, 'two_line': {'line1': 'Tijuana', 'line2': 'Grouch'}, 'three_line': {'line1': 'Tijuana', 'line2': 'Grouch', 'line3': 'Metamorph'}, 'image_key': '62edef4552b764fb38935ee2118abd4f', 'artist_image_keys': ['cd23ff770e36795f71283c1c161ae7dd']}}, '1601b2e4dfbef815ffaae4029e67a160485f': {'zone_id': '1601b2e4dfbef815ffaae4029e67a160485f', 'display_name': 'KEF LSX', 'outputs': [{'output_id': '1701b2e4dfbef815ffaae4029e67a160485f', 'zone_id': '1601b2e4dfbef815ffaae4029e67a160485f', 'can_group_with_output_ids': [], 'display_name': 'KEF LSX', 'volume': {'type': 'number', 'min': 0, 'max': 100, 'value': 78, 'step': 1, 'is_muted': False, 'hard_limit_min': 0, 'hard_limit_max': 100, 'soft_limit': 100}, 'source_controls': [{'control_key': '1', 'display_name': 'LSX (KEF LSX)', 'supports_standby': True, 'status': 'indeterminate'}]}], 'state': 'paused', 'is_next_allowed': True, 'is_previous_allowed': True, 'is_pause_allowed': False, 'is_play_allowed': True, 'is_seek_allowed': True, 'queue_items_remaining': 13, 'queue_time_remaining': 3037, 'settings': {'loop': 'disabled', 'shuffle': False, 'auto_radio': False}, 'now_playing': {'seek_position': 49, 'length': 223, 'one_line': {'line1': 'Music Club - Chase & Status'}, 'two_line': {'line1': 'Music Club', 'line2': 'Chase & Status'}, 'three_line': {'line1': 'Music Club', 'line2': 'Chase & Status', 'line3': 'More Than Alot'}, 'image_key': 'ecc5bd6e1373e525f1698d57acabc30f', 'artist_image_keys': ['e9240db784c00d88b4a211e77c5702e9']}}, '160115a2925db2f233703b5ff9cac08b0436': {'zone_id': '160115a2925db2f233703b5ff9cac08b0436', 'display_name': 'Sonos', 'outputs': [{'output_id': '170115a2925db2f233703b5ff9cac08b0436', 'zone_id': '160115a2925db2f233703b5ff9cac08b0436', 'can_group_with_output_ids': ['170115a2925db2f233703b5ff9cac08b0436'], 'display_name': 'Sonos', 'volume': {'type': 'number', 'min': 0, 'max': 100, 'value': 20, 'step': 1, 'is_muted': False, 'hard_limit_min': 0, 'hard_limit_max': 100, 'soft_limit': 100}, 'source_controls': [{'control_key': '1', 'display_name': 'Move 2 (MOVE 2)', 'supports_standby': False, 'status': 'indeterminate'}]}], 'state': 'playing', 'is_next_allowed': True, 'is_previous_allowed': True, 'is_pause_allowed': True, 'is_play_allowed': False, 'is_seek_allowed': True, 'queue_items_remaining': 57, 'queue_time_remaining': 6758, 'settings': {'loop': 'disabled', 'shuffle': False, 'auto_radio': True}, 'now_playing': {'seek_position': 101, 'length': 135, 'one_line': {'line1': 'voyage - sagun'}, 'two_line': {'line1': 'voyage', 'line2': 'sagun'}, 'three_line': {'line1': 'voyage', 'line2': 'sagun', 'line3': 'Winter Solstice'}, 'image_key': '3ccc845cfb52360d11b8124227cf7fa0', 'artist_image_keys': ['0c370d5b0b402fd678e7ea9365f8a561']}}, '160191caeb528ff6b5e90ccbb1e03405e1c3': {'zone_id': '160191caeb528ff6b5e90ccbb1e03405e1c3', 'display_name': 'Lounge TV', 'outputs': [{'output_id': '170191caeb528ff6b5e90ccbb1e03405e1c3', 'zone_id': '160191caeb528ff6b5e90ccbb1e03405e1c3', 'can_group_with_output_ids': [], 'display_name': 'Lounge TV', 'source_controls': [{'control_key': '1', 'display_name': 'Chromecast', 'supports_standby': False, 'status': 'indeterminate'}]}], 'state': 'paused', 'is_next_allowed': True, 'is_previous_allowed': True, 'is_pause_allowed': False, 'is_play_allowed': True, 'is_seek_allowed': True, 'queue_items_remaining': 1, 'queue_time_remaining': 297, 'settings': {'loop': 'disabled', 'shuffle': False, 'auto_radio': True}, 'now_playing': {'seek_position': 19, 'length': 316, 'one_line': {'line1': 'All Res - GoGo Penguin / Chris Illingworth / Rob Turner / Nick Blacka'}, 'two_line': {'line1': 'All Res', 'line2': 'GoGo Penguin / Chris Illingworth / Rob Turner / Nick Blacka'}, 'three_line': {'line1': 'All Res', 'line2': 'GoGo Penguin / Chris Illingworth / Rob Turner / Nick Blacka', 'line3': 'Man Made Object'}, 'image_key': 'da12b82b702a5af394f6a7f9d3c1d167', 'artist_image_keys': ['1ac0bae118fc596866807ecc74ae1f20']}}, '1601d5937baba8ee6f785565f6ac4e181d6f': {'zone_id': '1601d5937baba8ee6f785565f6ac4e181d6f', 'display_name': 'Bedroom', 'outputs': [{'output_id': '1701d5937baba8ee6f785565f6ac4e181d6f', 'zone_id': '1601d5937baba8ee6f785565f6ac4e181d6f', 'can_group_with_output_ids': [], 'display_name': 'Bedroom', 'volume': {'type': 'number', 'min': 0, 'max': 100, 'value': 56, 'step': 1, 'is_muted': False, 'hard_limit_min': 0, 'hard_limit_max': 100, 'soft_limit': 100}, 'source_controls': [{'control_key': '1', 'display_name': 'Chromecast Audio', 'supports_standby': False, 'status': 'indeterminate'}]}], 'state': 'paused', 'is_next_allowed': True, 'is_previous_allowed': True, 'is_pause_allowed': False, 'is_play_allowed': True, 'is_seek_allowed': True, 'queue_items_remaining': 2, 'queue_time_remaining': 363, 'settings': {'loop': 'disabled', 'shuffle': False, 'auto_radio': True}, 'now_playing': {'seek_position': 87, 'length': 232, 'one_line': {'line1': 'Silver Seed - Rumpistol'}, 'two_line': {'line1': 'Silver Seed', 'line2': 'Rumpistol'}, 'three_line': {'line1': 'Silver Seed', 'line2': 'Rumpistol', 'line3': 'Nebula'}, 'image_key': 'd94b3801b55a8d847b637ed0ae027e6e', 'artist_image_keys': ['ae86426fccc0bd9c314d620d8bea8919']}}, '1601c4b6e5ab95fe9dcb8fcdddab3e4bfbf5': {'zone_id': '1601c4b6e5ab95fe9dcb8fcdddab3e4bfbf5', 'display_name': 'Kitchen', 'outputs': [{'output_id': '1701c4b6e5ab95fe9dcb8fcdddab3e4bfbf5', 'zone_id': '1601c4b6e5ab95fe9dcb8fcdddab3e4bfbf5', 'can_group_with_output_ids': [], 'display_name': 'Kitchen', 'volume': {'type': 'number', 'min': 0, 'max': 100, 'value': 40, 'step': 1, 'is_muted': False, 'hard_limit_min': 0, 'hard_limit_max': 100, 'soft_limit': 100}, 'source_controls': [{'control_key': '1', 'display_name': 'Google Cast Group', 'supports_standby': False, 'status': 'indeterminate'}]}], 'state': 'paused', 'is_next_allowed': True, 'is_previous_allowed': True, 'is_pause_allowed': False, 'is_play_allowed': True, 'is_seek_allowed': True, 'queue_items_remaining': 21, 'queue_time_remaining': 4311, 'settings': {'loop': 'disabled', 'shuffle': False, 'auto_radio': True}, 'now_playing': {'seek_position': 1, 'length': 173, 'one_line': {'line1': 'Dumpweed (Live/1999) - blink‐182'}, 'two_line': {'line1': 'Dumpweed (Live/1999)', 'line2': 'blink‐182'}, 'three_line': {'line1': 'Dumpweed (Live/1999)', 'line2': 'blink‐182', 'line3': 'The Mark, Tom And Travis Show (The Enema Strikes Back!) (Live)'}, 'image_key': 'b674ca84de94370c52deb513d489c172', 'artist_image_keys': ['def319bd475447a51a346ca3e76d208b']}}, '1601881aa39791e74e829de6dc08a755e364': {'zone_id': '1601881aa39791e74e829de6dc08a755e364', 'display_name': 'Dining Room', 'outputs': [{'output_id': '1701881aa39791e74e829de6dc08a755e364', 'zone_id': '1601881aa39791e74e829de6dc08a755e364', 'can_group_with_output_ids': [], 'display_name': 'Dining Room', 'volume': {'type': 'number', 'min': 0, 'max': 100, 'value': 40, 'step': 1, 'is_muted': False, 'hard_limit_min': 0, 'hard_limit_max': 100, 'soft_limit': 100}, 'source_controls': [{'control_key': '1', 'display_name': 'C4A', 'supports_standby': False, 'status': 'indeterminate'}]}], 'state': 'paused', 'is_next_allowed': True, 'is_previous_allowed': True, 'is_pause_allowed': False, 'is_play_allowed': True, 'is_seek_allowed': True, 'queue_items_remaining': 6, 'queue_time_remaining': 2055, 'settings': {'loop': 'loop', 'shuffle': False, 'auto_radio': True}, 'now_playing': {'seek_position': 3, 'length': 233, 'one_line': {'line1': 'METEORA (feat. Max the Sax) - '}, 'two_line': {'line1': 'METEORA (feat. Max the Sax)', 'line2': ''}, 'three_line': {'line1': 'METEORA (feat. Max the Sax)', 'line2': '', 'line3': 'METEORA (feat. Max the Sax)'}, 'image_key': '3d3fd9dbc3466b9aaf8b38cfb90aefa4'}}, '16019268b080cc971aa1ab2ff76c1a3ebbe1': {'zone_id': '16019268b080cc971aa1ab2ff76c1a3ebbe1', 'display_name': 'Fold', 'outputs': [{'output_id': '17019268b080cc971aa1ab2ff76c1a3ebbe1', 'zone_id': '16019268b080cc971aa1ab2ff76c1a3ebbe1', 'can_group_with_output_ids': [], 'display_name': 'Fold', 'volume': {'type': 'number', 'min': 0, 'max': 15, 'value': 0, 'step': 1, 'is_muted': False, 'hard_limit_min': 0, 'hard_limit_max': 15, 'soft_limit': 15}, 'source_controls': [{'control_key': '1', 'display_name': 'Default Output', 'supports_standby': False, 'status': 'indeterminate'}]}], 'state': 'paused', 'is_next_allowed': True, 'is_previous_allowed': True, 'is_pause_allowed': False, 'is_play_allowed': True, 'is_seek_allowed': True, 'queue_items_remaining': 12, 'queue_time_remaining': 2555, 'settings': {'loop': 'disabled', 'shuffle': False, 'auto_radio': True}, 'now_playing': {'seek_position': 33, 'length': 222, 'one_line': {'line1': 'Right Side Of The Bed - Atreyu'}, 'two_line': {'line1': 'Right Side Of The Bed', 'line2': 'Atreyu'}, 'three_line': {'line1': 'Right Side Of The Bed', 'line2': 'Atreyu', 'line3': 'The Curse (Deluxe Edition)'}, 'image_key': '574c3f8bd173127fbb1e2faca8dc932f', 'artist_image_keys': ['270a31aec3da2ad365b62a8f1b718df4']}}, '1601865576b5c22c4057aa6a8bb7285e5972': {'zone_id': '1601865576b5c22c4057aa6a8bb7285e5972', 'display_name': 'PC', 'outputs': [{'output_id': '1701865576b5c22c4057aa6a8bb7285e5972', 'zone_id': '1601865576b5c22c4057aa6a8bb7285e5972', 'can_group_with_output_ids': ['1701865576b5c22c4057aa6a8bb7285e5972'], 'display_name': 'PC', 'volume': {'type': 'number', 'min': 0, 'max': 100, 'value': 100, 'step': 1, 'is_muted': False, 'hard_limit_min': 0, 'hard_limit_max': 100, 'soft_limit': 100}, 'source_controls': [{'control_key': '1', 'display_name': 'System Output', 'supports_standby': False, 'status': 'indeterminate'}]}], 'state': 'paused', 'is_next_allowed': True, 'is_previous_allowed': True, 'is_pause_allowed': False, 'is_play_allowed': True, 'is_seek_allowed': True, 'queue_items_remaining': 12, 'queue_time_remaining': 2219, 'settings': {'loop': 'disabled', 'shuffle': False, 'auto_radio': True}, 'now_playing': {'seek_position': 100, 'length': 221, 'one_line': {'line1': 'The Catalyst - Amaranthe'}, 'two_line': {'line1': 'The Catalyst', 'line2': 'Amaranthe'}, 'three_line': {'line1': 'The Catalyst', 'line2': 'Amaranthe', 'line3': 'The Catalyst'}, 'image_key': '2078140b5de45c27f91644c146b7be16', 'artist_image_keys': ['80816425cfc865e72102364ba754d838']}}} [[connect_to_roon]]
2025-05-21 19:30:19,943 [DEBUG  ] RoonArtFrame: Processing zone 1601c3b912966d7fbcea2040b0606bad86ea, data keys: dict_keys(['zone_id', 'display_name', 'outputs', 'state', 'is_next_allowed', 'is_previous_allowed', 'is_pause_allowed', 'is_play_allowed', 'is_seek_allowed', 'queue_items_remaining', 'queue_time_remaining', 'settings', 'now_playing']) [[process_zone_data]]
2025-05-21 19:30:19,944 [DEBUG  ] RoonArtFrame: Received event from zone KEF LS50w but it is not in the allowed list [[process_zone_data]]
2025-05-21 19:30:19,944 [DEBUG  ] RoonArtFrame: Processing zone 1601b2e4dfbef815ffaae4029e67a160485f, data keys: dict_keys(['zone_id', 'display_name', 'outputs', 'state', 'is_next_allowed', 'is_previous_allowed', 'is_pause_allowed', 'is_play_allowed', 'is_seek_allowed', 'queue_items_remaining', 'queue_time_remaining', 'settings', 'now_playing']) [[process_zone_data]]
2025-05-21 19:30:19,944 [DEBUG  ] RoonArtFrame: Received event from zone KEF LSX but it is not in the allowed list [[process_zone_data]]
2025-05-21 19:30:19,945 [DEBUG  ] RoonArtFrame: Processing zone 160115a2925db2f233703b5ff9cac08b0436, data keys: dict_keys(['zone_id', 'display_name', 'outputs', 'state', 'is_next_allowed', 'is_previous_allowed', 'is_pause_allowed', 'is_play_allowed', 'is_seek_allowed', 'queue_items_remaining', 'queue_time_remaining', 'settings', 'now_playing']) [[process_zone_data]]
2025-05-21 19:30:19,945 [DEBUG  ] RoonArtFrame: Now playing keys: dict_keys(['seek_position', 'length', 'one_line', 'two_line', 'three_line', 'image_key', 'artist_image_keys']) [[process_now_playing]]
2025-05-21 19:30:19,946 [INFO   ] RoonArtFrame: New track detected with image key: 3ccc845cfb52360d11b8124227cf7fa0 [[process_now_playing]]
2025-05-21 19:30:19,946 [INFO   ] RoonArtFrame: Now Playing: voyage - sagun - Winter Solstice [[process_now_playing]]
2025-05-21 19:30:19,947 [INFO   ] RoonArtFrame: Fetching album art from: http://192.168.1.128:9330/api/image/3ccc845cfb52360d11b8124227cf7fa0?scale=fit&width=1200&height=1200 [[fetch_and_display_album_art]]
2025-05-21 19:30:19,960 [DEBUG  ] urllib3.connectionpool: Starting new HTTP connection (1): 192.168.1.128:9330 [[_new_conn]]
2025-05-21 19:30:20,888 [DEBUG  ] urllib3.connectionpool: http://192.168.1.128:9330 "GET /api/image/3ccc845cfb52360d11b8124227cf7fa0?scale=fit&width=1200&height=1200 HTTP/1.1" 200 789779 [[_make_request]]
2025-05-21 19:30:20,890 [DEBUG  ] RoonArtFrame: Image successfully downloaded [[download_image]]
2025-05-21 19:30:21,296 [INFO   ] RoonArtFrame: Successfully saved album art to /mnt/dietpi_userdata/album_art/album_art_3ccc845cfb52360d11b8124227cf7fa0.jpg [[fetch_and_display_album_art]]
2025-05-21 19:30:21,314 [DEBUG  ] RoonArtFrame: Updating viewer [[fetch_and_display_album_art]]
2025-05-21 19:30:21,314 [DEBUG  ] RoonArtFrame: Starting to process image position [[process_image_position]]
2025-05-21 19:30:21,356 [DEBUG  ] RoonArtFrame: Resizing [[process_image_position]]
2025-05-21 19:30:21,371 [DEBUG  ] RoonArtFrame: Padding [[pad_image_to_size]]
2025-05-21 19:30:21,372 [DEBUG  ] RoonArtFrame: Starting creating new image [[pad_image_to_size]]
2025-05-21 19:30:21,395 [DEBUG  ] RoonArtFrame: Finished creating new image [[pad_image_to_size]]
2025-05-21 19:30:21,396 [DEBUG  ] RoonArtFrame: Starting pasting images together [[pad_image_to_size]]
2025-05-21 19:30:21,402 [DEBUG  ] RoonArtFrame: Finished pasting images together [[pad_image_to_size]]
2025-05-21 19:30:21,405 [DEBUG  ] RoonArtFrame: Checking previous update thread for voyage [[update]]
2025-05-21 19:30:21,405 [DEBUG  ] RoonArtFrame: Creating new update thread for voyage [[update]]
2025-05-21 19:30:21,407 [DEBUG  ] RoonArtFrame: Starting sending image to display for voyage [[display_image]]
2025-05-21 19:30:21,410 [INFO   ] RoonArtFrame: Registering for state callbacks... [[subscribe_to_events]]
2025-05-21 19:30:21,410 [INFO   ] epd13in3E   : Setting should_stop False for display_image [[shouldStop]]
2025-05-21 19:30:21,410 [INFO   ] RoonArtFrame: Registering state callback... [[subscribe_to_events]]
2025-05-21 19:30:21,412 [INFO   ] RoonArtFrame: Successfully registered for state callbacks [[subscribe_to_events]]
2025-05-21 19:30:21,415 [INFO   ] RoonArtFrame: Event loop started [[event_loop]]
2025-05-21 19:30:26,370 [DEBUG  ] epd13in3E   : POWER IS False [[updateDisplay]]
2025-05-21 19:30:26,370 [DEBUG  ] epd13in3E   : Write power on starting for voyage [[writePower]]
2025-05-21 19:30:26,721 [DEBUG  ] epd13in3E   : Write DRF for voyage [[writeDRF]]
2025-05-21 19:30:39,900 [DEBUG  ] websocket   : Sending ping [[debug]]
2025-05-21 19:30:49,902 [DEBUG  ] websocket   : Sending ping [[debug]]
2025-05-21 19:30:53,503 [DEBUG  ] RoonArtFrame: Processing zones_changed event [[zone_event_callback]]
2025-05-21 19:30:53,504 [DEBUG  ] RoonArtFrame: Processing zone 160115a2925db2f233703b5ff9cac08b0436, data keys: dict_keys(['zone_id', 'display_name', 'outputs', 'state', 'is_next_allowed', 'is_previous_allowed', 'is_pause_allowed', 'is_play_allowed', 'is_seek_allowed', 'queue_items_remaining', 'queue_time_remaining', 'settings', 'now_playing', 'seek_position']) [[process_zone_data]]
2025-05-21 19:30:53,504 [DEBUG  ] RoonArtFrame: Now playing keys: dict_keys(['seek_position', 'length', 'one_line', 'two_line', 'three_line', 'image_key']) [[process_now_playing]]
2025-05-21 19:30:53,505 [INFO   ] RoonArtFrame: New track detected with image key: 22bc53ec51debce3e627a27cb0067482 [[process_now_playing]]
2025-05-21 19:30:53,505 [INFO   ] RoonArtFrame: Now Playing: Jingle Mami - Curli Loxx - Jingle Mami [[process_now_playing]]
2025-05-21 19:30:53,506 [INFO   ] RoonArtFrame: Fetching album art from: http://192.168.1.128:9330/api/image/22bc53ec51debce3e627a27cb0067482?scale=fit&width=1200&height=1200 [[fetch_and_display_album_art]]
2025-05-21 19:30:53,517 [DEBUG  ] urllib3.connectionpool: Starting new HTTP connection (1): 192.168.1.128:9330 [[_new_conn]]
2025-05-21 19:30:54,349 [DEBUG  ] urllib3.connectionpool: http://192.168.1.128:9330 "GET /api/image/22bc53ec51debce3e627a27cb0067482?scale=fit&width=1200&height=1200 HTTP/1.1" 200 584459 [[_make_request]]
2025-05-21 19:30:54,353 [DEBUG  ] RoonArtFrame: Image successfully downloaded [[download_image]]
2025-05-21 19:30:54,685 [INFO   ] RoonArtFrame: Successfully saved album art to /mnt/dietpi_userdata/album_art/album_art_22bc53ec51debce3e627a27cb0067482.jpg [[fetch_and_display_album_art]]
2025-05-21 19:30:54,699 [DEBUG  ] RoonArtFrame: Updating viewer [[fetch_and_display_album_art]]
2025-05-21 19:30:54,699 [DEBUG  ] RoonArtFrame: Starting to process image position [[process_image_position]]
2025-05-21 19:30:54,748 [DEBUG  ] RoonArtFrame: Resizing [[process_image_position]]
2025-05-21 19:30:54,770 [DEBUG  ] RoonArtFrame: Padding [[pad_image_to_size]]
2025-05-21 19:30:54,771 [DEBUG  ] RoonArtFrame: Starting creating new image [[pad_image_to_size]]
2025-05-21 19:30:54,806 [DEBUG  ] RoonArtFrame: Finished creating new image [[pad_image_to_size]]
2025-05-21 19:30:54,806 [DEBUG  ] RoonArtFrame: Starting pasting images together [[pad_image_to_size]]
2025-05-21 19:30:54,814 [DEBUG  ] RoonArtFrame: Finished pasting images together [[pad_image_to_size]]
2025-05-21 19:30:54,814 [DEBUG  ] RoonArtFrame: Checking previous update thread for Jingle Mami [[update]]
2025-05-21 19:30:54,815 [DEBUG  ] RoonArtFrame: Waiting for previous thread to finish for Jingle Mami [[update]]
2025-05-21 19:30:55,815 [DEBUG  ] RoonArtFrame: Waiting for previous thread to finish for Jingle Mami [[update]]
2025-05-21 19:30:56,816 [DEBUG  ] RoonArtFrame: Waiting for previous thread to finish for Jingle Mami [[update]]
2025-05-21 19:30:57,817 [DEBUG  ] RoonArtFrame: Waiting for previous thread to finish for Jingle Mami [[update]]
2025-05-21 19:30:58,818 [DEBUG  ] RoonArtFrame: Waiting for previous thread to finish for Jingle Mami [[update]]
2025-05-21 19:30:59,818 [DEBUG  ] RoonArtFrame: Waiting for previous thread to finish for Jingle Mami [[update]]
2025-05-21 19:30:59,903 [DEBUG  ] websocket   : Sending ping [[debug]]
2025-05-21 19:31:00,063 [DEBUG  ] epd13in3E   : Write power off starting for voyage [[writePower]]
2025-05-21 19:31:00,163 [DEBUG  ] epd13in3E   : Write to display complete for voyage [[updateDisplay]]
2025-05-21 19:31:00,164 [DEBUG  ] epd13in3E   : Display complete YAY [[display]]
2025-05-21 19:31:00,178 [INFO   ] epd13in3E   : Setting should_stop False for display_image [[shouldStop]]
2025-05-21 19:31:00,179 [INFO   ] RoonArtFrame: Finished sending image to display for voyage [[display_image]]
2025-05-21 19:31:00,819 [DEBUG  ] RoonArtFrame: Creating new update thread for Jingle Mami [[update]]
2025-05-21 19:31:00,821 [DEBUG  ] RoonArtFrame: Starting sending image to display for Jingle Mami [[display_image]]
2025-05-21 19:31:00,822 [INFO   ] epd13in3E   : Setting should_stop False for display_image [[shouldStop]]
2025-05-21 19:31:07,711 [DEBUG  ] epd13in3E   : POWER IS False [[updateDisplay]]
2025-05-21 19:31:07,711 [DEBUG  ] epd13in3E   : Write power on starting for Jingle Mami [[writePower]]
2025-05-21 19:31:08,062 [DEBUG  ] epd13in3E   : Write DRF for Jingle Mami [[writeDRF]]
2025-05-21 19:31:09,904 [DEBUG  ] websocket   : Sending ping [[debug]]
2025-05-21 19:31:19,905 [DEBUG  ] websocket   : Sending ping [[debug]]
2025-05-21 19:31:29,907 [DEBUG  ] websocket   : Sending ping [[debug]]
2025-05-21 19:31:39,908 [DEBUG  ] websocket   : Sending ping [[debug]]
2025-05-21 19:31:41,095 [DEBUG  ] epd13in3E   : Write power off starting for Jingle Mami [[writePower]]
2025-05-21 19:31:41,196 [DEBUG  ] epd13in3E   : Write to display complete for Jingle Mami [[updateDisplay]]
2025-05-21 19:31:41,196 [DEBUG  ] epd13in3E   : Display complete YAY [[display]]
2025-05-21 19:31:41,210 [INFO   ] epd13in3E   : Setting should_stop False for display_image [[shouldStop]]
2025-05-21 19:31:41,211 [INFO   ] RoonArtFrame: Finished sending image to display for Jingle Mami [[display_image]]
2025-05-21 19:31:49,910 [DEBUG  ] websocket   : Sending ping [[debug]]
2025-05-21 19:31:59,911 [DEBUG  ] websocket   : Sending ping [[debug]]
2025-05-21 19:32:09,912 [DEBUG  ] websocket   : Sending ping [[debug]]
2025-05-21 19:32:19,914 [DEBUG  ] websocket   : Sending ping [[debug]]
2025-05-21 19:32:29,915 [DEBUG  ] websocket   : Sending ping [[debug]]
2025-05-21 19:32:39,916 [DEBUG  ] websocket   : Sending ping [[debug]]
