2025-05-20 14:30:37,921 [DEBUG  ] RoonArtFrame: Adding libdir to path: /mnt/dietpi_userdata/roon-album-art-display/libs [[<module>]]
2025-05-20 14:30:37,926 [INFO   ] RoonArtFrame: Configuration loaded [[load_config]]
2025-05-20 14:30:37,927 [DEBUG  ] RoonArtFrame: Importing epd13in3E [[<module>]]
2025-05-20 14:30:37,989 [DEBUG  ] RoonArtFrame: Finished importing epd13in3E [[<module>]]
2025-05-20 14:30:37,990 [INFO   ] epd13in3E   : Setting should_stop for __init__ [[shouldStop]]
2025-05-20 14:30:37,991 [DEBUG  ] epd13in3E   : EPD init... [[Init]]
2025-05-20 14:30:38,142 [DEBUG  ] epd13in3E   : e-Paper busy H checking at EPD init [[ReadBusyH]]
2025-05-20 14:30:38,143 [DEBUG  ] epd13in3E   : e-Paper busy H released at EPD init [[ReadBusyH]]
2025-05-20 14:30:38,145 [DEBUG  ] RoonArtFrame: Created viewer [[<module>]]
2025-05-20 14:30:38,145 [INFO   ] RoonArtFrame: Starting Roon Album Art Display [[__init__]]
2025-05-20 14:30:38,146 [INFO   ] RoonArtFrame: Allowed zone names: ["System Output"] [[__init__]]
2025-05-20 14:30:38,146 [INFO   ] RoonArtFrame: Forbidden zone names: ["comma", "separated", "list of zone names"] [[__init__]]
2025-05-20 14:30:38,147 [INFO   ] RoonArtFrame: Token file path: /root/.roon_album_display_token.txt [[__init__]]
2025-05-20 14:30:38,149 [INFO   ] RoonArtFrame: Connecting to Roon before starting display... [[__init__]]
2025-05-20 14:30:38,150 [INFO   ] RoonArtFrame: Found existing auth token [[connect_to_roon]]
2025-05-20 14:30:38,151 [INFO   ] RoonArtFrame: Trying direct connection to saved server at 192.168.1.56:9330 [[connect_to_roon]]
2025-05-20 14:30:38,903 [INFO   ] websocket   : Websocket connected [[info]]
2025-05-20 14:30:39,007 [INFO   ] RoonArtFrame: Successfully connected to saved server! [[connect_to_roon]]
2025-05-20 14:30:39,008 [DEBUG  ] RoonArtFrame: Zones data: {'1601e4d6660c81a5eed2399191df1a3d21b4': {'zone_id': '1601e4d6660c81a5eed2399191df1a3d21b4', 'display_name': 'System Output', 'outputs': [{'output_id': '1701e4d6660c81a5eed2399191df1a3d21b4', 'zone_id': '1601e4d6660c81a5eed2399191df1a3d21b4', 'can_group_with_output_ids': ['1701e4d6660c81a5eed2399191df1a3d21b4', '1701691e6c42e8d6350d991167d5e7310ebc', '1701d5f349f82317a80e9f61d872074e87db'], 'display_name': 'System Output', 'volume': {'type': 'number', 'min': 0, 'max': 100, 'value': 8, 'step': 1, 'is_muted': False, 'hard_limit_min': 0, 'hard_limit_max': 100, 'soft_limit': 100}, 'source_controls': [{'control_key': '1', 'display_name': 'System Output', 'supports_standby': False, 'status': 'indeterminate'}]}], 'state': 'playing', 'is_next_allowed': True, 'is_previous_allowed': True, 'is_pause_allowed': True, 'is_play_allowed': False, 'is_seek_allowed': True, 'queue_items_remaining': 1, 'queue_time_remaining': 128, 'settings': {'loop': 'disabled', 'shuffle': False, 'auto_radio': True}, 'now_playing': {'seek_position': 83, 'length': 211, 'one_line': {'line1': 'Big Girls Cry - Sia'}, 'two_line': {'line1': 'Big Girls Cry', 'line2': 'Sia'}, 'three_line': {'line1': 'Big Girls Cry', 'line2': 'Sia', 'line3': '1000 Forms Of Fear'}, 'image_key': '7344b34f3a416eb2d238857c0584f188', 'artist_image_keys': ['d9d66bff4c54a3ade9a2963a3d7926cd']}}, '1601d5f349f82317a80e9f61d872074e87db': {'zone_id': '1601d5f349f82317a80e9f61d872074e87db', 'display_name': 'Simple Audio Listen', 'outputs': [{'output_id': '1701d5f349f82317a80e9f61d872074e87db', 'zone_id': '1601d5f349f82317a80e9f61d872074e87db', 'can_group_with_output_ids': ['1701e4d6660c81a5eed2399191df1a3d21b4', '1701691e6c42e8d6350d991167d5e7310ebc', '1701d5f349f82317a80e9f61d872074e87db'], 'display_name': 'Simple Audio Listen', 'volume': {'type': 'number', 'min': 0, 'max': 100, 'value': 100, 'step': 1, 'is_muted': False, 'hard_limit_min': 0, 'hard_limit_max': 100, 'soft_limit': 100}, 'source_controls': [{'control_key': '1', 'display_name': 'Simple Audio Listen', 'supports_standby': False, 'status': 'indeterminate'}]}], 'state': 'paused', 'is_next_allowed': True, 'is_previous_allowed': True, 'is_pause_allowed': False, 'is_play_allowed': True, 'is_seek_allowed': True, 'queue_items_remaining': 1, 'queue_time_remaining': 256, 'settings': {'loop': 'disabled', 'shuffle': False, 'auto_radio': True}, 'now_playing': {'seek_position': 4, 'length': 260, 'one_line': {'line1': 'Boom Boom - John Lee Hooker / Jimmie Vaughan'}, 'two_line': {'line1': 'Boom Boom', 'line2': 'John Lee Hooker / Jimmie Vaughan'}, 'three_line': {'line1': 'Boom Boom', 'line2': 'John Lee Hooker / Jimmie Vaughan', 'line3': 'The Best Of Friends'}, 'image_key': '944ee689470fe085fc821eec1305157c', 'artist_image_keys': ['0c37cb5d856daa3a74d9928d66c7c53f', '63a11229ab1235924b1bf36d2ef01b47']}}, '1601691e6c42e8d6350d991167d5e7310ebc': {'zone_id': '1601691e6c42e8d6350d991167d5e7310ebc', 'display_name': '284KMB-HDR', 'outputs': [{'output_id': '1701691e6c42e8d6350d991167d5e7310ebc', 'zone_id': '1601691e6c42e8d6350d991167d5e7310ebc', 'can_group_with_output_ids': ['1701e4d6660c81a5eed2399191df1a3d21b4', '1701691e6c42e8d6350d991167d5e7310ebc', '1701d5f349f82317a80e9f61d872074e87db'], 'display_name': '284KMB-HDR', 'volume': {'type': 'number', 'min': 0, 'max': 100, 'value': 100, 'step': 1, 'is_muted': False, 'hard_limit_min': 0, 'hard_limit_max': 100, 'soft_limit': 100}, 'source_controls': [{'control_key': '1', 'display_name': '284KMB-HDR', 'supports_standby': False, 'status': 'indeterminate'}]}], 'state': 'stopped', 'is_next_allowed': True, 'is_previous_allowed': True, 'is_pause_allowed': False, 'is_play_allowed': True, 'is_seek_allowed': False, 'queue_items_remaining': 9, 'queue_time_remaining': 1795, 'settings': {'loop': 'disabled', 'shuffle': False, 'auto_radio': True}, 'now_playing': {'seek_position': None, 'length': 206, 'one_line': {'line1': 'The Thing Is - The Tubs'}, 'two_line': {'line1': 'The Thing Is', 'line2': 'The Tubs'}, 'three_line': {'line1': 'The Thing Is', 'line2': 'The Tubs', 'line3': 'Cotton Crown'}, 'image_key': 'cbffa5cde961c4521aa779c813e057d8'}}} [[connect_to_roon]]
2025-05-20 14:30:39,009 [DEBUG  ] RoonArtFrame: Processing zone 1601e4d6660c81a5eed2399191df1a3d21b4, data keys: dict_keys(['zone_id', 'display_name', 'outputs', 'state', 'is_next_allowed', 'is_previous_allowed', 'is_pause_allowed', 'is_play_allowed', 'is_seek_allowed', 'queue_items_remaining', 'queue_time_remaining', 'settings', 'now_playing']) [[process_zone_data]]
2025-05-20 14:30:39,009 [DEBUG  ] RoonArtFrame: Now playing keys: dict_keys(['seek_position', 'length', 'one_line', 'two_line', 'three_line', 'image_key', 'artist_image_keys']) [[process_now_playing]]
2025-05-20 14:30:39,010 [INFO   ] RoonArtFrame: New track detected with image key: 7344b34f3a416eb2d238857c0584f188 [[process_now_playing]]
2025-05-20 14:30:39,010 [INFO   ] RoonArtFrame: Now Playing: Big Girls Cry - Sia - 1000 Forms Of Fear [[process_now_playing]]
2025-05-20 14:30:39,011 [INFO   ] RoonArtFrame: Fetching album art from: http://192.168.1.56:9330/api/image/7344b34f3a416eb2d238857c0584f188?scale=fit&width=1200&height=1200 [[fetch_and_display_album_art]]
2025-05-20 14:30:39,024 [DEBUG  ] urllib3.connectionpool: Starting new HTTP connection (1): 192.168.1.56:9330 [[_new_conn]]
2025-05-20 14:30:39,723 [DEBUG  ] urllib3.connectionpool: http://192.168.1.56:9330 "GET /api/image/7344b34f3a416eb2d238857c0584f188?scale=fit&width=1200&height=1200 HTTP/1.1" 200 352046 [[_make_request]]
2025-05-20 14:30:39,726 [DEBUG  ] RoonArtFrame: Image successfully downloaded [[download_image]]
2025-05-20 14:30:40,033 [INFO   ] RoonArtFrame: Successfully saved album art to /mnt/dietpi_userdata/album_art/album_art_7344b34f3a416eb2d238857c0584f188.jpg [[fetch_and_display_album_art]]
2025-05-20 14:30:40,043 [DEBUG  ] RoonArtFrame: Updating viewer [[fetch_and_display_album_art]]
2025-05-20 14:30:40,044 [INFO   ] RoonArtFrame: Setting should_stop for Big Girls Cry [[update]]
2025-05-20 14:30:40,044 [DEBUG  ] RoonArtFrame: Starting to process image position [[process_image_position]]
2025-05-20 14:30:40,089 [DEBUG  ] RoonArtFrame: Resizing [[process_image_position]]
2025-05-20 14:30:40,105 [DEBUG  ] RoonArtFrame: Padding [[pad_image_to_size]]
2025-05-20 14:30:40,106 [DEBUG  ] RoonArtFrame: Starting creating new image [[pad_image_to_size]]
2025-05-20 14:30:40,131 [DEBUG  ] RoonArtFrame: Finished creating new image [[pad_image_to_size]]
2025-05-20 14:30:40,133 [DEBUG  ] RoonArtFrame: Starting pasting images together [[pad_image_to_size]]
2025-05-20 14:30:40,139 [DEBUG  ] RoonArtFrame: Finished pasting images together [[pad_image_to_size]]
2025-05-20 14:30:40,142 [DEBUG  ] RoonArtFrame: Checking previous update thread for Big Girls Cry [[update]]
2025-05-20 14:30:40,143 [DEBUG  ] RoonArtFrame: Creating new update thread for Big Girls Cry [[update]]
2025-05-20 14:30:40,144 [DEBUG  ] RoonArtFrame: Starting sending image to display for Big Girls Cry [[display_image]]
2025-05-20 14:30:40,147 [INFO   ] RoonArtFrame: Registering for state callbacks... [[subscribe_to_events]]
2025-05-20 14:30:40,149 [INFO   ] RoonArtFrame: Registering state callback... [[subscribe_to_events]]
2025-05-20 14:30:40,150 [INFO   ] RoonArtFrame: Successfully registered for state callbacks [[subscribe_to_events]]
2025-05-20 14:30:40,153 [INFO   ] RoonArtFrame: Event loop started [[event_loop]]
2025-05-20 14:30:41,991 [DEBUG  ] epd13in3E   : Sending data 1 for Big Girls Cry [[display]]
2025-05-20 14:30:43,808 [DEBUG  ] epd13in3E   : Sending data 2 for Big Girls Cry [[display]]
2025-05-20 14:30:45,507 [WARNING] epd13in3E   : POWER IS False [[updateDisplay]]
2025-05-20 14:30:45,507 [DEBUG  ] epd13in3E   : Write power on starting for Big Girls Cry [[writePower]]
2025-05-20 14:30:45,507 [DEBUG  ] epd13in3E   : e-Paper busy H checking at [[updateDisplay]] for Big Girls Cry [[ReadBusyH]]
2025-05-20 14:30:45,508 [DEBUG  ] epd13in3E   : e-Paper busy H released at [[updateDisplay]] for Big Girls Cry [[ReadBusyH]]
2025-05-20 14:30:45,558 [DEBUG  ] epd13in3E   : Write DRF for Big Girls Cry [[writeDRF]]
2025-05-20 14:30:45,559 [DEBUG  ] epd13in3E   : e-Paper busy H checking at Write DRF Big Girls Cry [[ReadBusyH]]
2025-05-20 14:30:45,559 [DEBUG  ] epd13in3E   : e-Paper busy H released at Write DRF Big Girls Cry [[ReadBusyH]]
2025-05-20 14:30:45,559 [DEBUG  ] epd13in3E   : Write power off starting for Big Girls Cry [[writePower]]
2025-05-20 14:30:45,560 [DEBUG  ] epd13in3E   : e-Paper busy H checking at [[updateDisplay]] for Big Girls Cry [[ReadBusyH]]
2025-05-20 14:30:45,560 [DEBUG  ] epd13in3E   : e-Paper busy H released at [[updateDisplay]] for Big Girls Cry [[ReadBusyH]]
2025-05-20 14:30:45,561 [DEBUG  ] epd13in3E   : Write to display complete for Big Girls Cry [[updateDisplay]]
2025-05-20 14:30:45,569 [INFO   ] RoonArtFrame: Finished sending image to display for Big Girls Cry [[display_image]]
2025-05-20 14:30:58,905 [DEBUG  ] websocket   : Sending ping [[debug]]
