2025-05-20 14:31:39,322 [DEBUG  ] RoonArtFrame: Adding libdir to path: /mnt/dietpi_userdata/roon-album-art-display/libs [[<module>]]
2025-05-20 14:31:39,329 [INFO   ] RoonArtFrame: Configuration loaded [[load_config]]
2025-05-20 14:31:39,330 [DEBUG  ] RoonArtFrame: Importing epd13in3E [[<module>]]
2025-05-20 14:31:39,395 [DEBUG  ] epd13in3E   : Exiting early [[EarlyExit]]
2025-05-20 14:31:39,396 [DEBUG  ] RoonArtFrame: Finished importing epd13in3E [[<module>]]
2025-05-20 14:31:39,398 [DEBUG  ] epd13in3E   : EPD init... [[Init]]
2025-05-20 14:31:39,550 [DEBUG  ] epd13in3E   : e-Paper busy H checking at EPD init [[ReadBusyH]]
2025-05-20 14:31:39,551 [DEBUG  ] epd13in3E   : e-Paper busy H released at EPD init [[ReadBusyH]]
2025-05-20 14:31:39,554 [DEBUG  ] RoonArtFrame: Created viewer [[<module>]]
2025-05-20 14:31:39,555 [INFO   ] RoonArtFrame: Starting Roon Album Art Display [[__init__]]
2025-05-20 14:31:39,556 [INFO   ] RoonArtFrame: Allowed zone names: [] [[__init__]]
2025-05-20 14:31:39,557 [INFO   ] RoonArtFrame: Forbidden zone names: [] [[__init__]]
2025-05-20 14:31:39,559 [INFO   ] RoonArtFrame: Token file path: /root/.roon_album_display_token.txt [[__init__]]
2025-05-20 14:31:39,562 [INFO   ] RoonArtFrame: Connecting to Roon before starting display... [[__init__]]
2025-05-20 14:31:39,563 [INFO   ] RoonArtFrame: Found existing auth token [[connect_to_roon]]
2025-05-20 14:31:39,564 [WARNING] RoonArtFrame: Error reading saved server details: No option 'ip' in section: 'SERVER' [[connect_to_roon]]
2025-05-20 14:31:39,564 [INFO   ] RoonArtFrame: Falling back to discovery... [[connect_to_roon]]
2025-05-20 14:31:39,566 [INFO   ] RoonArtFrame: Discovery: found existing auth token [[discover_and_connect]]
2025-05-20 14:31:39,566 [INFO   ] RoonArtFrame: Starting Roon server discovery... [[discover_and_connect]]
2025-05-20 14:31:44,578 [INFO   ] RoonArtFrame: Waiting for Roon servers to be discovered... [[discover_and_connect]]
2025-05-20 14:31:50,585 [INFO   ] RoonArtFrame: Waiting for Roon servers to be discovered... [[discover_and_connect]]
2025-05-20 14:31:56,588 [INFO   ] RoonArtFrame: Waiting for Roon servers to be discovered... [[discover_and_connect]]
2025-05-20 14:32:02,595 [INFO   ] RoonArtFrame: Waiting for Roon servers to be discovered... [[discover_and_connect]]
2025-05-20 14:32:08,603 [INFO   ] RoonArtFrame: Waiting for Roon servers to be discovered... [[discover_and_connect]]
