2025-05-20 14:33:38,189 [DEBUG  ] RoonArtFrame: Adding libdir to path: /mnt/dietpi_userdata/roon-album-art-display/libs [[<module>]]
2025-05-20 14:33:38,196 [INFO   ] RoonArtFrame: Configuration loaded [[load_config]]
2025-05-20 14:33:38,197 [DEBUG  ] RoonArtFrame: Importing epd13in3E [[<module>]]
2025-05-20 14:33:38,254 [DEBUG  ] RoonArtFrame: Finished importing epd13in3E [[<module>]]
2025-05-20 14:33:38,255 [INFO   ] epd13in3E   : Setting should_stop False for __init__ [[shouldStop]]
2025-05-20 14:33:38,256 [DEBUG  ] epd13in3E   : EPD init... [[Init]]
2025-05-20 14:33:38,408 [DEBUG  ] epd13in3E   : e-Paper busy H checking at EPD init [[ReadBusyH]]
2025-05-20 14:33:38,408 [DEBUG  ] epd13in3E   : e-Paper busy H released at EPD init [[ReadBusyH]]
2025-05-20 14:33:38,413 [DEBUG  ] RoonArtFrame: Created viewer [[<module>]]
2025-05-20 14:33:38,413 [INFO   ] RoonArtFrame: Starting Roon Album Art Display [[__init__]]
2025-05-20 14:33:38,414 [INFO   ] RoonArtFrame: Allowed zone names: ["System Output"] [[__init__]]
2025-05-20 14:33:38,414 [INFO   ] RoonArtFrame: Forbidden zone names: ["comma", "separated", "list of zone names"] [[__init__]]
2025-05-20 14:33:38,416 [INFO   ] RoonArtFrame: Token file path: /root/.roon_album_display_token.txt [[__init__]]
2025-05-20 14:33:38,418 [INFO   ] RoonArtFrame: Connecting to Roon before starting display... [[__init__]]
2025-05-20 14:33:38,419 [INFO   ] RoonArtFrame: Found existing auth token [[connect_to_roon]]
2025-05-20 14:33:38,420 [INFO   ] RoonArtFrame: Trying direct connection to saved server at 192.168.1.56:9330 [[connect_to_roon]]
2025-05-20 14:33:38,611 [INFO   ] websocket   : Websocket connected [[info]]
2025-05-20 14:33:39,628 [INFO   ] RoonArtFrame: Successfully connected to saved server! [[connect_to_roon]]
2025-05-20 14:33:39,629 [DEBUG  ] RoonArtFrame: Zones data: {'1601e4d6660c81a5eed2399191df1a3d21b4': {'zone_id': '1601e4d6660c81a5eed2399191df1a3d21b4', 'display_name': 'System Output', 'outputs': [{'output_id': '1701e4d6660c81a5eed2399191df1a3d21b4', 'zone_id': '1601e4d6660c81a5eed2399191df1a3d21b4', 'can_group_with_output_ids': ['1701e4d6660c81a5eed2399191df1a3d21b4', '1701691e6c42e8d6350d991167d5e7310ebc', '1701d5f349f82317a80e9f61d872074e87db'], 'display_name': 'System Output', 'volume': {'type': 'number', 'min': 0, 'max': 100, 'value': 8, 'step': 1, 'is_muted': False, 'hard_limit_min': 0, 'hard_limit_max': 100, 'soft_limit': 100}, 'source_controls': [{'control_key': '1', 'display_name': 'System Output', 'supports_standby': False, 'status': 'indeterminate'}]}], 'state': 'playing', 'is_next_allowed': True, 'is_previous_allowed': True, 'is_pause_allowed': True, 'is_play_allowed': False, 'is_seek_allowed': True, 'queue_items_remaining': 1, 'queue_time_remaining': 180, 'settings': {'loop': 'disabled', 'shuffle': False, 'auto_radio': True}, 'now_playing': {'seek_position': 103, 'length': 283, 'one_line': {'line1': 'The Abyss - The Weeknd / Lana Del Rey'}, 'two_line': {'line1': 'The Abyss', 'line2': 'The Weeknd / Lana Del Rey'}, 'three_line': {'line1': 'The Abyss', 'line2': 'The Weeknd / Lana Del Rey', 'line3': 'Hurry Up Tomorrow'}, 'image_key': 'f21e4207f79c30627c6ac86ba5c6ce30', 'artist_image_keys': ['b5e969a2ca74aa4085b005b6c60e5212', '9683e0ba469f830951bc9d91b6bbf361']}}, '1601d5f349f82317a80e9f61d872074e87db': {'zone_id': '1601d5f349f82317a80e9f61d872074e87db', 'display_name': 'Simple Audio Listen', 'outputs': [{'output_id': '1701d5f349f82317a80e9f61d872074e87db', 'zone_id': '1601d5f349f82317a80e9f61d872074e87db', 'can_group_with_output_ids': ['1701e4d6660c81a5eed2399191df1a3d21b4', '1701691e6c42e8d6350d991167d5e7310ebc', '1701d5f349f82317a80e9f61d872074e87db'], 'display_name': 'Simple Audio Listen', 'volume': {'type': 'number', 'min': 0, 'max': 100, 'value': 100, 'step': 1, 'is_muted': False, 'hard_limit_min': 0, 'hard_limit_max': 100, 'soft_limit': 100}, 'source_controls': [{'control_key': '1', 'display_name': 'Simple Audio Listen', 'supports_standby': False, 'status': 'indeterminate'}]}], 'state': 'paused', 'is_next_allowed': True, 'is_previous_allowed': True, 'is_pause_allowed': False, 'is_play_allowed': True, 'is_seek_allowed': True, 'queue_items_remaining': 1, 'queue_time_remaining': 256, 'settings': {'loop': 'disabled', 'shuffle': False, 'auto_radio': True}, 'now_playing': {'seek_position': 4, 'length': 260, 'one_line': {'line1': 'Boom Boom - John Lee Hooker / Jimmie Vaughan'}, 'two_line': {'line1': 'Boom Boom', 'line2': 'John Lee Hooker / Jimmie Vaughan'}, 'three_line': {'line1': 'Boom Boom', 'line2': 'John Lee Hooker / Jimmie Vaughan', 'line3': 'The Best Of Friends'}, 'image_key': '944ee689470fe085fc821eec1305157c', 'artist_image_keys': ['0c37cb5d856daa3a74d9928d66c7c53f', '63a11229ab1235924b1bf36d2ef01b47']}}, '1601691e6c42e8d6350d991167d5e7310ebc': {'zone_id': '1601691e6c42e8d6350d991167d5e7310ebc', 'display_name': '284KMB-HDR', 'outputs': [{'output_id': '1701691e6c42e8d6350d991167d5e7310ebc', 'zone_id': '1601691e6c42e8d6350d991167d5e7310ebc', 'can_group_with_output_ids': ['1701e4d6660c81a5eed2399191df1a3d21b4', '1701691e6c42e8d6350d991167d5e7310ebc', '1701d5f349f82317a80e9f61d872074e87db'], 'display_name': '284KMB-HDR', 'volume': {'type': 'number', 'min': 0, 'max': 100, 'value': 100, 'step': 1, 'is_muted': False, 'hard_limit_min': 0, 'hard_limit_max': 100, 'soft_limit': 100}, 'source_controls': [{'control_key': '1', 'display_name': '284KMB-HDR', 'supports_standby': False, 'status': 'indeterminate'}]}], 'state': 'stopped', 'is_next_allowed': True, 'is_previous_allowed': True, 'is_pause_allowed': False, 'is_play_allowed': True, 'is_seek_allowed': False, 'queue_items_remaining': 9, 'queue_time_remaining': 1795, 'settings': {'loop': 'disabled', 'shuffle': False, 'auto_radio': True}, 'now_playing': {'seek_position': None, 'length': 206, 'one_line': {'line1': 'The Thing Is - The Tubs'}, 'two_line': {'line1': 'The Thing Is', 'line2': 'The Tubs'}, 'three_line': {'line1': 'The Thing Is', 'line2': 'The Tubs', 'line3': 'Cotton Crown'}, 'image_key': 'cbffa5cde961c4521aa779c813e057d8'}}} [[connect_to_roon]]
2025-05-20 14:33:39,629 [DEBUG  ] RoonArtFrame: Processing zone 1601e4d6660c81a5eed2399191df1a3d21b4, data keys: dict_keys(['zone_id', 'display_name', 'outputs', 'state', 'is_next_allowed', 'is_previous_allowed', 'is_pause_allowed', 'is_play_allowed', 'is_seek_allowed', 'queue_items_remaining', 'queue_time_remaining', 'settings', 'now_playing']) [[process_zone_data]]
2025-05-20 14:33:39,630 [DEBUG  ] RoonArtFrame: Now playing keys: dict_keys(['seek_position', 'length', 'one_line', 'two_line', 'three_line', 'image_key', 'artist_image_keys']) [[process_now_playing]]
2025-05-20 14:33:39,631 [DEBUG  ] RoonArtFrame: Update contains the same image as is currently displayed [[process_now_playing]]
2025-05-20 14:33:39,631 [INFO   ] RoonArtFrame: Registering for state callbacks... [[subscribe_to_events]]
2025-05-20 14:33:39,632 [INFO   ] RoonArtFrame: Registering state callback... [[subscribe_to_events]]
2025-05-20 14:33:39,632 [INFO   ] RoonArtFrame: Successfully registered for state callbacks [[subscribe_to_events]]
2025-05-20 14:33:39,634 [INFO   ] RoonArtFrame: Event loop started [[event_loop]]
2025-05-20 14:33:48,339 [DEBUG  ] RoonArtFrame: Processing zones_changed event [[zone_event_callback]]
2025-05-20 14:33:48,339 [DEBUG  ] RoonArtFrame: Processing zone 1601e4d6660c81a5eed2399191df1a3d21b4, data keys: dict_keys(['zone_id', 'display_name', 'outputs', 'state', 'is_next_allowed', 'is_previous_allowed', 'is_pause_allowed', 'is_play_allowed', 'is_seek_allowed', 'queue_items_remaining', 'queue_time_remaining', 'settings', 'now_playing', 'seek_position']) [[process_zone_data]]
2025-05-20 14:33:48,340 [DEBUG  ] RoonArtFrame: Now playing keys: dict_keys(['seek_position', 'length', 'one_line', 'two_line', 'three_line', 'image_key', 'artist_image_keys']) [[process_now_playing]]
2025-05-20 14:33:48,341 [INFO   ] RoonArtFrame: New track detected with image key: 29e14112bdd438e9a7d5167901430042 [[process_now_playing]]
2025-05-20 14:33:48,341 [INFO   ] RoonArtFrame: Now Playing: Photograph - Ed Sheeran - x (Wembley Edition) [[process_now_playing]]
2025-05-20 14:33:48,343 [INFO   ] RoonArtFrame: Fetching album art from: http://192.168.1.56:9330/api/image/29e14112bdd438e9a7d5167901430042?scale=fit&width=1200&height=1200 [[fetch_and_display_album_art]]
2025-05-20 14:33:48,361 [DEBUG  ] urllib3.connectionpool: Starting new HTTP connection (1): 192.168.1.56:9330 [[_new_conn]]
2025-05-20 14:33:49,832 [DEBUG  ] urllib3.connectionpool: http://192.168.1.56:9330 "GET /api/image/29e14112bdd438e9a7d5167901430042?scale=fit&width=1200&height=1200 HTTP/1.1" 200 467705 [[_make_request]]
2025-05-20 14:33:49,835 [DEBUG  ] RoonArtFrame: Image successfully downloaded [[download_image]]
2025-05-20 14:33:50,351 [INFO   ] RoonArtFrame: Successfully saved album art to /mnt/dietpi_userdata/album_art/album_art_29e14112bdd438e9a7d5167901430042.jpg [[fetch_and_display_album_art]]
2025-05-20 14:33:50,365 [DEBUG  ] RoonArtFrame: Updating viewer [[fetch_and_display_album_art]]
2025-05-20 14:33:50,366 [INFO   ] RoonArtFrame: Setting should_stop for Photograph [[update]]
2025-05-20 14:33:50,366 [INFO   ] epd13in3E   : Setting should_stop True for update [[shouldStop]]
2025-05-20 14:33:50,366 [INFO   ] RoonArtFrame: Set should_stop for Photograph [[update]]
2025-05-20 14:33:50,367 [DEBUG  ] RoonArtFrame: Starting to process image position [[process_image_position]]
2025-05-20 14:33:50,422 [DEBUG  ] RoonArtFrame: Resizing [[process_image_position]]
2025-05-20 14:33:50,442 [DEBUG  ] RoonArtFrame: Padding [[pad_image_to_size]]
2025-05-20 14:33:50,443 [DEBUG  ] RoonArtFrame: Starting creating new image [[pad_image_to_size]]
2025-05-20 14:33:50,478 [DEBUG  ] RoonArtFrame: Finished creating new image [[pad_image_to_size]]
2025-05-20 14:33:50,478 [DEBUG  ] RoonArtFrame: Starting pasting images together [[pad_image_to_size]]
2025-05-20 14:33:50,486 [DEBUG  ] RoonArtFrame: Finished pasting images together [[pad_image_to_size]]
2025-05-20 14:33:50,487 [DEBUG  ] RoonArtFrame: Checking previous update thread for Photograph [[update]]
2025-05-20 14:33:50,487 [DEBUG  ] RoonArtFrame: Creating new update thread for Photograph [[update]]
2025-05-20 14:33:50,489 [DEBUG  ] RoonArtFrame: Starting sending image to display for Photograph [[display_image]]
2025-05-20 14:33:50,494 [DEBUG  ] RoonArtFrame: Processing zones_changed event [[zone_event_callback]]
2025-05-20 14:33:50,494 [INFO   ] epd13in3E   : Setting should_stop False for display_image [[shouldStop]]
2025-05-20 14:33:50,495 [DEBUG  ] RoonArtFrame: Processing zone 1601e4d6660c81a5eed2399191df1a3d21b4, data keys: dict_keys(['zone_id', 'display_name', 'outputs', 'state', 'is_next_allowed', 'is_previous_allowed', 'is_pause_allowed', 'is_play_allowed', 'is_seek_allowed', 'queue_items_remaining', 'queue_time_remaining', 'settings', 'now_playing', 'seek_position']) [[process_zone_data]]
2025-05-20 14:33:50,498 [DEBUG  ] RoonArtFrame: Now playing keys: dict_keys(['seek_position', 'length', 'one_line', 'two_line', 'three_line', 'image_key', 'artist_image_keys']) [[process_now_playing]]
2025-05-20 14:33:50,498 [DEBUG  ] RoonArtFrame: Ignoring duplicate event {'seek_position': None, 'length': 259, 'one_line': {'line1': 'Photograph - Ed Sheeran'}, 'two_line': {'line1': 'Photograph', 'line2': 'Ed Sheeran'}, 'three_line': {'line1': 'Photograph', 'line2': 'Ed Sheeran', 'line3': 'x (Wembley Edition)'}, 'image_key': '29e14112bdd438e9a7d5167901430042', 'artist_image_keys': ['0ec26619786e2adf02b8c1fa5436c8c5']} [[process_now_playing]]
2025-05-20 14:33:52,880 [DEBUG  ] epd13in3E   : Sending data 1 for Photograph [[display]]
2025-05-20 14:33:55,224 [DEBUG  ] epd13in3E   : Sending data 2 for Photograph [[display]]
2025-05-20 14:33:57,270 [WARNING] epd13in3E   : POWER IS False [[updateDisplay]]
2025-05-20 14:33:57,270 [DEBUG  ] epd13in3E   : Write power on starting for Photograph [[writePower]]
2025-05-20 14:33:57,271 [DEBUG  ] epd13in3E   : e-Paper busy H checking at [[updateDisplay]] for Photograph [[ReadBusyH]]
2025-05-20 14:33:57,271 [DEBUG  ] epd13in3E   : e-Paper busy H released at [[updateDisplay]] for Photograph [[ReadBusyH]]
2025-05-20 14:33:57,321 [DEBUG  ] epd13in3E   : Write DRF for Photograph [[writeDRF]]
2025-05-20 14:33:57,322 [DEBUG  ] epd13in3E   : e-Paper busy H checking at Write DRF Photograph [[ReadBusyH]]
2025-05-20 14:33:57,323 [DEBUG  ] epd13in3E   : e-Paper busy H released at Write DRF Photograph [[ReadBusyH]]
2025-05-20 14:33:57,323 [DEBUG  ] epd13in3E   : Write power off starting for Photograph [[writePower]]
2025-05-20 14:33:57,324 [DEBUG  ] epd13in3E   : e-Paper busy H checking at [[updateDisplay]] for Photograph [[ReadBusyH]]
2025-05-20 14:33:57,324 [DEBUG  ] epd13in3E   : e-Paper busy H released at [[updateDisplay]] for Photograph [[ReadBusyH]]
2025-05-20 14:33:57,325 [DEBUG  ] epd13in3E   : Write to display complete for Photograph [[updateDisplay]]
2025-05-20 14:33:57,334 [INFO   ] epd13in3E   : Setting should_stop False for display_image [[shouldStop]]
2025-05-20 14:33:57,334 [INFO   ] RoonArtFrame: Finished sending image to display for Photograph [[display_image]]
2025-05-20 14:33:58,613 [DEBUG  ] websocket   : Sending ping [[debug]]
