2025-05-20 14:38:15,480 [DEBUG  ] RoonArtFrame: Adding libdir to path: /mnt/dietpi_userdata/roon-album-art-display/libs [[<module>]]
2025-05-20 14:38:15,487 [INFO   ] RoonArtFrame: Configuration loaded [[load_config]]
2025-05-20 14:38:15,489 [DEBUG  ] RoonArtFrame: Importing epd13in3E [[<module>]]
2025-05-20 14:38:15,555 [DEBUG  ] epd13in3E   : Exiting early [[EarlyExit]]
2025-05-20 14:38:15,557 [DEBUG  ] RoonArtFrame: Finished importing epd13in3E [[<module>]]
2025-05-20 14:38:15,558 [DEBUG  ] epd13in3E   : EPD init... [[Init]]
2025-05-20 14:38:15,711 [DEBUG  ] epd13in3E   : e-Paper busy H checking at EPD init [[ReadBusyH]]
2025-05-20 14:38:15,711 [DEBUG  ] epd13in3E   : e-Paper busy H released at EPD init [[ReadBusyH]]
2025-05-20 14:38:15,714 [DEBUG  ] RoonArtFrame: Created viewer [[<module>]]
2025-05-20 14:38:15,716 [INFO   ] RoonArtFrame: Starting Roon Album Art Display [[__init__]]
2025-05-20 14:38:15,717 [INFO   ] RoonArtFrame: Allowed zone names: ["comma", "separated", "list of zone names"] [[__init__]]
2025-05-20 14:38:15,718 [INFO   ] RoonArtFrame: Forbidden zone names: ["comma", "separated", "list of zone names"] [[__init__]]
2025-05-20 14:38:15,720 [INFO   ] RoonArtFrame: Token file path: /root/.roon_album_display_token.txt [[__init__]]
2025-05-20 14:38:15,722 [INFO   ] RoonArtFrame: Connecting to Roon before starting display... [[__init__]]
2025-05-20 14:38:15,723 [INFO   ] RoonArtFrame: No existing auth token found, will need to authorize in Roon [[connect_to_roon]]
2025-05-20 14:38:15,723 [INFO   ] RoonArtFrame: Discovery: no existing auth token found, will need to authorize in Roon [[discover_and_connect]]
2025-05-20 14:38:15,724 [INFO   ] RoonArtFrame: Starting Roon server discovery... [[discover_and_connect]]
2025-05-20 14:38:20,732 [INFO   ] RoonArtFrame: Waiting for Roon servers to be discovered... [[discover_and_connect]]
2025-05-20 14:38:26,739 [INFO   ] RoonArtFrame: Waiting for Roon servers to be discovered... [[discover_and_connect]]
2025-05-20 14:38:32,747 [INFO   ] RoonArtFrame: Waiting for Roon servers to be discovered... [[discover_and_connect]]
2025-05-20 14:38:38,754 [INFO   ] RoonArtFrame: Waiting for Roon servers to be discovered... [[discover_and_connect]]
2025-05-20 14:38:44,761 [INFO   ] RoonArtFrame: Waiting for Roon servers to be discovered... [[discover_and_connect]]
2025-05-20 14:38:50,769 [INFO   ] RoonArtFrame: Waiting for Roon servers to be discovered... [[discover_and_connect]]
2025-05-20 14:38:56,776 [INFO   ] RoonArtFrame: Waiting for Roon servers to be discovered... [[discover_and_connect]]
2025-05-20 14:39:02,783 [INFO   ] RoonArtFrame: Waiting for Roon servers to be discovered... [[discover_and_connect]]
