2025-05-20 14:20:25,428 [DEBUG  ] RoonArtFrame: Adding libdir to path: /mnt/dietpi_userdata/roon-album-art-display/libs [[<module>]]
2025-05-20 14:20:25,436 [INFO   ] RoonArtFrame: Configuration loaded [[load_config]]
2025-05-20 14:20:25,437 [DEBUG  ] RoonArtFrame: Importing epd13in3E [[<module>]]
2025-05-20 14:20:25,522 [DEBUG  ] RoonArtFrame: Finished importing epd13in3E [[<module>]]
2025-05-20 14:20:25,523 [DEBUG  ] epd13in3E   : EPD init... [[Init]]
2025-05-20 14:20:25,675 [DEBUG  ] epd13in3E   : e-Paper busy H checking at EPD init [[ReadBusyH]]
2025-05-20 14:20:25,676 [DEBUG  ] epd13in3E   : e-Paper busy H released at EPD init [[ReadBusyH]]
2025-05-20 14:20:25,679 [DEBUG  ] RoonArtFrame: Created viewer [[<module>]]
2025-05-20 14:20:25,679 [INFO   ] RoonArtFrame: Starting Roon Album Art Display [[__init__]]
2025-05-20 14:20:25,680 [INFO   ] RoonArtFrame: Allowed zone names: ["System Output"] [[__init__]]
2025-05-20 14:20:25,681 [INFO   ] RoonArtFrame: Forbidden zone names: ["comma", "separated", "list of zone names"] [[__init__]]
2025-05-20 14:20:25,683 [INFO   ] RoonArtFrame: Token file path: /root/.roon_album_display_token.txt [[__init__]]
2025-05-20 14:20:25,689 [INFO   ] RoonArtFrame: Connecting to Roon before starting display... [[__init__]]
2025-05-20 14:20:25,690 [INFO   ] RoonArtFrame: Found existing auth token [[connect_to_roon]]
2025-05-20 14:20:25,691 [INFO   ] RoonArtFrame: Trying direct connection to saved server at 192.168.1.56:9330 [[connect_to_roon]]
2025-05-20 14:20:25,725 [INFO   ] websocket   : Websocket connected [[info]]
2025-05-20 14:20:25,747 [INFO   ] RoonArtFrame: Successfully connected to saved server! [[connect_to_roon]]
2025-05-20 14:20:25,748 [DEBUG  ] RoonArtFrame: Zones data: {'1601e4d6660c81a5eed2399191df1a3d21b4': {'zone_id': '1601e4d6660c81a5eed2399191df1a3d21b4', 'display_name': 'System Output', 'outputs': [{'output_id': '1701e4d6660c81a5eed2399191df1a3d21b4', 'zone_id': '1601e4d6660c81a5eed2399191df1a3d21b4', 'can_group_with_output_ids': ['1701e4d6660c81a5eed2399191df1a3d21b4', '1701691e6c42e8d6350d991167d5e7310ebc', '1701d5f349f82317a80e9f61d872074e87db'], 'display_name': 'System Output', 'volume': {'type': 'number', 'min': 0, 'max': 100, 'value': 8, 'step': 1, 'is_muted': False, 'hard_limit_min': 0, 'hard_limit_max': 100, 'soft_limit': 100}, 'source_controls': [{'control_key': '1', 'display_name': 'System Output', 'supports_standby': False, 'status': 'indeterminate'}]}], 'state': 'playing', 'is_next_allowed': True, 'is_previous_allowed': True, 'is_pause_allowed': True, 'is_play_allowed': False, 'is_seek_allowed': True, 'queue_items_remaining': 1, 'queue_time_remaining': 126, 'settings': {'loop': 'disabled', 'shuffle': False, 'auto_radio': True}, 'now_playing': {'seek_position': 178, 'length': 304, 'one_line': {'line1': 'evermore - Taylor Swift / Bon Iver'}, 'two_line': {'line1': 'evermore', 'line2': 'Taylor Swift / Bon Iver'}, 'three_line': {'line1': 'evermore', 'line2': 'Taylor Swift / Bon Iver', 'line3': 'evermore'}, 'image_key': 'a88c950678e32436f4f752bae320b4d1', 'artist_image_keys': ['2f78bf599924cd68e389449be9023028', '38d9b2afc54800b3180b85d2928b0373']}}, '1601d5f349f82317a80e9f61d872074e87db': {'zone_id': '1601d5f349f82317a80e9f61d872074e87db', 'display_name': 'Simple Audio Listen', 'outputs': [{'output_id': '1701d5f349f82317a80e9f61d872074e87db', 'zone_id': '1601d5f349f82317a80e9f61d872074e87db', 'can_group_with_output_ids': ['1701e4d6660c81a5eed2399191df1a3d21b4', '1701691e6c42e8d6350d991167d5e7310ebc', '1701d5f349f82317a80e9f61d872074e87db'], 'display_name': 'Simple Audio Listen', 'volume': {'type': 'number', 'min': 0, 'max': 100, 'value': 100, 'step': 1, 'is_muted': False, 'hard_limit_min': 0, 'hard_limit_max': 100, 'soft_limit': 100}, 'source_controls': [{'control_key': '1', 'display_name': 'Simple Audio Listen', 'supports_standby': False, 'status': 'indeterminate'}]}], 'state': 'paused', 'is_next_allowed': True, 'is_previous_allowed': True, 'is_pause_allowed': False, 'is_play_allowed': True, 'is_seek_allowed': True, 'queue_items_remaining': 1, 'queue_time_remaining': 256, 'settings': {'loop': 'disabled', 'shuffle': False, 'auto_radio': True}, 'now_playing': {'seek_position': 4, 'length': 260, 'one_line': {'line1': 'Boom Boom - John Lee Hooker / Jimmie Vaughan'}, 'two_line': {'line1': 'Boom Boom', 'line2': 'John Lee Hooker / Jimmie Vaughan'}, 'three_line': {'line1': 'Boom Boom', 'line2': 'John Lee Hooker / Jimmie Vaughan', 'line3': 'The Best Of Friends'}, 'image_key': '944ee689470fe085fc821eec1305157c', 'artist_image_keys': ['0c37cb5d856daa3a74d9928d66c7c53f', '63a11229ab1235924b1bf36d2ef01b47']}}, '1601691e6c42e8d6350d991167d5e7310ebc': {'zone_id': '1601691e6c42e8d6350d991167d5e7310ebc', 'display_name': '284KMB-HDR', 'outputs': [{'output_id': '1701691e6c42e8d6350d991167d5e7310ebc', 'zone_id': '1601691e6c42e8d6350d991167d5e7310ebc', 'can_group_with_output_ids': ['1701e4d6660c81a5eed2399191df1a3d21b4', '1701691e6c42e8d6350d991167d5e7310ebc', '1701d5f349f82317a80e9f61d872074e87db'], 'display_name': '284KMB-HDR', 'volume': {'type': 'number', 'min': 0, 'max': 100, 'value': 100, 'step': 1, 'is_muted': False, 'hard_limit_min': 0, 'hard_limit_max': 100, 'soft_limit': 100}, 'source_controls': [{'control_key': '1', 'display_name': '284KMB-HDR', 'supports_standby': False, 'status': 'indeterminate'}]}], 'state': 'stopped', 'is_next_allowed': True, 'is_previous_allowed': True, 'is_pause_allowed': False, 'is_play_allowed': True, 'is_seek_allowed': False, 'queue_items_remaining': 9, 'queue_time_remaining': 1795, 'settings': {'loop': 'disabled', 'shuffle': False, 'auto_radio': True}, 'now_playing': {'seek_position': None, 'length': 206, 'one_line': {'line1': 'The Thing Is - The Tubs'}, 'two_line': {'line1': 'The Thing Is', 'line2': 'The Tubs'}, 'three_line': {'line1': 'The Thing Is', 'line2': 'The Tubs', 'line3': 'Cotton Crown'}, 'image_key': 'cbffa5cde961c4521aa779c813e057d8'}}} [[connect_to_roon]]
2025-05-20 14:20:25,749 [DEBUG  ] RoonArtFrame: Processing zone 1601e4d6660c81a5eed2399191df1a3d21b4, data keys: dict_keys(['zone_id', 'display_name', 'outputs', 'state', 'is_next_allowed', 'is_previous_allowed', 'is_pause_allowed', 'is_play_allowed', 'is_seek_allowed', 'queue_items_remaining', 'queue_time_remaining', 'settings', 'now_playing']) [[process_zone_data]]
2025-05-20 14:20:25,749 [DEBUG  ] RoonArtFrame: Now playing keys: dict_keys(['seek_position', 'length', 'one_line', 'two_line', 'three_line', 'image_key', 'artist_image_keys']) [[process_now_playing]]
2025-05-20 14:20:25,750 [DEBUG  ] RoonArtFrame: Update contains the same image as is currently displayed [[process_now_playing]]
2025-05-20 14:20:25,750 [INFO   ] RoonArtFrame: Registering for state callbacks... [[subscribe_to_events]]
2025-05-20 14:20:25,751 [INFO   ] RoonArtFrame: Registering state callback... [[subscribe_to_events]]
2025-05-20 14:20:25,751 [INFO   ] RoonArtFrame: Successfully registered for state callbacks [[subscribe_to_events]]
2025-05-20 14:20:25,753 [INFO   ] RoonArtFrame: Event loop started [[event_loop]]
2025-05-20 14:20:25,834 [DEBUG  ] RoonArtFrame: Processing zones_changed event [[zone_event_callback]]
2025-05-20 14:20:25,834 [DEBUG  ] RoonArtFrame: Processing zone 1601e4d6660c81a5eed2399191df1a3d21b4, data keys: dict_keys(['zone_id', 'display_name', 'outputs', 'state', 'is_next_allowed', 'is_previous_allowed', 'is_pause_allowed', 'is_play_allowed', 'is_seek_allowed', 'queue_items_remaining', 'queue_time_remaining', 'settings', 'now_playing']) [[process_zone_data]]
2025-05-20 14:20:25,835 [DEBUG  ] RoonArtFrame: Now playing keys: dict_keys(['seek_position', 'length', 'one_line', 'two_line', 'three_line', 'image_key', 'artist_image_keys']) [[process_now_playing]]
2025-05-20 14:20:25,835 [DEBUG  ] RoonArtFrame: Update contains the same image as is currently displayed [[process_now_playing]]
2025-05-20 14:20:25,836 [DEBUG  ] RoonArtFrame: Processing zone 1601d5f349f82317a80e9f61d872074e87db, data keys: dict_keys(['zone_id', 'display_name', 'outputs', 'state', 'is_next_allowed', 'is_previous_allowed', 'is_pause_allowed', 'is_play_allowed', 'is_seek_allowed', 'queue_items_remaining', 'queue_time_remaining', 'settings', 'now_playing']) [[process_zone_data]]
2025-05-20 14:20:25,836 [DEBUG  ] RoonArtFrame: Received event from zone Simple Audio Listen but it is not in the allowed list [[process_zone_data]]
2025-05-20 14:20:25,837 [DEBUG  ] RoonArtFrame: Processing zone 1601691e6c42e8d6350d991167d5e7310ebc, data keys: dict_keys(['zone_id', 'display_name', 'outputs', 'state', 'is_next_allowed', 'is_previous_allowed', 'is_pause_allowed', 'is_play_allowed', 'is_seek_allowed', 'queue_items_remaining', 'queue_time_remaining', 'settings', 'now_playing']) [[process_zone_data]]
2025-05-20 14:20:25,838 [DEBUG  ] RoonArtFrame: Received event from zone 284KMB-HDR but it is not in the allowed list [[process_zone_data]]
2025-05-20 14:20:45,728 [DEBUG  ] websocket   : Sending ping [[debug]]
2025-05-20 14:20:55,729 [DEBUG  ] websocket   : Sending ping [[debug]]
2025-05-20 14:21:05,730 [DEBUG  ] websocket   : Sending ping [[debug]]
2025-05-20 14:21:15,731 [DEBUG  ] websocket   : Sending ping [[debug]]
2025-05-20 14:21:25,733 [DEBUG  ] websocket   : Sending ping [[debug]]
2025-05-20 14:21:35,734 [DEBUG  ] websocket   : Sending ping [[debug]]
2025-05-20 14:21:40,725 [DEBUG  ] RoonArtFrame: Processing zones_changed event [[zone_event_callback]]
2025-05-20 14:21:40,726 [DEBUG  ] RoonArtFrame: Processing zone 1601e4d6660c81a5eed2399191df1a3d21b4, data keys: dict_keys(['zone_id', 'display_name', 'outputs', 'state', 'is_next_allowed', 'is_previous_allowed', 'is_pause_allowed', 'is_play_allowed', 'is_seek_allowed', 'queue_items_remaining', 'queue_time_remaining', 'settings', 'now_playing', 'seek_position']) [[process_zone_data]]
2025-05-20 14:21:40,726 [DEBUG  ] RoonArtFrame: Now playing keys: dict_keys(['seek_position', 'length', 'one_line', 'two_line', 'three_line', 'image_key', 'artist_image_keys']) [[process_now_playing]]
2025-05-20 14:21:40,727 [DEBUG  ] RoonArtFrame: Update contains the same image as is currently displayed [[process_now_playing]]
2025-05-20 14:21:41,220 [DEBUG  ] RoonArtFrame: Processing zones_changed event [[zone_event_callback]]
2025-05-20 14:21:41,221 [DEBUG  ] RoonArtFrame: Processing zone 1601e4d6660c81a5eed2399191df1a3d21b4, data keys: dict_keys(['zone_id', 'display_name', 'outputs', 'state', 'is_next_allowed', 'is_previous_allowed', 'is_pause_allowed', 'is_play_allowed', 'is_seek_allowed', 'queue_items_remaining', 'queue_time_remaining', 'settings', 'now_playing', 'seek_position']) [[process_zone_data]]
2025-05-20 14:21:41,222 [DEBUG  ] RoonArtFrame: Now playing keys: dict_keys(['seek_position', 'length', 'one_line', 'two_line', 'three_line', 'image_key', 'artist_image_keys']) [[process_now_playing]]
2025-05-20 14:21:41,223 [DEBUG  ] RoonArtFrame: Ignoring duplicate event {'seek_position': None, 'length': 244, 'one_line': {'line1': 'champagne problems - Taylor Swift'}, 'two_line': {'line1': 'champagne problems', 'line2': 'Taylor Swift'}, 'three_line': {'line1': 'champagne problems', 'line2': 'Taylor Swift', 'line3': 'evermore'}, 'image_key': 'a88c950678e32436f4f752bae320b4d1', 'artist_image_keys': ['2f78bf599924cd68e389449be9023028']} [[process_now_playing]]
2025-05-20 14:21:45,736 [DEBUG  ] websocket   : Sending ping [[debug]]
2025-05-20 14:21:55,737 [DEBUG  ] websocket   : Sending ping [[debug]]
2025-05-20 14:22:05,738 [DEBUG  ] websocket   : Sending ping [[debug]]
2025-05-20 14:22:12,106 [DEBUG  ] RoonArtFrame: Processing zones_changed event [[zone_event_callback]]
2025-05-20 14:22:12,107 [DEBUG  ] RoonArtFrame: Processing zone 1601e4d6660c81a5eed2399191df1a3d21b4, data keys: dict_keys(['zone_id', 'display_name', 'outputs', 'state', 'is_next_allowed', 'is_previous_allowed', 'is_pause_allowed', 'is_play_allowed', 'is_seek_allowed', 'queue_items_remaining', 'queue_time_remaining', 'settings', 'now_playing', 'seek_position']) [[process_zone_data]]
2025-05-20 14:22:12,107 [DEBUG  ] RoonArtFrame: Now playing keys: dict_keys(['seek_position', 'length', 'one_line', 'two_line', 'three_line', 'image_key', 'artist_image_keys']) [[process_now_playing]]
2025-05-20 14:22:12,107 [INFO   ] RoonArtFrame: New track detected with image key: 56f94465e9073619daebc3f23c80c188 [[process_now_playing]]
2025-05-20 14:22:12,108 [INFO   ] RoonArtFrame: Now Playing: CUFF IT - Beyoncé - RENAISSANCE [[process_now_playing]]
2025-05-20 14:22:12,110 [INFO   ] RoonArtFrame: Fetching album art from: http://192.168.1.56:9330/api/image/56f94465e9073619daebc3f23c80c188?scale=fit&width=1200&height=1200 [[fetch_and_display_album_art]]
2025-05-20 14:22:12,137 [DEBUG  ] urllib3.connectionpool: Starting new HTTP connection (1): 192.168.1.56:9330 [[_new_conn]]
2025-05-20 14:22:14,527 [DEBUG  ] urllib3.connectionpool: http://192.168.1.56:9330 "GET /api/image/56f94465e9073619daebc3f23c80c188?scale=fit&width=1200&height=1200 HTTP/1.1" 200 181463 [[_make_request]]
2025-05-20 14:22:14,530 [DEBUG  ] RoonArtFrame: Image successfully downloaded [[download_image]]
2025-05-20 14:22:14,936 [INFO   ] RoonArtFrame: Successfully saved album art to /mnt/dietpi_userdata/album_art/album_art_56f94465e9073619daebc3f23c80c188.jpg [[fetch_and_display_album_art]]
2025-05-20 14:22:14,943 [DEBUG  ] RoonArtFrame: Updating viewer [[fetch_and_display_album_art]]
2025-05-20 14:22:14,944 [INFO   ] RoonArtFrame: Setting should_stop for CUFF IT [[update]]
2025-05-20 14:22:14,944 [DEBUG  ] RoonArtFrame: Starting to process image position [[process_image_position]]
2025-05-20 14:22:14,987 [DEBUG  ] RoonArtFrame: Resizing [[process_image_position]]
2025-05-20 14:22:15,002 [DEBUG  ] RoonArtFrame: Padding [[pad_image_to_size]]
2025-05-20 14:22:15,003 [DEBUG  ] RoonArtFrame: Starting creating new image [[pad_image_to_size]]
2025-05-20 14:22:15,026 [DEBUG  ] RoonArtFrame: Finished creating new image [[pad_image_to_size]]
2025-05-20 14:22:15,027 [DEBUG  ] RoonArtFrame: Starting pasting images together [[pad_image_to_size]]
2025-05-20 14:22:15,032 [DEBUG  ] RoonArtFrame: Finished pasting images together [[pad_image_to_size]]
2025-05-20 14:22:15,033 [DEBUG  ] RoonArtFrame: Checking previous update thread for CUFF IT [[update]]
2025-05-20 14:22:15,033 [DEBUG  ] RoonArtFrame: Creating new update thread for CUFF IT [[update]]
2025-05-20 14:22:15,035 [DEBUG  ] RoonArtFrame: Starting sending image to display for CUFF IT [[display_image]]
2025-05-20 14:22:15,039 [DEBUG  ] RoonArtFrame: Processing zones_changed event [[zone_event_callback]]
2025-05-20 14:22:15,040 [DEBUG  ] RoonArtFrame: Processing zone 1601e4d6660c81a5eed2399191df1a3d21b4, data keys: dict_keys(['zone_id', 'display_name', 'outputs', 'state', 'is_next_allowed', 'is_previous_allowed', 'is_pause_allowed', 'is_play_allowed', 'is_seek_allowed', 'queue_items_remaining', 'queue_time_remaining', 'settings', 'now_playing', 'seek_position']) [[process_zone_data]]
2025-05-20 14:22:15,041 [DEBUG  ] RoonArtFrame: Now playing keys: dict_keys(['seek_position', 'length', 'one_line', 'two_line', 'three_line', 'image_key', 'artist_image_keys']) [[process_now_playing]]
2025-05-20 14:22:15,042 [INFO   ] RoonArtFrame: New track detected with image key: f97edc3a0ea1e92d0007ca5f468defa3 [[process_now_playing]]
2025-05-20 14:22:15,043 [INFO   ] RoonArtFrame: Now Playing: Zombieboy - Lady Gaga - MAYHEM [[process_now_playing]]
2025-05-20 14:22:15,045 [DEBUG  ] RoonArtFrame: File already exists at /mnt/dietpi_userdata/album_art/album_art_f97edc3a0ea1e92d0007ca5f468defa3.jpg [[fetch_and_display_album_art]]
2025-05-20 14:22:15,048 [DEBUG  ] RoonArtFrame: Updating viewer [[fetch_and_display_album_art]]
2025-05-20 14:22:15,053 [INFO   ] RoonArtFrame: Setting should_stop for Zombieboy [[update]]
2025-05-20 14:22:15,054 [DEBUG  ] RoonArtFrame: Starting to process image position [[process_image_position]]
2025-05-20 14:22:15,131 [DEBUG  ] RoonArtFrame: Resizing [[process_image_position]]
2025-05-20 14:22:15,146 [DEBUG  ] RoonArtFrame: Padding [[pad_image_to_size]]
2025-05-20 14:22:15,146 [DEBUG  ] RoonArtFrame: Starting creating new image [[pad_image_to_size]]
2025-05-20 14:22:15,168 [DEBUG  ] RoonArtFrame: Finished creating new image [[pad_image_to_size]]
2025-05-20 14:22:15,169 [DEBUG  ] RoonArtFrame: Starting pasting images together [[pad_image_to_size]]
2025-05-20 14:22:15,175 [DEBUG  ] RoonArtFrame: Finished pasting images together [[pad_image_to_size]]
2025-05-20 14:22:15,180 [DEBUG  ] RoonArtFrame: Checking previous update thread for Zombieboy [[update]]
2025-05-20 14:22:15,180 [DEBUG  ] RoonArtFrame: Waiting for previous thread to finish for Zombieboy [[update]]
2025-05-20 14:22:15,281 [DEBUG  ] RoonArtFrame: Waiting for previous thread to finish for Zombieboy [[update]]
2025-05-20 14:22:15,387 [DEBUG  ] RoonArtFrame: Waiting for previous thread to finish for Zombieboy [[update]]
2025-05-20 14:22:15,497 [DEBUG  ] RoonArtFrame: Waiting for previous thread to finish for Zombieboy [[update]]
2025-05-20 14:22:15,608 [DEBUG  ] RoonArtFrame: Waiting for previous thread to finish for Zombieboy [[update]]
2025-05-20 14:22:15,719 [DEBUG  ] RoonArtFrame: Waiting for previous thread to finish for Zombieboy [[update]]
2025-05-20 14:22:15,745 [DEBUG  ] websocket   : Sending ping [[debug]]
2025-05-20 14:22:15,830 [DEBUG  ] RoonArtFrame: Waiting for previous thread to finish for Zombieboy [[update]]
2025-05-20 14:22:15,941 [DEBUG  ] RoonArtFrame: Waiting for previous thread to finish for Zombieboy [[update]]
2025-05-20 14:22:16,051 [DEBUG  ] RoonArtFrame: Waiting for previous thread to finish for Zombieboy [[update]]
2025-05-20 14:22:16,162 [DEBUG  ] RoonArtFrame: Waiting for previous thread to finish for Zombieboy [[update]]
2025-05-20 14:22:16,273 [DEBUG  ] RoonArtFrame: Waiting for previous thread to finish for Zombieboy [[update]]
2025-05-20 14:22:16,384 [DEBUG  ] RoonArtFrame: Waiting for previous thread to finish for Zombieboy [[update]]
2025-05-20 14:22:16,495 [DEBUG  ] RoonArtFrame: Waiting for previous thread to finish for Zombieboy [[update]]
2025-05-20 14:22:16,587 [DEBUG  ] epd13in3E   : Sending data 1 for CUFF IT [[display]]
2025-05-20 14:22:16,587 [INFO   ] epd13in3E   : Returning early from [[display]] due to should_stop for 1 CUFF IT [[returnFunc]]
2025-05-20 14:22:16,596 [INFO   ] RoonArtFrame: Finished sending image to display for CUFF IT [[display_image]]
2025-05-20 14:22:16,600 [DEBUG  ] RoonArtFrame: Creating new update thread for Zombieboy [[update]]
2025-05-20 14:22:16,603 [DEBUG  ] RoonArtFrame: Starting sending image to display for Zombieboy [[display_image]]
2025-05-20 14:22:17,460 [DEBUG  ] RoonArtFrame: Processing zones_changed event [[zone_event_callback]]
2025-05-20 14:22:17,470 [DEBUG  ] RoonArtFrame: Processing zone 1601e4d6660c81a5eed2399191df1a3d21b4, data keys: dict_keys(['zone_id', 'display_name', 'outputs', 'state', 'is_next_allowed', 'is_previous_allowed', 'is_pause_allowed', 'is_play_allowed', 'is_seek_allowed', 'queue_items_remaining', 'queue_time_remaining', 'settings', 'now_playing', 'seek_position']) [[process_zone_data]]
2025-05-20 14:22:17,476 [DEBUG  ] RoonArtFrame: Now playing keys: dict_keys(['seek_position', 'length', 'one_line', 'two_line', 'three_line', 'image_key', 'artist_image_keys']) [[process_now_playing]]
2025-05-20 14:22:17,482 [DEBUG  ] RoonArtFrame: Ignoring duplicate event {'seek_position': None, 'length': 213, 'one_line': {'line1': 'Zombieboy - Lady Gaga'}, 'two_line': {'line1': 'Zombieboy', 'line2': 'Lady Gaga'}, 'three_line': {'line1': 'Zombieboy', 'line2': 'Lady Gaga', 'line3': 'MAYHEM'}, 'image_key': 'f97edc3a0ea1e92d0007ca5f468defa3', 'artist_image_keys': ['a469c108a02e6dd1e95fc42711c678c0']} [[process_now_playing]]
2025-05-20 14:22:18,261 [DEBUG  ] epd13in3E   : Sending data 1 for Zombieboy [[display]]
2025-05-20 14:22:19,900 [DEBUG  ] epd13in3E   : Sending data 2 for Zombieboy [[display]]
2025-05-20 14:22:21,540 [WARNING] epd13in3E   : POWER ON = False [[updateDisplay]]
2025-05-20 14:22:21,541 [DEBUG  ] epd13in3E   : Write power on starting for Zombieboy [[writePower]]
2025-05-20 14:22:21,541 [DEBUG  ] epd13in3E   : e-Paper busy H checking at [[updateDisplay]] for Zombieboy [[ReadBusyH]]
2025-05-20 14:22:21,541 [DEBUG  ] epd13in3E   : e-Paper busy H released at [[updateDisplay]] for Zombieboy [[ReadBusyH]]
2025-05-20 14:22:21,592 [DEBUG  ] epd13in3E   : Write DRF for Zombieboy [[writeDRF]]
2025-05-20 14:22:21,593 [DEBUG  ] epd13in3E   : e-Paper busy H checking at Write DRF Zombieboy [[ReadBusyH]]
2025-05-20 14:22:21,593 [DEBUG  ] epd13in3E   : e-Paper busy H released at Write DRF Zombieboy [[ReadBusyH]]
2025-05-20 14:22:21,593 [DEBUG  ] epd13in3E   : Write power off starting for Zombieboy [[writePower]]
2025-05-20 14:22:21,594 [DEBUG  ] epd13in3E   : e-Paper busy H checking at [[updateDisplay]] for Zombieboy [[ReadBusyH]]
2025-05-20 14:22:21,594 [DEBUG  ] epd13in3E   : e-Paper busy H released at [[updateDisplay]] for Zombieboy [[ReadBusyH]]
2025-05-20 14:22:21,595 [DEBUG  ] epd13in3E   : Write to display complete for Zombieboy [[updateDisplay]]
2025-05-20 14:22:21,606 [INFO   ] RoonArtFrame: Finished sending image to display for Zombieboy [[display_image]]
2025-05-20 14:22:25,756 [DEBUG  ] websocket   : Sending ping [[debug]]
2025-05-20 14:22:35,757 [DEBUG  ] websocket   : Sending ping [[debug]]
2025-05-20 14:22:45,759 [DEBUG  ] websocket   : Sending ping [[debug]]
2025-05-20 14:22:55,760 [DEBUG  ] websocket   : Sending ping [[debug]]
2025-05-20 14:23:05,761 [DEBUG  ] websocket   : Sending ping [[debug]]
