2025-05-20 15:13:26,218 [DEBUG  ] RoonArtFrame: Adding libdir to path: /mnt/dietpi_userdata/roon-album-art-display/libs [[<module>]]
2025-05-20 15:13:26,225 [INFO   ] RoonArtFrame: Configuration loaded [[load_config]]
2025-05-20 15:13:26,226 [DEBUG  ] RoonArtFrame: Importing epd13in3E [[<module>]]
2025-05-20 15:13:26,325 [DEBUG  ] epd13in3E   : Exiting early [[EarlyExit]]
2025-05-20 15:13:26,326 [DEBUG  ] RoonArtFrame: Finished importing epd13in3E [[<module>]]
2025-05-20 15:13:26,327 [DEBUG  ] epd13in3E   : EPD init... [[Init]]
2025-05-20 15:13:26,481 [DEBUG  ] epd13in3E   : e-Paper busy H checking at EPD init [[ReadBusyH]]
2025-05-20 15:13:26,482 [DEBUG  ] epd13in3E   : e-Paper busy H released at EPD init [[ReadBusyH]]
2025-05-20 15:13:26,484 [DEBUG  ] RoonArtFrame: Created viewer [[<module>]]
2025-05-20 15:13:26,484 [INFO   ] RoonArtFrame: Starting Roon Album Art Display [[__init__]]
2025-05-20 15:13:26,485 [INFO   ] RoonArtFrame: Allowed zone names: ["System Output"] [[__init__]]
2025-05-20 15:13:26,486 [INFO   ] RoonArtFrame: Forbidden zone names: ["comma", "separated", "list of zone names"] [[__init__]]
2025-05-20 15:13:26,488 [INFO   ] RoonArtFrame: Token file path: /root/.roon_album_display_token.txt [[__init__]]
2025-05-20 15:13:26,491 [INFO   ] RoonArtFrame: Connecting to Roon before starting display... [[__init__]]
2025-05-20 15:13:26,492 [INFO   ] RoonArtFrame: Found existing auth token [[connect_to_roon]]
2025-05-20 15:13:26,493 [INFO   ] RoonArtFrame: Trying direct connection to saved server at 192.168.1.56:9330 [[connect_to_roon]]
2025-05-20 15:13:26,514 [INFO   ] websocket   : Websocket connected [[info]]
2025-05-20 15:13:26,550 [INFO   ] RoonArtFrame: Successfully connected to saved server! [[connect_to_roon]]
2025-05-20 15:13:26,551 [DEBUG  ] RoonArtFrame: Zones data: {'1601e4d6660c81a5eed2399191df1a3d21b4': {'zone_id': '1601e4d6660c81a5eed2399191df1a3d21b4', 'display_name': 'System Output', 'outputs': [{'output_id': '1701e4d6660c81a5eed2399191df1a3d21b4', 'zone_id': '1601e4d6660c81a5eed2399191df1a3d21b4', 'can_group_with_output_ids': ['1701e4d6660c81a5eed2399191df1a3d21b4', '1701691e6c42e8d6350d991167d5e7310ebc', '1701d5f349f82317a80e9f61d872074e87db'], 'display_name': 'System Output', 'volume': {'type': 'number', 'min': 0, 'max': 100, 'value': 10, 'step': 1, 'is_muted': False, 'hard_limit_min': 0, 'hard_limit_max': 100, 'soft_limit': 100}, 'source_controls': [{'control_key': '1', 'display_name': 'System Output', 'supports_standby': False, 'status': 'indeterminate'}]}], 'state': 'playing', 'is_next_allowed': True, 'is_previous_allowed': True, 'is_pause_allowed': True, 'is_play_allowed': False, 'is_seek_allowed': True, 'queue_items_remaining': 1, 'queue_time_remaining': 82, 'settings': {'loop': 'disabled', 'shuffle': False, 'auto_radio': True}, 'now_playing': {'seek_position': 146, 'length': 228, 'one_line': {'line1': 'Break In (Backini Remix) - Skalpel'}, 'two_line': {'line1': 'Break In (Backini Remix)', 'line2': 'Skalpel'}, 'three_line': {'line1': 'Break In (Backini Remix)', 'line2': 'Skalpel', 'line3': 'Konfusion'}, 'image_key': 'e96e3bfddb206b812b3603e988277d02', 'artist_image_keys': ['38ffab83f0a733d4f168fb9455d58107']}}, '1601691e6c42e8d6350d991167d5e7310ebc': {'zone_id': '1601691e6c42e8d6350d991167d5e7310ebc', 'display_name': '284KMB-HDR', 'outputs': [{'output_id': '1701691e6c42e8d6350d991167d5e7310ebc', 'zone_id': '1601691e6c42e8d6350d991167d5e7310ebc', 'can_group_with_output_ids': ['1701e4d6660c81a5eed2399191df1a3d21b4', '1701691e6c42e8d6350d991167d5e7310ebc', '1701d5f349f82317a80e9f61d872074e87db'], 'display_name': '284KMB-HDR', 'volume': {'type': 'number', 'min': 0, 'max': 100, 'value': 100, 'step': 1, 'is_muted': False, 'hard_limit_min': 0, 'hard_limit_max': 100, 'soft_limit': 100}, 'source_controls': [{'control_key': '1', 'display_name': '284KMB-HDR', 'supports_standby': False, 'status': 'indeterminate'}]}], 'state': 'stopped', 'is_next_allowed': True, 'is_previous_allowed': True, 'is_pause_allowed': False, 'is_play_allowed': True, 'is_seek_allowed': False, 'queue_items_remaining': 9, 'queue_time_remaining': 1795, 'settings': {'loop': 'disabled', 'shuffle': False, 'auto_radio': True}, 'now_playing': {'seek_position': None, 'length': 206, 'one_line': {'line1': 'The Thing Is - The Tubs'}, 'two_line': {'line1': 'The Thing Is', 'line2': 'The Tubs'}, 'three_line': {'line1': 'The Thing Is', 'line2': 'The Tubs', 'line3': 'Cotton Crown'}, 'image_key': 'cbffa5cde961c4521aa779c813e057d8'}}, '1601d5f349f82317a80e9f61d872074e87db': {'zone_id': '1601d5f349f82317a80e9f61d872074e87db', 'display_name': 'Simple Audio Listen', 'outputs': [{'output_id': '1701d5f349f82317a80e9f61d872074e87db', 'zone_id': '1601d5f349f82317a80e9f61d872074e87db', 'can_group_with_output_ids': ['1701e4d6660c81a5eed2399191df1a3d21b4', '1701691e6c42e8d6350d991167d5e7310ebc', '1701d5f349f82317a80e9f61d872074e87db'], 'display_name': 'Simple Audio Listen', 'volume': {'type': 'number', 'min': 0, 'max': 100, 'value': 100, 'step': 1, 'is_muted': False, 'hard_limit_min': 0, 'hard_limit_max': 100, 'soft_limit': 100}, 'source_controls': [{'control_key': '1', 'display_name': 'Simple Audio Listen', 'supports_standby': False, 'status': 'indeterminate'}]}], 'state': 'paused', 'is_next_allowed': True, 'is_previous_allowed': True, 'is_pause_allowed': False, 'is_play_allowed': True, 'is_seek_allowed': True, 'queue_items_remaining': 1, 'queue_time_remaining': 256, 'settings': {'loop': 'disabled', 'shuffle': False, 'auto_radio': True}, 'now_playing': {'seek_position': 4, 'length': 260, 'one_line': {'line1': 'Boom Boom - John Lee Hooker / Jimmie Vaughan'}, 'two_line': {'line1': 'Boom Boom', 'line2': 'John Lee Hooker / Jimmie Vaughan'}, 'three_line': {'line1': 'Boom Boom', 'line2': 'John Lee Hooker / Jimmie Vaughan', 'line3': 'The Best Of Friends'}, 'image_key': '944ee689470fe085fc821eec1305157c', 'artist_image_keys': ['0c37cb5d856daa3a74d9928d66c7c53f', '63a11229ab1235924b1bf36d2ef01b47']}}} [[connect_to_roon]]
2025-05-20 15:13:26,552 [DEBUG  ] RoonArtFrame: Processing zone 1601e4d6660c81a5eed2399191df1a3d21b4, data keys: dict_keys(['zone_id', 'display_name', 'outputs', 'state', 'is_next_allowed', 'is_previous_allowed', 'is_pause_allowed', 'is_play_allowed', 'is_seek_allowed', 'queue_items_remaining', 'queue_time_remaining', 'settings', 'now_playing']) [[process_zone_data]]
2025-05-20 15:13:26,552 [DEBUG  ] RoonArtFrame: Now playing keys: dict_keys(['seek_position', 'length', 'one_line', 'two_line', 'three_line', 'image_key', 'artist_image_keys']) [[process_now_playing]]
2025-05-20 15:13:26,553 [DEBUG  ] RoonArtFrame: Update contains the same image as is currently displayed [[process_now_playing]]
2025-05-20 15:13:26,554 [DEBUG  ] RoonArtFrame: Processing zone 1601691e6c42e8d6350d991167d5e7310ebc, data keys: dict_keys(['zone_id', 'display_name', 'outputs', 'state', 'is_next_allowed', 'is_previous_allowed', 'is_pause_allowed', 'is_play_allowed', 'is_seek_allowed', 'queue_items_remaining', 'queue_time_remaining', 'settings', 'now_playing']) [[process_zone_data]]
2025-05-20 15:13:26,554 [DEBUG  ] RoonArtFrame: Received event from zone 284KMB-HDR but it is not in the allowed list [[process_zone_data]]
2025-05-20 15:13:26,555 [DEBUG  ] RoonArtFrame: Processing zone 1601d5f349f82317a80e9f61d872074e87db, data keys: dict_keys(['zone_id', 'display_name', 'outputs', 'state', 'is_next_allowed', 'is_previous_allowed', 'is_pause_allowed', 'is_play_allowed', 'is_seek_allowed', 'queue_items_remaining', 'queue_time_remaining', 'settings', 'now_playing']) [[process_zone_data]]
2025-05-20 15:13:26,556 [DEBUG  ] RoonArtFrame: Received event from zone Simple Audio Listen but it is not in the allowed list [[process_zone_data]]
2025-05-20 15:13:26,556 [INFO   ] RoonArtFrame: Registering for state callbacks... [[subscribe_to_events]]
2025-05-20 15:13:26,557 [INFO   ] RoonArtFrame: Registering state callback... [[subscribe_to_events]]
2025-05-20 15:13:26,557 [INFO   ] RoonArtFrame: Successfully registered for state callbacks [[subscribe_to_events]]
2025-05-20 15:13:26,560 [INFO   ] RoonArtFrame: Event loop started [[event_loop]]
2025-05-20 15:13:35,262 [DEBUG  ] RoonArtFrame: Processing zones_changed event [[zone_event_callback]]
2025-05-20 15:13:35,263 [DEBUG  ] RoonArtFrame: Processing zone 1601e4d6660c81a5eed2399191df1a3d21b4, data keys: dict_keys(['zone_id', 'display_name', 'outputs', 'state', 'is_next_allowed', 'is_previous_allowed', 'is_pause_allowed', 'is_play_allowed', 'is_seek_allowed', 'queue_items_remaining', 'queue_time_remaining', 'settings', 'now_playing', 'seek_position']) [[process_zone_data]]
2025-05-20 15:13:35,263 [DEBUG  ] RoonArtFrame: Now playing keys: dict_keys(['seek_position', 'length', 'one_line', 'two_line', 'three_line', 'image_key', 'artist_image_keys']) [[process_now_playing]]
2025-05-20 15:13:35,265 [INFO   ] RoonArtFrame: New track detected with image key: 61ae03b3c5d813be0410988da3a7ea00 [[process_now_playing]]
2025-05-20 15:13:35,266 [INFO   ] RoonArtFrame: Now Playing: Silent Shuffle - Parov Stelar / Jerry Di Monza - The Princess [[process_now_playing]]
2025-05-20 15:13:35,267 [INFO   ] RoonArtFrame: Fetching album art from: http://192.168.1.56:9330/api/image/61ae03b3c5d813be0410988da3a7ea00?scale=fit&width=1200&height=1200 [[fetch_and_display_album_art]]
2025-05-20 15:13:35,286 [DEBUG  ] urllib3.connectionpool: Starting new HTTP connection (1): 192.168.1.56:9330 [[_new_conn]]
2025-05-20 15:13:36,200 [DEBUG  ] urllib3.connectionpool: http://192.168.1.56:9330 "GET /api/image/61ae03b3c5d813be0410988da3a7ea00?scale=fit&width=1200&height=1200 HTTP/1.1" 200 472881 [[_make_request]]
2025-05-20 15:13:36,203 [DEBUG  ] RoonArtFrame: Image successfully downloaded [[download_image]]
2025-05-20 15:13:36,863 [INFO   ] RoonArtFrame: Successfully saved album art to /mnt/dietpi_userdata/album_art/album_art_61ae03b3c5d813be0410988da3a7ea00.jpg [[fetch_and_display_album_art]]
2025-05-20 15:13:36,864 [DEBUG  ] RoonArtFrame: Updating viewer [[fetch_and_display_album_art]]
2025-05-20 15:13:36,864 [DEBUG  ] RoonArtFrame: Starting to process image position [[process_image_position]]
2025-05-20 15:13:36,926 [DEBUG  ] RoonArtFrame: Resizing [[process_image_position]]
2025-05-20 15:13:36,949 [DEBUG  ] RoonArtFrame: Padding [[pad_image_to_size]]
2025-05-20 15:13:36,950 [DEBUG  ] RoonArtFrame: Starting creating new image [[pad_image_to_size]]
2025-05-20 15:13:36,988 [DEBUG  ] RoonArtFrame: Finished creating new image [[pad_image_to_size]]
2025-05-20 15:13:36,988 [DEBUG  ] RoonArtFrame: Starting pasting images together [[pad_image_to_size]]
2025-05-20 15:13:36,996 [DEBUG  ] RoonArtFrame: Finished pasting images together [[pad_image_to_size]]
2025-05-20 15:13:36,997 [DEBUG  ] RoonArtFrame: Checking previous update thread for Silent Shuffle [[update]]
2025-05-20 15:13:36,997 [DEBUG  ] RoonArtFrame: Creating new update thread for Silent Shuffle [[update]]
2025-05-20 15:13:36,999 [DEBUG  ] RoonArtFrame: Starting sending image to display for Silent Shuffle [[display_image]]
2025-05-20 15:13:37,005 [DEBUG  ] RoonArtFrame: Processing zones_changed event [[zone_event_callback]]
2025-05-20 15:13:37,006 [DEBUG  ] RoonArtFrame: Processing zone 1601e4d6660c81a5eed2399191df1a3d21b4, data keys: dict_keys(['zone_id', 'display_name', 'outputs', 'state', 'is_next_allowed', 'is_previous_allowed', 'is_pause_allowed', 'is_play_allowed', 'is_seek_allowed', 'queue_items_remaining', 'queue_time_remaining', 'settings', 'now_playing', 'seek_position']) [[process_zone_data]]
2025-05-20 15:13:37,007 [DEBUG  ] RoonArtFrame: Now playing keys: dict_keys(['seek_position', 'length', 'one_line', 'two_line', 'three_line', 'image_key', 'artist_image_keys']) [[process_now_playing]]
2025-05-20 15:13:37,008 [DEBUG  ] RoonArtFrame: Ignoring duplicate event {'seek_position': None, 'length': 213, 'one_line': {'line1': 'Silent Shuffle - Parov Stelar / Jerry Di Monza'}, 'two_line': {'line1': 'Silent Shuffle', 'line2': 'Parov Stelar / Jerry Di Monza'}, 'three_line': {'line1': 'Silent Shuffle', 'line2': 'Parov Stelar / Jerry Di Monza', 'line3': 'The Princess'}, 'image_key': '61ae03b3c5d813be0410988da3a7ea00', 'artist_image_keys': ['681d995a2d52b349739f79f088184448', '6eadc2827fa65f90d03b41d147480ed1']} [[process_now_playing]]
2025-05-20 15:13:38,771 [DEBUG  ] epd13in3E   : e-Paper busy H checking at Starting [[display_image]] Silent Shuffle [[ReadBusyH]]
2025-05-20 15:13:38,772 [DEBUG  ] epd13in3E   : e-Paper busy H released at Starting [[display_image]] Silent Shuffle [[ReadBusyH]]
2025-05-20 15:13:38,772 [DEBUG  ] epd13in3E   : Sending data 1 for Silent Shuffle [[display]]
2025-05-20 15:13:40,410 [DEBUG  ] epd13in3E   : Sending data 2 for Silent Shuffle [[display]]
2025-05-20 15:13:42,043 [DEBUG  ] epd13in3E   : POWER ON = False [[updateDisplay]]
2025-05-20 15:13:42,044 [DEBUG  ] epd13in3E   : Write power on starting for Silent Shuffle [[writePower]]
2025-05-20 15:13:42,044 [DEBUG  ] epd13in3E   : e-Paper busy H checking at [[updateDisplay]] for Silent Shuffle [[ReadBusyH]]
2025-05-20 15:13:42,345 [DEBUG  ] epd13in3E   : e-Paper busy H released at [[updateDisplay]] for Silent Shuffle [[ReadBusyH]]
2025-05-20 15:13:42,395 [DEBUG  ] epd13in3E   : Write DRF for Silent Shuffle [[writeDRF]]
2025-05-20 15:13:42,396 [DEBUG  ] epd13in3E   : e-Paper busy H checking at Write DRF Silent Shuffle [[ReadBusyH]]
2025-05-20 15:13:46,517 [DEBUG  ] websocket   : Sending ping [[debug]]
2025-05-20 15:13:49,355 [DEBUG  ] RoonArtFrame: Processing zones_changed event [[zone_event_callback]]
2025-05-20 15:13:49,405 [DEBUG  ] RoonArtFrame: Processing zone 1601e4d6660c81a5eed2399191df1a3d21b4, data keys: dict_keys(['zone_id', 'display_name', 'outputs', 'state', 'is_next_allowed', 'is_previous_allowed', 'is_pause_allowed', 'is_play_allowed', 'is_seek_allowed', 'queue_items_remaining', 'queue_time_remaining', 'settings', 'now_playing', 'seek_position']) [[process_zone_data]]
2025-05-20 15:13:49,407 [DEBUG  ] RoonArtFrame: Now playing keys: dict_keys(['seek_position', 'length', 'one_line', 'two_line', 'three_line', 'image_key', 'artist_image_keys']) [[process_now_playing]]
2025-05-20 15:13:49,408 [INFO   ] RoonArtFrame: New track detected with image key: a259f161494c310d7c88d1b3b6d0445c [[process_now_playing]]
2025-05-20 15:13:49,409 [INFO   ] RoonArtFrame: Now Playing: Hit - Humcrush - Rest at Worlds End [[process_now_playing]]
2025-05-20 15:13:49,411 [INFO   ] RoonArtFrame: Fetching album art from: http://192.168.1.56:9330/api/image/a259f161494c310d7c88d1b3b6d0445c?scale=fit&width=1200&height=1200 [[fetch_and_display_album_art]]
2025-05-20 15:13:49,422 [DEBUG  ] urllib3.connectionpool: Starting new HTTP connection (1): 192.168.1.56:9330 [[_new_conn]]
2025-05-20 15:13:50,384 [DEBUG  ] urllib3.connectionpool: http://192.168.1.56:9330 "GET /api/image/a259f161494c310d7c88d1b3b6d0445c?scale=fit&width=1200&height=1200 HTTP/1.1" 200 217191 [[_make_request]]
2025-05-20 15:13:50,388 [DEBUG  ] RoonArtFrame: Image successfully downloaded [[download_image]]
2025-05-20 15:13:50,679 [INFO   ] RoonArtFrame: Successfully saved album art to /mnt/dietpi_userdata/album_art/album_art_a259f161494c310d7c88d1b3b6d0445c.jpg [[fetch_and_display_album_art]]
2025-05-20 15:13:50,679 [DEBUG  ] RoonArtFrame: Updating viewer [[fetch_and_display_album_art]]
2025-05-20 15:13:50,679 [INFO   ] RoonArtFrame: Setting should_stop triggered by Hit [[update]]
2025-05-20 15:13:50,680 [DEBUG  ] RoonArtFrame: Starting to process image position [[process_image_position]]
2025-05-20 15:13:50,707 [INFO   ] epd13in3E   : Returning early from [[writeDRF]] due to should_stop for 5 Silent Shuffle [[returnFunc]]
2025-05-20 15:13:50,720 [INFO   ] RoonArtFrame: Finished sending image to display for Silent Shuffle [[display_image]]
2025-05-20 15:13:50,731 [DEBUG  ] RoonArtFrame: Resizing [[process_image_position]]
2025-05-20 15:13:50,753 [DEBUG  ] RoonArtFrame: Padding [[pad_image_to_size]]
2025-05-20 15:13:50,754 [DEBUG  ] RoonArtFrame: Starting creating new image [[pad_image_to_size]]
2025-05-20 15:13:50,785 [DEBUG  ] RoonArtFrame: Finished creating new image [[pad_image_to_size]]
2025-05-20 15:13:50,786 [DEBUG  ] RoonArtFrame: Starting pasting images together [[pad_image_to_size]]
2025-05-20 15:13:50,793 [DEBUG  ] RoonArtFrame: Finished pasting images together [[pad_image_to_size]]
2025-05-20 15:13:50,794 [DEBUG  ] RoonArtFrame: Checking previous update thread for Hit [[update]]
2025-05-20 15:13:50,796 [DEBUG  ] RoonArtFrame: Creating new update thread for Hit [[update]]
2025-05-20 15:13:50,798 [DEBUG  ] RoonArtFrame: Starting sending image to display for Hit [[display_image]]
2025-05-20 15:13:50,800 [DEBUG  ] RoonArtFrame: Processing zones_changed event [[zone_event_callback]]
2025-05-20 15:13:50,802 [DEBUG  ] RoonArtFrame: Processing zone 1601e4d6660c81a5eed2399191df1a3d21b4, data keys: dict_keys(['zone_id', 'display_name', 'outputs', 'state', 'is_next_allowed', 'is_previous_allowed', 'is_pause_allowed', 'is_play_allowed', 'is_seek_allowed', 'queue_items_remaining', 'queue_time_remaining', 'settings', 'now_playing', 'seek_position']) [[process_zone_data]]
2025-05-20 15:13:50,802 [DEBUG  ] RoonArtFrame: Now playing keys: dict_keys(['seek_position', 'length', 'one_line', 'two_line', 'three_line', 'image_key', 'artist_image_keys']) [[process_now_playing]]
2025-05-20 15:13:50,803 [DEBUG  ] RoonArtFrame: Ignoring duplicate event {'seek_position': None, 'length': 316, 'one_line': {'line1': 'Hit - Humcrush'}, 'two_line': {'line1': 'Hit', 'line2': 'Humcrush'}, 'three_line': {'line1': 'Hit', 'line2': 'Humcrush', 'line3': 'Rest at Worlds End'}, 'image_key': 'a259f161494c310d7c88d1b3b6d0445c', 'artist_image_keys': ['0e2574d4c9dbf201c6a904ae4208c3e6']} [[process_now_playing]]
2025-05-20 15:13:53,141 [DEBUG  ] epd13in3E   : e-Paper busy H checking at Starting [[display_image]] Hit [[ReadBusyH]]
2025-05-20 15:13:56,518 [DEBUG  ] websocket   : Sending ping [[debug]]
2025-05-20 15:14:01,251 [DEBUG  ] epd13in3E   : e-Paper busy H released at Starting [[display_image]] Hit [[ReadBusyH]]
2025-05-20 15:14:01,252 [DEBUG  ] epd13in3E   : Sending data 1 for Hit [[display]]
2025-05-20 15:14:03,790 [DEBUG  ] epd13in3E   : Sending data 2 for Hit [[display]]
2025-05-20 15:14:05,478 [DEBUG  ] epd13in3E   : Write DRF for Hit [[writeDRF]]
2025-05-20 15:14:05,478 [DEBUG  ] epd13in3E   : e-Paper busy H checking at Write DRF Hit [[ReadBusyH]]
2025-05-20 15:14:06,519 [DEBUG  ] websocket   : Sending ping [[debug]]
2025-05-20 15:14:16,520 [DEBUG  ] websocket   : Sending ping [[debug]]
2025-05-20 15:14:24,201 [DEBUG  ] epd13in3E   : e-Paper busy H released at Write DRF Hit [[ReadBusyH]]
2025-05-20 15:14:24,202 [DEBUG  ] epd13in3E   : Write power off starting for Hit [[writePower]]
2025-05-20 15:14:24,202 [DEBUG  ] epd13in3E   : e-Paper busy H checking at [[updateDisplay]] for Hit [[ReadBusyH]]
2025-05-20 15:14:24,302 [DEBUG  ] epd13in3E   : e-Paper busy H released at [[updateDisplay]] for Hit [[ReadBusyH]]
2025-05-20 15:14:24,303 [DEBUG  ] epd13in3E   : Write to display complete for Hit [[updateDisplay]]
2025-05-20 15:14:24,326 [INFO   ] RoonArtFrame: Finished sending image to display for Hit [[display_image]]
2025-05-20 15:14:26,522 [DEBUG  ] websocket   : Sending ping [[debug]]
2025-05-20 15:14:26,798 [DEBUG  ] RoonArtFrame: Processing zones_changed event [[zone_event_callback]]
2025-05-20 15:14:26,799 [DEBUG  ] RoonArtFrame: Processing zone 1601e4d6660c81a5eed2399191df1a3d21b4, data keys: dict_keys(['zone_id', 'display_name', 'outputs', 'state', 'is_next_allowed', 'is_previous_allowed', 'is_pause_allowed', 'is_play_allowed', 'is_seek_allowed', 'queue_items_remaining', 'queue_time_remaining', 'settings', 'now_playing', 'seek_position']) [[process_zone_data]]
2025-05-20 15:14:26,799 [DEBUG  ] RoonArtFrame: Now playing keys: dict_keys(['seek_position', 'length', 'one_line', 'two_line', 'three_line', 'image_key', 'artist_image_keys']) [[process_now_playing]]
2025-05-20 15:14:26,799 [INFO   ] RoonArtFrame: New track detected with image key: d7b0f5b36ddae374326743e48132bbf2 [[process_now_playing]]
2025-05-20 15:14:26,799 [INFO   ] RoonArtFrame: Now Playing: Africa - Gabin / Lisa Lore - Mr. Freedom [[process_now_playing]]
2025-05-20 15:14:26,801 [INFO   ] RoonArtFrame: Fetching album art from: http://192.168.1.56:9330/api/image/d7b0f5b36ddae374326743e48132bbf2?scale=fit&width=1200&height=1200 [[fetch_and_display_album_art]]
2025-05-20 15:14:26,811 [DEBUG  ] urllib3.connectionpool: Starting new HTTP connection (1): 192.168.1.56:9330 [[_new_conn]]
2025-05-20 15:14:27,523 [DEBUG  ] urllib3.connectionpool: http://192.168.1.56:9330 "GET /api/image/d7b0f5b36ddae374326743e48132bbf2?scale=fit&width=1200&height=1200 HTTP/1.1" 200 265941 [[_make_request]]
2025-05-20 15:14:27,526 [DEBUG  ] RoonArtFrame: Image successfully downloaded [[download_image]]
2025-05-20 15:14:27,994 [INFO   ] RoonArtFrame: Successfully saved album art to /mnt/dietpi_userdata/album_art/album_art_d7b0f5b36ddae374326743e48132bbf2.jpg [[fetch_and_display_album_art]]
2025-05-20 15:14:27,995 [DEBUG  ] RoonArtFrame: Updating viewer [[fetch_and_display_album_art]]
2025-05-20 15:14:27,996 [INFO   ] RoonArtFrame: Setting should_stop triggered by Africa [[update]]
2025-05-20 15:14:27,996 [DEBUG  ] RoonArtFrame: Starting to process image position [[process_image_position]]
2025-05-20 15:14:28,046 [DEBUG  ] RoonArtFrame: Resizing [[process_image_position]]
2025-05-20 15:14:28,068 [DEBUG  ] RoonArtFrame: Padding [[pad_image_to_size]]
2025-05-20 15:14:28,070 [DEBUG  ] RoonArtFrame: Starting creating new image [[pad_image_to_size]]
2025-05-20 15:14:28,105 [DEBUG  ] RoonArtFrame: Finished creating new image [[pad_image_to_size]]
2025-05-20 15:14:28,106 [DEBUG  ] RoonArtFrame: Starting pasting images together [[pad_image_to_size]]
2025-05-20 15:14:28,114 [DEBUG  ] RoonArtFrame: Finished pasting images together [[pad_image_to_size]]
2025-05-20 15:14:28,115 [DEBUG  ] RoonArtFrame: Checking previous update thread for Africa [[update]]
2025-05-20 15:14:28,115 [DEBUG  ] RoonArtFrame: Creating new update thread for Africa [[update]]
2025-05-20 15:14:28,117 [DEBUG  ] RoonArtFrame: Starting sending image to display for Africa [[display_image]]
2025-05-20 15:14:28,119 [DEBUG  ] RoonArtFrame: Processing zones_changed event [[zone_event_callback]]
2025-05-20 15:14:28,121 [DEBUG  ] RoonArtFrame: Processing zone 1601e4d6660c81a5eed2399191df1a3d21b4, data keys: dict_keys(['zone_id', 'display_name', 'outputs', 'state', 'is_next_allowed', 'is_previous_allowed', 'is_pause_allowed', 'is_play_allowed', 'is_seek_allowed', 'queue_items_remaining', 'queue_time_remaining', 'settings', 'now_playing', 'seek_position']) [[process_zone_data]]
2025-05-20 15:14:28,123 [DEBUG  ] RoonArtFrame: Now playing keys: dict_keys(['seek_position', 'length', 'one_line', 'two_line', 'three_line', 'image_key', 'artist_image_keys']) [[process_now_playing]]
2025-05-20 15:14:28,124 [DEBUG  ] RoonArtFrame: Ignoring duplicate event {'seek_position': None, 'length': 551, 'one_line': {'line1': 'Africa - Gabin / Lisa Lore'}, 'two_line': {'line1': 'Africa', 'line2': 'Gabin / Lisa Lore'}, 'three_line': {'line1': 'Africa', 'line2': 'Gabin / Lisa Lore', 'line3': 'Mr. Freedom'}, 'image_key': 'd7b0f5b36ddae374326743e48132bbf2', 'artist_image_keys': ['942ac08134c72c5fb29baa4944d64781']} [[process_now_playing]]
2025-05-20 15:14:30,135 [DEBUG  ] epd13in3E   : e-Paper busy H checking at Starting [[display_image]] Africa [[ReadBusyH]]
2025-05-20 15:14:30,136 [DEBUG  ] epd13in3E   : e-Paper busy H released at Starting [[display_image]] Africa [[ReadBusyH]]
2025-05-20 15:14:30,136 [DEBUG  ] epd13in3E   : Sending data 1 for Africa [[display]]
2025-05-20 15:14:30,136 [INFO   ] epd13in3E   : Returning early from [[display]] due to should_stop for 1 Africa [[returnFunc]]
2025-05-20 15:14:30,149 [INFO   ] RoonArtFrame: Finished sending image to display for Africa [[display_image]]
2025-05-20 15:14:31,139 [DEBUG  ] RoonArtFrame: Processing zones_changed event [[zone_event_callback]]
2025-05-20 15:14:31,139 [DEBUG  ] RoonArtFrame: Processing zone 1601e4d6660c81a5eed2399191df1a3d21b4, data keys: dict_keys(['zone_id', 'display_name', 'outputs', 'state', 'is_next_allowed', 'is_previous_allowed', 'is_pause_allowed', 'is_play_allowed', 'is_seek_allowed', 'queue_items_remaining', 'queue_time_remaining', 'settings', 'now_playing', 'seek_position']) [[process_zone_data]]
2025-05-20 15:14:31,140 [DEBUG  ] RoonArtFrame: Now playing keys: dict_keys(['seek_position', 'length', 'one_line', 'two_line', 'three_line', 'image_key']) [[process_now_playing]]
2025-05-20 15:14:31,140 [INFO   ] RoonArtFrame: New track detected with image key: 9fb1a59d900f06afd8b22cabe524e601 [[process_now_playing]]
2025-05-20 15:14:31,140 [INFO   ] RoonArtFrame: Now Playing: Prelude No. 1 - The Tao of Groove - Fresh Goods [[process_now_playing]]
2025-05-20 15:14:31,141 [INFO   ] RoonArtFrame: Fetching album art from: http://192.168.1.56:9330/api/image/9fb1a59d900f06afd8b22cabe524e601?scale=fit&width=1200&height=1200 [[fetch_and_display_album_art]]
2025-05-20 15:14:31,148 [DEBUG  ] urllib3.connectionpool: Starting new HTTP connection (1): 192.168.1.56:9330 [[_new_conn]]
2025-05-20 15:14:31,907 [DEBUG  ] urllib3.connectionpool: http://192.168.1.56:9330 "GET /api/image/9fb1a59d900f06afd8b22cabe524e601?scale=fit&width=1200&height=1200 HTTP/1.1" 200 427372 [[_make_request]]
2025-05-20 15:14:31,908 [DEBUG  ] RoonArtFrame: Image successfully downloaded [[download_image]]
2025-05-20 15:14:32,354 [INFO   ] RoonArtFrame: Successfully saved album art to /mnt/dietpi_userdata/album_art/album_art_9fb1a59d900f06afd8b22cabe524e601.jpg [[fetch_and_display_album_art]]
2025-05-20 15:14:32,354 [DEBUG  ] RoonArtFrame: Updating viewer [[fetch_and_display_album_art]]
2025-05-20 15:14:32,354 [INFO   ] RoonArtFrame: Setting should_stop triggered by Prelude No. 1 [[update]]
2025-05-20 15:14:32,355 [DEBUG  ] RoonArtFrame: Starting to process image position [[process_image_position]]
2025-05-20 15:14:32,388 [DEBUG  ] RoonArtFrame: Resizing [[process_image_position]]
2025-05-20 15:14:32,404 [DEBUG  ] RoonArtFrame: Padding [[pad_image_to_size]]
2025-05-20 15:14:32,405 [DEBUG  ] RoonArtFrame: Starting creating new image [[pad_image_to_size]]
2025-05-20 15:14:32,427 [DEBUG  ] RoonArtFrame: Finished creating new image [[pad_image_to_size]]
2025-05-20 15:14:32,427 [DEBUG  ] RoonArtFrame: Starting pasting images together [[pad_image_to_size]]
2025-05-20 15:14:32,433 [DEBUG  ] RoonArtFrame: Finished pasting images together [[pad_image_to_size]]
2025-05-20 15:14:32,433 [DEBUG  ] RoonArtFrame: Checking previous update thread for Prelude No. 1 [[update]]
2025-05-20 15:14:32,434 [DEBUG  ] RoonArtFrame: Creating new update thread for Prelude No. 1 [[update]]
2025-05-20 15:14:32,435 [DEBUG  ] RoonArtFrame: Starting sending image to display for Prelude No. 1 [[display_image]]
2025-05-20 15:14:32,437 [DEBUG  ] RoonArtFrame: Processing zones_changed event [[zone_event_callback]]
2025-05-20 15:14:32,438 [DEBUG  ] RoonArtFrame: Processing zone 1601e4d6660c81a5eed2399191df1a3d21b4, data keys: dict_keys(['zone_id', 'display_name', 'outputs', 'state', 'is_next_allowed', 'is_previous_allowed', 'is_pause_allowed', 'is_play_allowed', 'is_seek_allowed', 'queue_items_remaining', 'queue_time_remaining', 'settings', 'now_playing', 'seek_position']) [[process_zone_data]]
2025-05-20 15:14:32,439 [DEBUG  ] RoonArtFrame: Now playing keys: dict_keys(['seek_position', 'length', 'one_line', 'two_line', 'three_line', 'image_key']) [[process_now_playing]]
2025-05-20 15:14:32,440 [DEBUG  ] RoonArtFrame: Ignoring duplicate event {'seek_position': None, 'length': 195, 'one_line': {'line1': 'Prelude No. 1 - The Tao of Groove'}, 'two_line': {'line1': 'Prelude No. 1', 'line2': 'The Tao of Groove'}, 'three_line': {'line1': 'Prelude No. 1', 'line2': 'The Tao of Groove', 'line3': 'Fresh Goods'}, 'image_key': '9fb1a59d900f06afd8b22cabe524e601'} [[process_now_playing]]
2025-05-20 15:14:34,118 [DEBUG  ] epd13in3E   : e-Paper busy H checking at Starting [[display_image]] Prelude No. 1 [[ReadBusyH]]
2025-05-20 15:14:34,118 [DEBUG  ] epd13in3E   : e-Paper busy H released at Starting [[display_image]] Prelude No. 1 [[ReadBusyH]]
2025-05-20 15:14:34,118 [DEBUG  ] epd13in3E   : Sending data 1 for Prelude No. 1 [[display]]
2025-05-20 15:14:34,118 [INFO   ] epd13in3E   : Returning early from [[display]] due to should_stop for 1 Prelude No. 1 [[returnFunc]]
2025-05-20 15:14:34,132 [INFO   ] RoonArtFrame: Finished sending image to display for Prelude No. 1 [[display_image]]
2025-05-20 15:14:36,524 [DEBUG  ] websocket   : Sending ping [[debug]]
2025-05-20 15:14:46,525 [DEBUG  ] websocket   : Sending ping [[debug]]
2025-05-20 15:14:56,527 [DEBUG  ] websocket   : Sending ping [[debug]]
