2025-05-20 14:44:24,015 [DEBUG  ] RoonArtFrame: Adding libdir to path: /mnt/dietpi_userdata/roon-album-art-display/libs [[<module>]]
2025-05-20 14:44:24,023 [INFO   ] RoonArtFrame: Configuration loaded [[load_config]]
2025-05-20 14:44:24,024 [DEBUG  ] RoonArtFrame: Importing epd13in3E [[<module>]]
2025-05-20 14:44:24,122 [DEBUG  ] RoonArtFrame: Finished importing epd13in3E [[<module>]]
2025-05-20 14:44:24,124 [INFO   ] epd13in3E   : Setting should_stop False for __init__ [[shouldStop]]
2025-05-20 14:44:24,125 [DEBUG  ] epd13in3E   : EPD init... [[Init]]
2025-05-20 14:44:24,277 [DEBUG  ] epd13in3E   : e-Paper busy H checking at EPD init [[ReadBusyH]]
2025-05-20 14:44:24,278 [DEBUG  ] epd13in3E   : e-Paper busy H released at EPD init [[ReadBusyH]]
2025-05-20 14:44:24,281 [DEBUG  ] RoonArtFrame: Created viewer [[<module>]]
2025-05-20 14:44:24,281 [INFO   ] RoonArtFrame: Starting Roon Album Art Display [[__init__]]
2025-05-20 14:44:24,282 [INFO   ] RoonArtFrame: Allowed zone names: ["System Output"] [[__init__]]
2025-05-20 14:44:24,283 [INFO   ] RoonArtFrame: Forbidden zone names: ["comma", "separated", "list of zone names"] [[__init__]]
2025-05-20 14:44:24,285 [INFO   ] RoonArtFrame: Token file path: /root/.roon_album_display_token.txt [[__init__]]
2025-05-20 14:44:24,288 [INFO   ] RoonArtFrame: Connecting to Roon before starting display... [[__init__]]
2025-05-20 14:44:24,290 [INFO   ] RoonArtFrame: Found existing auth token [[connect_to_roon]]
2025-05-20 14:44:24,292 [INFO   ] RoonArtFrame: Trying direct connection to saved server at 192.168.1.56:9330 [[connect_to_roon]]
2025-05-20 14:44:24,311 [INFO   ] websocket   : Websocket connected [[info]]
2025-05-20 14:44:24,348 [INFO   ] RoonArtFrame: Successfully connected to saved server! [[connect_to_roon]]
2025-05-20 14:44:24,350 [DEBUG  ] RoonArtFrame: Zones data: {'1601e4d6660c81a5eed2399191df1a3d21b4': {'zone_id': '1601e4d6660c81a5eed2399191df1a3d21b4', 'display_name': 'System Output', 'outputs': [{'output_id': '1701e4d6660c81a5eed2399191df1a3d21b4', 'zone_id': '1601e4d6660c81a5eed2399191df1a3d21b4', 'can_group_with_output_ids': ['1701e4d6660c81a5eed2399191df1a3d21b4', '1701691e6c42e8d6350d991167d5e7310ebc', '1701d5f349f82317a80e9f61d872074e87db'], 'display_name': 'System Output', 'volume': {'type': 'number', 'min': 0, 'max': 100, 'value': 8, 'step': 1, 'is_muted': False, 'hard_limit_min': 0, 'hard_limit_max': 100, 'soft_limit': 100}, 'source_controls': [{'control_key': '1', 'display_name': 'System Output', 'supports_standby': False, 'status': 'indeterminate'}]}], 'state': 'playing', 'is_next_allowed': True, 'is_previous_allowed': True, 'is_pause_allowed': True, 'is_play_allowed': False, 'is_seek_allowed': True, 'queue_items_remaining': 1, 'queue_time_remaining': 125, 'settings': {'loop': 'disabled', 'shuffle': False, 'auto_radio': True}, 'now_playing': {'seek_position': 157, 'length': 282, 'one_line': {'line1': 'Some Kind of Love - Dido'}, 'two_line': {'line1': 'Some Kind of Love', 'line2': 'Dido'}, 'three_line': {'line1': 'Some Kind of Love', 'line2': 'Dido', 'line3': 'Still on My Mind'}, 'image_key': '28923c9fab89ac51104b3100aee3f29b', 'artist_image_keys': ['b90a5c1c75541e54d1fa3aef30cbd528']}}, '1601691e6c42e8d6350d991167d5e7310ebc': {'zone_id': '1601691e6c42e8d6350d991167d5e7310ebc', 'display_name': '284KMB-HDR', 'outputs': [{'output_id': '1701691e6c42e8d6350d991167d5e7310ebc', 'zone_id': '1601691e6c42e8d6350d991167d5e7310ebc', 'can_group_with_output_ids': ['1701e4d6660c81a5eed2399191df1a3d21b4', '1701691e6c42e8d6350d991167d5e7310ebc', '1701d5f349f82317a80e9f61d872074e87db'], 'display_name': '284KMB-HDR', 'volume': {'type': 'number', 'min': 0, 'max': 100, 'value': 100, 'step': 1, 'is_muted': False, 'hard_limit_min': 0, 'hard_limit_max': 100, 'soft_limit': 100}, 'source_controls': [{'control_key': '1', 'display_name': '284KMB-HDR', 'supports_standby': False, 'status': 'indeterminate'}]}], 'state': 'stopped', 'is_next_allowed': True, 'is_previous_allowed': True, 'is_pause_allowed': False, 'is_play_allowed': True, 'is_seek_allowed': False, 'queue_items_remaining': 9, 'queue_time_remaining': 1795, 'settings': {'loop': 'disabled', 'shuffle': False, 'auto_radio': True}, 'now_playing': {'seek_position': None, 'length': 206, 'one_line': {'line1': 'The Thing Is - The Tubs'}, 'two_line': {'line1': 'The Thing Is', 'line2': 'The Tubs'}, 'three_line': {'line1': 'The Thing Is', 'line2': 'The Tubs', 'line3': 'Cotton Crown'}, 'image_key': 'cbffa5cde961c4521aa779c813e057d8'}}, '1601d5f349f82317a80e9f61d872074e87db': {'zone_id': '1601d5f349f82317a80e9f61d872074e87db', 'display_name': 'Simple Audio Listen', 'outputs': [{'output_id': '1701d5f349f82317a80e9f61d872074e87db', 'zone_id': '1601d5f349f82317a80e9f61d872074e87db', 'can_group_with_output_ids': ['1701e4d6660c81a5eed2399191df1a3d21b4', '1701691e6c42e8d6350d991167d5e7310ebc', '1701d5f349f82317a80e9f61d872074e87db'], 'display_name': 'Simple Audio Listen', 'volume': {'type': 'number', 'min': 0, 'max': 100, 'value': 100, 'step': 1, 'is_muted': False, 'hard_limit_min': 0, 'hard_limit_max': 100, 'soft_limit': 100}, 'source_controls': [{'control_key': '1', 'display_name': 'Simple Audio Listen', 'supports_standby': False, 'status': 'indeterminate'}]}], 'state': 'paused', 'is_next_allowed': True, 'is_previous_allowed': True, 'is_pause_allowed': False, 'is_play_allowed': True, 'is_seek_allowed': True, 'queue_items_remaining': 1, 'queue_time_remaining': 256, 'settings': {'loop': 'disabled', 'shuffle': False, 'auto_radio': True}, 'now_playing': {'seek_position': 4, 'length': 260, 'one_line': {'line1': 'Boom Boom - John Lee Hooker / Jimmie Vaughan'}, 'two_line': {'line1': 'Boom Boom', 'line2': 'John Lee Hooker / Jimmie Vaughan'}, 'three_line': {'line1': 'Boom Boom', 'line2': 'John Lee Hooker / Jimmie Vaughan', 'line3': 'The Best Of Friends'}, 'image_key': '944ee689470fe085fc821eec1305157c', 'artist_image_keys': ['0c37cb5d856daa3a74d9928d66c7c53f', '63a11229ab1235924b1bf36d2ef01b47']}}} [[connect_to_roon]]
2025-05-20 14:44:24,350 [DEBUG  ] RoonArtFrame: Processing zone 1601e4d6660c81a5eed2399191df1a3d21b4, data keys: dict_keys(['zone_id', 'display_name', 'outputs', 'state', 'is_next_allowed', 'is_previous_allowed', 'is_pause_allowed', 'is_play_allowed', 'is_seek_allowed', 'queue_items_remaining', 'queue_time_remaining', 'settings', 'now_playing']) [[process_zone_data]]
2025-05-20 14:44:24,351 [DEBUG  ] RoonArtFrame: Now playing keys: dict_keys(['seek_position', 'length', 'one_line', 'two_line', 'three_line', 'image_key', 'artist_image_keys']) [[process_now_playing]]
2025-05-20 14:44:24,352 [INFO   ] RoonArtFrame: New track detected with image key: 28923c9fab89ac51104b3100aee3f29b [[process_now_playing]]
2025-05-20 14:44:24,353 [INFO   ] RoonArtFrame: Now Playing: Some Kind of Love - Dido - Still on My Mind [[process_now_playing]]
2025-05-20 14:44:24,355 [INFO   ] RoonArtFrame: Fetching album art from: http://192.168.1.56:9330/api/image/28923c9fab89ac51104b3100aee3f29b?scale=fit&width=1200&height=1200 [[fetch_and_display_album_art]]
2025-05-20 14:44:24,374 [DEBUG  ] urllib3.connectionpool: Starting new HTTP connection (1): 192.168.1.56:9330 [[_new_conn]]
2025-05-20 14:44:25,631 [DEBUG  ] urllib3.connectionpool: http://192.168.1.56:9330 "GET /api/image/28923c9fab89ac51104b3100aee3f29b?scale=fit&width=1200&height=1200 HTTP/1.1" 200 494453 [[_make_request]]
2025-05-20 14:44:25,634 [DEBUG  ] RoonArtFrame: Image successfully downloaded [[download_image]]
2025-05-20 14:44:26,039 [INFO   ] RoonArtFrame: Successfully saved album art to /mnt/dietpi_userdata/album_art/album_art_28923c9fab89ac51104b3100aee3f29b.jpg [[fetch_and_display_album_art]]
2025-05-20 14:44:26,052 [DEBUG  ] RoonArtFrame: Updating viewer [[fetch_and_display_album_art]]
2025-05-20 14:44:26,052 [DEBUG  ] RoonArtFrame: Starting to process image position [[process_image_position]]
2025-05-20 14:44:26,094 [DEBUG  ] RoonArtFrame: Resizing [[process_image_position]]
2025-05-20 14:44:26,109 [DEBUG  ] RoonArtFrame: Padding [[pad_image_to_size]]
2025-05-20 14:44:26,110 [DEBUG  ] RoonArtFrame: Starting creating new image [[pad_image_to_size]]
2025-05-20 14:44:26,133 [DEBUG  ] RoonArtFrame: Finished creating new image [[pad_image_to_size]]
2025-05-20 14:44:26,133 [DEBUG  ] RoonArtFrame: Starting pasting images together [[pad_image_to_size]]
2025-05-20 14:44:26,139 [DEBUG  ] RoonArtFrame: Finished pasting images together [[pad_image_to_size]]
2025-05-20 14:44:26,142 [DEBUG  ] RoonArtFrame: Checking previous update thread for Some Kind of Love [[update]]
2025-05-20 14:44:26,142 [DEBUG  ] RoonArtFrame: Creating new update thread for Some Kind of Love [[update]]
2025-05-20 14:44:26,144 [DEBUG  ] RoonArtFrame: Starting sending image to display for Some Kind of Love [[display_image]]
2025-05-20 14:44:26,146 [INFO   ] RoonArtFrame: Registering for state callbacks... [[subscribe_to_events]]
2025-05-20 14:44:26,147 [INFO   ] epd13in3E   : Setting should_stop False for display_image [[shouldStop]]
2025-05-20 14:44:26,147 [INFO   ] RoonArtFrame: Registering state callback... [[subscribe_to_events]]
2025-05-20 14:44:26,149 [INFO   ] RoonArtFrame: Successfully registered for state callbacks [[subscribe_to_events]]
2025-05-20 14:44:26,151 [INFO   ] RoonArtFrame: Event loop started [[event_loop]]
2025-05-20 14:44:27,821 [DEBUG  ] epd13in3E   : e-Paper busy H checking at Starting [[display_image]] Some Kind of Love [[ReadBusyH]]
2025-05-20 14:44:27,822 [DEBUG  ] epd13in3E   : e-Paper busy H released at Starting [[display_image]] Some Kind of Love [[ReadBusyH]]
2025-05-20 14:44:31,094 [WARNING] epd13in3E   : POWER IS False [[updateDisplay]]
2025-05-20 14:44:31,095 [DEBUG  ] epd13in3E   : Write power on starting for Some Kind of Love [[writePower]]
2025-05-20 14:44:31,095 [DEBUG  ] epd13in3E   : e-Paper busy H checking at [[updateDisplay]] for Some Kind of Love [[ReadBusyH]]
2025-05-20 14:44:31,095 [DEBUG  ] epd13in3E   : e-Paper busy H released at [[updateDisplay]] for Some Kind of Love [[ReadBusyH]]
2025-05-20 14:44:31,146 [DEBUG  ] epd13in3E   : Write DRF for Some Kind of Love [[writeDRF]]
2025-05-20 14:44:31,146 [DEBUG  ] epd13in3E   : e-Paper busy H checking at Write DRF Some Kind of Love [[ReadBusyH]]
2025-05-20 14:44:31,146 [DEBUG  ] epd13in3E   : e-Paper busy H released at Write DRF Some Kind of Love [[ReadBusyH]]
2025-05-20 14:44:31,147 [DEBUG  ] epd13in3E   : Write power off starting for Some Kind of Love [[writePower]]
2025-05-20 14:44:31,147 [DEBUG  ] epd13in3E   : e-Paper busy H checking at [[updateDisplay]] for Some Kind of Love [[ReadBusyH]]
2025-05-20 14:44:31,147 [DEBUG  ] epd13in3E   : e-Paper busy H released at [[updateDisplay]] for Some Kind of Love [[ReadBusyH]]
2025-05-20 14:44:31,148 [DEBUG  ] epd13in3E   : Write to display complete for Some Kind of Love [[updateDisplay]]
2025-05-20 14:44:31,157 [INFO   ] epd13in3E   : Setting should_stop False for display_image [[shouldStop]]
2025-05-20 14:44:31,157 [INFO   ] RoonArtFrame: Finished sending image to display for Some Kind of Love [[display_image]]
2025-05-20 14:44:44,314 [DEBUG  ] websocket   : Sending ping [[debug]]
