2025-05-20 14:32:19,392 [DEBUG  ] RoonArtFrame: Adding libdir to path: /mnt/dietpi_userdata/roon-album-art-display/libs [[<module>]]
2025-05-20 14:32:19,397 [INFO   ] RoonArtFrame: Configuration loaded [[load_config]]
2025-05-20 14:32:19,397 [DEBUG  ] RoonArtFrame: Importing epd13in3E [[<module>]]
2025-05-20 14:32:19,440 [DEBUG  ] epd13in3E   : Exiting early [[EarlyExit]]
2025-05-20 14:32:19,441 [DEBUG  ] RoonArtFrame: Finished importing epd13in3E [[<module>]]
2025-05-20 14:32:19,441 [DEBUG  ] epd13in3E   : EPD init... [[Init]]
2025-05-20 14:32:19,593 [DEBUG  ] epd13in3E   : e-Paper busy H checking at EPD init [[ReadBusyH]]
2025-05-20 14:32:19,594 [DEBUG  ] epd13in3E   : e-Paper busy H released at EPD init [[ReadBusyH]]
2025-05-20 14:32:19,596 [DEBUG  ] RoonArtFrame: Created viewer [[<module>]]
2025-05-20 14:32:19,597 [INFO   ] RoonArtFrame: Starting Roon Album Art Display [[__init__]]
2025-05-20 14:32:19,598 [INFO   ] RoonArtFrame: Allowed zone names: [] [[__init__]]
2025-05-20 14:32:19,599 [INFO   ] RoonArtFrame: Forbidden zone names: [] [[__init__]]
2025-05-20 14:32:19,601 [INFO   ] RoonArtFrame: Token file path: /root/.roon_album_display_token.txt [[__init__]]
2025-05-20 14:32:19,603 [INFO   ] RoonArtFrame: Connecting to Roon before starting display... [[__init__]]
2025-05-20 14:32:19,604 [INFO   ] RoonArtFrame: Found existing auth token [[connect_to_roon]]
2025-05-20 14:32:19,606 [INFO   ] RoonArtFrame: Discovery: found existing auth token [[discover_and_connect]]
2025-05-20 14:32:19,607 [INFO   ] RoonArtFrame: Starting Roon server discovery... [[discover_and_connect]]
2025-05-20 14:32:24,615 [INFO   ] RoonArtFrame: Waiting for Roon servers to be discovered... [[discover_and_connect]]
2025-05-20 14:32:30,622 [INFO   ] RoonArtFrame: Waiting for Roon servers to be discovered... [[discover_and_connect]]
2025-05-20 14:32:36,629 [INFO   ] RoonArtFrame: Waiting for Roon servers to be discovered... [[discover_and_connect]]
2025-05-20 14:32:42,636 [INFO   ] RoonArtFrame: Waiting for Roon servers to be discovered... [[discover_and_connect]]
