2025-05-20 14:32:54,092 [DEBUG  ] RoonArtFrame: Adding libdir to path: /mnt/dietpi_userdata/roon-album-art-display/libs [[<module>]]
2025-05-20 14:32:54,097 [INFO   ] RoonArtFrame: Configuration loaded [[load_config]]
2025-05-20 14:32:54,097 [DEBUG  ] RoonArtFrame: Importing epd13in3E [[<module>]]
2025-05-20 14:32:54,141 [DEBUG  ] epd13in3E   : Exiting early [[EarlyExit]]
2025-05-20 14:32:54,141 [DEBUG  ] RoonArtFrame: Finished importing epd13in3E [[<module>]]
2025-05-20 14:32:54,143 [DEBUG  ] epd13in3E   : EPD init... [[Init]]
2025-05-20 14:32:54,295 [DEBUG  ] epd13in3E   : e-Paper busy H checking at EPD init [[ReadBusyH]]
2025-05-20 14:32:54,295 [DEBUG  ] epd13in3E   : e-Paper busy H released at EPD init [[ReadBusyH]]
2025-05-20 14:32:54,297 [DEBUG  ] RoonArtFrame: Created viewer [[<module>]]
2025-05-20 14:32:54,298 [INFO   ] RoonArtFrame: Starting Roon Album Art Display [[__init__]]
2025-05-20 14:32:54,299 [INFO   ] RoonArtFrame: Allowed zone names: [] [[__init__]]
2025-05-20 14:32:54,300 [INFO   ] RoonArtFrame: Forbidden zone names: [] [[__init__]]
2025-05-20 14:32:54,301 [INFO   ] RoonArtFrame: Token file path: /root/.roon_album_display_token.txt [[__init__]]
2025-05-20 14:32:54,303 [INFO   ] RoonArtFrame: Connecting to Roon before starting display... [[__init__]]
2025-05-20 14:32:54,303 [INFO   ] RoonArtFrame: No existing auth token found, will need to authorize in Roon [[connect_to_roon]]
2025-05-20 14:32:54,304 [INFO   ] RoonArtFrame: Discovery: no existing auth token found, will need to authorize in Roon [[discover_and_connect]]
2025-05-20 14:32:54,304 [INFO   ] RoonArtFrame: Starting Roon server discovery... [[discover_and_connect]]
2025-05-20 14:32:59,312 [INFO   ] RoonArtFrame: Waiting for Roon servers to be discovered... [[discover_and_connect]]
2025-05-20 14:33:05,319 [INFO   ] RoonArtFrame: Waiting for Roon servers to be discovered... [[discover_and_connect]]
2025-05-20 14:33:11,326 [INFO   ] RoonArtFrame: Waiting for Roon servers to be discovered... [[discover_and_connect]]
2025-05-20 14:33:17,334 [INFO   ] RoonArtFrame: Waiting for Roon servers to be discovered... [[discover_and_connect]]
2025-05-20 14:33:23,341 [INFO   ] RoonArtFrame: Waiting for Roon servers to be discovered... [[discover_and_connect]]
2025-05-20 14:33:29,348 [INFO   ] RoonArtFrame: Waiting for Roon servers to be discovered... [[discover_and_connect]]
2025-05-20 14:33:35,355 [INFO   ] RoonArtFrame: Waiting for Roon servers to be discovered... [[discover_and_connect]]
